
VisualSFM 3D reconstruction, begin...
Searching images in the specified folder
0: masked0
image_size:	600x400
1: masked1
image_size:	600x400
2: masked10
image_size:	600x400
3: masked11
image_size:	600x400
4: masked12
image_size:	600x400
5: masked13
image_size:	600x400
6: masked14
image_size:	600x400
7: masked15
image_size:	600x400
8: masked16
image_size:	600x400
9: masked17
image_size:	600x400
10: masked18
image_size:	600x400
11: masked19
image_size:	600x400
12: masked2
image_size:	600x400
13: masked20
image_size:	600x400
14: masked21
image_size:	600x400
15: masked22
image_size:	600x400
16: masked23
image_size:	600x400
17: masked24
image_size:	600x400
18: masked25
image_size:	600x400
19: masked26
image_size:	600x400
20: masked27
image_size:	600x400
21: masked28
image_size:	600x400
22: masked29
image_size:	600x400
23: masked3
image_size:	600x400
24: masked30
image_size:	600x400
25: masked31
image_size:	600x400
26: masked32
image_size:	600x400
27: masked33
image_size:	600x400
28: masked34
image_size:	600x400
29: masked35
image_size:	600x400
30: masked36
image_size:	600x400
31: masked37
image_size:	600x400
32: masked38
image_size:	600x400
33: masked39
image_size:	600x400
34: masked4
image_size:	600x400
35: masked40
image_size:	600x400
36: masked5
image_size:	600x400
37: masked6
image_size:	600x400
38: masked7
image_size:	600x400
39: masked8
image_size:	600x400
40: masked9
image_size:	600x400
Loading image pixel data ...done in 0s
Compute all missing matches
********* WARNING ***********
More than 87MB of graphic memory may be allocated
under the default settings. If the program halts here,
adjust parameters to save memory and rerun the task: 
    [Tools->Enable GPU->Set Maximum DIM]
Note some octaves may be automatically skipped
SIFT: 0000, 600x400, 	71, 2.24sec
SIFT: 0001, 600x400, 	72, 0.03sec
SIFT: 0002, 600x400, 	78, 0.03sec
SIFT: 0003, 600x400, 	80, 0.03sec
SIFT: 0004, 600x400, 	80, 0.03sec
SIFT: 0005, 600x400, 	65, 0.03sec
SIFT: 0006, 600x400, 	77, 0.04sec
SIFT: 0007, 600x400, 	81, 0.03sec
SIFT: 0008, 600x400, 	72, 0.03sec
SIFT: 0009, 600x400, 	82, 0.03sec
SIFT: 0010, 600x400, 	77, 0.03sec
SIFT: 0011, 600x400, 	65, 0.03sec
SIFT: 0012, 600x400, 	83, 0.03sec
SIFT: 0013, 600x400, 	81, 0.03sec
SIFT: 0014, 600x400, 	64, 0.03sec
SIFT: 0015, 600x400, 	60, 0.03sec
SIFT: 0016, 600x400, 	72, 0.04sec
SIFT: 0017, 600x400, 	76, 0.03sec
SIFT: 0018, 600x400, 	71, 0.03sec
SIFT: 0019, 600x400, 	80, 0.02sec
SIFT: 0020, 600x400, 	74, 0.03sec
SIFT: 0021, 600x400, 	77, 0.02sec
SIFT: 0022, 600x400, 	84, 0.03sec
SIFT: 0023, 600x400, 	73, 0.03sec
SIFT: 0024, 600x400, 	74, 0.03sec
SIFT: 0025, 600x400, 	71, 0.03sec
SIFT: 0026, 600x400, 	80, 0.03sec
SIFT: 0027, 600x400, 	76, 0.03sec
SIFT: 0028, 600x400, 	68, 0.02sec
SIFT: 0029, 600x400, 	54, 0.03sec
SIFT: 0030, 600x400, 	57, 0.03sec
SIFT: 0031, 600x400, 	42, 0.02sec
SIFT: 0032, 600x400, 	49, 0.02sec
SIFT: 0033, 600x400, 	43, 0.02sec
SIFT: 0034, 600x400, 	74, 0.03sec
SIFT: 0035, 600x400, 	30, 0.03sec
SIFT: 0036, 600x400, 	74, 0.03sec
SIFT: 0037, 600x400, 	83, 0.02sec
SIFT: 0038, 600x400, 	75, 0.03sec
SIFT: 0039, 600x400, 	76, 0.03sec
SIFT: 0040, 600x400, 	70, 0.04sec

###########-------timing------#########
41 Feature Detection finished, 4 sec used
#############################

820 pairs to compute match
NOTE: using 3 matching workers
0000 and 0001: 42 matches, 0.01sec, #1
0000 and 0001: [42/42], H[23], 0.00sec
0000 and 0002: 33 matches, 0.02sec, #2
0000 and 0002: [31/33], H[11], 0.00sec
0003 and 0005: 48 matches, 0.01sec, #1
0003 and 0005: [44/48], H[14], 0.00sec
0000 and 0003: 29 matches, 0.02sec, #2
0000 and 0003: [27/29], H[9], 0.00sec
0004 and 0005: 32 matches, 0.01sec, #1
0004 and 0005: [32/32], H[24], 0.00sec
0001 and 0003: 34 matches, 0.02sec, #2
0001 and 0003: [28/34], H[15], 0.00sec
0000 and 0006: 28 matches, 0.02sec, #1
0000 and 0006: [24/28], H[10], 0.00sec
0001 and 0002: 32 matches, 0.13sec, #0
0002 and 0003: 48 matches, 0.01sec, #2
0001 and 0002: [25/32], H[11], 0.00sec
0002 and 0003: [43/48], H[27], 0.00sec
0001 and 0006: 23 matches, 0.02sec, #1
0002 and 0007: 35 matches, 0.01sec, #0
0002 and 0007: [28/35], H[10], 0.00sec
0000 and 0004: 26 matches, 0.02sec, #2
0000 and 0004: [19/26], H[4], 0.00sec
0002 and 0006: 47 matches, 0.01sec, #1
0002 and 0006: [38/47], H[17], 0.00sec
0003 and 0007: 44 matches, 0.01sec, #0
0003 and 0007: [37/44], H[16], 0.00sec
0003 and 0006: 47 matches, 0.01sec, #1
0003 and 0006: [43/47], H[21], 0.00sec
0001 and 0004: 31 matches, 0.02sec, #2
0001 and 0004: [21/31], H[14], 0.00sec
0004 and 0006: 49 matches, 0.01sec, #1
0004 and 0006: [44/49], H[34], 0.00sec
0004 and 0007: 40 matches, 0.02sec, #0
0004 and 0007: [34/40], H[10], 0.00sec
0002 and 0004: 48 matches, 0.01sec, #2
0002 and 0004: [44/48], H[25], 0.00sec
0005 and 0006: 38 matches, 0.01sec, #1
0005 and 0006: [35/38], H[14], 0.00sec
0003 and 0004: 51 matches, 0.01sec, #2
0003 and 0004: [46/51], H[35], 0.00sec
0005 and 0007: 36 matches, 0.01sec, #0
0005 and 0007: [35/36], H[23], 0.00sec
0000 and 0007: 26 matches, 0.02sec, #1
0000 and 0007: [20/26], H[5], 0.00sec
0000 and 0005: 22 matches, 0.02sec, #2
0006 and 0007: 48 matches, 0.01sec, #0
0006 and 0007: [43/48], H[14], 0.00sec
0001 and 0005: 29 matches, 0.01sec, #2
0001 and 0005: [24/29], H[19], 0.00sec
0000 and 0008: 26 matches, 0.02sec, #0
0002 and 0005: 34 matches, 0.01sec, #2
0000 and 0008: [19/26], H[9], 0.00sec
0001 and 0007: 21 matches, 0.02sec, #1
0002 and 0005: [29/34], H[16], 0.00sec
0005 and 0008: 27 matches, 0.01sec, #1
0005 and 0008: [25/27], H[15], 0.00sec
0007 and 0009: 37 matches, 0.01sec, #2
0007 and 0009: [33/37], H[16], 0.00sec
0006 and 0008: 36 matches, 0.01sec, #1
0006 and 0008: [29/36], H[13], 0.00sec
0001 and 0008: 15 matches, 0.02sec, #0
0008 and 0009: 41 matches, 0.01sec, #2
0008 and 0009: [36/41], H[20], 0.00sec
0002 and 0008: 36 matches, 0.01sec, #0
0002 and 0008: [30/36], H[7], 0.00sec
0007 and 0008: 41 matches, 0.01sec, #1
0007 and 0008: [36/41], H[28], 0.00sec
0000 and 0010: 23 matches, 0.01sec, #2
0003 and 0008: 27 matches, 0.01sec, #0
0003 and 0008: [24/27], H[16], 0.00sec
0000 and 0009: 23 matches, 0.02sec, #1
0001 and 0010: 16 matches, 0.02sec, #2
0004 and 0008: 33 matches, 0.01sec, #0
0004 and 0008: [28/33], H[18], 0.00sec
0002 and 0010: 30 matches, 0.01sec, #2
0002 and 0010: [27/30], H[15], 0.00sec
0001 and 0009: 21 matches, 0.02sec, #1
0002 and 0009: 36 matches, 0.01sec, #1
0002 and 0009: [27/36], H[17], 0.00sec
0008 and 0010: 37 matches, 0.01sec, #0
0008 and 0010: [31/37], H[14], 0.00sec
0003 and 0010: 31 matches, 0.01sec, #2
0003 and 0010: [26/31], H[9], 0.00sec
0009 and 0010: 38 matches, 0.01sec, #0
0003 and 0009: 36 matches, 0.01sec, #1
0009 and 0010: [31/38], H[14], 0.00sec
0003 and 0009: [28/36], H[10], 0.00sec
0004 and 0010: 36 matches, 0.01sec, #2
0004 and 0010: [32/36], H[20], 0.00sec
0004 and 0009: 27 matches, 0.01sec, #1
0004 and 0009: [23/27], H[7], 0.00sec
0005 and 0010: 25 matches, 0.01sec, #2
0000 and 0011: 22 matches, 0.02sec, #0
0005 and 0010: [23/25], H[14], 0.00sec
0001 and 0011: 27 matches, 0.01sec, #0
0001 and 0011: [22/27], H[10], 0.00sec
0005 and 0009: 28 matches, 0.01sec, #1
0005 and 0009: [22/28], H[12], 0.00sec
0006 and 0010: 36 matches, 0.01sec, #2
0006 and 0010: [30/36], H[15], 0.00sec
0002 and 0011: 28 matches, 0.01sec, #0
0002 and 0011: [21/28], H[11], 0.00sec
0006 and 0009: 34 matches, 0.01sec, #1
0006 and 0009: [28/34], H[17], 0.00sec
0007 and 0010: 44 matches, 0.02sec, #2
0007 and 0010: [38/44], H[14], 0.00sec
0003 and 0011: 25 matches, 0.01sec, #0
0003 and 0011: [20/25], H[11], 0.00sec
0008 and 0011: 28 matches, 0.02sec, #1
0008 and 0011: [24/28], H[8], 0.00sec
0007 and 0012: 30 matches, 0.01sec, #2
0007 and 0012: [25/30], H[8], 0.00sec
0004 and 0011: 21 matches, 0.02sec, #0
0009 and 0011: 41 matches, 0.01sec, #1
0009 and 0011: [30/41], H[17], 0.00sec
0008 and 0012: 23 matches, 0.01sec, #2
0005 and 0011: 25 matches, 0.02sec, #0
0005 and 0011: [21/25], H[9], 0.00sec
0009 and 0012: 27 matches, 0.01sec, #2
0009 and 0012: [17/27], H[7], 0.00sec
0010 and 0011: 30 matches, 0.01sec, #1
0010 and 0011: [22/30], H[5], 0.00sec
0010 and 0012: 25 matches, 0.01sec, #2
0006 and 0011: 32 matches, 0.01sec, #0
0010 and 0012: [17/25], H[7], 0.00sec
0006 and 0011: [23/32], H[10], 0.00sec
0000 and 0012: 46 matches, 0.02sec, #1
0000 and 0012: [40/46], H[10], 0.00sec
0011 and 0012: 27 matches, 0.01sec, #2
0011 and 0012: [17/27], H[9], 0.00sec
0007 and 0011: 24 matches, 0.03sec, #0
0001 and 0012: 44 matches, 0.01sec, #1
0001 and 0012: [39/44], H[27], 0.00sec
0005 and 0013: 18 matches, 0.01sec, #0
0006 and 0013: 21 matches, 0.01sec, #0
0000 and 0013: 26 matches, 0.03sec, #2
0002 and 0012: 34 matches, 0.01sec, #1
0002 and 0012: [27/34], H[14], 0.00sec
0000 and 0013: [19/26], H[8], 0.00sec
0007 and 0013: 33 matches, 0.01sec, #0
0007 and 0013: [29/33], H[12], 0.00sec
0003 and 0012: 31 matches, 0.01sec, #1
0003 and 0012: [25/31], H[10], 0.00sec
0008 and 0013: 29 matches, 0.01sec, #0
0008 and 0013: [25/29], H[11], 0.00sec
0001 and 0013: 20 matches, 0.02sec, #2
0004 and 0012: 35 matches, 0.01sec, #1
0004 and 0012: [28/35], H[11], 0.00sec
0002 and 0013: 35 matches, 0.01sec, #2
0002 and 0013: [26/35], H[11], 0.00sec
0009 and 0013: 41 matches, 0.01sec, #0
0009 and 0013: [33/41], H[12], 0.00sec
0005 and 0012: 28 matches, 0.01sec, #1
0005 and 0012: [24/28], H[11], 0.00sec
0003 and 0013: 19 matches, 0.01sec, #2
0010 and 0013: 36 matches, 0.01sec, #0
0010 and 0013: [28/36], H[16], 0.00sec
0004 and 0013: 22 matches, 0.01sec, #2
0006 and 0012: 28 matches, 0.01sec, #1
0006 and 0012: [22/28], H[9], 0.00sec
0002 and 0014: 28 matches, 0.01sec, #2
0002 and 0014: [22/28], H[10], 0.00sec
0011 and 0013: 40 matches, 0.01sec, #0
0011 and 0013: [40/40], H[31], 0.00sec
0012 and 0014: 28 matches, 0.01sec, #1
0012 and 0014: [19/28], H[6], 0.00sec
0003 and 0014: 26 matches, 0.02sec, #2
0012 and 0013: 26 matches, 0.01sec, #0
0003 and 0014: [21/26], H[7], 0.00sec
0012 and 0013: [20/26], H[7], 0.00sec
0013 and 0014: 38 matches, 0.02sec, #1
0013 and 0014: [33/38], H[13], 0.00sec
0004 and 0014: 24 matches, 0.02sec, #2
0000 and 0014: 26 matches, 0.03sec, #0
0000 and 0014: [20/26], H[10], 0.00sec
0000 and 0015: 22 matches, 0.01sec, #1
0005 and 0014: 16 matches, 0.02sec, #2
0006 and 0014: 23 matches, 0.01sec, #2
0001 and 0015: 18 matches, 0.02sec, #1
0001 and 0014: 18 matches, 0.02sec, #0
0007 and 0014: 29 matches, 0.01sec, #2
0002 and 0015: 26 matches, 0.01sec, #1
0007 and 0014: [23/29], H[12], 0.00sec
0002 and 0015: [19/26], H[12], 0.00sec
0008 and 0015: 25 matches, 0.01sec, #0
0008 and 0015: [21/25], H[10], 0.00sec
0008 and 0014: 30 matches, 0.01sec, #2
0008 and 0014: [26/30], H[10], 0.00sec
0003 and 0015: 23 matches, 0.02sec, #1
0009 and 0015: 33 matches, 0.02sec, #0
0009 and 0015: [25/33], H[15], 0.00sec
0004 and 0015: 24 matches, 0.02sec, #1
0009 and 0014: 32 matches, 0.01sec, #2
0009 and 0014: [29/32], H[16], 0.00sec
0005 and 0015: 15 matches, 0.02sec, #1
0010 and 0015: 29 matches, 0.01sec, #0
0010 and 0014: 31 matches, 0.01sec, #2
0010 and 0015: [23/29], H[8], 0.00sec
0010 and 0014: [26/31], H[8], 0.00sec
0006 and 0015: 28 matches, 0.01sec, #1
0006 and 0015: [24/28], H[9], 0.00sec
0011 and 0015: 37 matches, 0.01sec, #0
0011 and 0015: [30/37], H[9], 0.00sec
0007 and 0015: 30 matches, 0.01sec, #1
0011 and 0014: 33 matches, 0.01sec, #2
0007 and 0015: [25/30], H[11], 0.00sec
0011 and 0014: [28/33], H[12], 0.00sec
0012 and 0015: 23 matches, 0.01sec, #0
0013 and 0016: 33 matches, 0.01sec, #2
0013 and 0016: [27/33], H[19], 0.00sec
0003 and 0016: 23 matches, 0.01sec, #1
0013 and 0015: 37 matches, 0.01sec, #0
0013 and 0015: [30/37], H[17], 0.00sec
0004 and 0016: 26 matches, 0.01sec, #1
0004 and 0016: [20/26], H[8], 0.00sec
0014 and 0016: 37 matches, 0.01sec, #2
0014 and 0016: [36/37], H[24], 0.00sec
0014 and 0015: 46 matches, 0.01sec, #0
0014 and 0015: [44/46], H[25], 0.00sec
0005 and 0016: 19 matches, 0.01sec, #1
0015 and 0016: 32 matches, 0.01sec, #2
0015 and 0016: [30/32], H[21], 0.00sec
0006 and 0016: 23 matches, 0.01sec, #1
0007 and 0016: 30 matches, 0.01sec, #1
0007 and 0016: [23/30], H[10], 0.00sec
0000 and 0016: 15 matches, 0.02sec, #0
0000 and 0017: 20 matches, 0.02sec, #2
0001 and 0016: 18 matches, 0.02sec, #0
0001 and 0017: 23 matches, 0.01sec, #2
0008 and 0016: 23 matches, 0.02sec, #1
0002 and 0016: 24 matches, 0.01sec, #0
0002 and 0017: 24 matches, 0.01sec, #2
0009 and 0016: 28 matches, 0.01sec, #1
0009 and 0016: [22/28], H[10], 0.00sec
0007 and 0017: 30 matches, 0.01sec, #0
0007 and 0017: [25/30], H[9], 0.00sec
0003 and 0017: 33 matches, 0.01sec, #2
0003 and 0017: [25/33], H[15], 0.00sec
0010 and 0016: 33 matches, 0.01sec, #1
0010 and 0016: [26/33], H[9], 0.00sec
0008 and 0017: 24 matches, 0.01sec, #0
0004 and 0017: 27 matches, 0.01sec, #2
0004 and 0017: [22/27], H[9], 0.00sec
0009 and 0017: 30 matches, 0.01sec, #0
0009 and 0017: [24/30], H[7], 0.00sec
0011 and 0016: 33 matches, 0.01sec, #1
0011 and 0016: [26/33], H[5], 0.00sec
0005 and 0017: 20 matches, 0.01sec, #2
0010 and 0017: 27 matches, 0.01sec, #0
0010 and 0017: [21/27], H[10], 0.00sec
0006 and 0017: 26 matches, 0.01sec, #2
0006 and 0017: [21/26], H[10], 0.00sec
0012 and 0016: 21 matches, 0.01sec, #1
0011 and 0017: 35 matches, 0.01sec, #0
0011 and 0017: [25/35], H[14], 0.00sec
0000 and 0018: 22 matches, 0.02sec, #1
0010 and 0018: 31 matches, 0.01sec, #2
0010 and 0018: [24/31], H[11], 0.00sec
0001 and 0018: 17 matches, 0.01sec, #1
0002 and 0018: 27 matches, 0.01sec, #1
0012 and 0017: 30 matches, 0.01sec, #0
0012 and 0017: [22/30], H[5], 0.00sec
0002 and 0018: [20/27], H[8], 0.00sec
0011 and 0018: 27 matches, 0.01sec, #2
0011 and 0018: [21/27], H[7], 0.00sec
0013 and 0017: 32 matches, 0.01sec, #0
0013 and 0017: [25/32], H[12], 0.00sec
0003 and 0018: 28 matches, 0.02sec, #1
0003 and 0018: [22/28], H[8], 0.00sec
0012 and 0018: 24 matches, 0.01sec, #2
0014 and 0017: 32 matches, 0.02sec, #0
0014 and 0017: [29/32], H[14], 0.00sec
0013 and 0018: 36 matches, 0.02sec, #2
0013 and 0018: [31/36], H[14], 0.00sec
0004 and 0018: 28 matches, 0.02sec, #1
0004 and 0018: [23/28], H[7], 0.00sec
0015 and 0017: 34 matches, 0.01sec, #0
0015 and 0017: [27/34], H[11], 0.00sec
0014 and 0018: 40 matches, 0.01sec, #2
0014 and 0018: [31/40], H[22], 0.00sec
0005 and 0018: 19 matches, 0.01sec, #1
0016 and 0017: 40 matches, 0.01sec, #0
0016 and 0017: [30/40], H[6], 0.00sec
0006 and 0018: 23 matches, 0.01sec, #1
0015 and 0018: 43 matches, 0.01sec, #2
0015 and 0018: [36/43], H[11], 0.00sec
0007 and 0018: 23 matches, 0.01sec, #1
0002 and 0019: 25 matches, 0.01sec, #0
0002 and 0019: [23/25], H[11], 0.00sec
0008 and 0018: 27 matches, 0.01sec, #1
0008 and 0018: [20/27], H[9], 0.00sec
0016 and 0018: 35 matches, 0.01sec, #2
0016 and 0018: [27/35], H[14], 0.00sec
0009 and 0018: 34 matches, 0.01sec, #1
0003 and 0019: 30 matches, 0.01sec, #0
0003 and 0019: [25/30], H[5], 0.00sec
0009 and 0018: [25/34], H[15], 0.00sec
0017 and 0018: 39 matches, 0.01sec, #2
0017 and 0018: [33/39], H[21], 0.00sec
0012 and 0019: 26 matches, 0.02sec, #1
0012 and 0019: [18/26], H[9], 0.00sec
0004 and 0019: 25 matches, 0.02sec, #0
0004 and 0019: [21/25], H[12], 0.00sec
0000 and 0019: 26 matches, 0.03sec, #2
0000 and 0019: [18/26], H[10], 0.00sec
0013 and 0019: 26 matches, 0.01sec, #1
0013 and 0019: [25/26], H[7], 0.00sec
0005 and 0019: 20 matches, 0.04sec, #0
0006 and 0019: 28 matches, 0.11sec, #0
0006 and 0019: [23/28], H[13], 0.00sec
0001 and 0019: 21 matches, 0.11sec, #2
0014 and 0019: 34 matches, 0.08sec, #1
0014 and 0019: [27/34], H[19], 0.00sec
0003 and 0020: 24 matches, 0.01sec, #2
0004 and 0020: 30 matches, 0.01sec, #2
0004 and 0020: [22/30], H[9], 0.00sec
0005 and 0020: 18 matches, 0.01sec, #2
0006 and 0020: 21 matches, 0.01sec, #2
0007 and 0019: 28 matches, 0.05sec, #0
0007 and 0019: [23/28], H[10], 0.00sec
0007 and 0020: 28 matches, 0.01sec, #2
0007 and 0020: [24/28], H[10], 0.00sec
0008 and 0020: 25 matches, 0.01sec, #2
0008 and 0020: [18/25], H[7], 0.00sec
0015 and 0019: 34 matches, 0.08sec, #1
0015 and 0019: [26/34], H[7], 0.00sec
0009 and 0020: 25 matches, 0.01sec, #2
0009 and 0020: [20/25], H[8], 0.00sec
0010 and 0020: 24 matches, 0.01sec, #2
0011 and 0020: 32 matches, 0.01sec, #2
0011 and 0020: [24/32], H[9], 0.00sec
0012 and 0020: 27 matches, 0.01sec, #2
0012 and 0020: [19/27], H[6], 0.00sec
0013 and 0020: 30 matches, 0.01sec, #2
0013 and 0020: [27/30], H[9], 0.00sec
0008 and 0019: 29 matches, 0.08sec, #0
0008 and 0019: [21/29], H[13], 0.00sec
0014 and 0020: 35 matches, 0.01sec, #2
0016 and 0019: 35 matches, 0.05sec, #1
0014 and 0020: [29/35], H[17], 0.00sec
0016 and 0019: [26/35], H[13], 0.00sec
0009 and 0019: 37 matches, 0.01sec, #0
0009 and 0019: [28/37], H[17], 0.00sec
0015 and 0020: 26 matches, 0.01sec, #2
0015 and 0020: [21/26], H[13], 0.00sec
0016 and 0020: 33 matches, 0.01sec, #2
0016 and 0020: [24/33], H[11], 0.00sec
0017 and 0019: 45 matches, 0.05sec, #1
0017 and 0019: [34/45], H[21], 0.00sec
0017 and 0020: 35 matches, 0.01sec, #2
0017 and 0020: [25/35], H[13], 0.00sec
0018 and 0020: 39 matches, 0.01sec, #2
0018 and 0020: [32/39], H[14], 0.00sec
0019 and 0020: 48 matches, 0.04sec, #2
0019 and 0020: [41/48], H[9], 0.00sec
0010 and 0019: 27 matches, 0.12sec, #0
0010 and 0019: [20/27], H[11], 0.00sec
0018 and 0019: 48 matches, 0.09sec, #1
0018 and 0019: [42/48], H[22], 0.00sec
0000 and 0021: 23 matches, 0.02sec, #2
0001 and 0021: 19 matches, 0.01sec, #2
0002 and 0021: 24 matches, 0.01sec, #2
0003 and 0021: 27 matches, 0.01sec, #2
0003 and 0021: [23/27], H[9], 0.00sec
0011 and 0019: 33 matches, 0.05sec, #0
0011 and 0019: [24/33], H[6], 0.00sec
0000 and 0020: 26 matches, 0.07sec, #1
0004 and 0021: 26 matches, 0.01sec, #2
0000 and 0020: [20/26], H[9], 0.00sec
0004 and 0021: [21/26], H[8], 0.00sec
0005 and 0021: 19 matches, 0.01sec, #2
0006 and 0021: 23 matches, 0.01sec, #2
0007 and 0021: 19 matches, 0.01sec, #2
0008 and 0021: 23 matches, 0.01sec, #2
0013 and 0021: 29 matches, 0.02sec, #0
0013 and 0021: [23/29], H[8], 0.00sec
0009 and 0021: 27 matches, 0.01sec, #2
0009 and 0021: [17/27], H[7], 0.00sec
0001 and 0020: 23 matches, 0.02sec, #1
0014 and 0021: 33 matches, 0.01sec, #0
0014 and 0021: [26/33], H[11], 0.00sec
0010 and 0021: 22 matches, 0.01sec, #2
0002 and 0020: 23 matches, 0.02sec, #1
0002 and 0022: 18 matches, 0.01sec, #1
0011 and 0021: 29 matches, 0.02sec, #2
0011 and 0021: [21/29], H[6], 0.00sec
0015 and 0021: 33 matches, 0.02sec, #0
0015 and 0021: [28/33], H[11], 0.00sec
0003 and 0022: 23 matches, 0.02sec, #1
0016 and 0021: 23 matches, 0.01sec, #0
0004 and 0022: 21 matches, 0.01sec, #1
0012 and 0021: 21 matches, 0.01sec, #2
0017 and 0021: 36 matches, 0.01sec, #0
0005 and 0022: 17 matches, 0.01sec, #1
0017 and 0021: [28/36], H[15], 0.00sec
0012 and 0022: 19 matches, 0.01sec, #2
0006 and 0022: 17 matches, 0.01sec, #1
0013 and 0022: 22 matches, 0.01sec, #2
0007 and 0022: 22 matches, 0.01sec, #1
0018 and 0021: 39 matches, 0.01sec, #0
0018 and 0021: [31/39], H[16], 0.00sec
0014 and 0022: 27 matches, 0.02sec, #2
0014 and 0022: [22/27], H[8], 0.00sec
0008 and 0022: 18 matches, 0.01sec, #1
0009 and 0022: 18 matches, 0.01sec, #1
0019 and 0021: 45 matches, 0.02sec, #0
0019 and 0021: [34/45], H[23], 0.00sec
0010 and 0022: 23 matches, 0.01sec, #1
0015 and 0022: 28 matches, 0.01sec, #2
0015 and 0022: [23/28], H[10], 0.00sec
0011 and 0022: 22 matches, 0.01sec, #1
0020 and 0021: 45 matches, 0.01sec, #0
0020 and 0021: [44/45], H[10], 0.00sec
0000 and 0023: 33 matches, 0.01sec, #1
0000 and 0023: [27/33], H[18], 0.00sec
0016 and 0022: 29 matches, 0.01sec, #2
0016 and 0022: [23/29], H[16], 0.00sec
0001 and 0023: 32 matches, 0.01sec, #1
0001 and 0023: [28/32], H[13], 0.00sec
0017 and 0022: 35 matches, 0.01sec, #2
0017 and 0022: [28/35], H[7], 0.00sec
0002 and 0023: 32 matches, 0.01sec, #1
0002 and 0023: [27/32], H[12], 0.00sec
0000 and 0022: 13 matches, 0.04sec, #0
0018 and 0022: 34 matches, 0.01sec, #2
0018 and 0022: [28/34], H[10], 0.00sec
0003 and 0023: 33 matches, 0.01sec, #1
0003 and 0023: [32/33], H[21], 0.00sec
0001 and 0022: 16 matches, 0.02sec, #0
0010 and 0023: 23 matches, 0.01sec, #0
0004 and 0023: 28 matches, 0.01sec, #1
0004 and 0023: [23/28], H[7], 0.00sec
0011 and 0023: 23 matches, 0.01sec, #0
0012 and 0023: 43 matches, 0.01sec, #0
0019 and 0022: 34 matches, 0.04sec, #2
0012 and 0023: [38/43], H[17], 0.00sec
0019 and 0022: [28/34], H[15], 0.00sec
0005 and 0023: 30 matches, 0.01sec, #1
0005 and 0023: [24/30], H[14], 0.00sec
0013 and 0023: 21 matches, 0.01sec, #0
0006 and 0023: 29 matches, 0.01sec, #1
0006 and 0023: [26/29], H[15], 0.00sec
0014 and 0023: 23 matches, 0.01sec, #0
0015 and 0023: 19 matches, 0.01sec, #0
0020 and 0022: 43 matches, 0.01sec, #2
0020 and 0022: [39/43], H[23], 0.00sec
0007 and 0023: 27 matches, 0.02sec, #1
0007 and 0023: [22/27], H[12], 0.00sec
0016 and 0023: 14 matches, 0.02sec, #0
0021 and 0022: 50 matches, 0.01sec, #2
0021 and 0022: [45/50], H[16], 0.00sec
0017 and 0023: 22 matches, 0.01sec, #0
0018 and 0023: 20 matches, 0.01sec, #0
0020 and 0023: 18 matches, 0.01sec, #2
0008 and 0023: 28 matches, 0.02sec, #1
0008 and 0023: [23/28], H[11], 0.00sec
0021 and 0023: 15 matches, 0.01sec, #2
0022 and 0023: 13 matches, 0.01sec, #2
0009 and 0023: 27 matches, 0.01sec, #1
0009 and 0023: [19/27], H[9], 0.00sec
0019 and 0023: 25 matches, 0.05sec, #0
0019 and 0023: [14/25], H[5], 0.01sec
0000 and 0024: 18 matches, 0.02sec, #2
0007 and 0024: 17 matches, 0.01sec, #1
0001 and 0024: 18 matches, 0.02sec, #2
0008 and 0024: 24 matches, 0.01sec, #1
0002 and 0024: 23 matches, 0.01sec, #2
0009 and 0024: 25 matches, 0.01sec, #1
0009 and 0024: [18/25], H[7], 0.00sec
0003 and 0024: 22 matches, 0.01sec, #2
0017 and 0024: 27 matches, 0.01sec, #0
0017 and 0024: [20/27], H[7], 0.00sec
0004 and 0024: 18 matches, 0.01sec, #2
0010 and 0024: 23 matches, 0.01sec, #1
0005 and 0024: 19 matches, 0.01sec, #2
0011 and 0024: 28 matches, 0.01sec, #1
0011 and 0024: [21/28], H[6], 0.00sec
0018 and 0024: 34 matches, 0.01sec, #0
0018 and 0024: [29/34], H[20], 0.00sec
0006 and 0024: 18 matches, 0.02sec, #2
0003 and 0025: 22 matches, 0.02sec, #2
0019 and 0024: 34 matches, 0.02sec, #0
0019 and 0024: [28/34], H[13], 0.00sec
0012 and 0024: 20 matches, 0.01sec, #1
0004 and 0025: 15 matches, 0.02sec, #2
0013 and 0024: 26 matches, 0.01sec, #1
0013 and 0024: [20/26], H[5], 0.00sec
0020 and 0024: 39 matches, 0.02sec, #0
0005 and 0025: 13 matches, 0.02sec, #2
0020 and 0024: [31/39], H[10], 0.00sec
0014 and 0024: 28 matches, 0.01sec, #1
0014 and 0024: [22/28], H[14], 0.00sec
0006 and 0025: 12 matches, 0.02sec, #2
0021 and 0024: 40 matches, 0.01sec, #0
0007 and 0025: 17 matches, 0.01sec, #2
0021 and 0024: [36/40], H[7], 0.00sec
0015 and 0024: 27 matches, 0.01sec, #1
0015 and 0024: [20/27], H[9], 0.00sec
0008 and 0025: 21 matches, 0.01sec, #2
0009 and 0025: 20 matches, 0.02sec, #2
0022 and 0024: 44 matches, 0.02sec, #0
0022 and 0024: [41/44], H[18], 0.00sec
0016 and 0024: 28 matches, 0.02sec, #1
0016 and 0024: [23/28], H[7], 0.00sec
0010 and 0025: 21 matches, 0.02sec, #2
0023 and 0024: 11 matches, 0.01sec, #0
0011 and 0025: 22 matches, 0.02sec, #2
0013 and 0025: 25 matches, 0.02sec, #1
0013 and 0025: [21/25], H[14], 0.00sec
0000 and 0025: 18 matches, 0.02sec, #0
0012 and 0025: 20 matches, 0.02sec, #2
0001 and 0025: 13 matches, 0.02sec, #0
0023 and 0025: 11 matches, 0.02sec, #2
0014 and 0025: 24 matches, 0.01sec, #1
0002 and 0025: 15 matches, 0.01sec, #0
0024 and 0025: 34 matches, 0.02sec, #2
0008 and 0026: 25 matches, 0.01sec, #0
0024 and 0025: [26/34], H[8], 0.00sec
0008 and 0026: [17/25], H[5], 0.00sec
0015 and 0025: 23 matches, 0.02sec, #1
0016 and 0025: 24 matches, 0.01sec, #1
0000 and 0026: 21 matches, 0.02sec, #2
0017 and 0025: 21 matches, 0.02sec, #1
0009 and 0026: 23 matches, 0.02sec, #0
0018 and 0025: 26 matches, 0.01sec, #1
0010 and 0026: 23 matches, 0.01sec, #0
0018 and 0025: [19/26], H[8], 0.00sec
0001 and 0026: 20 matches, 0.02sec, #2
0011 and 0026: 23 matches, 0.01sec, #0
0002 and 0026: 25 matches, 0.01sec, #2
0002 and 0026: [18/25], H[6], 0.01sec
0012 and 0026: 24 matches, 0.01sec, #0
0019 and 0025: 32 matches, 0.01sec, #1
0019 and 0025: [25/32], H[14], 0.00sec
0013 and 0026: 32 matches, 0.01sec, #0
0013 and 0026: [21/32], H[11], 0.00sec
0003 and 0026: 25 matches, 0.01sec, #2
0003 and 0026: [20/25], H[14], 0.00sec
0020 and 0025: 32 matches, 0.02sec, #1
0020 and 0025: [29/32], H[16], 0.00sec
0014 and 0026: 30 matches, 0.01sec, #0
0014 and 0026: [24/30], H[10], 0.00sec
0004 and 0026: 21 matches, 0.01sec, #2
0021 and 0025: 36 matches, 0.01sec, #1
0021 and 0025: [29/36], H[12], 0.00sec
0005 and 0026: 20 matches, 0.01sec, #2
0015 and 0026: 21 matches, 0.01sec, #0
0006 and 0026: 23 matches, 0.01sec, #2
0016 and 0026: 22 matches, 0.01sec, #0
0022 and 0025: 36 matches, 0.01sec, #1
0022 and 0025: [32/36], H[10], 0.00sec
0007 and 0026: 18 matches, 0.02sec, #2
0017 and 0026: 26 matches, 0.01sec, #0
0017 and 0026: [25/26], H[13], 0.00sec
0018 and 0026: 25 matches, 0.01sec, #2
0018 and 0026: [18/25], H[10], 0.00sec
0002 and 0027: 16 matches, 0.02sec, #1
0012 and 0027: 22 matches, 0.01sec, #0
0019 and 0026: 29 matches, 0.01sec, #2
0019 and 0026: [25/29], H[12], 0.00sec
0003 and 0027: 18 matches, 0.01sec, #1
0013 and 0027: 26 matches, 0.01sec, #0
0013 and 0027: [19/26], H[8], 0.00sec
0004 and 0027: 16 matches, 0.01sec, #1
0020 and 0026: 33 matches, 0.01sec, #2
0005 and 0027: 14 matches, 0.01sec, #1
0020 and 0026: [29/33], H[15], 0.00sec
0014 and 0027: 21 matches, 0.01sec, #0
0006 and 0027: 20 matches, 0.01sec, #1
0015 and 0027: 24 matches, 0.01sec, #0
0021 and 0026: 27 matches, 0.01sec, #2
0021 and 0026: [22/27], H[12], 0.00sec
0007 and 0027: 19 matches, 0.01sec, #1
0016 and 0027: 19 matches, 0.01sec, #0
0008 and 0027: 17 matches, 0.01sec, #1
0017 and 0027: 23 matches, 0.01sec, #0
0022 and 0026: 29 matches, 0.01sec, #2
0022 and 0026: [26/29], H[15], 0.00sec
0009 and 0027: 19 matches, 0.01sec, #1
0018 and 0027: 22 matches, 0.01sec, #0
0010 and 0027: 20 matches, 0.01sec, #1
0023 and 0026: 24 matches, 0.01sec, #2
0019 and 0027: 25 matches, 0.01sec, #0
0019 and 0027: [24/25], H[13], 0.00sec
0011 and 0027: 21 matches, 0.01sec, #1
0024 and 0026: 28 matches, 0.01sec, #2
0024 and 0026: [25/28], H[13], 0.00sec
0022 and 0027: 23 matches, 0.01sec, #1
0020 and 0027: 21 matches, 0.01sec, #0
0023 and 0027: 7 matches, 0.01sec, #1
0025 and 0026: 29 matches, 0.01sec, #2
0025 and 0026: [26/29], H[7], 0.00sec
0021 and 0027: 23 matches, 0.01sec, #0
0024 and 0027: 22 matches, 0.01sec, #1
0005 and 0028: 15 matches, 0.01sec, #0
0025 and 0027: 26 matches, 0.01sec, #1
0025 and 0027: [24/26], H[13], 0.00sec
0000 and 0027: 19 matches, 0.01sec, #2
0006 and 0028: 13 matches, 0.01sec, #0
0007 and 0028: 17 matches, 0.01sec, #0
0026 and 0027: 43 matches, 0.01sec, #1
0026 and 0027: [35/43], H[19], 0.00sec
0001 and 0027: 17 matches, 0.02sec, #2
0008 and 0028: 16 matches, 0.01sec, #0
0015 and 0028: 19 matches, 0.01sec, #2
0009 and 0028: 17 matches, 0.01sec, #0
0016 and 0028: 21 matches, 0.01sec, #2
0010 and 0028: 18 matches, 0.01sec, #0
0000 and 0028: 17 matches, 0.03sec, #1
0017 and 0028: 20 matches, 0.02sec, #2
0011 and 0028: 24 matches, 0.02sec, #0
0001 and 0028: 15 matches, 0.02sec, #1
0018 and 0028: 22 matches, 0.02sec, #2
0012 and 0028: 19 matches, 0.02sec, #0
0002 and 0028: 17 matches, 0.01sec, #1
0019 and 0028: 23 matches, 0.01sec, #2
0013 and 0028: 25 matches, 0.01sec, #0
0013 and 0028: [21/25], H[10], 0.00sec
0003 and 0028: 17 matches, 0.02sec, #1
0020 and 0028: 29 matches, 0.01sec, #2
0020 and 0028: [26/29], H[10], 0.00sec
0004 and 0028: 18 matches, 0.01sec, #1
0014 and 0028: 23 matches, 0.01sec, #0
0025 and 0028: 23 matches, 0.01sec, #1
0021 and 0028: 23 matches, 0.01sec, #2
0007 and 0029: 13 matches, 0.01sec, #0
0026 and 0028: 38 matches, 0.01sec, #1
0026 and 0028: [32/38], H[13], 0.00sec
0022 and 0028: 24 matches, 0.01sec, #2
0008 and 0029: 14 matches, 0.01sec, #0
0023 and 0028: 9 matches, 0.01sec, #2
0009 and 0029: 16 matches, 0.01sec, #0
0027 and 0028: 36 matches, 0.01sec, #1
0027 and 0028: [32/36], H[10], 0.00sec
0024 and 0028: 27 matches, 0.01sec, #2
0024 and 0028: [20/27], H[9], 0.00sec
0010 and 0029: 15 matches, 0.01sec, #0
0000 and 0029: 16 matches, 0.01sec, #1
0011 and 0029: 13 matches, 0.02sec, #0
0017 and 0029: 16 matches, 0.01sec, #2
0001 and 0029: 13 matches, 0.01sec, #1
0012 and 0029: 16 matches, 0.01sec, #0
0018 and 0029: 18 matches, 0.01sec, #2
0002 and 0029: 10 matches, 0.01sec, #1
0013 and 0029: 13 matches, 0.01sec, #0
0019 and 0029: 17 matches, 0.01sec, #2
0003 and 0029: 17 matches, 0.02sec, #1
0014 and 0029: 20 matches, 0.02sec, #0
0020 and 0029: 17 matches, 0.02sec, #2
0004 and 0029: 14 matches, 0.02sec, #1
0015 and 0029: 15 matches, 0.02sec, #0
0021 and 0029: 18 matches, 0.02sec, #2
0005 and 0029: 13 matches, 0.02sec, #1
0016 and 0029: 17 matches, 0.02sec, #0
0022 and 0029: 16 matches, 0.02sec, #2
0006 and 0029: 13 matches, 0.02sec, #1
0027 and 0029: 31 matches, 0.02sec, #0
0027 and 0029: [23/31], H[10], 0.00sec
0023 and 0029: 10 matches, 0.02sec, #2
0008 and 0030: 17 matches, 0.01sec, #1
0009 and 0030: 19 matches, 0.01sec, #1
0024 and 0029: 8 matches, 0.01sec, #2
0028 and 0029: 29 matches, 0.01sec, #0
0028 and 0029: [25/29], H[11], 0.00sec
0025 and 0029: 15 matches, 0.01sec, #2
0010 and 0030: 15 matches, 0.01sec, #1
0011 and 0030: 17 matches, 0.01sec, #1
0026 and 0029: 30 matches, 0.01sec, #2
0026 and 0029: [24/30], H[6], 0.00sec
0000 and 0030: 15 matches, 0.01sec, #0
0012 and 0030: 21 matches, 0.01sec, #1
0001 and 0030: 20 matches, 0.01sec, #0
0013 and 0030: 18 matches, 0.01sec, #1
0018 and 0030: 17 matches, 0.02sec, #2
0002 and 0030: 17 matches, 0.01sec, #0
0014 and 0030: 18 matches, 0.02sec, #1
0019 and 0030: 20 matches, 0.01sec, #2
0003 and 0030: 17 matches, 0.01sec, #0
0015 and 0030: 19 matches, 0.02sec, #1
0020 and 0030: 17 matches, 0.02sec, #2
0004 and 0030: 14 matches, 0.02sec, #0
0016 and 0030: 20 matches, 0.01sec, #1
0021 and 0030: 20 matches, 0.01sec, #2
0017 and 0030: 22 matches, 0.01sec, #1
0005 and 0030: 13 matches, 0.02sec, #0
0022 and 0030: 16 matches, 0.02sec, #2
0028 and 0030: 23 matches, 0.02sec, #1
0006 and 0030: 14 matches, 0.01sec, #0
0023 and 0030: 12 matches, 0.02sec, #2
0029 and 0030: 37 matches, 0.02sec, #1
0029 and 0030: [37/37], H[32], 0.00sec
0007 and 0030: 17 matches, 0.02sec, #0
0024 and 0030: 9 matches, 0.02sec, #2
0008 and 0031: 14 matches, 0.01sec, #0
0025 and 0030: 17 matches, 0.01sec, #2
0009 and 0031: 14 matches, 0.01sec, #0
0000 and 0031: 15 matches, 0.02sec, #1
0026 and 0030: 26 matches, 0.01sec, #2
0026 and 0030: [20/26], H[12], 0.00sec
0010 and 0031: 17 matches, 0.01sec, #0
0001 and 0031: 9 matches, 0.01sec, #1
0011 and 0031: 16 matches, 0.01sec, #0
0027 and 0030: 32 matches, 0.01sec, #2
0002 and 0031: 14 matches, 0.02sec, #1
0027 and 0030: [25/32], H[15], 0.00sec
0012 and 0031: 9 matches, 0.01sec, #0
0003 and 0031: 11 matches, 0.01sec, #1
0013 and 0031: 17 matches, 0.01sec, #0
0018 and 0031: 13 matches, 0.02sec, #2
0004 and 0031: 15 matches, 0.02sec, #1
0014 and 0031: 18 matches, 0.02sec, #0
0019 and 0031: 19 matches, 0.02sec, #2
0005 and 0031: 10 matches, 0.01sec, #1
0015 and 0031: 11 matches, 0.01sec, #0
0020 and 0031: 19 matches, 0.01sec, #2
0006 and 0031: 13 matches, 0.02sec, #1
0016 and 0031: 18 matches, 0.02sec, #0
0021 and 0031: 16 matches, 0.02sec, #2
0007 and 0031: 17 matches, 0.02sec, #1
0017 and 0031: 15 matches, 0.02sec, #0
0022 and 0031: 15 matches, 0.02sec, #2
0028 and 0031: 23 matches, 0.02sec, #1
0007 and 0032: 17 matches, 0.01sec, #0
0023 and 0031: 9 matches, 0.01sec, #2
0029 and 0031: 25 matches, 0.01sec, #1
0008 and 0032: 15 matches, 0.01sec, #0
0029 and 0031: [22/25], H[13], 0.00sec
0024 and 0031: 11 matches, 0.01sec, #2
0009 and 0032: 20 matches, 0.01sec, #0
0025 and 0031: 12 matches, 0.01sec, #2
0030 and 0031: 21 matches, 0.01sec, #1
0010 and 0032: 12 matches, 0.01sec, #0
0026 and 0031: 24 matches, 0.01sec, #2
0000 and 0032: 13 matches, 0.01sec, #1
0011 and 0032: 19 matches, 0.01sec, #0
0027 and 0031: 20 matches, 0.01sec, #2
0001 and 0032: 13 matches, 0.01sec, #1
0017 and 0032: 13 matches, 0.01sec, #2
0012 and 0032: 12 matches, 0.02sec, #0
0002 and 0032: 21 matches, 0.02sec, #1
0018 and 0032: 17 matches, 0.01sec, #2
0013 and 0032: 15 matches, 0.01sec, #0
0003 and 0032: 17 matches, 0.01sec, #1
0019 and 0032: 17 matches, 0.01sec, #2
0014 and 0032: 18 matches, 0.01sec, #0
0004 and 0032: 14 matches, 0.01sec, #1
0020 and 0032: 15 matches, 0.01sec, #2
0015 and 0032: 15 matches, 0.02sec, #0
0005 and 0032: 12 matches, 0.02sec, #1
0021 and 0032: 18 matches, 0.01sec, #2
0016 and 0032: 18 matches, 0.02sec, #0
0006 and 0032: 16 matches, 0.02sec, #1
0022 and 0032: 14 matches, 0.02sec, #2
0005 and 0033: 10 matches, 0.01sec, #1
0027 and 0032: 16 matches, 0.02sec, #0
0023 and 0032: 15 matches, 0.01sec, #2
0006 and 0033: 7 matches, 0.01sec, #1
0028 and 0032: 14 matches, 0.01sec, #0
0024 and 0032: 17 matches, 0.01sec, #2
0007 and 0033: 14 matches, 0.01sec, #1
0029 and 0032: 21 matches, 0.01sec, #0
0025 and 0032: 13 matches, 0.01sec, #2
0008 and 0033: 10 matches, 0.01sec, #1
0030 and 0032: 19 matches, 0.02sec, #0
0009 and 0033: 11 matches, 0.01sec, #1
0026 and 0032: 16 matches, 0.02sec, #2
0031 and 0032: 21 matches, 0.01sec, #0
0010 and 0033: 8 matches, 0.01sec, #1
0015 and 0033: 11 matches, 0.02sec, #2
0000 and 0033: 7 matches, 0.01sec, #0
0011 and 0033: 13 matches, 0.02sec, #1
0016 and 0033: 12 matches, 0.02sec, #2
0001 and 0033: 7 matches, 0.02sec, #0
0012 and 0033: 9 matches, 0.02sec, #1
0017 and 0033: 11 matches, 0.02sec, #2
0002 and 0033: 14 matches, 0.01sec, #0
0013 and 0033: 12 matches, 0.01sec, #1
0018 and 0033: 10 matches, 0.01sec, #2
0003 and 0033: 13 matches, 0.01sec, #0
0014 and 0033: 15 matches, 0.01sec, #1
0019 and 0033: 15 matches, 0.02sec, #2
0004 and 0033: 10 matches, 0.02sec, #0
0025 and 0033: 13 matches, 0.02sec, #1
0020 and 0033: 16 matches, 0.01sec, #2
0002 and 0034: 40 matches, 0.01sec, #0
0002 and 0034: [35/40], H[10], 0.00sec
0026 and 0033: 20 matches, 0.01sec, #1
0021 and 0033: 13 matches, 0.01sec, #2
0027 and 0033: 10 matches, 0.01sec, #1
0003 and 0034: 33 matches, 0.01sec, #0
0003 and 0034: [30/33], H[13], 0.00sec
0022 and 0033: 11 matches, 0.01sec, #2
0028 and 0033: 18 matches, 0.01sec, #1
0023 and 0033: 12 matches, 0.01sec, #2
0029 and 0033: 12 matches, 0.01sec, #1
0004 and 0034: 37 matches, 0.01sec, #0
0004 and 0034: [34/37], H[14], 0.00sec
0024 and 0033: 15 matches, 0.01sec, #2
0030 and 0033: 19 matches, 0.01sec, #1
0012 and 0034: 46 matches, 0.01sec, #2
0012 and 0034: [38/46], H[13], 0.00sec
0031 and 0033: 17 matches, 0.01sec, #1
0005 and 0034: 31 matches, 0.01sec, #0
0005 and 0034: [30/31], H[13], 0.00sec
0032 and 0033: 21 matches, 0.01sec, #1
0013 and 0034: 31 matches, 0.01sec, #2
0013 and 0034: [21/31], H[12], 0.00sec
0006 and 0034: 34 matches, 0.01sec, #0
0006 and 0034: [30/34], H[18], 0.00sec
0000 and 0034: 38 matches, 0.02sec, #1
0000 and 0034: [32/38], H[17], 0.00sec
0014 and 0034: 27 matches, 0.01sec, #2
0014 and 0034: [21/27], H[9], 0.00sec
0007 and 0034: 34 matches, 0.01sec, #0
0007 and 0034: [28/34], H[10], 0.00sec
0001 and 0034: 40 matches, 0.01sec, #1
0001 and 0034: [36/40], H[14], 0.00sec
0015 and 0034: 21 matches, 0.02sec, #2
0008 and 0034: 27 matches, 0.01sec, #0
0008 and 0034: [25/27], H[12], 0.00sec
0016 and 0034: 20 matches, 0.02sec, #2
0022 and 0034: 20 matches, 0.01sec, #1
0017 and 0034: 26 matches, 0.02sec, #2
0017 and 0034: [22/26], H[8], 0.00sec
0023 and 0034: 30 matches, 0.02sec, #1
0023 and 0034: [27/30], H[14], 0.00sec
0009 and 0034: 28 matches, 0.02sec, #0
0009 and 0034: [18/28], H[11], 0.00sec
0018 and 0034: 25 matches, 0.01sec, #2
0018 and 0034: [17/25], H[7], 0.00sec
0024 and 0034: 17 matches, 0.01sec, #1
0010 and 0034: 28 matches, 0.01sec, #0
0010 and 0034: [23/28], H[9], 0.00sec
0025 and 0034: 9 matches, 0.01sec, #1
0019 and 0034: 22 matches, 0.01sec, #2
0026 and 0034: 22 matches, 0.02sec, #1
0020 and 0034: 29 matches, 0.02sec, #2
0011 and 0034: 32 matches, 0.02sec, #0
0020 and 0034: [18/29], H[10], 0.01sec
0011 and 0034: [24/32], H[10], 0.00sec
0027 and 0034: 20 matches, 0.01sec, #1
0028 and 0034: 21 matches, 0.01sec, #1
0032 and 0034: 13 matches, 0.01sec, #0
0021 and 0034: 20 matches, 0.01sec, #2
0029 and 0034: 16 matches, 0.01sec, #1
0033 and 0034: 7 matches, 0.02sec, #0
0030 and 0034: 14 matches, 0.01sec, #1
0008 and 0035: 9 matches, 0.02sec, #2
0000 and 0035: 8 matches, 0.01sec, #0
0031 and 0034: 14 matches, 0.01sec, #1
0009 and 0035: 10 matches, 0.02sec, #2
0001 and 0035: 10 matches, 0.01sec, #0
0018 and 0035: 7 matches, 0.02sec, #1
0010 and 0035: 7 matches, 0.02sec, #2
0019 and 0035: 9 matches, 0.01sec, #1
0002 and 0035: 10 matches, 0.02sec, #0
0011 and 0035: 8 matches, 0.01sec, #2
0020 and 0035: 10 matches, 0.01sec, #1
0003 and 0035: 8 matches, 0.01sec, #0
0012 and 0035: 6 matches, 0.01sec, #2
0021 and 0035: 8 matches, 0.02sec, #1
0013 and 0035: 10 matches, 0.01sec, #2
0004 and 0035: 7 matches, 0.02sec, #0
0022 and 0035: 7 matches, 0.02sec, #1
0014 and 0035: 10 matches, 0.01sec, #2
0005 and 0035: 6 matches, 0.02sec, #0
0023 and 0035: 7 matches, 0.02sec, #1
0015 and 0035: 10 matches, 0.02sec, #2
0006 and 0035: 7 matches, 0.02sec, #0
0016 and 0035: 9 matches, 0.01sec, #2
0024 and 0035: 9 matches, 0.03sec, #1
0007 and 0035: 11 matches, 0.02sec, #0
0017 and 0035: 6 matches, 0.01sec, #2
0025 and 0035: 3 matches, 0.01sec, #1
0028 and 0035: 10 matches, 0.01sec, #0
0003 and 0036: 34 matches, 0.01sec, #2
0003 and 0036: [31/34], H[21], 0.00sec
0026 and 0035: 9 matches, 0.01sec, #1
0029 and 0035: 12 matches, 0.01sec, #0
0027 and 0035: 8 matches, 0.01sec, #1
0030 and 0035: 11 matches, 0.01sec, #0
0004 and 0036: 32 matches, 0.01sec, #2
0004 and 0036: [26/32], H[9], 0.00sec
0013 and 0036: 31 matches, 0.01sec, #1
0013 and 0036: [21/31], H[7], 0.00sec
0031 and 0035: 10 matches, 0.01sec, #0
0032 and 0035: 17 matches, 0.01sec, #0
0005 and 0036: 21 matches, 0.01sec, #2
0014 and 0036: 31 matches, 0.01sec, #1
0033 and 0035: 18 matches, 0.01sec, #0
0014 and 0036: [22/31], H[13], 0.00sec
0006 and 0036: 28 matches, 0.01sec, #2
0006 and 0036: [25/28], H[7], 0.00sec
0034 and 0035: 9 matches, 0.01sec, #0
0015 and 0036: 21 matches, 0.01sec, #1
0000 and 0036: 36 matches, 0.02sec, #0
0000 and 0036: [32/36], H[21], 0.00sec
0007 and 0036: 33 matches, 0.02sec, #2
0007 and 0036: [28/33], H[17], 0.00sec
0016 and 0036: 26 matches, 0.02sec, #1
0016 and 0036: [17/26], H[11], 0.00sec
0001 and 0036: 34 matches, 0.01sec, #0
0001 and 0036: [31/34], H[16], 0.00sec
0008 and 0036: 23 matches, 0.01sec, #2
0017 and 0036: 30 matches, 0.01sec, #1
0017 and 0036: [22/30], H[10], 0.00sec
0009 and 0036: 24 matches, 0.02sec, #2
0002 and 0036: 38 matches, 0.01sec, #0
0002 and 0036: [33/38], H[9], 0.00sec
0010 and 0036: 31 matches, 0.01sec, #2
0010 and 0036: [24/31], H[13], 0.00sec
0018 and 0036: 22 matches, 0.01sec, #1
0019 and 0036: 25 matches, 0.01sec, #1
0019 and 0036: [17/25], H[6], 0.00sec
0023 and 0036: 45 matches, 0.02sec, #0
0023 and 0036: [37/45], H[16], 0.00sec
0011 and 0036: 32 matches, 0.02sec, #2
0011 and 0036: [26/32], H[11], 0.00sec
0020 and 0036: 27 matches, 0.02sec, #1
0020 and 0036: [16/27], H[10], 0.00sec
0024 and 0036: 15 matches, 0.02sec, #0
0012 and 0036: 38 matches, 0.02sec, #2
0012 and 0036: [31/38], H[15], 0.00sec
0025 and 0036: 19 matches, 0.02sec, #0
0021 and 0036: 21 matches, 0.01sec, #1
0033 and 0036: 13 matches, 0.01sec, #2
0026 and 0036: 19 matches, 0.02sec, #0
0022 and 0036: 15 matches, 0.02sec, #1
0034 and 0036: 37 matches, 0.02sec, #2
0034 and 0036: [35/37], H[18], 0.00sec
0007 and 0037: 37 matches, 0.01sec, #1
0007 and 0037: [33/37], H[19], 0.00sec
0027 and 0036: 16 matches, 0.02sec, #0
0028 and 0036: 18 matches, 0.01sec, #0
0035 and 0036: 11 matches, 0.01sec, #2
0008 and 0037: 30 matches, 0.01sec, #1
0008 and 0037: [28/30], H[12], 0.00sec
0000 and 0037: 35 matches, 0.01sec, #2
0029 and 0036: 14 matches, 0.02sec, #0
0000 and 0037: [28/35], H[12], 0.00sec
0030 and 0036: 15 matches, 0.01sec, #0
0009 and 0037: 32 matches, 0.01sec, #1
0009 and 0037: [25/32], H[11], 0.00sec
0001 and 0037: 45 matches, 0.01sec, #2
0001 and 0037: [36/45], H[11], 0.00sec
0031 and 0036: 11 matches, 0.01sec, #0
0032 and 0036: 15 matches, 0.01sec, #0
0010 and 0037: 32 matches, 0.01sec, #1
0010 and 0037: [29/32], H[18], 0.00sec
0002 and 0037: 49 matches, 0.01sec, #2
0002 and 0037: [43/49], H[14], 0.00sec
0017 and 0037: 32 matches, 0.01sec, #0
0017 and 0037: [23/32], H[9], 0.00sec
0011 and 0037: 28 matches, 0.02sec, #1
0011 and 0037: [22/28], H[9], 0.00sec
0003 and 0037: 44 matches, 0.02sec, #2
0003 and 0037: [43/44], H[27], 0.00sec
0018 and 0037: 34 matches, 0.02sec, #0
0018 and 0037: [28/34], H[6], 0.00sec
0012 and 0037: 47 matches, 0.02sec, #1
0012 and 0037: [39/47], H[19], 0.00sec
0004 and 0037: 47 matches, 0.01sec, #2
0004 and 0037: [40/47], H[18], 0.00sec
0019 and 0037: 32 matches, 0.01sec, #0
0019 and 0037: [25/32], H[11], 0.00sec
0013 and 0037: 31 matches, 0.01sec, #1
0013 and 0037: [23/31], H[12], 0.00sec
0005 and 0037: 31 matches, 0.01sec, #2
0005 and 0037: [27/31], H[18], 0.00sec
0020 and 0037: 25 matches, 0.01sec, #0
0020 and 0037: [19/25], H[7], 0.00sec
0014 and 0037: 27 matches, 0.01sec, #1
0014 and 0037: [23/27], H[11], 0.00sec
0006 and 0037: 40 matches, 0.02sec, #2
0006 and 0037: [35/40], H[15], 0.00sec
0021 and 0037: 24 matches, 0.02sec, #0
0022 and 0037: 24 matches, 0.01sec, #0
0015 and 0037: 29 matches, 0.01sec, #1
0015 and 0037: [23/29], H[10], 0.00sec
0027 and 0037: 25 matches, 0.01sec, #2
0027 and 0037: [18/25], H[6], 0.00sec
0023 and 0037: 32 matches, 0.02sec, #0
0023 and 0037: [28/32], H[9], 0.00sec
0016 and 0037: 22 matches, 0.01sec, #1
0028 and 0037: 18 matches, 0.01sec, #2
0000 and 0038: 34 matches, 0.01sec, #1
0000 and 0038: [29/34], H[10], 0.00sec
0029 and 0037: 15 matches, 0.01sec, #2
0030 and 0037: 20 matches, 0.01sec, #2
0001 and 0038: 37 matches, 0.01sec, #1
0024 and 0037: 23 matches, 0.02sec, #0
0001 and 0038: [28/37], H[12], 0.00sec
0031 and 0037: 16 matches, 0.01sec, #2
0032 and 0037: 18 matches, 0.01sec, #2
0025 and 0037: 20 matches, 0.02sec, #0
0033 and 0037: 9 matches, 0.01sec, #2
0026 and 0037: 24 matches, 0.01sec, #0
0002 and 0038: 41 matches, 0.02sec, #1
0002 and 0038: [37/41], H[24], 0.00sec
0034 and 0037: 46 matches, 0.01sec, #2
0034 and 0037: [44/46], H[17], 0.00sec
0010 and 0038: 29 matches, 0.01sec, #0
0010 and 0038: [21/29], H[10], 0.00sec
0035 and 0037: 9 matches, 0.01sec, #2
0003 and 0038: 42 matches, 0.01sec, #1
0003 and 0038: [35/42], H[11], 0.00sec
0011 and 0038: 32 matches, 0.01sec, #0
0036 and 0037: 39 matches, 0.01sec, #2
0036 and 0037: [32/39], H[17], 0.00sec
0011 and 0038: [25/32], H[9], 0.00sec
0004 and 0038: 35 matches, 0.01sec, #1
0004 and 0038: [29/35], H[15], 0.00sec
0020 and 0038: 24 matches, 0.01sec, #2
0012 and 0038: 41 matches, 0.01sec, #0
0012 and 0038: [32/41], H[15], 0.00sec
0021 and 0038: 18 matches, 0.01sec, #2
0005 and 0038: 32 matches, 0.01sec, #1
0005 and 0038: [28/32], H[14], 0.00sec
0022 and 0038: 14 matches, 0.01sec, #2
0013 and 0038: 30 matches, 0.01sec, #0
0013 and 0038: [18/30], H[7], 0.01sec
0023 and 0038: 32 matches, 0.02sec, #2
0023 and 0038: [29/32], H[7], 0.00sec
0006 and 0038: 33 matches, 0.03sec, #1
0006 and 0038: [28/33], H[16], 0.00sec
0014 and 0038: 29 matches, 0.01sec, #0
0014 and 0038: [22/29], H[9], 0.00sec
0024 and 0038: 23 matches, 0.02sec, #2
0007 and 0038: 30 matches, 0.02sec, #1
0007 and 0038: [24/30], H[14], 0.00sec
0025 and 0038: 19 matches, 0.02sec, #2
0015 and 0038: 28 matches, 0.02sec, #0
0015 and 0038: [21/28], H[8], 0.00sec
0026 and 0038: 26 matches, 0.02sec, #2
0026 and 0038: [15/26], H[6], 0.01sec
0008 and 0038: 35 matches, 0.02sec, #1
0008 and 0038: [28/35], H[18], 0.00sec
0016 and 0038: 27 matches, 0.02sec, #0
0016 and 0038: [22/27], H[8], 0.00sec
0027 and 0038: 24 matches, 0.01sec, #2
0009 and 0038: 30 matches, 0.02sec, #1
0009 and 0038: [26/30], H[10], 0.00sec
0017 and 0038: 28 matches, 0.01sec, #0
0017 and 0038: [22/28], H[10], 0.00sec
0028 and 0038: 24 matches, 0.01sec, #2
0029 and 0038: 16 matches, 0.01sec, #2
0030 and 0038: 21 matches, 0.02sec, #1
0002 and 0039: 33 matches, 0.01sec, #2
0018 and 0038: 28 matches, 0.02sec, #0
0002 and 0039: [28/33], H[13], 0.00sec
0018 and 0038: [20/28], H[8], 0.00sec
0031 and 0038: 11 matches, 0.01sec, #1
0032 and 0038: 19 matches, 0.01sec, #1
0003 and 0039: 41 matches, 0.01sec, #2
0003 and 0039: [36/41], H[13], 0.00sec
0019 and 0038: 30 matches, 0.02sec, #0
0019 and 0038: [21/30], H[7], 0.00sec
0033 and 0038: 8 matches, 0.02sec, #1
0004 and 0039: 33 matches, 0.01sec, #2
0004 and 0039: [27/33], H[16], 0.00sec
0034 and 0038: 41 matches, 0.01sec, #1
0034 and 0038: [34/41], H[21], 0.00sec
0012 and 0039: 31 matches, 0.01sec, #0
0012 and 0039: [28/31], H[16], 0.00sec
0035 and 0038: 7 matches, 0.01sec, #1
0005 and 0039: 35 matches, 0.02sec, #2
0005 and 0039: [30/35], H[10], 0.00sec
0013 and 0039: 28 matches, 0.01sec, #0
0013 and 0039: [22/28], H[7], 0.00sec
0036 and 0038: 40 matches, 0.01sec, #1
0036 and 0038: [34/40], H[17], 0.00sec
0006 and 0039: 27 matches, 0.01sec, #2
0006 and 0039: [22/27], H[12], 0.00sec
0037 and 0038: 42 matches, 0.01sec, #1
0037 and 0038: [37/42], H[23], 0.00sec
0014 and 0039: 20 matches, 0.01sec, #0
0015 and 0039: 22 matches, 0.01sec, #0
0007 and 0039: 32 matches, 0.02sec, #2
0007 and 0039: [27/32], H[9], 0.00sec
0000 and 0039: 27 matches, 0.02sec, #1
0000 and 0039: [26/27], H[12], 0.00sec
0016 and 0039: 21 matches, 0.02sec, #0
0017 and 0039: 21 matches, 0.02sec, #0
0008 and 0039: 26 matches, 0.02sec, #2
0008 and 0039: [22/26], H[6], 0.00sec
0001 and 0039: 28 matches, 0.02sec, #1
0001 and 0039: [23/28], H[12], 0.00sec
0018 and 0039: 24 matches, 0.02sec, #0
0019 and 0039: 20 matches, 0.01sec, #0
0009 and 0039: 23 matches, 0.01sec, #2
0022 and 0039: 16 matches, 0.01sec, #1
0020 and 0039: 22 matches, 0.01sec, #0
0010 and 0039: 29 matches, 0.01sec, #2
0010 and 0039: [26/29], H[8], 0.00sec
0021 and 0039: 21 matches, 0.01sec, #0
0023 and 0039: 23 matches, 0.02sec, #1
0032 and 0039: 11 matches, 0.02sec, #0
0011 and 0039: 25 matches, 0.01sec, #2
0011 and 0039: [24/25], H[6], 0.00sec
0024 and 0039: 20 matches, 0.02sec, #1
0033 and 0039: 9 matches, 0.02sec, #0
0025 and 0039: 21 matches, 0.02sec, #1
0003 and 0040: 39 matches, 0.01sec, #2
0034 and 0039: 33 matches, 0.02sec, #0
0003 and 0040: [34/39], H[23], 0.00sec
0034 and 0039: [31/33], H[14], 0.00sec
0026 and 0039: 19 matches, 0.01sec, #1
0027 and 0039: 16 matches, 0.01sec, #1
0004 and 0040: 39 matches, 0.01sec, #2
0004 and 0040: [34/39], H[19], 0.00sec
0035 and 0039: 6 matches, 0.01sec, #0
0028 and 0039: 13 matches, 0.01sec, #1
0036 and 0039: 31 matches, 0.01sec, #0
0036 and 0039: [27/31], H[15], 0.00sec
0005 and 0040: 37 matches, 0.01sec, #2
0005 and 0040: [33/37], H[18], 0.00sec
0029 and 0039: 13 matches, 0.01sec, #1
0030 and 0039: 15 matches, 0.01sec, #1
0006 and 0040: 40 matches, 0.01sec, #2
0006 and 0040: [32/40], H[12], 0.00sec
0037 and 0039: 40 matches, 0.02sec, #0
0037 and 0039: [34/40], H[14], 0.00sec
0031 and 0039: 10 matches, 0.02sec, #1
0013 and 0040: 28 matches, 0.01sec, #1
0013 and 0040: [23/28], H[14], 0.00sec
0007 and 0040: 34 matches, 0.01sec, #2
0007 and 0040: [29/34], H[11], 0.00sec
0038 and 0039: 36 matches, 0.02sec, #0
0038 and 0039: [33/36], H[20], 0.00sec
0014 and 0040: 20 matches, 0.01sec, #1
0008 and 0040: 32 matches, 0.01sec, #2
0008 and 0040: [26/32], H[11], 0.00sec
0015 and 0040: 20 matches, 0.01sec, #1
0016 and 0040: 22 matches, 0.01sec, #1
0000 and 0040: 31 matches, 0.02sec, #0
0000 and 0040: [25/31], H[10], 0.00sec
0009 and 0040: 25 matches, 0.01sec, #2
0009 and 0040: [19/25], H[6], 0.00sec
0017 and 0040: 22 matches, 0.02sec, #1
0010 and 0040: 29 matches, 0.01sec, #2
0010 and 0040: [26/29], H[9], 0.00sec
0018 and 0040: 22 matches, 0.02sec, #1
0001 and 0040: 29 matches, 0.02sec, #0
0001 and 0040: [23/29], H[9], 0.00sec
0019 and 0040: 19 matches, 0.01sec, #1
0011 and 0040: 19 matches, 0.01sec, #2
0020 and 0040: 20 matches, 0.01sec, #1
0002 and 0040: 37 matches, 0.02sec, #0
0002 and 0040: [33/37], H[21], 0.00sec
0012 and 0040: 35 matches, 0.02sec, #2
0012 and 0040: [28/35], H[7], 0.00sec
0021 and 0040: 21 matches, 0.01sec, #1
0022 and 0040: 16 matches, 0.02sec, #1
0023 and 0040: 34 matches, 0.02sec, #0
0023 and 0040: [30/34], H[18], 0.00sec
0032 and 0040: 14 matches, 0.01sec, #2
0036 and 0040: 33 matches, 0.01sec, #1
0036 and 0040: [31/33], H[7], 0.00sec
0033 and 0040: 10 matches, 0.01sec, #2
0034 and 0040: 35 matches, 0.01sec, #2
0034 and 0040: [31/35], H[16], 0.00sec
0024 and 0040: 14 matches, 0.02sec, #0
0037 and 0040: 41 matches, 0.02sec, #1
0037 and 0040: [35/41], H[17], 0.00sec
0025 and 0040: 15 matches, 0.01sec, #0
0035 and 0040: 4 matches, 0.02sec, #2
0026 and 0040: 20 matches, 0.02sec, #0
0038 and 0040: 29 matches, 0.02sec, #1
0038 and 0040: [25/29], H[10], 0.00sec
0039 and 0040: 32 matches, 0.01sec, #2
0039 and 0040: [32/32], H[12], 0.00sec
0027 and 0040: 17 matches, 0.02sec, #0
0028 and 0040: 12 matches, 0.01sec, #0
0029 and 0040: 14 matches, 0.01sec, #0
0030 and 0040: 15 matches, 0.01sec, #0
0031 and 0040: 12 matches, 0.01sec, #0

###########-------timing------#########
820 Image Match finished, 6 sec used
#############################

Save to C:\Users\chin1\Desktop\final\VisualSFM_windows_cuda_64bit\myresult.nvm ... done
245 pairs have two-view models
357 pairs have fundamental matrices
Initialize with masked27 and masked28
Failed to initialize with the chosen pair
Initialize with masked0 and masked10
Failed to initialize with the chosen pair
Initialize with masked12 and masked14
Failed to initialize with the chosen pair
Initialize with masked19 and masked20
Failed to initialize with the chosen pair
Initialize with masked13 and masked15
Failed to initialize with the chosen pair
Initialize with masked16 and masked18
Failed to initialize with the chosen pair
Initialize with masked11 and masked5
31 3D points initialized from two images
PBA library version = 105
PBA: 31 3D pts, 2 cams and 62 projs...
PBA: 0.085 -> 0.048 (1 LMs in 0.16sec)
Focal Length : [720.000]->[720.851]
Focal Length : [720.000]->[718.410]

#############################
+3: [masked10] sees 39 (+31) 3D points
Estimated Focal Length [480][0.80N]
# 87 projs (30 pts and 0 merges)
PBA: 61 3D pts, 3 cams and 149 projs...
PBA: 0.996 -> 0.295 (18 LMs in 0.10sec)

**************************************
#3/3:  87 projs and 30 pts added.
PBA: 59 3D pts, 3 cams and 145 projs...
PBA: 0.401 -> 0.359 (45 LMs in 0.12sec)
PBA: 59 3D pts, 3 cams and 145 projs...
PBA: 0.359 -> 0.359 (21 LMs in 0.05sec)
Focal Length : [479.909]->[471.136]
Radial Distortion : [-0.105 -> -13]

#############################
#4: [masked6] sees 95 (+22) 3D points
Estimated Focal Length [1963][3.27N]
# 57 projs (7 pts and 0 merges)
PBA: 66 3D pts, 4 cams and 202 projs...
PBA: 0.646 -> 0.432 (17 LMs in 0.10sec)
Focal Length : [1962.642]->[1952.066]
Radial Distortion : [-0.306 -> -3]

#############################
#5: [masked4] sees 112 (+22) 3D points
Estimated Focal Length [546][0.91N]
# 65 projs (11 pts and 1 merges)
PBA: 72 3D pts, 5 cams and 259 projs...
PBA: 0.834 -> 0.834 (0 LMs in 0.00sec)

**************************************
#5/5:  65 projs and 11 pts added.
PBA: 72 3D pts, 5 cams and 259 projs...
PBA: 0.834 -> 0.834 (0 LMs in 0.00sec)
PBA: 72 3D pts, 5 cams and 259 projs...
PBA: 0.834 -> 0.834 (0 LMs in 0.00sec)
Focal Length : [546.236]->[546.236]
Radial Distortion : [0.000 -> 0]

#############################
#6: [masked2] sees 130 (+19) 3D points
Estimated Focal Length [840][1.40N]
# 81 projs (18 pts and 2 merges)
PBA: 84 3D pts, 6 cams and 332 projs...
PBA: 2.002 -> 1.044 (12 LMs in 0.07sec)
Focal Length : [839.817]->[850.100]
Radial Distortion : [0.288 -> 10]

#############################
+7: [masked12] sees 195 (+17) 3D points
Estimated Focal Length [534][0.89N]
# 88 projs (15 pts and 1 merges)
PBA: 94 3D pts, 7 cams and 412 projs...
PBA: 2.794 -> 2.794 (0 LMs in 0.00sec)
#points w/ large errors:	1

**************************************
#7/7:  88 projs and 15 pts added.
PBA: 93 3D pts, 7 cams and 409 projs...
PBA: 2.906 -> 1.097 (29 LMs in 0.22sec)
#unstable points removed:	13
PBA: 80 3D pts, 7 cams and 380 projs...
PBA: 1.111 -> 0.895 (35 LMs in 0.18sec)
#unstable points removed:	2
Focal Length : [534.366]->[483.863]
Radial Distortion : [-0.120 -> -14]

#############################
#8: [masked7] sees 208 (+15) 3D points
Estimated Focal Length [1249][2.08N]
# 77 projs (13 pts and 0 merges)
PBA: 88 3D pts, 8 cams and 445 projs...
PBA: 1.764 -> 1.230 (17 LMs in 0.20sec)
#points w/ large errors:	1
Focal Length : [1248.822]->[999.531]
Radial Distortion : [-0.445 -> -13]

#############################
#9: [masked8] sees 222 (+15) 3D points
Estimated Focal Length [1740][2.90N]
# 55 projs (3 pts and 0 merges)
PBA: 89 3D pts, 9 cams and 493 projs...
PBA: 1.779 -> 1.583 (18 LMs in 0.13sec)
#points w/ large errors:	2

**************************************
#9/9:  55 projs and 3 pts added.
PBA: 87 3D pts, 9 cams and 485 projs...
PBA: 1.545 -> 1.478 (17 LMs in 0.14sec)
PBA: 87 3D pts, 9 cams and 485 projs...
PBA: 1.478 -> 1.478 (0 LMs in 0.00sec)
Focal Length : [1740.100]->[1620.421]
Radial Distortion : [-2.631 -> -28]

#############################
+10: [masked14] sees 262 (+10) 3D points
Estimated Focal Length [493][0.82N]
# 80 projs (11 pts and 0 merges)
PBA: 96 3D pts, 10 cams and 561 projs...
PBA: 3.157 -> 2.212 (37 LMs in 0.22sec)
#points w/ large errors:	3
Focal Length : [492.588]->[547.871]
Radial Distortion : [0.034 -> 3]

#############################
+11: [masked0] sees 228 (+11) 3D points
Estimated Focal Length [1497][2.49N]
# 71 projs (10 pts and 0 merges)
PBA: 103 3D pts, 11 cams and 613 projs...
PBA: 2.233 -> 1.950 (37 LMs in 0.18sec)
#points w/ large errors:	7
Focal Length : [1496.652]->[1471.209]
Radial Distortion : [-1.059 -> -14]

#############################
#12: [masked9] sees 275 (+10) 3D points
Estimated Focal Length [2447][4.08N]
# 73 projs (11 pts and 0 merges)
PBA: 107 3D pts, 12 cams and 642 projs...
PBA: 1.432 -> 0.800 (49 LMs in 0.13sec)
#points w/ large errors:	1
#unstable points removed:	7

**************************************
#12/12:  73 projs and 11 pts added.
PBA: 99 3D pts, 12 cams and 619 projs...
PBA: 1.017 -> 0.947 (50 LMs in 0.25sec)
PBA: 99 3D pts, 12 cams and 619 projs...
PBA: 0.947 -> 0.916 (35 LMs in 0.21sec)
#unstable points removed:	2
Focal Length : [2447.337]->[2992.743]
Radial Distortion : [-1.809 -> -6]

#############################
+13: [masked15] sees 308 (+6) 3D points
Estimated Focal Length [3273][5.45N]
# 84 projs (15 pts and 0 merges)
PBA: 111 3D pts, 13 cams and 697 projs...
PBA: 1.438 -> 1.244 (20 LMs in 0.12sec)
#points w/ large errors:	1
Focal Length : [3272.679]->[3341.389]
Radial Distortion : [2.030 -> 4]

#############################
#14: [masked3] sees 304 (+9) 3D points
Estimated Focal Length [546][0.91N]
# 96 projs (23 pts and 2 merges)
PBA: 129 3D pts, 14 cams and 786 projs...
PBA: 1.794 -> 1.415 (51 LMs in 0.14sec)
#points w/ large errors:	1
#unstable points removed:	3
Focal Length : [545.975]->[560.810]
Radial Distortion : [0.100 -> 8]

#############################
#15: [masked1] sees 296 (+7) 3D points
Estimated Focal Length [1412][2.35N]
# 100 projs (12 pts and 3 merges)
PBA: 128 3D pts, 15 cams and 866 projs...
PBA: 2.447 -> 1.489 (38 LMs in 0.27sec)
#points w/ large errors:	3
#unstable points removed:	1
Radial Distortion : [1.951 -> 23]
# 2 projs (0 pts and 0 merges)
Focal Length : [1412.096]->[1505.609]
Radial Distortion : [1.951 -> 23]

#############################
#16: [masked17] sees 169 (+9) 3D points
Estimated Focal Length [1618][2.70N]
# 49 projs (0 pts and 0 merges)
PBA: 123 3D pts, 16 cams and 905 projs...
PBA: 1.960 -> 1.960 (0 LMs in 0.00sec)
#points w/ large errors:	3

**************************************
#16/16:  49 projs and 0 pts added.
PBA: 120 3D pts, 16 cams and 890 projs...
PBA: 1.789 -> 1.789 (0 LMs in 0.00sec)
PBA: 120 3D pts, 16 cams and 890 projs...
PBA: 1.789 -> 1.789 (0 LMs in 0.00sec)
Focal Length : [1617.523]->[1617.523]
Radial Distortion : [0.000 -> 0]

#############################
+17: [masked20] sees 111 (+13) 3D points
Estimated Focal Length [1855][3.09N]
# 44 projs (0 pts and 0 merges)
PBA: 119 3D pts, 17 cams and 932 projs...
PBA: 2.140 -> 2.140 (0 LMs in 0.00sec)
#points w/ large errors:	7
Focal Length : [1854.726]->[1854.726]
Radial Distortion : [0.000 -> 0]

#############################
+18: [masked19] sees 100 (+18) 3D points
Estimated Focal Length [1689][2.81N]
# 41 projs (0 pts and 0 merges)
PBA: 112 3D pts, 18 cams and 910 projs...
PBA: 2.435 -> 2.435 (0 LMs in 0.00sec)
#points w/ large errors:	2
Focal Length : [1688.845]->[1688.845]
Radial Distortion : [0.000 -> 0]

#############################
+19: [masked13] sees 357 (+6) 3D points
Estimated Focal Length [655][1.09N]
# 114 projs (21 pts and 6 merges)
PBA: 119 3D pts, 19 cams and 992 projs...
PBA: 4.176 -> 4.176 (0 LMs in 0.00sec)
#points w/ large errors:	6
Focal Length : [655.365]->[655.365]
Radial Distortion : [0.000 -> 0]

#############################
+20: [masked18] sees 268 (+9) 3D points
Estimated Focal Length [3325][5.54N]
# 125 projs (24 pts and 4 merges)
PBA: 129 3D pts, 20 cams and 1045 projs...
PBA: 4.232 -> 4.232 (0 LMs in 0.00sec)
#points w/ large errors:	10
Focal Length : [3324.668]->[3324.668]
Radial Distortion : [0.000 -> 0]

#############################
+21: [masked16] sees 359 (+7) 3D points
Estimated Focal Length [752][1.25N]
# 133 projs (26 pts and 2 merges)
SKIP: 0 cams, 1 points, 47 projs
PBA: 138 3D pts, 20 cams and 1133 projs...
PBA: 4.684 -> 4.684 (0 LMs in 0.00sec)
#points w/ large errors:	8

**************************************
#21/21:  133 projs and 26 pts added.
PBA: 124 3D pts, 21 cams and 1094 projs...
PBA: 4.285 -> 4.285 (0 LMs in 0.00sec)
PBA: 124 3D pts, 21 cams and 1094 projs...
PBA: 4.285 -> 4.285 (0 LMs in 0.00sec)
Focal Length : [751.687]->[751.686]
Radial Distortion : [0.000 -> 0]

#############################
#22: [masked26] sees 122 (+12) 3D points
Estimated Focal Length [1782][2.97N]
# 52 projs (0 pts and 0 merges)
SKIP: 0 cams, 20 points, 2 projs
PBA: 122 3D pts, 20 cams and 1142 projs...
PBA: 5.049 -> 5.049 (0 LMs in 0.00sec)
#points w/ large errors:	11
Focal Length : [1782.055]->[1782.055]
Radial Distortion : [0.000 -> 0]

#############################
#23: [masked25] sees 125 (+17) 3D points
Estimated Focal Length [388][0.65W]
# 39 projs (0 pts and 0 merges)
SKIP: 0 cams, 31 points, 56 projs
PBA: 111 3D pts, 20 cams and 1125 projs...
PBA: 3.853 -> 3.853 (0 LMs in 0.00sec)
#points w/ large errors:	2
Focal Length : [388.244]->[388.244]
Radial Distortion : [0.000 -> 0]

#############################
+24: [masked27] sees 100 (+19) 3D points
Estimated Focal Length [2264][3.77N]
# 40 projs (0 pts and 0 merges)
SKIP: 0 cams, 33 points, 25 projs
PBA: 108 3D pts, 20 cams and 1138 projs...
PBA: 5.106 -> 5.106 (0 LMs in 0.00sec)
#points w/ large errors:	11
Focal Length : [2263.522]->[2263.522]
Radial Distortion : [0.000 -> 0]
ERROR: reusing too many images : 11

#############################
#25: [masked24] sees 176 (+15) 3D points
Estimated Focal Length [1589][2.65N]
# 37 projs (0 pts and 0 merges)
SKIP: 0 cams, 44 points, 132 projs
PBA: 97 3D pts, 20 cams and 1043 projs...
PBA: 4.082 -> 4.082 (0 LMs in 0.00sec)
#points w/ large errors:	7
Focal Length : [1589.304]->[1589.304]
Radial Distortion : [0.000 -> 0]

#############################
#26: [masked23] sees 168 (+15) 3D points
Estimated Focal Length [409][0.68N]
# 31 projs (0 pts and 0 merges)
PBA: 90 3D pts, 26 cams and 983 projs...
PBA: 4.224 -> 4.224 (0 LMs in 0.00sec)
#points w/ large errors:	4
Focal Length : [408.754]->[408.754]
Radial Distortion : [0.000 -> 0]

#############################
#27: [masked21] sees 246 (+14) 3D points
Estimated Focal Length [549][0.92N]
# 35 projs (0 pts and 0 merges)
SKIP: 0 cams, 56 points, 51 projs
PBA: 85 3D pts, 20 cams and 967 projs...
PBA: 4.169 -> 4.169 (0 LMs in 0.00sec)
#points w/ large errors:	5

**************************************
#27/27:  35 projs and 0 pts added.
PBA: 80 3D pts, 27 cams and 906 projs...
PBA: 2.964 -> 2.964 (0 LMs in 0.00sec)
PBA: 80 3D pts, 27 cams and 906 projs...
PBA: 2.964 -> 2.964 (0 LMs in 0.00sec)
Focal Length : [549.302]->[549.302]
Radial Distortion : [0.000 -> 0]

#############################
#28: [masked29] sees 93 (+15) 3D points
Estimated Focal Length [853][1.42N]
# 23 projs (0 pts and 0 merges)
SKIP: 0 cams, 63 points, 0 projs
PBA: 80 3D pts, 20 cams and 929 projs...
PBA: 3.580 -> 3.580 (0 LMs in 0.00sec)
#points w/ large errors:	4
Focal Length : [852.580]->[852.580]
Radial Distortion : [0.000 -> 0]

#############################
#29: [masked30] sees 61 (+32) 3D points
Estimated Focal Length [2066][3.44N]
# 22 projs (0 pts and 0 merges)
SKIP: 0 cams, 67 points, 50 projs
PBA: 76 3D pts, 20 cams and 901 projs...
PBA: 2.581 -> 2.581 (0 LMs in 0.00sec)
#points w/ large errors:	2
Focal Length : [2066.484]->[2066.484]
Radial Distortion : [0.000 -> 0]

#############################
#30: [masked31] sees 57 (+20) 3D points
Estimated Focal Length [212][0.35W]
# 16 projs (0 pts and 0 merges)
ERROR: too few projections are initiated

#############################
#30: [masked32] sees 71 (+16) 3D points
Estimated Focal Length [719][1.20N]
# 25 projs (0 pts and 0 merges)
SKIP: 0 cams, 78 points, 85 projs
PBA: 65 3D pts, 21 cams and 857 projs...
PBA: 2.984 -> 2.984 (0 LMs in 0.00sec)
Focal Length : [718.706]->[718.706]
Radial Distortion : [0.000 -> 0]

#############################
#31: [masked22] sees 186 (+11) 3D points
Estimated Focal Length [2380][3.97N]
# 25 projs (0 pts and 0 merges)
SKIP: 0 cams, 78 points, 22 projs
PBA: 65 3D pts, 20 cams and 888 projs...
PBA: 2.623 -> 2.623 (0 LMs in 0.00sec)
#points w/ large errors:	1
Focal Length : [2380.118]->[2380.118]
Radial Distortion : [0.000 -> 0]

#############################
#32: [masked33] sees 32 (+15) 3D points
Estimated Focal Length [525][0.88N]
# 24 projs (0 pts and 0 merges)
PBA: 73 3D pts, 32 cams and 919 projs...
PBA: 3.156 -> 3.156 (0 LMs in 0.00sec)
#points w/ large errors:	2
Focal Length : [525.440]->[525.440]
Radial Distortion : [0.000 -> 0]

#############################
#33: [masked34] sees 51 (+25) 3D points
Estimated Focal Length [292][0.49W]
# 115 projs (34 pts and 0 merges)
SKIP: 0 cams, 46 points, 32 projs
PBA: 97 3D pts, 20 cams and 1002 projs...
PBA: 3.424 -> 3.424 (0 LMs in 0.00sec)
#points w/ large errors:	1
Focal Length : [292.258]->[292.258]
Radial Distortion : [0.000 -> 0]

#############################
#34: [masked35] sees 62 (+3) 3D points
Estimated Focal Length [1877][3.13N]
# 24 projs (0 pts and 0 merges)
SKIP: 0 cams, 55 points, 38 projs
PBA: 82 3D pts, 20 cams and 988 projs...
PBA: 3.655 -> 3.655 (0 LMs in 0.00sec)
#points w/ large errors:	16

**************************************
#34/34:  24 projs and 0 pts added.
PBA: 82 3D pts, 34 cams and 868 projs...
PBA: 2.344 -> 2.344 (0 LMs in 0.00sec)
PBA: 82 3D pts, 34 cams and 868 projs...
PBA: 2.344 -> 2.344 (0 LMs in 0.00sec)
Focal Length : [1877.201]->[1877.201]
Radial Distortion : [0.000 -> 0]

#############################
#35: [masked36] sees 39 (+17) 3D points
Estimated Focal Length [803][1.34N]
# 22 projs (0 pts and 0 merges)
SKIP: 0 cams, 81 points, 69 projs
PBA: 62 3D pts, 20 cams and 821 projs...
PBA: 2.235 -> 2.235 (0 LMs in 0.00sec)
#points w/ large errors:	3
Focal Length : [802.993]->[802.993]
Radial Distortion : [0.000 -> 0]

#############################
#36: [masked31] sees 75 (+29) 3D points
Estimated Focal Length [626][1.04N]
# 154 projs (36 pts and 0 merges)
SKIP: 0 cams, 50 points, 98 projs
PBA: 92 3D pts, 20 cams and 944 projs...
PBA: 4.900 -> 4.900 (0 LMs in 0.00sec)
#points w/ large errors:	6
Focal Length : [626.038]->[626.038]
Radial Distortion : [0.000 -> 0]
END: No more images to add [0 projs]

#############################
Failed to find two images for initialization
Resuming SfM finished, 3 sec used

---------------------------------------------------
36 cams, 143 pts (3+: 82)
1015 projections (3+: 925)
---------------------------------------------------
1 model(s) reconstructed from 41 images;
36 modeled; 0 reused; 0 EXIF; 
0MB(0) used to store feature location.
---------------------------------------------------

########-------timing------#########
Structure-From-Motion finished, 3 sec used
3.1(3.1) seconds on Bundle Adjustment (+)
3.0(3.0) seconds on Bundle Adjustment (*)
#############################
Save to C:\Users\chin1\Desktop\final\VisualSFM_windows_cuda_64bit\myresult.nvm ... done

#############################
Undistorting 36 images in model #0
param_undistortion_thread_num = 0
NOTE: using 8 threads...
#07: masked7 -> 00000007.jpg, 0.057 sec
#00: masked11 -> 00000000.jpg, 0.058 sec
#01: masked10 -> 00000002.jpg, 0.058 sec
#02: masked6 -> 00000003.jpg, 0.063 sec
#03: masked4 -> 00000004.jpg, 0.066 sec
#05: masked12 -> 00000006.jpg, 0.066 sec
#06: masked14 -> 00000009.jpg, 0.067 sec
#04: masked2 -> 00000005.jpg, 0.067 sec
#04: masked16 -> 00000020.jpg, 0.001 sec
#05: masked20 -> 00000016.jpg, 0.004 sec
#04: masked26 -> 00000021.jpg, 0.002 sec
#06: masked13 -> 00000018.jpg, 0.005 sec
#04: masked25 -> 00000022.jpg, 0.001 sec
#06: masked18 -> 00000019.jpg, 0.001 sec
#04: masked27 -> 00000023.jpg, 0.001 sec
#05: masked19 -> 00000017.jpg, 0.004 sec
#06: masked24 -> 00000024.jpg, 0.001 sec
#04: masked21 -> 00000026.jpg, 0.001 sec
#05: masked30 -> 00000028.jpg, 0.003 sec
#04: masked29 -> 00000027.jpg, 0.002 sec
#05: masked32 -> 00000029.jpg, 0.001 sec
#04: masked22 -> 00000030.jpg, 0.001 sec
#06: masked23 -> 00000025.jpg, 0.005 sec
#04: masked33 -> 00000031.jpg, 0.001 sec
#05: masked34 -> 00000032.jpg, 0.002 sec
#05: masked35 -> 00000033.jpg, 0.002 sec
#06: masked36 -> 00000034.jpg, 0.002 sec
#06: masked31 -> 00000035.jpg, 0.001 sec
#01: masked0 -> 00000010.jpg, 0.061 sec
#02: masked15 -> 00000012.jpg, 0.065 sec
#00: masked5 -> 00000001.jpg, 0.072 sec
#07: masked8 -> 00000008.jpg, 0.076 sec
#03: masked1 -> 00000014.jpg, 0.075 sec
#03: masked17 -> 00000015.jpg, 0.001 sec
#01: masked9 -> 00000011.jpg, 0.049 sec
#02: masked3 -> 00000013.jpg, 0.060 sec
----------------------------------------------------------------
Running Yasutaka Furukawa's CMVS tool...
cmvs C:\Users\chin1\Desktop\final\VisualSFM_windows_cuda_64bit\myresult.nvm.cmvs\00\ 50 8
genOption C:\Users\chin1\Desktop\final\VisualSFM_windows_cuda_64bit\myresult.nvm.cmvs\00\ 1 2 0.700000 7 3 8
1 cluster is generated for pmvs reconstruction.
pmvs2 C:\Users\chin1\Desktop\final\VisualSFM_windows_cuda_64bit\myresult.nvm.cmvs\00\ option-0000
This may take a little more time, waiting...
1 seconds were used by PMVS
Loading option-0000.ply, 1667 vertices ...
Loading patches and estimating point sizes..
Save to C:\Users\chin1\Desktop\final\VisualSFM_windows_cuda_64bit\myresult.nvm ... done
Save C:\Users\chin1\Desktop\final\VisualSFM_windows_cuda_64bit\myresult.0.ply ...done
----------------------------------------------------------------
VisualSFM 3D reconstruction, finished
Totally 15.000 seconds used

__LogFile: C:\Users\chin1\Desktop\final\VisualSFM_windows_cuda_64bit\log\[20_02_11][09_42_11][344].log
