0: masked0
image_size:	600x400
1: masked1
image_size:	600x400
2: masked2
image_size:	600x400
3: masked3
image_size:	600x400
4: masked4
image_size:	600x400
5: masked5
image_size:	600x400
6: masked6
image_size:	600x400
7: masked7
image_size:	600x400
8: masked8
image_size:	600x400
9: masked9
image_size:	600x400
10: masked10
image_size:	600x400
11: masked11
image_size:	600x400
12: masked12
image_size:	600x400
13: masked13
image_size:	600x400
14: masked14
image_size:	600x400
15: masked15
image_size:	600x400
16: masked16
image_size:	600x400
17: masked17
image_size:	600x400
18: masked18
image_size:	600x400
19: masked19
image_size:	600x400
20: masked20
image_size:	600x400
21: masked21
image_size:	600x400
22: masked22
image_size:	600x400
23: masked23
image_size:	600x400
24: masked24
image_size:	600x400
25: masked25
image_size:	600x400
26: masked26
image_size:	600x400
27: masked27
image_size:	600x400
28: masked28
image_size:	600x400
29: masked29
image_size:	600x400
30: masked30
image_size:	600x400
31: masked31
image_size:	600x400
32: masked32
image_size:	600x400
33: masked33
image_size:	600x400
34: masked34
image_size:	600x400
35: masked35
image_size:	600x400
36: masked36
image_size:	600x400
**************************************
Change the number of pixel-loaded images by 
modifying param_visual_data_budget in nv.ini
Use the PAUSE button to skip the pixel loading
**************************************
Loading image pixel data ...done in 0s

Compute Missing Pairwise Matching, begin...
********* WARNING ***********
More than 87MB of graphic memory may be allocated
under the default settings. If the program halts here,
adjust parameters to save memory and rerun the task: 
    [Tools->Enable GPU->Set Maximum DIM]
Note some octaves may be automatically skipped
SIFT: 0000, 600x400, 	71, 0.74sec
SIFT: 0001, 600x400, 	72, 0.06sec
SIFT: 0002, 600x400, 	83, 0.06sec
SIFT: 0003, 600x400, 	73, 0.06sec
SIFT: 0004, 600x400, 	74, 0.06sec
SIFT: 0005, 600x400, 	74, 0.06sec
SIFT: 0006, 600x400, 	83, 0.06sec
SIFT: 0007, 600x400, 	75, 0.06sec
SIFT: 0008, 600x400, 	76, 0.06sec
SIFT: 0009, 600x400, 	70, 0.06sec
SIFT: 0010, 600x400, 	78, 0.06sec
SIFT: 0011, 600x400, 	80, 0.07sec
SIFT: 0012, 600x400, 	80, 0.06sec
SIFT: 0013, 600x400, 	65, 0.06sec
SIFT: 0014, 600x400, 	77, 0.06sec
SIFT: 0015, 600x400, 	81, 0.06sec
SIFT: 0016, 600x400, 	72, 0.07sec
SIFT: 0017, 600x400, 	82, 0.07sec
SIFT: 0018, 600x400, 	77, 0.08sec
SIFT: 0019, 600x400, 	65, 0.08sec
SIFT: 0020, 600x400, 	81, 0.06sec
SIFT: 0021, 600x400, 	64, 0.06sec
SIFT: 0022, 600x400, 	60, 0.06sec
SIFT: 0023, 600x400, 	72, 0.06sec
SIFT: 0024, 600x400, 	76, 0.06sec
SIFT: 0025, 600x400, 	71, 0.06sec
SIFT: 0026, 600x400, 	80, 0.06sec
SIFT: 0027, 600x400, 	74, 0.06sec
SIFT: 0028, 600x400, 	77, 0.06sec
SIFT: 0029, 600x400, 	84, 0.06sec
SIFT: 0030, 600x400, 	74, 0.06sec
SIFT: 0031, 600x400, 	71, 0.07sec
SIFT: 0032, 600x400, 	80, 0.06sec
SIFT: 0033, 600x400, 	76, 0.07sec
SIFT: 0034, 600x400, 	68, 0.06sec
SIFT: 0035, 600x400, 	54, 0.06sec
SIFT: 0036, 600x400, 	57, 0.06sec

###########-------timing------#########
37 Feature Detection finished, 3 sec used
#############################

666 pairs to compute match
NOTE: using 3 matching workers
0002 and 0003: 43 matches, 0.01sec, #1
0002 and 0004: 46 matches, 0.02sec, #2
0002 and 0003: [39/43], H[19], 0.00sec
0002 and 0004: [37/46], H[10], 0.00sec
0000 and 0004: 38 matches, 0.01sec, #1
0000 and 0004: [34/38], H[12], 0.00sec
0003 and 0004: 30 matches, 0.02sec, #2
0003 and 0004: [25/30], H[7], 0.00sec
0001 and 0004: 40 matches, 0.02sec, #1
0001 and 0004: [37/40], H[15], 0.00sec
0000 and 0005: 36 matches, 0.01sec, #2
0000 and 0005: [32/36], H[14], 0.00sec
0005 and 0006: 39 matches, 0.01sec, #1
0005 and 0006: [33/39], H[20], 0.00sec
0001 and 0005: 34 matches, 0.01sec, #2
0001 and 0005: [28/34], H[16], 0.00sec
0000 and 0001: 42 matches, 0.17sec, #0
0000 and 0007: 34 matches, 0.01sec, #1
0000 and 0001: [42/42], H[30], 0.00sec
0000 and 0007: [28/34], H[10], 0.00sec
0002 and 0005: 38 matches, 0.01sec, #2
0002 and 0005: [30/38], H[15], 0.00sec
0000 and 0002: 46 matches, 0.01sec, #0
0001 and 0007: 37 matches, 0.01sec, #1
0000 and 0002: [41/46], H[27], 0.00sec
0001 and 0007: [28/37], H[13], 0.00sec
0003 and 0005: 45 matches, 0.01sec, #2
0003 and 0005: [39/45], H[16], 0.00sec
0001 and 0002: 44 matches, 0.01sec, #0
0002 and 0007: 41 matches, 0.02sec, #1
0001 and 0002: [39/44], H[25], 0.00sec
0002 and 0007: [31/41], H[17], 0.00sec
0004 and 0005: 37 matches, 0.01sec, #2
0004 and 0005: [37/37], H[10], 0.00sec
0003 and 0007: 32 matches, 0.01sec, #1
0000 and 0003: 33 matches, 0.01sec, #0
0000 and 0006: 35 matches, 0.01sec, #2
0003 and 0007: [29/32], H[15], 0.00sec
0000 and 0003: [30/33], H[8], 0.00sec
0000 and 0006: [29/35], H[8], 0.00sec
0004 and 0007: 42 matches, 0.01sec, #1
0001 and 0003: 32 matches, 0.01sec, #0
0004 and 0007: [34/42], H[22], 0.00sec
0001 and 0006: 45 matches, 0.01sec, #2
0001 and 0003: [28/32], H[10], 0.00sec
0001 and 0006: [37/45], H[12], 0.00sec
0005 and 0007: 40 matches, 0.01sec, #1
0002 and 0008: 31 matches, 0.01sec, #0
0005 and 0007: [34/40], H[11], 0.00sec
0002 and 0006: 47 matches, 0.01sec, #2
0002 and 0008: [27/31], H[20], 0.00sec
0002 and 0006: [40/47], H[18], 0.00sec
0006 and 0007: 42 matches, 0.01sec, #1
0006 and 0007: [36/42], H[22], 0.00sec
0003 and 0008: 23 matches, 0.01sec, #0
0003 and 0006: 32 matches, 0.01sec, #2
0003 and 0006: [27/32], H[14], 0.00sec
0004 and 0008: 33 matches, 0.01sec, #0
0004 and 0008: [31/33], H[14], 0.00sec
0000 and 0008: 27 matches, 0.01sec, #1
0000 and 0008: [25/27], H[13], 0.00sec
0004 and 0006: 46 matches, 0.02sec, #2
0004 and 0006: [42/46], H[14], 0.00sec
0001 and 0008: 28 matches, 0.01sec, #1
0001 and 0008: [25/28], H[8], 0.00sec
0005 and 0008: 30 matches, 0.01sec, #0
0005 and 0008: [27/30], H[20], 0.00sec
0004 and 0009: 35 matches, 0.01sec, #2
0004 and 0009: [32/35], H[18], 0.00sec
0005 and 0010: 38 matches, 0.01sec, #1
0005 and 0010: [33/38], H[11], 0.00sec
0006 and 0008: 40 matches, 0.01sec, #0
0006 and 0008: [34/40], H[17], 0.00sec
0005 and 0009: 33 matches, 0.01sec, #2
0005 and 0009: [32/33], H[21], 0.00sec
0006 and 0010: 49 matches, 0.01sec, #1
0006 and 0010: [42/49], H[16], 0.00sec
0007 and 0008: 36 matches, 0.01sec, #0
0007 and 0008: [34/36], H[14], 0.00sec
0006 and 0009: 41 matches, 0.01sec, #2
0006 and 0009: [34/41], H[26], 0.00sec
0007 and 0010: 41 matches, 0.01sec, #1
0007 and 0010: [35/41], H[19], 0.00sec
0000 and 0009: 31 matches, 0.01sec, #0
0007 and 0009: 29 matches, 0.01sec, #2
0000 and 0009: [25/31], H[10], 0.00sec
0007 and 0009: [25/29], H[9], 0.00sec
0008 and 0010: 33 matches, 0.01sec, #1
0008 and 0010: [28/33], H[21], 0.00sec
0001 and 0009: 29 matches, 0.01sec, #0
0008 and 0009: 32 matches, 0.01sec, #2
0001 and 0009: [25/29], H[12], 0.00sec
0008 and 0009: [30/32], H[21], 0.00sec
0009 and 0010: 37 matches, 0.01sec, #1
0009 and 0010: [34/37], H[26], 0.00sec
0002 and 0009: 35 matches, 0.01sec, #0
0000 and 0010: 33 matches, 0.01sec, #2
0002 and 0009: [29/35], H[16], 0.00sec
0000 and 0010: [27/33], H[13], 0.00sec
0000 and 0011: 30 matches, 0.01sec, #1
0000 and 0011: [27/30], H[9], 0.00sec
0003 and 0009: 34 matches, 0.01sec, #0
0003 and 0009: [29/34], H[9], 0.00sec
0001 and 0010: 32 matches, 0.01sec, #2
0001 and 0010: [25/32], H[9], 0.00sec
0001 and 0011: 35 matches, 0.01sec, #1
0001 and 0011: [31/35], H[13], 0.00sec
0005 and 0011: 34 matches, 0.01sec, #0
0005 and 0011: [31/34], H[18], 0.00sec
0002 and 0010: 34 matches, 0.01sec, #2
0002 and 0010: [28/34], H[10], 0.00sec
0002 and 0011: 31 matches, 0.01sec, #1
0002 and 0011: [25/31], H[6], 0.00sec
0006 and 0011: 44 matches, 0.01sec, #0
0006 and 0011: [41/44], H[21], 0.00sec
0003 and 0010: 32 matches, 0.01sec, #2
0003 and 0010: [27/32], H[13], 0.00sec
0003 and 0011: 33 matches, 0.01sec, #1
0003 and 0011: [31/33], H[22], 0.00sec
0007 and 0011: 41 matches, 0.01sec, #0
0007 and 0011: [36/41], H[19], 0.00sec
0004 and 0010: 41 matches, 0.01sec, #2
0004 and 0011: 34 matches, 0.01sec, #1
0004 and 0010: [37/41], H[23], 0.00sec
0004 and 0011: [32/34], H[13], 0.00sec
0008 and 0011: 41 matches, 0.01sec, #0
0008 and 0011: [37/41], H[15], 0.00sec
0004 and 0012: 37 matches, 0.01sec, #2
0002 and 0013: 28 matches, 0.01sec, #1
0004 and 0012: [35/37], H[22], 0.00sec
0002 and 0013: [23/28], H[14], 0.00sec
0009 and 0011: 39 matches, 0.01sec, #0
0009 and 0011: [35/39], H[22], 0.00sec
0010 and 0011: 48 matches, 0.01sec, #0
0005 and 0012: 32 matches, 0.03sec, #2
0010 and 0011: [45/48], H[22], 0.00sec
0005 and 0012: [29/32], H[14], 0.00sec
0000 and 0012: 25 matches, 0.02sec, #0
0000 and 0012: [19/25], H[10], 0.00sec
0006 and 0012: 47 matches, 0.03sec, #2
0003 and 0013: 30 matches, 0.04sec, #1
0006 and 0012: [40/47], H[28], 0.00sec
0003 and 0013: [26/30], H[17], 0.00sec
0001 and 0012: 31 matches, 0.03sec, #0
0007 and 0012: 35 matches, 0.01sec, #2
0001 and 0012: [20/31], H[9], 0.00sec
0007 and 0012: [27/35], H[10], 0.00sec
0002 and 0012: 35 matches, 0.03sec, #0
0002 and 0012: [28/35], H[13], 0.00sec
0004 and 0013: 31 matches, 0.05sec, #1
0004 and 0013: [29/31], H[16], 0.00sec
0008 and 0012: 32 matches, 0.05sec, #2
0008 and 0012: [27/32], H[11], 0.00sec
0003 and 0012: 28 matches, 0.03sec, #0
0003 and 0012: [23/28], H[8], 0.00sec
0009 and 0012: 39 matches, 0.03sec, #2
0009 and 0012: [33/39], H[11], 0.00sec
0005 and 0013: 21 matches, 0.05sec, #1
0006 and 0013: 31 matches, 0.04sec, #1
0006 and 0013: [28/31], H[18], 0.00sec
0010 and 0012: 48 matches, 0.04sec, #2
0010 and 0012: [41/48], H[15], 0.00sec
0012 and 0013: 32 matches, 0.09sec, #0
0012 and 0013: [31/32], H[25], 0.00sec
0011 and 0012: 50 matches, 0.04sec, #2
0011 and 0012: [46/50], H[29], 0.00sec
0000 and 0014: 28 matches, 0.01sec, #0
0000 and 0014: [24/28], H[12], 0.00sec
0007 and 0013: 32 matches, 0.08sec, #1
0007 and 0013: [28/32], H[15], 0.00sec
0001 and 0014: 23 matches, 0.02sec, #0
0002 and 0014: 28 matches, 0.01sec, #0
0000 and 0013: 21 matches, 0.09sec, #2
0002 and 0014: [21/28], H[10], 0.00sec
0003 and 0014: 29 matches, 0.09sec, #0
0001 and 0013: 29 matches, 0.11sec, #2
0003 and 0014: [26/29], H[11], 0.00sec
0001 and 0013: [25/29], H[6], 0.00sec
0008 and 0013: 36 matches, 0.10sec, #1
0008 and 0013: [29/36], H[8], 0.00sec
0004 and 0014: 34 matches, 0.03sec, #0
0004 and 0014: [30/34], H[19], 0.00sec
0009 and 0014: 40 matches, 0.04sec, #2
0009 and 0014: [34/40], H[22], 0.00sec
0005 and 0014: 28 matches, 0.04sec, #0
0005 and 0014: [26/28], H[12], 0.00sec
0009 and 0013: 37 matches, 0.04sec, #1
0009 and 0013: [32/37], H[13], 0.00sec
0010 and 0014: 47 matches, 0.07sec, #2
0010 and 0014: [35/47], H[21], 0.00sec
0006 and 0014: 40 matches, 0.07sec, #0
0006 and 0014: [33/40], H[22], 0.00sec
0010 and 0013: 34 matches, 0.04sec, #1
0010 and 0013: [30/34], H[18], 0.00sec
0011 and 0014: 47 matches, 0.03sec, #2
0011 and 0014: [44/47], H[21], 0.00sec
0007 and 0014: 34 matches, 0.06sec, #0
0007 and 0014: [28/34], H[11], 0.00sec
0012 and 0014: 49 matches, 0.01sec, #2
0012 and 0014: [45/49], H[11], 0.00sec
0011 and 0013: 47 matches, 0.05sec, #1
0011 and 0013: [44/47], H[26], 0.00sec
0008 and 0014: 28 matches, 0.04sec, #0
0008 and 0014: [24/28], H[11], 0.00sec
0005 and 0015: 33 matches, 0.01sec, #1
0005 and 0015: [30/33], H[14], 0.00sec
0000 and 0016: 26 matches, 0.01sec, #0
0006 and 0015: 37 matches, 0.01sec, #1
0000 and 0016: [20/26], H[9], 0.00sec
0006 and 0015: [30/37], H[17], 0.00sec
0001 and 0016: 15 matches, 0.01sec, #0
0007 and 0015: 30 matches, 0.01sec, #1
0007 and 0015: [23/30], H[13], 0.00sec
0002 and 0016: 24 matches, 0.01sec, #0
0003 and 0016: 28 matches, 0.01sec, #0
0008 and 0015: 32 matches, 0.01sec, #1
0003 and 0016: [23/28], H[11], 0.00sec
0008 and 0015: [26/32], H[9], 0.00sec
0013 and 0014: 38 matches, 0.14sec, #2
0013 and 0014: [36/38], H[18], 0.00sec
0004 and 0016: 26 matches, 0.01sec, #0
0009 and 0015: 34 matches, 0.01sec, #1
0004 and 0016: [25/26], H[8], 0.00sec
0009 and 0015: [28/34], H[19], 0.00sec
0005 and 0016: 23 matches, 0.01sec, #0
0010 and 0015: 35 matches, 0.01sec, #1
0010 and 0015: [29/35], H[13], 0.00sec
0006 and 0016: 30 matches, 0.01sec, #0
0006 and 0016: [28/30], H[11], 0.00sec
0000 and 0015: 26 matches, 0.02sec, #2
0011 and 0015: 44 matches, 0.02sec, #1
0000 and 0015: [21/26], H[6], 0.00sec
0011 and 0015: [37/44], H[23], 0.00sec
0007 and 0016: 35 matches, 0.02sec, #0
0007 and 0016: [27/35], H[11], 0.00sec
0001 and 0015: 21 matches, 0.01sec, #2
0012 and 0015: 40 matches, 0.01sec, #1
0012 and 0015: [35/40], H[16], 0.00sec
0008 and 0016: 26 matches, 0.02sec, #0
0002 and 0015: 30 matches, 0.01sec, #2
0008 and 0016: [21/26], H[14], 0.00sec
0002 and 0015: [24/30], H[8], 0.00sec
0013 and 0015: 36 matches, 0.01sec, #1
0013 and 0015: [32/36], H[14], 0.00sec
0003 and 0015: 27 matches, 0.01sec, #2
0003 and 0015: [22/27], H[10], 0.00sec
0009 and 0016: 32 matches, 0.03sec, #0
0014 and 0015: 48 matches, 0.01sec, #1
0009 and 0016: [26/32], H[10], 0.00sec
0014 and 0015: [43/48], H[30], 0.00sec
0004 and 0015: 33 matches, 0.01sec, #2
0004 and 0015: [28/33], H[12], 0.00sec
0010 and 0016: 36 matches, 0.01sec, #1
0010 and 0016: [32/36], H[16], 0.00sec
0004 and 0017: 28 matches, 0.01sec, #0
0014 and 0017: 33 matches, 0.02sec, #2
0004 and 0017: [18/28], H[11], 0.00sec
0014 and 0017: [30/33], H[13], 0.00sec
0011 and 0016: 28 matches, 0.01sec, #1
0011 and 0016: [24/28], H[11], 0.00sec
0005 and 0017: 24 matches, 0.01sec, #0
0015 and 0017: 37 matches, 0.01sec, #2
0015 and 0017: [33/37], H[12], 0.00sec
0006 and 0017: 32 matches, 0.01sec, #0
0012 and 0016: 33 matches, 0.02sec, #1
0006 and 0017: [25/32], H[8], 0.00sec
0012 and 0016: [27/33], H[9], 0.00sec
0016 and 0017: 41 matches, 0.01sec, #2
0016 and 0017: [35/41], H[13], 0.00sec
0007 and 0017: 30 matches, 0.01sec, #0
0007 and 0017: [25/30], H[13], 0.00sec
0000 and 0018: 23 matches, 0.01sec, #2
0001 and 0018: 16 matches, 0.01sec, #2
0008 and 0017: 23 matches, 0.01sec, #0
0013 and 0016: 27 matches, 0.04sec, #1
0013 and 0016: [24/27], H[9], 0.00sec
0002 and 0018: 25 matches, 0.01sec, #2
0002 and 0018: [17/25], H[6], 0.00sec
0009 and 0017: 25 matches, 0.01sec, #0
0009 and 0017: [19/25], H[9], 0.00sec
0003 and 0018: 23 matches, 0.01sec, #2
0004 and 0018: 28 matches, 0.01sec, #2
0010 and 0017: 36 matches, 0.01sec, #0
0004 and 0018: [25/28], H[13], 0.00sec
0010 and 0017: [30/36], H[15], 0.00sec
0014 and 0016: 36 matches, 0.01sec, #1
0014 and 0016: [29/36], H[19], 0.00sec
0005 and 0018: 31 matches, 0.01sec, #2
0005 and 0018: [24/31], H[11], 0.00sec
0011 and 0017: 36 matches, 0.01sec, #0
0011 and 0017: [30/36], H[11], 0.00sec
0006 and 0018: 32 matches, 0.01sec, #2
0006 and 0018: [30/32], H[13], 0.00sec
0015 and 0016: 41 matches, 0.01sec, #1
0015 and 0016: [36/41], H[22], 0.00sec
0012 and 0017: 27 matches, 0.02sec, #0
0012 and 0017: [23/27], H[9], 0.00sec
0007 and 0018: 29 matches, 0.01sec, #2
0007 and 0018: [21/29], H[6], 0.00sec
0000 and 0017: 23 matches, 0.01sec, #1
0008 and 0018: 28 matches, 0.01sec, #2
0008 and 0018: [26/28], H[7], 0.00sec
0001 and 0017: 21 matches, 0.02sec, #1
0013 and 0017: 28 matches, 0.02sec, #0
0013 and 0017: [23/28], H[10], 0.00sec
0002 and 0017: 26 matches, 0.02sec, #1
0009 and 0018: 28 matches, 0.01sec, #2
0002 and 0017: [17/26], H[9], 0.00sec
0009 and 0018: [23/28], H[8], 0.00sec
0017 and 0018: 38 matches, 0.01sec, #0
0017 and 0018: [33/38], H[17], 0.00sec
0010 and 0018: 31 matches, 0.01sec, #2
0010 and 0018: [29/31], H[12], 0.00sec
0003 and 0017: 27 matches, 0.02sec, #1
0003 and 0017: [21/27], H[10], 0.00sec
0000 and 0019: 22 matches, 0.01sec, #0
0011 and 0018: 32 matches, 0.01sec, #2
0001 and 0019: 27 matches, 0.01sec, #0
0011 and 0018: [27/32], H[14], 0.00sec
0001 and 0019: [20/27], H[13], 0.00sec
0009 and 0019: 19 matches, 0.02sec, #1
0010 and 0019: 28 matches, 0.02sec, #1
0012 and 0018: 36 matches, 0.02sec, #2
0010 and 0019: [21/28], H[8], 0.00sec
0012 and 0018: [32/36], H[23], 0.00sec
0002 and 0019: 27 matches, 0.02sec, #0
0002 and 0019: [18/27], H[6], 0.01sec
0013 and 0018: 25 matches, 0.01sec, #2
0013 and 0018: [22/25], H[8], 0.00sec
0011 and 0019: 25 matches, 0.03sec, #1
0011 and 0019: [20/25], H[13], 0.00sec
0003 and 0019: 23 matches, 0.02sec, #0
0014 and 0018: 36 matches, 0.01sec, #2
0014 and 0018: [30/36], H[18], 0.00sec
0004 and 0019: 32 matches, 0.02sec, #0
0012 and 0019: 21 matches, 0.02sec, #1
0004 and 0019: [24/32], H[9], 0.00sec
0013 and 0019: 25 matches, 0.01sec, #1
0013 and 0019: [21/25], H[8], 0.00sec
0015 and 0018: 44 matches, 0.01sec, #2
0015 and 0018: [39/44], H[22], 0.00sec
0005 and 0019: 32 matches, 0.01sec, #0
0005 and 0019: [27/32], H[14], 0.00sec
0016 and 0018: 37 matches, 0.01sec, #2
0016 and 0018: [30/37], H[16], 0.00sec
0014 and 0019: 32 matches, 0.02sec, #1
0014 and 0019: [23/32], H[11], 0.00sec
0006 and 0019: 28 matches, 0.02sec, #0
0006 and 0019: [23/28], H[8], 0.00sec
0000 and 0020: 26 matches, 0.01sec, #2
0000 and 0020: [17/26], H[10], 0.00sec
0007 and 0019: 32 matches, 0.01sec, #0
0015 and 0019: 24 matches, 0.01sec, #1
0007 and 0019: [24/32], H[7], 0.00sec
0016 and 0019: 28 matches, 0.01sec, #1
0016 and 0019: [23/28], H[7], 0.00sec
0001 and 0020: 20 matches, 0.02sec, #2
0002 and 0020: 26 matches, 0.01sec, #2
0008 and 0019: 25 matches, 0.02sec, #0
0002 and 0020: [19/26], H[7], 0.00sec
0017 and 0019: 41 matches, 0.01sec, #1
0008 and 0019: [22/25], H[11], 0.00sec
0017 and 0019: [30/41], H[8], 0.00sec
0018 and 0019: 30 matches, 0.01sec, #1
0010 and 0020: 35 matches, 0.02sec, #0
0018 and 0019: [22/30], H[8], 0.00sec
0003 and 0020: 21 matches, 0.03sec, #2
0010 and 0020: [26/35], H[14], 0.00sec
0000 and 0021: 26 matches, 0.01sec, #1
0000 and 0021: [21/26], H[11], 0.00sec
0004 and 0020: 31 matches, 0.02sec, #2
0004 and 0020: [20/31], H[12], 0.00sec
0011 and 0020: 19 matches, 0.02sec, #0
0001 and 0021: 18 matches, 0.01sec, #1
0002 and 0021: 28 matches, 0.01sec, #1
0012 and 0020: 22 matches, 0.03sec, #0
0002 and 0021: [21/28], H[7], 0.00sec
0005 and 0020: 32 matches, 0.03sec, #2
0005 and 0020: [22/32], H[9], 0.00sec
0013 and 0020: 18 matches, 0.02sec, #0
0003 and 0021: 23 matches, 0.02sec, #1
0014 and 0020: 21 matches, 0.02sec, #0
0004 and 0021: 27 matches, 0.02sec, #1
0006 and 0020: 31 matches, 0.02sec, #2
0004 and 0021: [22/27], H[10], 0.00sec
0006 and 0020: [21/31], H[9], 0.00sec
0015 and 0020: 33 matches, 0.01sec, #0
0015 and 0020: [30/33], H[8], 0.00sec
0005 and 0021: 32 matches, 0.01sec, #1
0005 and 0021: [23/32], H[8], 0.00sec
0007 and 0020: 30 matches, 0.02sec, #2
0016 and 0020: 29 matches, 0.01sec, #0
0007 and 0020: [18/30], H[8], 0.00sec
0016 and 0020: [24/29], H[11], 0.00sec
0006 and 0021: 27 matches, 0.02sec, #1
0006 and 0021: [23/27], H[11], 0.00sec
0008 and 0020: 28 matches, 0.02sec, #2
0008 and 0020: [20/28], H[7], 0.00sec
0017 and 0020: 41 matches, 0.02sec, #0
0017 and 0020: [34/41], H[20], 0.00sec
0009 and 0020: 28 matches, 0.02sec, #2
0007 and 0021: 29 matches, 0.04sec, #1
0009 and 0020: [22/28], H[12], 0.00sec
0007 and 0021: [24/29], H[7], 0.00sec
0018 and 0020: 36 matches, 0.03sec, #0
0018 and 0020: [28/36], H[10], 0.00sec
0019 and 0020: 40 matches, 0.02sec, #0
0019 and 0020: [40/40], H[19], 0.00sec
0010 and 0021: 28 matches, 0.06sec, #2
0010 and 0021: [23/28], H[9], 0.00sec
0008 and 0021: 20 matches, 0.04sec, #1
0020 and 0021: 38 matches, 0.03sec, #0
0020 and 0021: [33/38], H[14], 0.00sec
0009 and 0021: 20 matches, 0.06sec, #1
0009 and 0022: 21 matches, 0.01sec, #1
0010 and 0022: 26 matches, 0.01sec, #1
0000 and 0022: 22 matches, 0.01sec, #0
0010 and 0022: [19/26], H[8], 0.00sec
0011 and 0021: 26 matches, 0.07sec, #2
0011 and 0021: [19/26], H[7], 0.00sec
0001 and 0022: 17 matches, 0.02sec, #0
0011 and 0022: 24 matches, 0.02sec, #1
0002 and 0022: 23 matches, 0.01sec, #0
0012 and 0022: 24 matches, 0.01sec, #1
0003 and 0022: 19 matches, 0.02sec, #0
0013 and 0022: 15 matches, 0.02sec, #1
0012 and 0021: 24 matches, 0.01sec, #2
0004 and 0022: 20 matches, 0.02sec, #0
0013 and 0021: 15 matches, 0.01sec, #2
0014 and 0022: 28 matches, 0.02sec, #1
0014 and 0022: [22/28], H[11], 0.00sec
0005 and 0022: 21 matches, 0.01sec, #0
0006 and 0022: 29 matches, 0.01sec, #0
0006 and 0022: [22/29], H[10], 0.00sec
0014 and 0021: 23 matches, 0.04sec, #2
0015 and 0022: 30 matches, 0.01sec, #1
0015 and 0022: [25/30], H[14], 0.00sec
0007 and 0022: 28 matches, 0.01sec, #0
0007 and 0022: [22/28], H[6], 0.00sec
0015 and 0021: 29 matches, 0.03sec, #2
0015 and 0021: [22/29], H[14], 0.00sec
0016 and 0022: 25 matches, 0.02sec, #1
0016 and 0022: [20/25], H[8], 0.00sec
0008 and 0022: 22 matches, 0.02sec, #0
0017 and 0022: 33 matches, 0.01sec, #1
0017 and 0022: [24/33], H[10], 0.00sec
0019 and 0022: 37 matches, 0.01sec, #0
0019 and 0022: [31/37], H[18], 0.00sec
0016 and 0021: 30 matches, 0.03sec, #2
0016 and 0021: [25/30], H[12], 0.00sec
0018 and 0022: 30 matches, 0.02sec, #1
0018 and 0022: [24/30], H[13], 0.00sec
0020 and 0022: 37 matches, 0.02sec, #0
0020 and 0022: [33/37], H[8], 0.00sec
0007 and 0023: 27 matches, 0.01sec, #1
0007 and 0023: [22/27], H[9], 0.00sec
0017 and 0021: 32 matches, 0.03sec, #2
0017 and 0021: [28/32], H[15], 0.00sec
0008 and 0023: 21 matches, 0.01sec, #1
0009 and 0023: 22 matches, 0.01sec, #1
0010 and 0023: 23 matches, 0.01sec, #1
0011 and 0023: 22 matches, 0.01sec, #1
0021 and 0022: 46 matches, 0.08sec, #0
0021 and 0022: [42/46], H[33], 0.00sec
0018 and 0021: 31 matches, 0.03sec, #2
0018 and 0021: [26/31], H[8], 0.00sec
0012 and 0023: 26 matches, 0.04sec, #1
0012 and 0023: [20/26], H[9], 0.00sec
0019 and 0021: 33 matches, 0.03sec, #2
0019 and 0021: [30/33], H[12], 0.00sec
0000 and 0023: 15 matches, 0.02sec, #0
0001 and 0023: 18 matches, 0.01sec, #0
0017 and 0023: 29 matches, 0.01sec, #2
0002 and 0023: 21 matches, 0.01sec, #0
0017 and 0023: [23/29], H[10], 0.00sec
0013 and 0023: 20 matches, 0.04sec, #1
0003 and 0023: 14 matches, 0.01sec, #0
0004 and 0023: 19 matches, 0.01sec, #0
0018 and 0023: 33 matches, 0.01sec, #2
0018 and 0023: [25/33], H[8], 0.00sec
0019 and 0023: 33 matches, 0.01sec, #2
0019 and 0023: [26/33], H[13], 0.00sec
0005 and 0023: 26 matches, 0.07sec, #0
0020 and 0023: 33 matches, 0.02sec, #2
0005 and 0023: [19/26], H[6], 0.00sec
0020 and 0023: [27/33], H[17], 0.00sec
0014 and 0023: 23 matches, 0.11sec, #1
0015 and 0023: 30 matches, 0.01sec, #1
0015 and 0023: [22/30], H[7], 0.00sec
0021 and 0023: 37 matches, 0.03sec, #2
0021 and 0023: [36/37], H[27], 0.00sec
0016 and 0023: 23 matches, 0.01sec, #1
0004 and 0024: 25 matches, 0.01sec, #1
0004 and 0024: [20/25], H[10], 0.00sec
0006 and 0023: 22 matches, 0.01sec, #0
0014 and 0024: 25 matches, 0.02sec, #0
0005 and 0024: 30 matches, 0.01sec, #1
0014 and 0024: [20/25], H[9], 0.00sec
0005 and 0024: [21/30], H[10], 0.00sec
0015 and 0024: 30 matches, 0.02sec, #0
0006 and 0024: 32 matches, 0.02sec, #1
0015 and 0024: [23/30], H[10], 0.00sec
0006 and 0024: [23/32], H[7], 0.00sec
0016 and 0024: 24 matches, 0.01sec, #0
0007 and 0024: 28 matches, 0.02sec, #1
0022 and 0023: 32 matches, 0.10sec, #2
0007 and 0024: [20/28], H[9], 0.00sec
0017 and 0024: 30 matches, 0.01sec, #0
0022 and 0023: [30/32], H[22], 0.00sec
0017 and 0024: [24/30], H[6], 0.00sec
0008 and 0024: 21 matches, 0.01sec, #1
0009 and 0024: 22 matches, 0.01sec, #1
0018 and 0024: 27 matches, 0.01sec, #0
0018 and 0024: [20/27], H[11], 0.00sec
0010 and 0024: 24 matches, 0.02sec, #1
0011 and 0024: 32 matches, 0.01sec, #1
0011 and 0024: [24/32], H[14], 0.00sec
0019 and 0024: 35 matches, 0.02sec, #0
0019 and 0024: [26/35], H[7], 0.00sec
0012 and 0024: 27 matches, 0.02sec, #1
0012 and 0024: [23/27], H[11], 0.00sec
0000 and 0024: 20 matches, 0.02sec, #2
0020 and 0024: 32 matches, 0.02sec, #0
0020 and 0024: [23/32], H[13], 0.00sec
0001 and 0024: 23 matches, 0.02sec, #2
0013 and 0024: 20 matches, 0.01sec, #1
0002 and 0024: 30 matches, 0.01sec, #2
0000 and 0025: 22 matches, 0.01sec, #1
0002 and 0024: [21/30], H[8], 0.00sec
0021 and 0024: 32 matches, 0.01sec, #0
0021 and 0024: [28/32], H[14], 0.00sec
0001 and 0025: 17 matches, 0.01sec, #1
0003 and 0024: 22 matches, 0.01sec, #2
0002 and 0025: 23 matches, 0.02sec, #1
0010 and 0025: 27 matches, 0.01sec, #2
0010 and 0025: [19/27], H[9], 0.00sec
0003 and 0025: 20 matches, 0.02sec, #1
0022 and 0024: 34 matches, 0.03sec, #0
0022 and 0024: [28/34], H[11], 0.00sec
0004 and 0025: 25 matches, 0.01sec, #1
0004 and 0025: [16/25], H[6], 0.00sec
0011 and 0025: 29 matches, 0.02sec, #2
0011 and 0025: [22/29], H[6], 0.00sec
0005 and 0025: 22 matches, 0.01sec, #1
0023 and 0024: 40 matches, 0.02sec, #0
0023 and 0024: [31/40], H[10], 0.00sec
0006 and 0025: 35 matches, 0.02sec, #1
0006 and 0025: [25/35], H[8], 0.00sec
0020 and 0025: 36 matches, 0.01sec, #0
0020 and 0025: [29/36], H[7], 0.00sec
0007 and 0025: 28 matches, 0.01sec, #1
0012 and 0025: 28 matches, 0.04sec, #2
0007 and 0025: [24/28], H[8], 0.00sec
0012 and 0025: [21/28], H[9], 0.00sec
0021 and 0025: 40 matches, 0.01sec, #0
0021 and 0025: [30/40], H[22], 0.00sec
0008 and 0025: 25 matches, 0.01sec, #1
0008 and 0025: [19/25], H[7], 0.00sec
0022 and 0025: 43 matches, 0.01sec, #0
0013 and 0025: 19 matches, 0.01sec, #2
0022 and 0025: [34/43], H[17], 0.00sec
0009 and 0025: 22 matches, 0.02sec, #1
0014 and 0025: 23 matches, 0.01sec, #2
0005 and 0026: 25 matches, 0.01sec, #1
0015 and 0025: 23 matches, 0.01sec, #2
0005 and 0026: [17/25], H[9], 0.00sec
0023 and 0025: 35 matches, 0.01sec, #0
0023 and 0025: [30/35], H[9], 0.00sec
0016 and 0025: 27 matches, 0.01sec, #2
0016 and 0025: [20/27], H[6], 0.00sec
0006 and 0026: 32 matches, 0.01sec, #1
0006 and 0026: [27/32], H[9], 0.00sec
0024 and 0025: 38 matches, 0.01sec, #0
0024 and 0025: [32/38], H[14], 0.00sec
0017 and 0025: 34 matches, 0.01sec, #2
0007 and 0026: 30 matches, 0.01sec, #1
0017 and 0025: [25/34], H[13], 0.00sec
0007 and 0026: [21/30], H[7], 0.00sec
0000 and 0026: 26 matches, 0.01sec, #0
0000 and 0026: [17/26], H[9], 0.00sec
0018 and 0025: 31 matches, 0.01sec, #2
0008 and 0026: 20 matches, 0.01sec, #1
0018 and 0025: [22/31], H[9], 0.00sec
0001 and 0026: 21 matches, 0.01sec, #0
0009 and 0026: 19 matches, 0.01sec, #1
0002 and 0026: 26 matches, 0.01sec, #0
0019 and 0025: 27 matches, 0.01sec, #2
0002 and 0026: [18/26], H[6], 0.00sec
0019 and 0025: [22/27], H[6], 0.00sec
0010 and 0026: 25 matches, 0.01sec, #1
0010 and 0026: [22/25], H[9], 0.00sec
0015 and 0026: 28 matches, 0.01sec, #2
0015 and 0026: [22/28], H[9], 0.00sec
0003 and 0026: 25 matches, 0.02sec, #0
0003 and 0026: [14/25], H[8], 0.01sec
0011 and 0026: 30 matches, 0.01sec, #1
0011 and 0026: [25/30], H[10], 0.00sec
0016 and 0026: 29 matches, 0.01sec, #2
0016 and 0026: [20/29], H[13], 0.00sec
0004 and 0026: 22 matches, 0.02sec, #0
0017 and 0026: 37 matches, 0.01sec, #2
0025 and 0026: 49 matches, 0.01sec, #0
0017 and 0026: [28/37], H[13], 0.00sec
0025 and 0026: [43/49], H[22], 0.00sec
0012 and 0026: 25 matches, 0.04sec, #1
0012 and 0026: [22/25], H[11], 0.00sec
0018 and 0026: 27 matches, 0.01sec, #2
0018 and 0026: [21/27], H[8], 0.00sec
0000 and 0027: 26 matches, 0.01sec, #0
0000 and 0027: [18/26], H[9], 0.00sec
0001 and 0027: 23 matches, 0.01sec, #0
0019 and 0026: 33 matches, 0.02sec, #2
0013 and 0026: 20 matches, 0.01sec, #1
0019 and 0026: [25/33], H[6], 0.00sec
0002 and 0027: 27 matches, 0.01sec, #0
0002 and 0027: [18/27], H[7], 0.00sec
0014 and 0026: 28 matches, 0.02sec, #1
0020 and 0026: 26 matches, 0.02sec, #2
0014 and 0026: [24/28], H[13], 0.00sec
0020 and 0026: [23/26], H[15], 0.00sec
0003 and 0027: 18 matches, 0.02sec, #0
0004 and 0027: 29 matches, 0.01sec, #0
0009 and 0027: 21 matches, 0.02sec, #1
0004 and 0027: [18/29], H[8], 0.01sec
0021 and 0026: 34 matches, 0.02sec, #2
0021 and 0026: [30/34], H[17], 0.00sec
0010 and 0027: 23 matches, 0.03sec, #1
0005 and 0027: 27 matches, 0.02sec, #0
0005 and 0027: [16/27], H[9], 0.00sec
0011 and 0027: 25 matches, 0.01sec, #1
0022 and 0026: 34 matches, 0.02sec, #2
0011 and 0027: [22/25], H[10], 0.00sec
0022 and 0026: [27/34], H[8], 0.00sec
0006 and 0027: 25 matches, 0.03sec, #0
0023 and 0026: 35 matches, 0.01sec, #2
0012 and 0027: 30 matches, 0.02sec, #1
0006 and 0027: [18/25], H[7], 0.00sec
0023 and 0026: [24/35], H[18], 0.00sec
0012 and 0027: [22/30], H[11], 0.00sec
0007 and 0027: 24 matches, 0.01sec, #0
0024 and 0026: 45 matches, 0.01sec, #2
0013 and 0027: 17 matches, 0.01sec, #1
0024 and 0026: [34/45], H[11], 0.00sec
0008 and 0027: 22 matches, 0.01sec, #0
0019 and 0027: 32 matches, 0.01sec, #0
0019 and 0027: [26/32], H[10], 0.00sec
0002 and 0028: 21 matches, 0.01sec, #2
0003 and 0028: 16 matches, 0.01sec, #2
0020 and 0027: 31 matches, 0.01sec, #0
0020 and 0027: [28/31], H[11], 0.00sec
0014 and 0027: 21 matches, 0.06sec, #1
0004 and 0028: 20 matches, 0.01sec, #2
0015 and 0027: 28 matches, 0.01sec, #1
0005 and 0028: 21 matches, 0.01sec, #2
0015 and 0027: [24/28], H[8], 0.00sec
0021 and 0027: 35 matches, 0.01sec, #0
0021 and 0027: [30/35], H[14], 0.00sec
0006 and 0028: 24 matches, 0.01sec, #2
0016 and 0027: 25 matches, 0.01sec, #1
0007 and 0028: 18 matches, 0.01sec, #2
0016 and 0027: [18/25], H[8], 0.00sec
0022 and 0027: 26 matches, 0.01sec, #0
0008 and 0028: 21 matches, 0.01sec, #2
0022 and 0027: [24/26], H[13], 0.00sec
0009 and 0028: 21 matches, 0.01sec, #2
0017 and 0027: 25 matches, 0.01sec, #1
0017 and 0027: [19/25], H[9], 0.00sec
0023 and 0027: 33 matches, 0.01sec, #0
0010 and 0028: 24 matches, 0.01sec, #2
0023 and 0027: [23/33], H[8], 0.00sec
0011 and 0028: 28 matches, 0.01sec, #2
0018 and 0027: 24 matches, 0.01sec, #1
0011 and 0028: [22/28], H[5], 0.00sec
0024 and 0027: 35 matches, 0.01sec, #0
0024 and 0027: [28/35], H[13], 0.00sec
0012 and 0028: 26 matches, 0.01sec, #1
0012 and 0028: [19/26], H[8], 0.00sec
0022 and 0028: 34 matches, 0.01sec, #2
0022 and 0028: [27/34], H[12], 0.00sec
0025 and 0027: 39 matches, 0.01sec, #0
0025 and 0027: [31/39], H[17], 0.00sec
0013 and 0028: 19 matches, 0.01sec, #1
0023 and 0028: 23 matches, 0.01sec, #2
0026 and 0027: 48 matches, 0.01sec, #0
0026 and 0027: [41/48], H[27], 0.00sec
0014 and 0028: 23 matches, 0.02sec, #1
0024 and 0028: 36 matches, 0.01sec, #2
0024 and 0028: [26/36], H[14], 0.00sec
0015 and 0028: 19 matches, 0.01sec, #1
0000 and 0028: 23 matches, 0.01sec, #0
0016 and 0028: 23 matches, 0.01sec, #1
0001 and 0028: 19 matches, 0.01sec, #0
0025 and 0028: 39 matches, 0.01sec, #2
0025 and 0028: [31/39], H[21], 0.00sec
0017 and 0028: 27 matches, 0.02sec, #1
0004 and 0029: 19 matches, 0.01sec, #0
0017 and 0028: [18/27], H[6], 0.00sec
0005 and 0029: 15 matches, 0.01sec, #0
0026 and 0028: 45 matches, 0.01sec, #2
0026 and 0028: [36/45], H[19], 0.00sec
0018 and 0028: 22 matches, 0.01sec, #1
0006 and 0029: 24 matches, 0.01sec, #0
0019 and 0028: 29 matches, 0.01sec, #1
0007 and 0029: 14 matches, 0.01sec, #0
0027 and 0028: 45 matches, 0.01sec, #2
0019 and 0028: [20/29], H[8], 0.00sec
0027 and 0028: [42/45], H[31], 0.00sec
0008 and 0029: 17 matches, 0.01sec, #0
0009 and 0029: 16 matches, 0.01sec, #0
0000 and 0029: 13 matches, 0.01sec, #2
0020 and 0028: 29 matches, 0.02sec, #1
0020 and 0028: [22/29], H[9], 0.00sec
0010 and 0029: 18 matches, 0.02sec, #0
0001 and 0029: 16 matches, 0.02sec, #2
0011 and 0029: 23 matches, 0.02sec, #0
0002 and 0029: 19 matches, 0.02sec, #2
0021 and 0028: 33 matches, 0.02sec, #1
0012 and 0029: 21 matches, 0.01sec, #0
0021 and 0028: [25/33], H[6], 0.00sec
0003 and 0029: 13 matches, 0.02sec, #2
0013 and 0029: 17 matches, 0.02sec, #0
0024 and 0029: 35 matches, 0.02sec, #1
0005 and 0030: 15 matches, 0.02sec, #0
0024 and 0029: [28/35], H[14], 0.00sec
0006 and 0030: 23 matches, 0.02sec, #0
0014 and 0029: 17 matches, 0.06sec, #2
0007 and 0030: 23 matches, 0.01sec, #0
0025 and 0029: 34 matches, 0.01sec, #1
0015 and 0029: 22 matches, 0.02sec, #2
0025 and 0029: [26/34], H[11], 0.00sec
0008 and 0030: 20 matches, 0.01sec, #0
0016 and 0029: 18 matches, 0.01sec, #2
0009 and 0030: 14 matches, 0.01sec, #0
0026 and 0029: 34 matches, 0.01sec, #1
0017 and 0029: 18 matches, 0.01sec, #2
0026 and 0029: [27/34], H[15], 0.00sec
0010 and 0030: 23 matches, 0.01sec, #0
0018 and 0029: 23 matches, 0.01sec, #2
0011 and 0030: 23 matches, 0.01sec, #0
0019 and 0029: 22 matches, 0.01sec, #2
0027 and 0029: 43 matches, 0.01sec, #1
0027 and 0029: [38/43], H[17], 0.00sec
0012 and 0030: 18 matches, 0.01sec, #0
0020 and 0029: 22 matches, 0.01sec, #2
0013 and 0030: 18 matches, 0.01sec, #0
0021 and 0029: 27 matches, 0.01sec, #2
0021 and 0029: [24/27], H[16], 0.00sec
0028 and 0029: 50 matches, 0.02sec, #1
0028 and 0029: [46/50], H[26], 0.00sec
0014 and 0030: 18 matches, 0.02sec, #0
0015 and 0030: 17 matches, 0.01sec, #0
0022 and 0029: 28 matches, 0.02sec, #2
0000 and 0030: 18 matches, 0.01sec, #1
0022 and 0029: [22/28], H[9], 0.00sec
0016 and 0030: 24 matches, 0.01sec, #0
0001 and 0030: 18 matches, 0.01sec, #1
0017 and 0030: 25 matches, 0.01sec, #0
0002 and 0030: 20 matches, 0.01sec, #1
0017 and 0030: [18/25], H[9], 0.00sec
0023 and 0029: 29 matches, 0.01sec, #2
0023 and 0029: [22/29], H[15], 0.00sec
0003 and 0030: 11 matches, 0.01sec, #1
0018 and 0030: 23 matches, 0.01sec, #0
0004 and 0030: 17 matches, 0.03sec, #1
0025 and 0030: 34 matches, 0.03sec, #2
0025 and 0030: [28/34], H[18], 0.00sec
0005 and 0031: 19 matches, 0.01sec, #1
0019 and 0030: 28 matches, 0.02sec, #0
0019 and 0030: [19/28], H[7], 0.00sec
0006 and 0031: 20 matches, 0.01sec, #1
0007 and 0031: 19 matches, 0.01sec, #1
0026 and 0030: 34 matches, 0.02sec, #2
0026 and 0030: [28/34], H[9], 0.00sec
0008 and 0031: 21 matches, 0.01sec, #1
0020 and 0030: 26 matches, 0.02sec, #0
0020 and 0030: [18/26], H[8], 0.00sec
0009 and 0031: 15 matches, 0.01sec, #1
0027 and 0030: 39 matches, 0.01sec, #2
0010 and 0031: 15 matches, 0.01sec, #1
0027 and 0030: [31/39], H[13], 0.00sec
0011 and 0031: 22 matches, 0.01sec, #1
0021 and 0030: 28 matches, 0.01sec, #0
0021 and 0030: [21/28], H[8], 0.00sec
0012 and 0031: 15 matches, 0.02sec, #1
0028 and 0030: 40 matches, 0.02sec, #2
0028 and 0030: [36/40], H[14], 0.00sec
0013 and 0031: 14 matches, 0.01sec, #1
0014 and 0031: 12 matches, 0.01sec, #1
0029 and 0030: 44 matches, 0.02sec, #2
0015 and 0031: 17 matches, 0.01sec, #1
0029 and 0030: [40/44], H[25], 0.00sec
0016 and 0031: 21 matches, 0.01sec, #1
0022 and 0030: 27 matches, 0.05sec, #0
0022 and 0030: [21/27], H[7], 0.00sec
0017 and 0031: 20 matches, 0.01sec, #1
0000 and 0031: 18 matches, 0.01sec, #2
0018 and 0031: 21 matches, 0.01sec, #1
0001 and 0031: 13 matches, 0.01sec, #2
0002 and 0031: 20 matches, 0.01sec, #2
0019 and 0031: 22 matches, 0.02sec, #1
0003 and 0031: 11 matches, 0.01sec, #2
0020 and 0031: 25 matches, 0.01sec, #1
0020 and 0031: [19/25], H[10], 0.00sec
0023 and 0030: 28 matches, 0.01sec, #0
0004 and 0031: 10 matches, 0.01sec, #2
0023 and 0030: [22/28], H[7], 0.00sec
0025 and 0031: 26 matches, 0.01sec, #2
0025 and 0031: [20/26], H[8], 0.00sec
0021 and 0031: 24 matches, 0.01sec, #1
0024 and 0030: 27 matches, 0.01sec, #0
0024 and 0030: [19/27], H[8], 0.00sec
0026 and 0031: 32 matches, 0.01sec, #2
0026 and 0031: [25/32], H[15], 0.00sec
0022 and 0031: 23 matches, 0.02sec, #1
0004 and 0032: 22 matches, 0.01sec, #0
0023 and 0031: 25 matches, 0.01sec, #1
0027 and 0031: 32 matches, 0.01sec, #2
0023 and 0031: [18/25], H[10], 0.00sec
0027 and 0031: [27/32], H[16], 0.00sec
0005 and 0032: 19 matches, 0.01sec, #0
0024 and 0031: 21 matches, 0.01sec, #1
0028 and 0031: 36 matches, 0.01sec, #2
0006 and 0032: 23 matches, 0.02sec, #0
0028 and 0031: [31/36], H[17], 0.00sec
0007 and 0032: 25 matches, 0.01sec, #0
0007 and 0032: [15/25], H[4], 0.00sec
0014 and 0032: 23 matches, 0.03sec, #1
0029 and 0031: 36 matches, 0.01sec, #2
0029 and 0031: [32/36], H[22], 0.00sec
0015 and 0032: 19 matches, 0.02sec, #1
0008 and 0032: 18 matches, 0.01sec, #0
0030 and 0031: 34 matches, 0.01sec, #2
0030 and 0031: [28/34], H[11], 0.00sec
0016 and 0032: 25 matches, 0.02sec, #1
0009 and 0032: 20 matches, 0.02sec, #0
0016 and 0032: [14/25], H[7], 0.01sec
0000 and 0032: 20 matches, 0.01sec, #2
0010 and 0032: 25 matches, 0.02sec, #0
0010 and 0032: [16/25], H[7], 0.00sec
0001 and 0032: 20 matches, 0.02sec, #2
0017 and 0032: 23 matches, 0.02sec, #1
0002 and 0032: 24 matches, 0.02sec, #2
0018 and 0032: 23 matches, 0.01sec, #1
0011 and 0032: 25 matches, 0.01sec, #0
0011 and 0032: [21/25], H[14], 0.00sec
0003 and 0032: 24 matches, 0.02sec, #2
0019 and 0032: 23 matches, 0.02sec, #1
0024 and 0032: 26 matches, 0.01sec, #2
0024 and 0032: [25/26], H[20], 0.00sec
0012 and 0032: 21 matches, 0.01sec, #0
0020 and 0032: 32 matches, 0.01sec, #1
0020 and 0032: [21/32], H[11], 0.00sec
0013 and 0032: 19 matches, 0.01sec, #0
0025 and 0032: 26 matches, 0.02sec, #2
0025 and 0032: [19/26], H[10], 0.00sec
0002 and 0033: 22 matches, 0.02sec, #0
0003 and 0033: 7 matches, 0.01sec, #0
0021 and 0032: 30 matches, 0.03sec, #1
0026 and 0032: 29 matches, 0.02sec, #2
0021 and 0032: [22/30], H[12], 0.00sec
0026 and 0032: [24/29], H[10], 0.00sec
0004 and 0033: 20 matches, 0.01sec, #0
0022 and 0032: 21 matches, 0.01sec, #1
0027 and 0032: 33 matches, 0.01sec, #2
0005 and 0033: 16 matches, 0.02sec, #0
0027 and 0032: [29/33], H[14], 0.00sec
0023 and 0032: 22 matches, 0.01sec, #1
0006 and 0033: 25 matches, 0.02sec, #0
0028 and 0032: 27 matches, 0.01sec, #2
0006 and 0033: [17/25], H[6], 0.00sec
0028 and 0032: [22/27], H[15], 0.00sec
0012 and 0033: 16 matches, 0.04sec, #1
0029 and 0032: 29 matches, 0.01sec, #2
0007 and 0033: 24 matches, 0.01sec, #0
0029 and 0032: [26/29], H[14], 0.00sec
0013 and 0033: 14 matches, 0.01sec, #1
0008 and 0033: 16 matches, 0.02sec, #0
0030 and 0032: 28 matches, 0.01sec, #2
0030 and 0032: [24/28], H[11], 0.00sec
0009 and 0033: 17 matches, 0.01sec, #0
0014 and 0033: 20 matches, 0.04sec, #1
0031 and 0032: 29 matches, 0.01sec, #2
0010 and 0033: 16 matches, 0.02sec, #0
0031 and 0032: [26/29], H[11], 0.00sec
0015 and 0033: 19 matches, 0.01sec, #1
0011 and 0033: 19 matches, 0.01sec, #0
0016 and 0033: 17 matches, 0.01sec, #1
0000 and 0033: 19 matches, 0.01sec, #2
0017 and 0033: 19 matches, 0.02sec, #1
0001 and 0033: 17 matches, 0.02sec, #2
0018 and 0033: 20 matches, 0.01sec, #1
0022 and 0033: 24 matches, 0.05sec, #0
0032 and 0033: 43 matches, 0.03sec, #2
0032 and 0033: [37/43], H[13], 0.00sec
0019 and 0033: 21 matches, 0.03sec, #1
0023 and 0033: 19 matches, 0.02sec, #0
0000 and 0034: 18 matches, 0.01sec, #2
0020 and 0033: 26 matches, 0.02sec, #1
0024 and 0033: 23 matches, 0.02sec, #0
0020 and 0033: [18/26], H[9], 0.00sec
0001 and 0034: 15 matches, 0.01sec, #2
0025 and 0033: 21 matches, 0.01sec, #0
0002 and 0034: 19 matches, 0.01sec, #2
0026 and 0033: 25 matches, 0.01sec, #0
0021 and 0033: 21 matches, 0.01sec, #1
0026 and 0033: [23/25], H[12], 0.00sec
0003 and 0034: 10 matches, 0.01sec, #2
0009 and 0034: 12 matches, 0.01sec, #1
0004 and 0034: 21 matches, 0.01sec, #2
0027 and 0033: 21 matches, 0.01sec, #0
0010 and 0034: 17 matches, 0.01sec, #1
0005 and 0034: 18 matches, 0.01sec, #2
0028 and 0033: 23 matches, 0.01sec, #0
0011 and 0034: 18 matches, 0.01sec, #1
0006 and 0034: 19 matches, 0.01sec, #2
0029 and 0033: 23 matches, 0.01sec, #0
0012 and 0034: 19 matches, 0.01sec, #1
0007 and 0034: 24 matches, 0.01sec, #2
0030 and 0033: 22 matches, 0.01sec, #0
0013 and 0034: 15 matches, 0.01sec, #1
0008 and 0034: 13 matches, 0.01sec, #2
0031 and 0033: 26 matches, 0.01sec, #0
0031 and 0033: [21/26], H[20], 0.00sec
0019 and 0034: 25 matches, 0.01sec, #2
0014 and 0034: 13 matches, 0.02sec, #1
0019 and 0034: [19/25], H[6], 0.00sec
0029 and 0034: 24 matches, 0.01sec, #0
0015 and 0034: 17 matches, 0.01sec, #1
0030 and 0034: 27 matches, 0.01sec, #0
0016 and 0034: 16 matches, 0.01sec, #1
0030 and 0034: [20/27], H[13], 0.00sec
0020 and 0034: 25 matches, 0.01sec, #2
0020 and 0034: [20/25], H[14], 0.00sec
0017 and 0034: 17 matches, 0.02sec, #1
0018 and 0034: 18 matches, 0.01sec, #1
0031 and 0034: 23 matches, 0.01sec, #0
0021 and 0034: 23 matches, 0.01sec, #2
0005 and 0035: 13 matches, 0.01sec, #1
0032 and 0034: 38 matches, 0.01sec, #0
0022 and 0034: 19 matches, 0.01sec, #2
0032 and 0034: [31/38], H[16], 0.00sec
0006 and 0035: 15 matches, 0.01sec, #1
0023 and 0034: 21 matches, 0.01sec, #2
0007 and 0035: 16 matches, 0.01sec, #1
0024 and 0034: 20 matches, 0.01sec, #2
0033 and 0034: 36 matches, 0.01sec, #0
0008 and 0035: 13 matches, 0.01sec, #1
0033 and 0034: [29/36], H[13], 0.00sec
0025 and 0034: 22 matches, 0.01sec, #2
0009 and 0035: 14 matches, 0.01sec, #1
0026 and 0034: 23 matches, 0.01sec, #2
0000 and 0035: 16 matches, 0.01sec, #0
0010 and 0035: 11 matches, 0.01sec, #1
0027 and 0034: 29 matches, 0.01sec, #2
0027 and 0034: [25/29], H[17], 0.00sec
0001 and 0035: 13 matches, 0.01sec, #0
0011 and 0035: 18 matches, 0.01sec, #1
0002 and 0035: 16 matches, 0.01sec, #0
0012 and 0035: 15 matches, 0.01sec, #1
0028 and 0034: 23 matches, 0.01sec, #2
0003 and 0035: 10 matches, 0.01sec, #0
0013 and 0035: 13 matches, 0.01sec, #1
0015 and 0035: 13 matches, 0.01sec, #2
0004 and 0035: 16 matches, 0.01sec, #0
0016 and 0035: 14 matches, 0.01sec, #2
0014 and 0035: 13 matches, 0.02sec, #1
0025 and 0035: 18 matches, 0.01sec, #0
0017 and 0035: 16 matches, 0.01sec, #2
0000 and 0036: 15 matches, 0.01sec, #1
0026 and 0035: 17 matches, 0.01sec, #0
0018 and 0035: 16 matches, 0.01sec, #2
0001 and 0036: 20 matches, 0.01sec, #1
0027 and 0035: 17 matches, 0.01sec, #0
0002 and 0036: 21 matches, 0.01sec, #1
0019 and 0035: 13 matches, 0.01sec, #2
0028 and 0035: 18 matches, 0.01sec, #0
0003 and 0036: 12 matches, 0.01sec, #1
0020 and 0035: 13 matches, 0.01sec, #2
0029 and 0035: 16 matches, 0.01sec, #0
0004 and 0036: 15 matches, 0.01sec, #1
0021 and 0035: 20 matches, 0.01sec, #2
0030 and 0035: 8 matches, 0.01sec, #0
0022 and 0035: 15 matches, 0.01sec, #2
0005 and 0036: 15 matches, 0.02sec, #1
0031 and 0035: 15 matches, 0.01sec, #0
0023 and 0035: 17 matches, 0.01sec, #2
0006 and 0036: 20 matches, 0.01sec, #1
0032 and 0035: 30 matches, 0.01sec, #0
0032 and 0035: [22/30], H[13], 0.00sec
0024 and 0035: 16 matches, 0.01sec, #2
0007 and 0036: 21 matches, 0.01sec, #1
0010 and 0036: 17 matches, 0.01sec, #2
0033 and 0035: 31 matches, 0.01sec, #0
0008 and 0036: 15 matches, 0.01sec, #1
0033 and 0035: [24/31], H[12], 0.00sec
0011 and 0036: 16 matches, 0.01sec, #2
0009 and 0036: 15 matches, 0.01sec, #1
0012 and 0036: 14 matches, 0.01sec, #2
0034 and 0035: 29 matches, 0.01sec, #0
0034 and 0035: [25/29], H[7], 0.00sec
0020 and 0036: 18 matches, 0.01sec, #1
0013 and 0036: 13 matches, 0.01sec, #2
0021 and 0036: 18 matches, 0.01sec, #1
0028 and 0036: 20 matches, 0.01sec, #0
0022 and 0036: 19 matches, 0.01sec, #1
0014 and 0036: 14 matches, 0.03sec, #2
0029 and 0036: 16 matches, 0.01sec, #0
0023 and 0036: 20 matches, 0.01sec, #1
0015 and 0036: 16 matches, 0.01sec, #2
0030 and 0036: 9 matches, 0.02sec, #0
0024 and 0036: 22 matches, 0.02sec, #1
0016 and 0036: 17 matches, 0.02sec, #2
0031 and 0036: 17 matches, 0.01sec, #0
0025 and 0036: 17 matches, 0.01sec, #1
0017 and 0036: 19 matches, 0.01sec, #2
0032 and 0036: 26 matches, 0.01sec, #0
0026 and 0036: 20 matches, 0.01sec, #1
0032 and 0036: [20/26], H[10], 0.00sec
0018 and 0036: 15 matches, 0.01sec, #2
0027 and 0036: 17 matches, 0.01sec, #1
0019 and 0036: 17 matches, 0.01sec, #2
0034 and 0036: 23 matches, 0.01sec, #1
0033 and 0036: 33 matches, 0.01sec, #0
0035 and 0036: 37 matches, 0.01sec, #2
0033 and 0036: [26/33], H[14], 0.00sec
0035 and 0036: [36/37], H[30], 0.00sec

###########-------timing------#########
666 Image Match finished, 8 sec used
#############################

----------------------------------------------------------------
Compute Missing Pairwise Matching, finished
Totally 11.000 seconds used


Run full 3D reconstruction, begin...
231 pairs have two-view models
360 pairs have fundamental matrices
Initialize with masked16 and masked17
30 3D points initialized from two images
PBA library version = 105
PBA: 30 3D pts, 2 cams and 60 projs...
PBA: 0.157 -> 0.157 (0 LMs in 0.10sec)
Focal Length : [720.000]->[720.000]
Focal Length : [720.000]->[720.000]

#############################
#3: [masked15] sees 42 (+19) 3D points
Estimated Focal Length [789][1.31N]
# 45 projs (11 pts and 0 merges)
PBA: 41 3D pts, 3 cams and 105 projs...
PBA: 0.287 -> 0.169 (1 LMs in 0.03sec)

**************************************
#3/3:  45 projs and 11 pts added.
PBA: 41 3D pts, 3 cams and 105 projs...
PBA: 0.169 -> 0.138 (2 LMs in 0.02sec)
PBA: 41 3D pts, 3 cams and 105 projs...
PBA: 0.138 -> 0.113 (3 LMs in 0.01sec)
Focal Length : [788.748]->[787.664]
Radial Distortion : [0.113 -> 4]

#############################
#4: [masked14] sees 57 (+28) 3D points
Estimated Focal Length [1131][1.88N]
# 89 projs (25 pts and 2 merges)
PBA: 63 3D pts, 4 cams and 192 projs...
PBA: 0.706 -> 0.706 (0 LMs in 0.00sec)
Focal Length : [1130.801]->[1130.801]
Radial Distortion : [0.000 -> 0]

#############################
#5: [masked11] sees 101 (+24) 3D points
Estimated Focal Length [897][1.50N]
# 91 projs (20 pts and 1 merges)
PBA: 80 3D pts, 5 cams and 279 projs...
PBA: 1.548 -> 1.548 (0 LMs in 0.00sec)
#points w/ large errors:	2

**************************************
#5/5:  91 projs and 20 pts added.
PBA: 77 3D pts, 5 cams and 272 projs...
PBA: 1.368 -> 1.368 (0 LMs in 0.00sec)
PBA: 77 3D pts, 5 cams and 272 projs...
PBA: 1.368 -> 1.368 (0 LMs in 0.00sec)
Focal Length : [897.389]->[897.389]
Radial Distortion : [0.000 -> 0]

#############################
#6: [masked12] sees 156 (+9) 3D points
Estimated Focal Length [1556][2.59N]
# 59 projs (4 pts and 0 merges)
PBA: 80 3D pts, 6 cams and 329 projs...
PBA: 1.684 -> 0.681 (30 LMs in 0.22sec)
Radial Distortion : [1.751 -> 16]
# 6 projs (2 pts and 0 merges)
Focal Length : [1556.294]->[1675.203]
Radial Distortion : [1.751 -> 16]

#############################
#7: [masked10] sees 189 (+13) 3D points
Estimated Focal Length [1468][2.45N]
# 88 projs (15 pts and 1 merges)
PBA: 95 3D pts, 7 cams and 421 projs...
PBA: 1.546 -> 0.420 (69 LMs in 0.99sec)
#unstable points removed:	2

**************************************
#7/7:  88 projs and 15 pts added.
PBA: 93 3D pts, 7 cams and 417 projs...
PBA: 0.437 -> 0.428 (12 LMs in 0.10sec)
PBA: 93 3D pts, 7 cams and 417 projs...
PBA: 0.428 -> 0.428 (11 LMs in 0.10sec)
Focal Length : [1468.266]->[947.585]
Radial Distortion : [-1.044 -> -32]

#############################
#8: [masked7] sees 183 (+14) 3D points
Estimated Focal Length [2182][3.64N]
# 50 projs (0 pts and 0 merges)
PBA: 91 3D pts, 8 cams and 463 projs...
PBA: 1.276 -> 1.276 (0 LMs in 0.00sec)
Focal Length : [2182.043]->[2182.043]
Radial Distortion : [0.000 -> 0]

#############################
#9: [masked6] sees 236 (+8) 3D points
Estimated Focal Length [845][1.41N]
# 57 projs (0 pts and 0 merges)
PBA: 91 3D pts, 9 cams and 520 projs...
PBA: 3.016 -> 1.827 (12 LMs in 0.11sec)
#points w/ large errors:	1

**************************************
#9/9:  57 projs and 0 pts added.
PBA: 90 3D pts, 9 cams and 513 projs...
PBA: 1.425 -> 1.425 (11 LMs in 0.11sec)
PBA: 90 3D pts, 9 cams and 513 projs...
PBA: 1.425 -> 1.425 (12 LMs in 0.11sec)
Focal Length : [844.993]->[900.588]
Radial Distortion : [-0.155 -> -6]

#############################
#10: [masked4] sees 237 (+14) 3D points
Estimated Focal Length [1204][2.01N]
# 47 projs (0 pts and 0 merges)
PBA: 90 3D pts, 10 cams and 560 projs...
PBA: 1.889 -> 1.409 (16 LMs in 0.12sec)
Focal Length : [1203.973]->[1282.251]
Radial Distortion : [0.446 -> 7]

#############################
#11: [masked5] sees 221 (+16) 3D points
Estimated Focal Length [2521][4.20N]
# 78 projs (16 pts and 0 merges)
PBA: 104 3D pts, 11 cams and 634 projs...
PBA: 2.092 -> 1.668 (61 LMs in 0.29sec)
Focal Length : [2520.981]->[3317.361]
Radial Distortion : [-3.426 -> -9]

#############################
#12: [masked9] sees 287 (+13) 3D points
Estimated Focal Length [723][1.21N]
# 69 projs (11 pts and 1 merges)
PBA: 111 3D pts, 12 cams and 697 projs...
PBA: 2.250 -> 1.107 (36 LMs in 0.36sec)
#points w/ large errors:	3
#unstable points removed:	10
ERROR: images #5 has bad focal lengths
ERROR: images #4 has bad focal lengths
ERROR: images #6 has bad focal lengths
Radial Distortion : [0.388 -> 16]
# 8 projs (2 pts and 0 merges)
Focal Length : [723.156]->[800.582]
Radial Distortion : [0.388 -> 16]

#############################
#10: [masked2] sees 172 (+13) 3D points
Estimated Focal Length [824][1.37N]
# 41 projs (0 pts and 0 merges)
PBA: 91 3D pts, 10 cams and 543 projs...
PBA: 2.211 -> 1.734 (13 LMs in 0.09sec)
#points w/ large errors:	2
Focal Length : [824.268]->[830.455]
Radial Distortion : [-0.284 -> -12]

#############################
#11: [masked0] sees 163 (+18) 3D points
Estimated Focal Length [298][0.50W]
# 40 projs (0 pts and 0 merges)
PBA: 89 3D pts, 11 cams and 575 projs...
PBA: 2.647 -> 1.359 (35 LMs in 0.48sec)
ERROR: [298.057] --> [1868.133]

#############################
#11: [masked3] sees 196 (+16) 3D points
Estimated Focal Length [839][1.40N]
# 75 projs (15 pts and 0 merges)
PBA: 104 3D pts, 11 cams and 611 projs...
PBA: 2.676 -> 2.676 (0 LMs in 0.00sec)
#unstable points removed:	12
Focal Length : [838.620]->[838.620]
Radial Distortion : [0.000 -> 0]

#############################
#12: [masked18] sees 218 (+14) 3D points
Estimated Focal Length [692][1.15N]
# 47 projs (0 pts and 0 merges)
PBA: 88 3D pts, 12 cams and 611 projs...
PBA: 2.645 -> 1.644 (29 LMs in 0.16sec)
#points w/ large errors:	4
#unstable points removed:	3

**************************************
#12/12:  47 projs and 0 pts added.
PBA: 83 3D pts, 12 cams and 579 projs...
PBA: 1.525 -> 1.505 (15 LMs in 0.17sec)
#unstable points removed:	2
PBA: 81 3D pts, 12 cams and 569 projs...
PBA: 1.394 -> 1.394 (0 LMs in 0.00sec)
Focal Length : [691.745]->[828.082]
Radial Distortion : [-0.326 -> -13]

#############################
#13: [masked8] sees 239 (+11) 3D points
Estimated Focal Length [521][0.87N]
# 71 projs (11 pts and 2 merges)
PBA: 90 3D pts, 13 cams and 640 projs...
PBA: 11.628 -> 11.628 (0 LMs in 0.00sec)
Focal Length : [520.932]->[520.932]
Radial Distortion : [0.000 -> 0]

#############################
#14: [masked20] sees 132 (+12) 3D points
Estimated Focal Length [1230][2.05N]
# 62 projs (10 pts and 1 merges)
PBA: 99 3D pts, 14 cams and 702 projs...
PBA: 9.439 -> 3.838 (34 LMs in 0.15sec)
#points w/ large errors:	3
#unstable points removed:	6
Focal Length : [1230.399]->[1250.153]
Radial Distortion : [0.304 -> 5]

#############################
#15: [masked1] sees 166 (+10) 3D points
Estimated Focal Length [562][0.94N]
# 53 projs (6 pts and 0 merges)
PBA: 96 3D pts, 15 cams and 705 projs...
PBA: 2.185 -> 1.912 (14 LMs in 0.07sec)
#points w/ large errors:	1
Focal Length : [562.068]->[563.020]
Radial Distortion : [0.034 -> 2]

#############################
#16: [masked13] sees 295 (+6) 3D points
Estimated Focal Length [772][1.29N]
# 50 projs (1 pts and 0 merges)
PBA: 94 3D pts, 16 cams and 747 projs...
PBA: 1.695 -> 1.695 (0 LMs in 0.00sec)
#points w/ large errors:	7

**************************************
#16/16:  50 projs and 1 pts added.
PBA: 89 3D pts, 16 cams and 706 projs...
PBA: 1.691 -> 1.691 (0 LMs in 0.00sec)
PBA: 89 3D pts, 16 cams and 706 projs...
PBA: 1.691 -> 1.691 (0 LMs in 0.00sec)
Focal Length : [771.890]->[771.890]
Radial Distortion : [0.000 -> 0]

#############################
#17: [masked19] sees 123 (+10) 3D points
Estimated Focal Length [1058][1.76N]
# 53 projs (6 pts and 0 merges)
PBA: 93 3D pts, 17 cams and 755 projs...
PBA: 2.036 -> 2.036 (0 LMs in 0.00sec)
#points w/ large errors:	2
Focal Length : [1057.940]->[1057.940]
Radial Distortion : [0.000 -> 0]

#############################
#18: [masked24] sees 120 (+16) 3D points
Estimated Focal Length [663][1.10N]
# 31 projs (0 pts and 0 merges)
PBA: 87 3D pts, 18 cams and 772 projs...
PBA: 1.495 -> 1.495 (0 LMs in 0.00sec)
#points w/ large errors:	8
Focal Length : [662.552]->[662.552]
Radial Distortion : [0.000 -> 0]

#############################
#19: [masked26] sees 156 (+17) 3D points
Estimated Focal Length [1344][2.24N]
# 78 projs (16 pts and 1 merges)
PBA: 94 3D pts, 19 cams and 826 projs...
PBA: 2.518 -> 2.518 (0 LMs in 0.00sec)
Focal Length : [1343.746]->[1343.746]
Radial Distortion : [0.000 -> 0]

#############################
#20: [masked23] sees 168 (+15) 3D points
Estimated Focal Length [438][0.73N]
# 39 projs (0 pts and 0 merges)
PBA: 93 3D pts, 20 cams and 863 projs...
PBA: 2.672 -> 2.672 (0 LMs in 0.00sec)
#points w/ large errors:	8
Focal Length : [437.766]->[437.766]
Radial Distortion : [0.000 -> 0]

#############################
#21: [masked25] sees 151 (+11) 3D points
Estimated Focal Length [573][0.96N]
# 41 projs (0 pts and 0 merges)
SKIP: 0 cams, 30 points, 49 projs
PBA: 86 3D pts, 20 cams and 857 projs...
PBA: 2.890 -> 2.890 (0 LMs in 0.00sec)
#points w/ large errors:	3

**************************************
#21/21:  41 projs and 0 pts added.
PBA: 83 3D pts, 21 cams and 825 projs...
PBA: 3.028 -> 3.028 (0 LMs in 0.00sec)
PBA: 83 3D pts, 21 cams and 825 projs...
PBA: 3.028 -> 3.028 (0 LMs in 0.00sec)
Focal Length : [573.497]->[573.497]
Radial Distortion : [0.000 -> 0]

#############################
#22: [masked27] sees 140 (+15) 3D points
Estimated Focal Length [1907][3.18N]
# 38 projs (0 pts and 0 merges)
SKIP: 0 cams, 35 points, 0 projs
PBA: 83 3D pts, 20 cams and 863 projs...
PBA: 3.202 -> 1.265 (5 LMs in 0.02sec)
Radial Distortion : [2.233 -> 17]
# 50 projs (14 pts and 0 merges)
SKIP: 0 cams, 21 points, 0 projs
PBA: 97 3D pts, 20 cams and 913 projs...
PBA: 1.934 -> 1.934 (0 LMs in 0.00sec)
Focal Length : [1906.617]->[1843.487]
Radial Distortion : [2.233 -> 17]

#############################
#23: [masked28] sees 126 (+14) 3D points
Estimated Focal Length [1266][2.11N]
# 47 projs (0 pts and 1 merges)
SKIP: 0 cams, 23 points, 2 projs
PBA: 95 3D pts, 20 cams and 958 projs...
PBA: 2.197 -> 2.197 (0 LMs in 0.00sec)
#points w/ large errors:	5
Focal Length : [1265.678]->[1265.678]
Radial Distortion : [0.000 -> 0]

#############################
#24: [masked29] sees 142 (+17) 3D points
Estimated Focal Length [1437][2.40N]
# 43 projs (0 pts and 0 merges)
SKIP: 0 cams, 28 points, 29 projs
PBA: 90 3D pts, 20 cams and 972 projs...
PBA: 2.784 -> 2.784 (0 LMs in 0.00sec)
#points w/ large errors:	2
Focal Length : [1437.132]->[1437.132]
Radial Distortion : [0.000 -> 0]

#############################
#25: [masked30] sees 116 (+24) 3D points
Estimated Focal Length [2210][3.68N]
# 38 projs (0 pts and 0 merges)
SKIP: 0 cams, 32 points, 27 projs
PBA: 86 3D pts, 20 cams and 983 projs...
PBA: 3.489 -> 3.489 (0 LMs in 0.00sec)
#points w/ large errors:	4
Focal Length : [2210.356]->[2210.356]
Radial Distortion : [0.000 -> 0]

#############################
#26: [masked21] sees 302 (+11) 3D points
Estimated Focal Length [1191][1.99N]
# 87 projs (14 pts and 0 merges)
PBA: 97 3D pts, 26 cams and 1039 projs...
PBA: 3.306 -> 3.306 (0 LMs in 0.00sec)
#points w/ large errors:	8
Focal Length : [1191.457]->[1191.457]
Radial Distortion : [0.000 -> 0]

#############################
#27: [masked32] sees 133 (+13) 3D points
Estimated Focal Length [3943][6.57N]
# 31 projs (0 pts and 0 merges)
SKIP: 0 cams, 29 points, 69 projs
PBA: 84 3D pts, 20 cams and 991 projs...
PBA: 2.300 -> 1.224 (5 LMs in 0.06sec)
#points w/ large errors:	7
#unstable points removed:	2

**************************************
#27/27:  31 projs and 0 pts added.
PBA: 77 3D pts, 27 cams and 949 projs...
PBA: 1.105 -> 1.105 (0 LMs in 0.00sec)
PBA: 77 3D pts, 27 cams and 949 projs...
PBA: 1.105 -> 1.105 (0 LMs in 0.00sec)
Focal Length : [3942.963]->[4229.123]
Radial Distortion : [10.393 -> 15]

#############################
#28: [masked31] sees 93 (+17) 3D points
Estimated Focal Length [1060][1.77N]
# 28 projs (0 pts and 0 merges)
SKIP: 0 cams, 44 points, 7 projs
PBA: 74 3D pts, 20 cams and 970 projs...
PBA: 1.694 -> 1.694 (0 LMs in 0.00sec)
Focal Length : [1060.375]->[1060.375]
Radial Distortion : [0.000 -> 0]

#############################
#29: [masked33] sees 57 (+21) 3D points
Estimated Focal Length [826][1.38N]
# 48 projs (11 pts and 0 merges)
SKIP: 0 cams, 32 points, 5 projs
PBA: 86 3D pts, 20 cams and 1020 projs...
PBA: 2.026 -> 2.026 (0 LMs in 0.00sec)
#points w/ large errors:	3
Focal Length : [826.045]->[826.045]
Radial Distortion : [0.000 -> 0]

#############################
#30: [masked22] sees 248 (+7) 3D points
Estimated Focal Length [748][1.25N]
# 106 projs (18 pts and 0 merges)
SKIP: 0 cams, 18 points, 22 projs
PBA: 100 3D pts, 20 cams and 1109 projs...
PBA: 2.536 -> 2.536 (0 LMs in 0.00sec)
#points w/ large errors:	6
Focal Length : [748.448]->[748.448]
Radial Distortion : [0.000 -> 0]

#############################
#31: [masked34] sees 72 (+12) 3D points
Estimated Focal Length [1238][2.06N]
# 35 projs (0 pts and 0 merges)
SKIP: 0 cams, 26 points, 40 projs
PBA: 87 3D pts, 20 cams and 1098 projs...
PBA: 2.957 -> 2.957 (0 LMs in 0.00sec)
#points w/ large errors:	11
Focal Length : [1237.587]->[1237.587]
Radial Distortion : [0.000 -> 0]

#############################
#32: [masked6] sees 397 (+8) 3D points
Estimated Focal Length [905][1.51N]
# 109 projs (10 pts and 1 merges)
PBA: 91 3D pts, 32 cams and 1169 projs...
PBA: 2.377 -> 2.377 (0 LMs in 0.00sec)
#points w/ large errors:	2
Focal Length : [904.855]->[904.855]
Radial Distortion : [0.000 -> 0]

#############################
#33: [masked0] sees 213 (+18) 3D points
Estimated Focal Length [650][1.08N]
# 63 projs (8 pts and 2 merges)
SKIP: 0 cams, 21 points, 12 projs
PBA: 94 3D pts, 20 cams and 1220 projs...
PBA: 2.519 -> 2.519 (0 LMs in 0.00sec)
#points w/ large errors:	4
Focal Length : [650.038]->[650.038]
Radial Distortion : [0.000 -> 0]

#############################
#34: [masked5] sees 331 (+16) 3D points
Estimated Focal Length [654][1.09N]
# 72 projs (7 pts and 1 merges)
SKIP: 0 cams, 23 points, 44 projs
PBA: 92 3D pts, 20 cams and 1248 projs...
PBA: 2.766 -> 2.766 (0 LMs in 0.00sec)
#points w/ large errors:	3

**************************************
#34/34:  72 projs and 7 pts added.
PBA: 91 3D pts, 34 cams and 1244 projs...
PBA: 2.816 -> 2.816 (0 LMs in 0.00sec)
PBA: 91 3D pts, 34 cams and 1244 projs...
PBA: 2.816 -> 2.816 (0 LMs in 0.00sec)
Focal Length : [654.405]->[654.405]
Radial Distortion : [0.000 -> 0]

#############################
#35: [masked4] sees 360 (+11) 3D points
Estimated Focal Length [568][0.95N]
# 85 projs (15 pts and 1 merges)
SKIP: 0 cams, 16 points, 10 projs
PBA: 102 3D pts, 20 cams and 1319 projs...
PBA: 2.832 -> 2.832 (0 LMs in 0.00sec)
#points w/ large errors:	5
Focal Length : [568.051]->[568.051]
Radial Distortion : [0.000 -> 0]
END: No more images to add [0 projs]

#############################
Failed to find two images for initialization
Resuming SfM finished, 5 sec used

---------------------------------------------------
35 cams, 118 pts (3+: 87)
1329 projections (3+: 1287)
---------------------------------------------------
1 model(s) reconstructed from 37 images;
35 modeled; 0 reused; 0 EXIF; 
0MB(0) used to store feature location.
---------------------------------------------------

########-------timing------#########
Structure-From-Motion finished, 6 sec used
4.4(4.2) seconds on Bundle Adjustment (+)
3.9(3.8) seconds on Bundle Adjustment (*)
#############################
----------------------------------------------------------------
Run full 3D reconstruction, finished
Totally 6.000 seconds used


Run dense reconstruction, begin...
Save to temp.nvm ... done

#############################
Undistorting 35 images in model #0
param_undistortion_thread_num = 0
NOTE: using 8 threads...
#00: masked16 -> 00000000.jpg, 0.058 sec
#01: masked15 -> 00000002.jpg, 0.065 sec
#02: masked9 -> 00000008.jpg, 0.065 sec
#05: masked12 -> 00000005.jpg, 0.067 sec
#03: masked11 -> 00000004.jpg, 0.067 sec
#06: masked10 -> 00000006.jpg, 0.068 sec
#04: masked2 -> 00000009.jpg, 0.070 sec
#07: masked7 -> 00000007.jpg, 0.069 sec
#00: masked17 -> 00000001.jpg, 0.072 sec
#01: masked14 -> 00000003.jpg, 0.069 sec
#02: masked3 -> 00000010.jpg, 0.067 sec
#06: masked19 -> 00000016.jpg, 0.065 sec
#05: masked8 -> 00000012.jpg, 0.073 sec
#03: masked1 -> 00000014.jpg, 0.076 sec
#07: masked25 -> 00000020.jpg, 0.071 sec
#01: masked30 -> 00000024.jpg, 0.054 sec
#04: masked26 -> 00000018.jpg, 0.107 sec
#02: masked18 -> 00000011.jpg, 0.061 sec
#00: masked28 -> 00000022.jpg, 0.078 sec
#06: masked24 -> 00000017.jpg, 0.071 sec
#06: masked33 -> 00000028.jpg, 0.002 sec
#07: masked27 -> 00000021.jpg, 0.067 sec
#05: masked20 -> 00000013.jpg, 0.077 sec
#06: masked22 -> 00000029.jpg, 0.001 sec
#07: masked34 -> 00000030.jpg, 0.003 sec
#03: masked13 -> 00000015.jpg, 0.084 sec
#05: masked0 -> 00000032.jpg, 0.003 sec
#06: masked4 -> 00000034.jpg, 0.002 sec
#07: masked6 -> 00000031.jpg, 0.001 sec
#01: masked21 -> 00000025.jpg, 0.058 sec
#04: masked23 -> 00000019.jpg, 0.056 sec
#05: masked5 -> 00000033.jpg, 0.001 sec
#02: masked32 -> 00000026.jpg, 0.066 sec
#00: masked29 -> 00000023.jpg, 0.062 sec
#02: masked31 -> 00000027.jpg, 0.001 sec
----------------------------------------------------------------
Running Yasutaka Furukawa's CMVS tool...
cmvs C:\Users\chin1\Desktop\final\img\resized\masked\temp.nvm.cmvs\00\ 50 8
genOption C:\Users\chin1\Desktop\final\img\resized\masked\temp.nvm.cmvs\00\ 1 2 0.700000 7 3 8
1 cluster is generated for pmvs reconstruction.
pmvs2 C:\Users\chin1\Desktop\final\img\resized\masked\temp.nvm.cmvs\00\ option-0000
This may take a little more time, waiting...
1 seconds were used by PMVS
Loading option-0000.ply, 606 vertices ...
Loading patches and estimating point sizes..

#############################
You can manually remove bad MVS points:
1. Switch to dense MVS points mode;
2. Hit F1 key to enter the selection mode;
3. Select points by dragging a rectangle;
4. Hit DELETE to delete the selected points.

#############################
Save to temp.nvm ... done
Save C:\Users\chin1\Desktop\final\img\resized\masked\temp.0.ply ...done
----------------------------------------------------------------
Run dense reconstruction, finished
Totally 2.000 seconds used

