0: masked0
image_size:	600x400
1: masked1
image_size:	600x400
2: masked2
image_size:	600x400
3: masked3
image_size:	600x400
4: masked4
image_size:	600x400
5: masked5
image_size:	600x400
6: masked6
image_size:	600x400
7: masked7
image_size:	600x400
8: masked8
image_size:	600x400
9: masked9
image_size:	600x400
10: masked10
image_size:	600x400
11: masked11
image_size:	600x400
12: masked12
image_size:	600x400
13: masked13
image_size:	600x400
14: masked14
image_size:	600x400
15: masked15
image_size:	600x400
16: masked16
image_size:	600x400
17: masked17
image_size:	600x400
18: masked18
image_size:	600x400
19: masked19
image_size:	600x400
20: masked20
image_size:	600x400
21: masked21
image_size:	600x400
22: masked22
image_size:	600x400
23: masked23
image_size:	600x400
24: masked24
image_size:	600x400
25: masked25
image_size:	600x400
26: masked26
image_size:	600x400
27: masked27
image_size:	600x400
28: masked28
image_size:	600x400
29: masked29
image_size:	600x400
30: masked30
image_size:	600x400
31: masked31
image_size:	600x400
32: masked32
image_size:	600x400
33: masked33
image_size:	600x400
34: masked34
image_size:	600x400
**************************************
Change the number of pixel-loaded images by 
modifying param_visual_data_budget in nv.ini
Use the PAUSE button to skip the pixel loading
**************************************
Loading image pixel data ...done in 0s

Compute Missing Pairwise Matching, begin...
********* WARNING ***********
More than 87MB of graphic memory may be allocated
under the default settings. If the program halts here,
adjust parameters to save memory and rerun the task: 
    [Tools->Enable GPU->Set Maximum DIM]
Note some octaves may be automatically skipped
SIFT: 0000, 600x400, 	71, 0.79sec
SIFT: 0001, 600x400, 	72, 0.07sec
SIFT: 0002, 600x400, 	83, 0.07sec
SIFT: 0003, 600x400, 	73, 0.07sec
SIFT: 0004, 600x400, 	74, 0.06sec
SIFT: 0005, 600x400, 	74, 0.06sec
SIFT: 0006, 600x400, 	83, 0.06sec
SIFT: 0007, 600x400, 	75, 0.06sec
SIFT: 0008, 600x400, 	76, 0.06sec
SIFT: 0009, 600x400, 	70, 0.07sec
SIFT: 0010, 600x400, 	78, 0.06sec
SIFT: 0011, 600x400, 	80, 0.07sec
SIFT: 0012, 600x400, 	80, 0.06sec
SIFT: 0013, 600x400, 	65, 0.06sec
SIFT: 0014, 600x400, 	77, 0.07sec
SIFT: 0015, 600x400, 	81, 0.07sec
SIFT: 0016, 600x400, 	72, 0.07sec
SIFT: 0017, 600x400, 	82, 0.08sec
SIFT: 0018, 600x400, 	77, 0.07sec
SIFT: 0019, 600x400, 	65, 0.06sec
SIFT: 0020, 600x400, 	81, 0.07sec
SIFT: 0021, 600x400, 	64, 0.06sec
SIFT: 0022, 600x400, 	60, 0.06sec
SIFT: 0023, 600x400, 	72, 0.06sec
SIFT: 0024, 600x400, 	76, 0.06sec
SIFT: 0025, 600x400, 	71, 0.06sec
SIFT: 0026, 600x400, 	80, 0.06sec
SIFT: 0027, 600x400, 	74, 0.06sec
SIFT: 0028, 600x400, 	77, 0.06sec
SIFT: 0029, 600x400, 	84, 0.06sec
SIFT: 0030, 600x400, 	74, 0.06sec
SIFT: 0031, 600x400, 	71, 0.06sec
SIFT: 0032, 600x400, 	80, 0.06sec
SIFT: 0033, 600x400, 	76, 0.06sec
SIFT: 0034, 600x400, 	68, 0.06sec

###########-------timing------#########
35 Feature Detection finished, 3 sec used
#############################

595 pairs to compute match
NOTE: using 3 matching workers
0002 and 0003: 43 matches, 0.01sec, #1
0002 and 0004: 46 matches, 0.02sec, #2
0002 and 0003: [39/43], H[19], 0.00sec
0002 and 0004: [37/46], H[10], 0.00sec
0000 and 0004: 38 matches, 0.02sec, #1
0000 and 0004: [34/38], H[12], 0.00sec
0003 and 0004: 30 matches, 0.01sec, #2
0003 and 0004: [25/30], H[7], 0.00sec
0001 and 0004: 40 matches, 0.01sec, #1
0001 and 0004: [37/40], H[15], 0.00sec
0000 and 0005: 36 matches, 0.01sec, #2
0000 and 0005: [32/36], H[14], 0.00sec
0005 and 0006: 39 matches, 0.01sec, #1
0005 and 0006: [33/39], H[20], 0.00sec
0001 and 0005: 34 matches, 0.01sec, #2
0000 and 0001: 42 matches, 0.16sec, #0
0001 and 0005: [28/34], H[16], 0.00sec
0000 and 0001: [42/42], H[30], 0.00sec
0000 and 0007: 34 matches, 0.01sec, #1
0000 and 0007: [28/34], H[10], 0.00sec
0002 and 0005: 38 matches, 0.01sec, #2
0000 and 0002: 46 matches, 0.01sec, #0
0002 and 0005: [30/38], H[15], 0.00sec
0000 and 0002: [41/46], H[27], 0.00sec
0001 and 0007: 37 matches, 0.01sec, #1
0001 and 0007: [28/37], H[13], 0.00sec
0003 and 0005: 45 matches, 0.01sec, #2
0003 and 0005: [39/45], H[16], 0.00sec
0001 and 0002: 44 matches, 0.02sec, #0
0001 and 0002: [39/44], H[25], 0.00sec
0002 and 0007: 41 matches, 0.02sec, #1
0002 and 0007: [31/41], H[17], 0.00sec
0004 and 0005: 37 matches, 0.01sec, #2
0004 and 0005: [37/37], H[10], 0.00sec
0000 and 0003: 33 matches, 0.01sec, #0
0000 and 0003: [30/33], H[8], 0.00sec
0003 and 0007: 32 matches, 0.01sec, #1
0003 and 0007: [29/32], H[15], 0.00sec
0000 and 0006: 35 matches, 0.01sec, #2
0000 and 0006: [29/35], H[8], 0.00sec
0001 and 0003: 32 matches, 0.01sec, #0
0001 and 0003: [28/32], H[10], 0.00sec
0004 and 0007: 42 matches, 0.01sec, #1
0004 and 0007: [34/42], H[22], 0.00sec
0001 and 0006: 45 matches, 0.01sec, #2
0001 and 0006: [37/45], H[12], 0.00sec
0002 and 0008: 31 matches, 0.01sec, #0
0002 and 0008: [27/31], H[20], 0.00sec
0005 and 0007: 40 matches, 0.01sec, #1
0005 and 0007: [34/40], H[11], 0.00sec
0002 and 0006: 47 matches, 0.01sec, #2
0002 and 0006: [40/47], H[18], 0.00sec
0003 and 0008: 23 matches, 0.01sec, #0
0006 and 0007: 42 matches, 0.01sec, #1
0006 and 0007: [36/42], H[22], 0.00sec
0004 and 0008: 33 matches, 0.01sec, #0
0003 and 0006: 32 matches, 0.01sec, #2
0004 and 0008: [31/33], H[14], 0.00sec
0003 and 0006: [27/32], H[14], 0.00sec
0000 and 0008: 27 matches, 0.01sec, #1
0000 and 0008: [25/27], H[13], 0.00sec
0005 and 0008: 30 matches, 0.01sec, #0
0004 and 0006: 46 matches, 0.01sec, #2
0005 and 0008: [27/30], H[20], 0.00sec
0004 and 0006: [42/46], H[14], 0.00sec
0001 and 0008: 28 matches, 0.01sec, #1
0001 and 0008: [25/28], H[8], 0.00sec
0006 and 0008: 40 matches, 0.01sec, #0
0006 and 0008: [34/40], H[17], 0.00sec
0004 and 0009: 35 matches, 0.02sec, #2
0004 and 0009: [32/35], H[18], 0.00sec
0005 and 0010: 38 matches, 0.01sec, #1
0005 and 0010: [33/38], H[11], 0.00sec
0007 and 0008: 36 matches, 0.01sec, #0
0007 and 0008: [34/36], H[14], 0.00sec
0005 and 0009: 33 matches, 0.01sec, #2
0005 and 0009: [32/33], H[21], 0.00sec
0006 and 0010: 49 matches, 0.01sec, #1
0006 and 0010: [42/49], H[16], 0.00sec
0000 and 0009: 31 matches, 0.01sec, #0
0000 and 0009: [25/31], H[10], 0.00sec
0006 and 0009: 41 matches, 0.01sec, #2
0006 and 0009: [34/41], H[26], 0.00sec
0007 and 0010: 41 matches, 0.01sec, #1
0007 and 0010: [35/41], H[19], 0.00sec
0001 and 0009: 29 matches, 0.01sec, #0
0001 and 0009: [25/29], H[12], 0.00sec
0007 and 0009: 29 matches, 0.01sec, #2
0007 and 0009: [25/29], H[9], 0.00sec
0008 and 0010: 33 matches, 0.01sec, #1
0008 and 0010: [28/33], H[21], 0.00sec
0002 and 0009: 35 matches, 0.01sec, #0
0002 and 0009: [29/35], H[16], 0.00sec
0008 and 0009: 32 matches, 0.01sec, #2
0008 and 0009: [30/32], H[21], 0.00sec
0009 and 0010: 37 matches, 0.01sec, #1
0009 and 0010: [34/37], H[26], 0.00sec
0003 and 0009: 34 matches, 0.01sec, #0
0003 and 0009: [29/34], H[9], 0.00sec
0000 and 0010: 33 matches, 0.01sec, #2
0000 and 0010: [27/33], H[13], 0.00sec
0000 and 0011: 30 matches, 0.01sec, #1
0000 and 0011: [27/30], H[9], 0.00sec
0005 and 0011: 34 matches, 0.01sec, #0
0005 and 0011: [31/34], H[18], 0.00sec
0001 and 0010: 32 matches, 0.01sec, #2
0001 and 0010: [25/32], H[9], 0.00sec
0001 and 0011: 35 matches, 0.01sec, #1
0001 and 0011: [31/35], H[13], 0.00sec
0006 and 0011: 44 matches, 0.01sec, #0
0006 and 0011: [41/44], H[21], 0.00sec
0002 and 0010: 34 matches, 0.01sec, #2
0002 and 0010: [28/34], H[10], 0.00sec
0002 and 0011: 31 matches, 0.01sec, #1
0002 and 0011: [25/31], H[6], 0.00sec
0007 and 0011: 41 matches, 0.01sec, #0
0007 and 0011: [36/41], H[19], 0.00sec
0003 and 0010: 32 matches, 0.01sec, #2
0003 and 0010: [27/32], H[13], 0.00sec
0003 and 0011: 33 matches, 0.01sec, #1
0003 and 0011: [31/33], H[22], 0.00sec
0008 and 0011: 41 matches, 0.01sec, #0
0008 and 0011: [37/41], H[15], 0.00sec
0004 and 0010: 41 matches, 0.01sec, #2
0004 and 0010: [37/41], H[23], 0.00sec
0004 and 0011: 34 matches, 0.01sec, #1
0004 and 0011: [32/34], H[13], 0.00sec
0009 and 0011: 39 matches, 0.01sec, #0
0009 and 0011: [35/39], H[22], 0.00sec
0004 and 0012: 37 matches, 0.01sec, #2
0004 and 0012: [35/37], H[22], 0.00sec
0010 and 0011: 48 matches, 0.01sec, #0
0010 and 0011: [45/48], H[22], 0.00sec
0002 and 0013: 28 matches, 0.01sec, #1
0002 and 0013: [23/28], H[14], 0.00sec
0000 and 0012: 25 matches, 0.03sec, #0
0000 and 0012: [19/25], H[10], 0.00sec
0005 and 0012: 32 matches, 0.03sec, #2
0005 and 0012: [29/32], H[14], 0.00sec
0001 and 0012: 31 matches, 0.03sec, #0
0006 and 0012: 47 matches, 0.02sec, #2
0001 and 0012: [20/31], H[9], 0.00sec
0006 and 0012: [40/47], H[28], 0.00sec
0003 and 0013: 30 matches, 0.04sec, #1
0003 and 0013: [26/30], H[17], 0.00sec
0002 and 0012: 35 matches, 0.01sec, #0
0002 and 0012: [28/35], H[13], 0.00sec
0007 and 0012: 35 matches, 0.03sec, #2
0007 and 0012: [27/35], H[10], 0.00sec
0004 and 0013: 31 matches, 0.06sec, #1
0003 and 0012: 28 matches, 0.06sec, #0
0004 and 0013: [29/31], H[16], 0.00sec
0003 and 0012: [23/28], H[8], 0.00sec
0008 and 0012: 32 matches, 0.04sec, #2
0008 and 0012: [27/32], H[11], 0.00sec
0012 and 0013: 32 matches, 0.08sec, #0
0012 and 0013: [31/32], H[25], 0.00sec
0009 and 0012: 39 matches, 0.03sec, #2
0009 and 0012: [33/39], H[11], 0.00sec
0005 and 0013: 21 matches, 0.08sec, #1
0010 and 0012: 48 matches, 0.02sec, #2
0010 and 0012: [41/48], H[15], 0.00sec
0000 and 0014: 28 matches, 0.01sec, #0
0000 and 0014: [24/28], H[12], 0.00sec
0006 and 0013: 31 matches, 0.08sec, #1
0006 and 0013: [28/31], H[18], 0.00sec
0011 and 0012: 50 matches, 0.02sec, #2
0001 and 0014: 23 matches, 0.02sec, #0
0011 and 0012: [46/50], H[29], 0.00sec
0002 and 0014: 28 matches, 0.01sec, #0
0002 and 0014: [21/28], H[10], 0.00sec
0000 and 0013: 21 matches, 0.05sec, #2
0003 and 0014: 29 matches, 0.05sec, #0
0003 and 0014: [26/29], H[11], 0.00sec
0007 and 0013: 32 matches, 0.07sec, #1
0007 and 0013: [28/32], H[15], 0.00sec
0004 and 0014: 34 matches, 0.02sec, #0
0004 and 0014: [30/34], H[19], 0.00sec
0001 and 0013: 29 matches, 0.07sec, #2
0001 and 0013: [25/29], H[6], 0.00sec
0005 and 0014: 28 matches, 0.01sec, #0
0005 and 0014: [26/28], H[12], 0.00sec
0006 and 0014: 40 matches, 0.02sec, #0
0006 and 0014: [33/40], H[22], 0.00sec
0009 and 0014: 40 matches, 0.01sec, #2
0009 and 0014: [34/40], H[22], 0.00sec
0008 and 0013: 36 matches, 0.08sec, #1
0008 and 0013: [29/36], H[8], 0.00sec
0007 and 0014: 34 matches, 0.04sec, #0
0007 and 0014: [28/34], H[11], 0.00sec
0010 and 0014: 47 matches, 0.02sec, #2
0010 and 0014: [35/47], H[21], 0.00sec
0011 and 0014: 47 matches, 0.04sec, #2
0009 and 0013: 37 matches, 0.04sec, #1
0011 and 0014: [44/47], H[21], 0.00sec
0009 and 0013: [32/37], H[13], 0.00sec
0008 and 0014: 28 matches, 0.07sec, #0
0008 and 0014: [24/28], H[11], 0.00sec
0010 and 0013: 34 matches, 0.04sec, #1
0005 and 0015: 33 matches, 0.01sec, #0
0010 and 0013: [30/34], H[18], 0.00sec
0005 and 0015: [30/33], H[14], 0.00sec
0006 and 0015: 37 matches, 0.01sec, #0
0006 and 0015: [32/37], H[16], 0.00sec
0012 and 0014: 49 matches, 0.07sec, #2
0007 and 0015: 30 matches, 0.01sec, #0
0012 and 0014: [45/49], H[11], 0.00sec
0007 and 0015: [26/30], H[8], 0.00sec
0008 and 0015: 32 matches, 0.01sec, #0
0008 and 0015: [26/32], H[16], 0.00sec
0011 and 0013: 47 matches, 0.04sec, #1
0011 and 0013: [44/47], H[26], 0.00sec
0009 and 0015: 34 matches, 0.01sec, #0
0009 and 0015: [29/34], H[16], 0.00sec
0010 and 0015: 35 matches, 0.01sec, #0
0010 and 0015: [29/35], H[12], 0.00sec
0013 and 0014: 38 matches, 0.06sec, #2
0013 and 0014: [36/38], H[18], 0.00sec
0011 and 0015: 44 matches, 0.01sec, #0
0011 and 0015: [37/44], H[18], 0.00sec
0012 and 0015: 40 matches, 0.01sec, #0
0000 and 0016: 26 matches, 0.01sec, #1
0012 and 0015: [34/40], H[24], 0.00sec
0000 and 0016: [20/26], H[8], 0.00sec
0001 and 0016: 15 matches, 0.01sec, #1
0013 and 0015: 36 matches, 0.03sec, #0
0013 and 0015: [32/36], H[15], 0.00sec
0002 and 0016: 24 matches, 0.01sec, #1
0000 and 0015: 26 matches, 0.02sec, #2
0000 and 0015: [21/26], H[6], 0.00sec
0003 and 0016: 28 matches, 0.01sec, #1
0003 and 0016: [24/28], H[15], 0.00sec
0014 and 0015: 48 matches, 0.02sec, #0
0014 and 0015: [41/48], H[31], 0.00sec
0001 and 0015: 21 matches, 0.01sec, #2
0004 and 0016: 26 matches, 0.01sec, #1
0002 and 0015: 30 matches, 0.01sec, #2
0004 and 0016: [25/26], H[12], 0.00sec
0002 and 0015: [24/30], H[8], 0.00sec
0010 and 0016: 36 matches, 0.01sec, #0
0010 and 0016: [30/36], H[17], 0.00sec
0005 and 0016: 23 matches, 0.01sec, #1
0003 and 0015: 27 matches, 0.01sec, #2
0003 and 0015: [22/27], H[10], 0.00sec
0011 and 0016: 28 matches, 0.01sec, #0
0011 and 0016: [23/28], H[10], 0.00sec
0006 and 0016: 30 matches, 0.02sec, #1
0006 and 0016: [28/30], H[18], 0.00sec
0004 and 0015: 33 matches, 0.01sec, #2
0004 and 0015: [28/33], H[12], 0.00sec
0007 and 0016: 35 matches, 0.01sec, #1
0007 and 0016: [26/35], H[13], 0.00sec
0012 and 0016: 33 matches, 0.03sec, #0
0012 and 0016: [27/33], H[7], 0.00sec
0004 and 0017: 28 matches, 0.02sec, #2
0004 and 0017: [18/28], H[8], 0.00sec
0008 and 0016: 26 matches, 0.01sec, #1
0008 and 0016: [21/26], H[12], 0.00sec
0009 and 0016: 32 matches, 0.01sec, #1
0009 and 0016: [26/32], H[11], 0.00sec
0013 and 0016: 27 matches, 0.05sec, #0
0013 and 0016: [25/27], H[13], 0.00sec
0005 and 0017: 24 matches, 0.04sec, #2
0014 and 0017: 33 matches, 0.05sec, #1
0014 and 0017: [31/33], H[11], 0.00sec
0014 and 0016: 36 matches, 0.01sec, #0
0014 and 0016: [29/36], H[15], 0.00sec
0015 and 0016: 41 matches, 0.01sec, #0
0015 and 0016: [36/41], H[21], 0.00sec
0006 and 0017: 32 matches, 0.10sec, #2
0006 and 0017: [26/32], H[8], 0.00sec
0000 and 0017: 23 matches, 0.09sec, #0
0015 and 0017: 37 matches, 0.09sec, #1
0015 and 0017: [32/37], H[19], 0.00sec
0001 and 0017: 21 matches, 0.09sec, #0
0007 and 0017: 30 matches, 0.12sec, #2
0007 and 0017: [25/30], H[8], 0.00sec
0002 and 0017: 26 matches, 0.14sec, #0
0002 and 0017: [18/26], H[8], 0.00sec
0016 and 0017: 41 matches, 0.09sec, #1
0016 and 0017: [37/41], H[21], 0.00sec
0008 and 0017: 23 matches, 0.09sec, #2
0000 and 0018: 23 matches, 0.01sec, #1
0001 and 0018: 16 matches, 0.01sec, #1
0003 and 0017: 27 matches, 0.09sec, #0
0003 and 0017: [20/27], H[6], 0.00sec
0002 and 0018: 25 matches, 0.02sec, #1
0002 and 0018: [17/25], H[7], 0.00sec
0009 and 0017: 25 matches, 0.10sec, #2
0009 and 0017: [19/25], H[10], 0.00sec
0003 and 0018: 23 matches, 0.01sec, #1
0004 and 0018: 28 matches, 0.01sec, #1
0004 and 0018: [24/28], H[9], 0.00sec
0007 and 0018: 29 matches, 0.01sec, #0
0007 and 0018: [20/29], H[10], 0.00sec
0005 and 0018: 31 matches, 0.01sec, #1
0005 and 0018: [24/31], H[11], 0.00sec
0008 and 0018: 28 matches, 0.01sec, #0
0008 and 0018: [24/28], H[9], 0.00sec
0006 and 0018: 32 matches, 0.01sec, #1
0006 and 0018: [29/32], H[13], 0.00sec
0010 and 0017: 36 matches, 0.04sec, #2
0009 and 0018: 28 matches, 0.01sec, #0
0010 and 0017: [29/36], H[15], 0.00sec
0009 and 0018: [24/28], H[14], 0.00sec
0017 and 0018: 38 matches, 0.01sec, #1
0017 and 0018: [32/38], H[21], 0.00sec
0010 and 0018: 31 matches, 0.01sec, #0
0010 and 0018: [27/31], H[13], 0.00sec
0011 and 0017: 36 matches, 0.04sec, #2
0011 and 0017: [28/36], H[13], 0.00sec
0011 and 0018: 32 matches, 0.01sec, #0
0011 and 0018: [26/32], H[18], 0.00sec
0000 and 0019: 22 matches, 0.01sec, #1
0001 and 0019: 27 matches, 0.01sec, #1
0012 and 0018: 36 matches, 0.04sec, #0
0001 and 0019: [23/27], H[14], 0.00sec
0012 and 0018: [31/36], H[17], 0.00sec
0012 and 0017: 27 matches, 0.05sec, #2
0002 and 0019: 27 matches, 0.03sec, #1
0012 and 0017: [23/27], H[7], 0.00sec
0002 and 0019: [17/27], H[7], 0.00sec
0013 and 0018: 25 matches, 0.04sec, #0
0013 and 0018: [23/25], H[10], 0.00sec
0003 and 0019: 23 matches, 0.01sec, #1
0004 and 0019: 32 matches, 0.04sec, #1
0004 and 0019: [25/32], H[9], 0.00sec
0014 and 0018: 36 matches, 0.04sec, #0
0014 and 0018: [30/36], H[15], 0.00sec
0013 and 0017: 28 matches, 0.09sec, #2
0013 and 0017: [22/28], H[8], 0.00sec
0005 and 0019: 32 matches, 0.02sec, #1
0005 and 0019: [27/32], H[11], 0.00sec
0015 and 0018: 44 matches, 0.01sec, #0
0015 and 0018: [39/44], H[27], 0.00sec
0016 and 0018: 37 matches, 0.01sec, #0
0006 and 0019: 28 matches, 0.02sec, #1
0016 and 0018: [30/37], H[22], 0.00sec
0006 and 0019: [24/28], H[9], 0.00sec
0000 and 0020: 26 matches, 0.01sec, #0
0009 and 0019: 19 matches, 0.02sec, #2
0000 and 0020: [19/26], H[10], 0.00sec
0007 and 0019: 32 matches, 0.02sec, #1
0007 and 0019: [24/32], H[8], 0.00sec
0010 and 0019: 28 matches, 0.02sec, #2
0010 and 0019: [22/28], H[4], 0.00sec
0001 and 0020: 20 matches, 0.01sec, #0
0002 and 0020: 26 matches, 0.01sec, #0
0002 and 0020: [20/26], H[9], 0.00sec
0008 and 0019: 25 matches, 0.03sec, #1
0008 and 0019: [22/25], H[7], 0.00sec
0011 and 0019: 25 matches, 0.03sec, #2
0003 and 0020: 21 matches, 0.01sec, #0
0011 and 0019: [18/25], H[8], 0.00sec
0004 and 0020: 31 matches, 0.02sec, #0
0010 and 0020: 35 matches, 0.01sec, #1
0004 and 0020: [22/31], H[8], 0.00sec
0010 and 0020: [27/35], H[9], 0.00sec
0012 and 0019: 21 matches, 0.01sec, #2
0011 and 0020: 19 matches, 0.01sec, #1
0005 and 0020: 32 matches, 0.01sec, #0
0005 and 0020: [19/32], H[10], 0.00sec
0012 and 0020: 22 matches, 0.02sec, #1
0006 and 0020: 31 matches, 0.01sec, #0
0006 and 0020: [21/31], H[8], 0.00sec
0013 and 0019: 25 matches, 0.06sec, #2
0013 and 0019: [21/25], H[10], 0.00sec
0007 and 0020: 30 matches, 0.01sec, #0
0013 and 0020: 18 matches, 0.05sec, #1
0007 and 0020: [18/30], H[9], 0.00sec
0014 and 0020: 21 matches, 0.02sec, #1
0008 and 0020: 28 matches, 0.01sec, #0
0008 and 0020: [21/28], H[8], 0.00sec
0015 and 0020: 33 matches, 0.01sec, #1
0015 and 0020: [29/33], H[19], 0.00sec
0009 and 0020: 28 matches, 0.01sec, #0
0009 and 0020: [22/28], H[12], 0.00sec
0014 and 0019: 32 matches, 0.02sec, #2
0016 and 0020: 29 matches, 0.01sec, #1
0014 and 0019: [22/32], H[7], 0.00sec
0016 and 0020: [28/29], H[10], 0.00sec
0000 and 0021: 26 matches, 0.01sec, #0
0000 and 0021: [21/26], H[8], 0.00sec
0015 and 0019: 24 matches, 0.01sec, #2
0001 and 0021: 18 matches, 0.01sec, #0
0017 and 0020: 41 matches, 0.03sec, #1
0017 and 0020: [34/41], H[12], 0.00sec
0002 and 0021: 28 matches, 0.01sec, #0
0016 and 0019: 28 matches, 0.03sec, #2
0002 and 0021: [20/28], H[12], 0.00sec
0016 and 0019: [21/28], H[7], 0.00sec
0003 and 0021: 23 matches, 0.01sec, #0
0018 and 0020: 36 matches, 0.01sec, #1
0018 and 0020: [28/36], H[13], 0.00sec
0004 and 0021: 27 matches, 0.01sec, #0
0004 and 0021: [21/27], H[13], 0.00sec
0005 and 0021: 32 matches, 0.01sec, #0
0005 and 0021: [23/32], H[10], 0.00sec
0019 and 0020: 40 matches, 0.03sec, #1
0017 and 0019: 41 matches, 0.05sec, #2
0019 and 0020: [40/40], H[21], 0.00sec
0017 and 0019: [31/41], H[11], 0.00sec
0006 and 0021: 27 matches, 0.01sec, #0
0006 and 0021: [23/27], H[10], 0.00sec
0010 and 0021: 28 matches, 0.01sec, #1
0010 and 0021: [23/28], H[14], 0.00sec
0007 and 0021: 29 matches, 0.01sec, #0
0007 and 0021: [23/29], H[6], 0.00sec
0011 and 0021: 26 matches, 0.01sec, #1
0011 and 0021: [19/26], H[7], 0.00sec
0008 and 0021: 20 matches, 0.01sec, #0
0018 and 0019: 30 matches, 0.04sec, #2
0009 and 0021: 20 matches, 0.01sec, #0
0018 and 0019: [21/30], H[14], 0.00sec
0012 and 0021: 24 matches, 0.01sec, #1
0020 and 0021: 38 matches, 0.01sec, #0
0013 and 0021: 15 matches, 0.01sec, #1
0020 and 0021: [36/38], H[19], 0.00sec
0000 and 0022: 22 matches, 0.01sec, #0
0014 and 0021: 23 matches, 0.02sec, #1
0001 and 0022: 17 matches, 0.01sec, #0
0015 and 0021: 29 matches, 0.01sec, #1
0015 and 0021: [23/29], H[9], 0.00sec
0009 and 0022: 21 matches, 0.02sec, #2
0002 and 0022: 23 matches, 0.01sec, #0
0010 and 0022: 26 matches, 0.02sec, #2
0016 and 0021: 30 matches, 0.01sec, #1
0010 and 0022: [20/26], H[9], 0.00sec
0016 and 0021: [27/30], H[12], 0.00sec
0003 and 0022: 19 matches, 0.02sec, #0
0004 and 0022: 20 matches, 0.01sec, #0
0011 and 0022: 24 matches, 0.02sec, #2
0005 and 0022: 21 matches, 0.02sec, #0
0017 and 0021: 32 matches, 0.04sec, #1
0006 and 0022: 29 matches, 0.01sec, #0
0017 and 0021: [27/32], H[16], 0.00sec
0006 and 0022: [21/29], H[5], 0.00sec
0012 and 0022: 24 matches, 0.04sec, #2
0007 and 0022: 28 matches, 0.01sec, #0
0007 and 0022: [21/28], H[8], 0.00sec
0018 and 0021: 31 matches, 0.01sec, #1
0018 and 0021: [26/31], H[9], 0.00sec
0008 and 0022: 22 matches, 0.01sec, #0
0013 and 0022: 15 matches, 0.06sec, #2
0019 and 0021: 33 matches, 0.02sec, #1
0019 and 0021: [30/33], H[15], 0.00sec
0014 and 0022: 28 matches, 0.02sec, #2
0014 and 0022: [24/28], H[8], 0.00sec
0019 and 0022: 37 matches, 0.04sec, #0
0019 and 0022: [31/37], H[21], 0.00sec
0007 and 0023: 27 matches, 0.01sec, #1
0015 and 0022: 30 matches, 0.02sec, #2
0007 and 0023: [22/27], H[9], 0.00sec
0015 and 0022: [25/30], H[9], 0.00sec
0008 and 0023: 21 matches, 0.01sec, #1
0020 and 0022: 37 matches, 0.02sec, #0
0020 and 0022: [29/37], H[10], 0.00sec
0016 and 0022: 25 matches, 0.01sec, #2
0009 and 0023: 22 matches, 0.01sec, #1
0016 and 0022: [21/25], H[7], 0.00sec
0010 and 0023: 23 matches, 0.01sec, #1
0021 and 0022: 46 matches, 0.02sec, #0
0011 and 0023: 22 matches, 0.01sec, #1
0021 and 0022: [41/46], H[19], 0.00sec
0017 and 0022: 33 matches, 0.04sec, #2
0017 and 0022: [24/33], H[10], 0.00sec
0000 and 0023: 15 matches, 0.01sec, #0
0012 and 0023: 26 matches, 0.04sec, #1
0012 and 0023: [20/26], H[9], 0.00sec
0001 and 0023: 18 matches, 0.01sec, #0
0002 and 0023: 21 matches, 0.01sec, #0
0003 and 0023: 14 matches, 0.01sec, #0
0018 and 0022: 30 matches, 0.01sec, #2
0018 and 0022: [22/30], H[8], 0.00sec
0004 and 0023: 19 matches, 0.01sec, #0
0017 and 0023: 29 matches, 0.01sec, #2
0017 and 0023: [23/29], H[13], 0.00sec
0013 and 0023: 20 matches, 0.04sec, #1
0018 and 0023: 33 matches, 0.01sec, #2
0014 and 0023: 23 matches, 0.02sec, #1
0018 and 0023: [25/33], H[9], 0.00sec
0015 and 0023: 30 matches, 0.01sec, #1
0015 and 0023: [24/30], H[9], 0.00sec
0005 and 0023: 26 matches, 0.07sec, #0
0005 and 0023: [18/26], H[8], 0.00sec
0019 and 0023: 33 matches, 0.02sec, #2
0019 and 0023: [27/33], H[13], 0.00sec
0016 and 0023: 23 matches, 0.01sec, #1
0004 and 0024: 25 matches, 0.01sec, #1
0004 and 0024: [22/25], H[10], 0.00sec
0020 and 0023: 33 matches, 0.01sec, #2
0020 and 0023: [28/33], H[14], 0.00sec
0021 and 0023: 37 matches, 0.01sec, #2
0021 and 0023: [36/37], H[18], 0.00sec
0005 and 0024: 30 matches, 0.04sec, #1
0005 and 0024: [21/30], H[10], 0.00sec
0006 and 0023: 22 matches, 0.01sec, #0
0014 and 0024: 25 matches, 0.01sec, #0
0022 and 0023: 32 matches, 0.02sec, #2
0014 and 0024: [20/25], H[8], 0.00sec
0006 and 0024: 32 matches, 0.01sec, #1
0022 and 0023: [30/32], H[17], 0.00sec
0006 and 0024: [25/32], H[8], 0.00sec
0007 and 0024: 28 matches, 0.02sec, #1
0000 and 0024: 20 matches, 0.02sec, #2
0007 and 0024: [23/28], H[8], 0.00sec
0015 and 0024: 30 matches, 0.02sec, #0
0015 and 0024: [23/30], H[13], 0.00sec
0001 and 0024: 23 matches, 0.01sec, #2
0008 and 0024: 21 matches, 0.01sec, #1
0002 and 0024: 30 matches, 0.01sec, #2
0002 and 0024: [20/30], H[7], 0.00sec
0016 and 0024: 24 matches, 0.02sec, #0
0009 and 0024: 22 matches, 0.02sec, #1
0010 and 0024: 24 matches, 0.01sec, #1
0003 and 0024: 22 matches, 0.01sec, #2
0011 and 0024: 32 matches, 0.01sec, #1
0011 and 0024: [25/32], H[13], 0.00sec
0017 and 0024: 30 matches, 0.04sec, #0
0000 and 0025: 22 matches, 0.01sec, #2
0017 and 0024: [22/30], H[9], 0.00sec
0001 and 0025: 17 matches, 0.01sec, #2
0012 and 0024: 27 matches, 0.01sec, #1
0012 and 0024: [24/27], H[9], 0.00sec
0002 and 0025: 23 matches, 0.02sec, #2
0003 and 0025: 20 matches, 0.01sec, #2
0013 and 0024: 20 matches, 0.01sec, #1
0018 and 0024: 27 matches, 0.01sec, #0
0004 and 0025: 25 matches, 0.01sec, #2
0018 and 0024: [21/27], H[9], 0.00sec
0004 and 0025: [16/25], H[7], 0.00sec
0010 and 0025: 27 matches, 0.02sec, #1
0010 and 0025: [22/27], H[11], 0.00sec
0019 and 0024: 35 matches, 0.01sec, #0
0005 and 0025: 22 matches, 0.01sec, #2
0019 and 0024: [25/35], H[9], 0.00sec
0006 and 0025: 35 matches, 0.01sec, #2
0011 and 0025: 29 matches, 0.01sec, #1
0006 and 0025: [27/35], H[9], 0.00sec
0011 and 0025: [21/29], H[9], 0.00sec
0020 and 0024: 32 matches, 0.01sec, #0
0020 and 0024: [24/32], H[8], 0.00sec
0007 and 0025: 28 matches, 0.01sec, #2
0007 and 0025: [21/28], H[6], 0.00sec
0021 and 0024: 32 matches, 0.01sec, #0
0012 and 0025: 28 matches, 0.03sec, #1
0021 and 0024: [29/32], H[7], 0.00sec
0012 and 0025: [22/28], H[11], 0.00sec
0008 and 0025: 25 matches, 0.01sec, #2
0008 and 0025: [19/25], H[7], 0.00sec
0022 and 0024: 34 matches, 0.01sec, #0
0022 and 0024: [29/34], H[16], 0.00sec
0013 and 0025: 19 matches, 0.01sec, #1
0009 and 0025: 22 matches, 0.01sec, #2
0014 and 0025: 23 matches, 0.01sec, #1
0020 and 0025: 36 matches, 0.01sec, #2
0020 and 0025: [27/36], H[13], 0.00sec
0015 and 0025: 23 matches, 0.02sec, #1
0023 and 0024: 40 matches, 0.03sec, #0
0023 and 0024: [31/40], H[13], 0.00sec
0016 and 0025: 27 matches, 0.01sec, #1
0021 and 0025: 40 matches, 0.01sec, #2
0016 and 0025: [18/27], H[8], 0.00sec
0021 and 0025: [32/40], H[15], 0.00sec
0005 and 0026: 25 matches, 0.01sec, #0
0005 and 0026: [18/25], H[12], 0.00sec
0022 and 0025: 43 matches, 0.01sec, #2
0022 and 0025: [34/43], H[22], 0.00sec
0006 and 0026: 32 matches, 0.01sec, #0
0017 and 0025: 34 matches, 0.04sec, #1
0006 and 0026: [27/32], H[10], 0.00sec
0017 and 0025: [25/34], H[8], 0.00sec
0023 and 0025: 35 matches, 0.01sec, #2
0023 and 0025: [27/35], H[14], 0.00sec
0007 and 0026: 30 matches, 0.01sec, #0
0007 and 0026: [23/30], H[7], 0.00sec
0024 and 0025: 38 matches, 0.01sec, #2
0024 and 0025: [33/38], H[19], 0.00sec
0008 and 0026: 20 matches, 0.01sec, #0
0018 and 0025: 31 matches, 0.02sec, #1
0009 and 0026: 19 matches, 0.01sec, #0
0018 and 0025: [22/31], H[6], 0.00sec
0000 and 0026: 26 matches, 0.01sec, #2
0000 and 0026: [17/26], H[10], 0.00sec
0010 and 0026: 25 matches, 0.02sec, #0
0010 and 0026: [23/25], H[12], 0.00sec
0001 and 0026: 21 matches, 0.01sec, #2
0019 and 0025: 27 matches, 0.02sec, #1
0019 and 0025: [21/27], H[10], 0.00sec
0002 and 0026: 26 matches, 0.01sec, #2
0002 and 0026: [19/26], H[8], 0.00sec
0011 and 0026: 30 matches, 0.01sec, #0
0011 and 0026: [24/30], H[6], 0.00sec
0015 and 0026: 28 matches, 0.01sec, #1
0015 and 0026: [25/28], H[11], 0.00sec
0003 and 0026: 25 matches, 0.03sec, #2
0003 and 0026: [14/25], H[9], 0.01sec
0016 and 0026: 29 matches, 0.02sec, #1
0012 and 0026: 25 matches, 0.04sec, #0
0016 and 0026: [21/29], H[9], 0.00sec
0012 and 0026: [22/25], H[7], 0.00sec
0004 and 0026: 22 matches, 0.02sec, #2
0017 and 0026: 37 matches, 0.01sec, #1
0017 and 0026: [28/37], H[15], 0.00sec
0025 and 0026: 49 matches, 0.01sec, #2
0013 and 0026: 20 matches, 0.01sec, #0
0025 and 0026: [44/49], H[17], 0.00sec
0018 and 0026: 27 matches, 0.01sec, #1
0018 and 0026: [20/27], H[5], 0.00sec
0000 and 0027: 26 matches, 0.01sec, #2
0000 and 0027: [18/26], H[11], 0.00sec
0014 and 0026: 28 matches, 0.04sec, #0
0014 and 0026: [24/28], H[12], 0.00sec
0019 and 0026: 33 matches, 0.01sec, #1
0019 and 0026: [25/33], H[7], 0.00sec
0001 and 0027: 23 matches, 0.01sec, #2
0002 and 0027: 27 matches, 0.01sec, #2
0020 and 0026: 26 matches, 0.01sec, #1
0002 and 0027: [19/27], H[8], 0.00sec
0020 and 0026: [23/26], H[11], 0.00sec
0009 and 0027: 21 matches, 0.01sec, #0
0003 and 0027: 18 matches, 0.01sec, #2
0021 and 0026: 34 matches, 0.01sec, #1
0021 and 0026: [28/34], H[17], 0.00sec
0010 and 0027: 23 matches, 0.01sec, #0
0004 and 0027: 29 matches, 0.01sec, #2
0004 and 0027: [18/29], H[9], 0.01sec
0011 and 0027: 25 matches, 0.01sec, #0
0011 and 0027: [19/25], H[13], 0.00sec
0022 and 0026: 34 matches, 0.01sec, #1
0022 and 0026: [25/34], H[14], 0.00sec
0005 and 0027: 27 matches, 0.01sec, #2
0012 and 0027: 30 matches, 0.01sec, #0
0005 and 0027: [16/27], H[8], 0.01sec
0012 and 0027: [23/30], H[7], 0.00sec
0023 and 0026: 35 matches, 0.01sec, #1
0023 and 0026: [26/35], H[11], 0.00sec
0006 and 0027: 25 matches, 0.01sec, #2
0013 and 0027: 17 matches, 0.01sec, #0
0006 and 0027: [19/25], H[10], 0.00sec
0024 and 0026: 45 matches, 0.01sec, #1
0024 and 0026: [35/45], H[16], 0.00sec
0014 and 0027: 21 matches, 0.02sec, #0
0007 and 0027: 24 matches, 0.01sec, #2
0019 and 0027: 32 matches, 0.01sec, #1
0015 and 0027: 28 matches, 0.01sec, #0
0019 and 0027: [24/32], H[14], 0.00sec
0015 and 0027: [23/28], H[12], 0.00sec
0008 and 0027: 22 matches, 0.01sec, #2
0002 and 0028: 21 matches, 0.01sec, #2
0020 and 0027: 31 matches, 0.01sec, #1
0016 and 0027: 25 matches, 0.01sec, #0
0020 and 0027: [26/31], H[8], 0.00sec
0016 and 0027: [20/25], H[10], 0.00sec
0003 and 0028: 16 matches, 0.01sec, #2
0021 and 0027: 35 matches, 0.01sec, #1
0004 and 0028: 20 matches, 0.01sec, #2
0021 and 0027: [29/35], H[9], 0.00sec
0017 and 0027: 25 matches, 0.01sec, #0
0017 and 0027: [20/25], H[7], 0.00sec
0005 and 0028: 21 matches, 0.01sec, #2
0006 and 0028: 24 matches, 0.01sec, #2
0022 and 0027: 26 matches, 0.01sec, #1
0022 and 0027: [22/26], H[17], 0.00sec
0018 and 0027: 24 matches, 0.01sec, #0
0007 and 0028: 18 matches, 0.01sec, #2
0012 and 0028: 26 matches, 0.01sec, #0
0008 and 0028: 21 matches, 0.01sec, #2
0012 and 0028: [18/26], H[11], 0.00sec
0023 and 0027: 33 matches, 0.01sec, #1
0023 and 0027: [23/33], H[7], 0.00sec
0009 and 0028: 21 matches, 0.01sec, #2
0013 and 0028: 19 matches, 0.01sec, #0
0010 and 0028: 24 matches, 0.02sec, #2
0024 and 0027: 35 matches, 0.01sec, #1
0024 and 0027: [27/35], H[10], 0.00sec
0014 and 0028: 23 matches, 0.02sec, #0
0011 and 0028: 28 matches, 0.02sec, #2
0011 and 0028: [22/28], H[10], 0.00sec
0015 and 0028: 19 matches, 0.01sec, #0
0025 and 0027: 39 matches, 0.01sec, #1
0025 and 0027: [30/39], H[10], 0.00sec
0016 and 0028: 23 matches, 0.01sec, #0
0022 and 0028: 34 matches, 0.01sec, #2
0022 and 0028: [28/34], H[15], 0.00sec
0017 and 0028: 27 matches, 0.01sec, #0
0026 and 0027: 48 matches, 0.01sec, #1
0017 and 0028: [17/27], H[6], 0.00sec
0026 and 0027: [41/48], H[18], 0.00sec
0023 and 0028: 23 matches, 0.01sec, #2
0000 and 0028: 23 matches, 0.01sec, #1
0018 and 0028: 22 matches, 0.01sec, #0
0024 and 0028: 36 matches, 0.02sec, #2
0024 and 0028: [27/36], H[13], 0.00sec
0001 and 0028: 19 matches, 0.01sec, #1
0019 and 0028: 29 matches, 0.01sec, #0
0019 and 0028: [21/29], H[11], 0.00sec
0004 and 0029: 19 matches, 0.01sec, #1
0005 and 0029: 15 matches, 0.01sec, #1
0025 and 0028: 39 matches, 0.01sec, #2
0020 and 0028: 29 matches, 0.01sec, #0
0025 and 0028: [31/39], H[11], 0.00sec
0020 and 0028: [20/29], H[6], 0.00sec
0006 and 0029: 24 matches, 0.01sec, #1
0007 and 0029: 14 matches, 0.01sec, #1
0026 and 0028: 45 matches, 0.01sec, #2
0026 and 0028: [35/45], H[15], 0.00sec
0021 and 0028: 33 matches, 0.01sec, #0
0008 and 0029: 17 matches, 0.01sec, #1
0021 and 0028: [25/33], H[13], 0.00sec
0009 and 0029: 16 matches, 0.01sec, #1
0027 and 0028: 45 matches, 0.01sec, #2
0027 and 0028: [43/45], H[20], 0.00sec
0010 and 0029: 18 matches, 0.02sec, #1
0000 and 0029: 13 matches, 0.01sec, #2
0011 and 0029: 23 matches, 0.02sec, #1
0014 and 0029: 17 matches, 0.05sec, #0
0001 and 0029: 16 matches, 0.02sec, #2
0012 and 0029: 21 matches, 0.02sec, #1
0015 and 0029: 22 matches, 0.02sec, #0
0002 and 0029: 19 matches, 0.02sec, #2
0013 and 0029: 17 matches, 0.02sec, #1
0016 and 0029: 18 matches, 0.02sec, #0
0003 and 0029: 13 matches, 0.03sec, #2
0024 and 0029: 35 matches, 0.03sec, #1
0024 and 0029: [27/35], H[14], 0.00sec
0005 and 0030: 15 matches, 0.01sec, #2
0006 and 0030: 23 matches, 0.01sec, #2
0025 and 0029: 34 matches, 0.01sec, #1
0017 and 0029: 18 matches, 0.05sec, #0
0025 and 0029: [28/34], H[9], 0.00sec
0007 and 0030: 23 matches, 0.01sec, #2
0018 and 0029: 23 matches, 0.01sec, #0
0008 and 0030: 20 matches, 0.01sec, #2
0026 and 0029: 34 matches, 0.01sec, #1
0009 and 0030: 14 matches, 0.01sec, #2
0026 and 0029: [26/34], H[7], 0.00sec
0019 and 0029: 22 matches, 0.02sec, #0
0010 and 0030: 23 matches, 0.01sec, #2
0020 and 0029: 22 matches, 0.01sec, #0
0027 and 0029: 43 matches, 0.01sec, #1
0027 and 0029: [38/43], H[7], 0.00sec
0011 and 0030: 23 matches, 0.01sec, #2
0021 and 0029: 27 matches, 0.01sec, #0
0021 and 0029: [23/27], H[10], 0.00sec
0028 and 0029: 50 matches, 0.01sec, #1
0012 and 0030: 18 matches, 0.02sec, #2
0028 and 0029: [43/50], H[17], 0.00sec
0022 and 0029: 28 matches, 0.01sec, #0
0022 and 0029: [22/28], H[11], 0.00sec
0013 and 0030: 18 matches, 0.01sec, #2
0000 and 0030: 18 matches, 0.01sec, #1
0023 and 0029: 29 matches, 0.01sec, #0
0014 and 0030: 18 matches, 0.02sec, #2
0023 and 0029: [23/29], H[9], 0.00sec
0001 and 0030: 18 matches, 0.01sec, #1
0015 and 0030: 17 matches, 0.01sec, #2
0002 and 0030: 20 matches, 0.01sec, #1
0025 and 0030: 34 matches, 0.01sec, #0
0025 and 0030: [30/34], H[13], 0.00sec
0016 and 0030: 24 matches, 0.03sec, #2
0003 and 0030: 11 matches, 0.03sec, #1
0026 and 0030: 34 matches, 0.01sec, #0
0026 and 0030: [27/34], H[17], 0.00sec
0004 and 0030: 17 matches, 0.02sec, #1
0005 and 0031: 19 matches, 0.01sec, #1
0017 and 0030: 25 matches, 0.04sec, #2
0027 and 0030: 39 matches, 0.01sec, #0
0017 and 0030: [18/25], H[10], 0.00sec
0027 and 0030: [33/39], H[7], 0.00sec
0006 and 0031: 20 matches, 0.01sec, #1
0007 and 0031: 19 matches, 0.01sec, #1
0028 and 0030: 40 matches, 0.01sec, #0
0028 and 0030: [36/40], H[13], 0.00sec
0008 and 0031: 21 matches, 0.01sec, #1
0018 and 0030: 23 matches, 0.01sec, #2
0009 and 0031: 15 matches, 0.01sec, #1
0029 and 0030: 44 matches, 0.01sec, #0
0029 and 0030: [42/44], H[30], 0.00sec
0010 and 0031: 15 matches, 0.01sec, #1
0011 and 0031: 22 matches, 0.01sec, #1
0019 and 0030: 28 matches, 0.03sec, #2
0000 and 0031: 18 matches, 0.01sec, #0
0019 and 0030: [19/28], H[8], 0.00sec
0001 and 0031: 13 matches, 0.01sec, #0
0012 and 0031: 15 matches, 0.02sec, #1
0002 and 0031: 20 matches, 0.01sec, #0
0013 and 0031: 14 matches, 0.01sec, #1
0020 and 0030: 26 matches, 0.01sec, #2
0003 and 0031: 11 matches, 0.01sec, #0
0020 and 0030: [17/26], H[8], 0.00sec
0014 and 0031: 12 matches, 0.01sec, #1
0004 and 0031: 10 matches, 0.01sec, #0
0015 and 0031: 17 matches, 0.01sec, #1
0021 and 0030: 28 matches, 0.01sec, #2
0021 and 0030: [20/28], H[12], 0.00sec
0025 and 0031: 26 matches, 0.01sec, #0
0016 and 0031: 21 matches, 0.01sec, #1
0025 and 0031: [21/26], H[6], 0.00sec
0022 and 0030: 27 matches, 0.01sec, #2
0022 and 0030: [20/27], H[13], 0.00sec
0026 and 0031: 32 matches, 0.01sec, #0
0026 and 0031: [24/32], H[16], 0.00sec
0017 and 0031: 20 matches, 0.04sec, #1
0023 and 0030: 28 matches, 0.02sec, #2
0018 and 0031: 21 matches, 0.01sec, #1
0023 and 0030: [23/28], H[7], 0.00sec
0027 and 0031: 32 matches, 0.01sec, #0
0027 and 0031: [28/32], H[17], 0.00sec
0019 and 0031: 22 matches, 0.02sec, #1
0024 and 0030: 27 matches, 0.01sec, #2
0024 and 0030: [19/27], H[7], 0.00sec
0020 and 0031: 25 matches, 0.01sec, #1
0028 and 0031: 36 matches, 0.02sec, #0
0020 and 0031: [19/25], H[10], 0.00sec
0028 and 0031: [32/36], H[18], 0.00sec
0004 and 0032: 22 matches, 0.01sec, #2
0021 and 0031: 24 matches, 0.01sec, #1
0029 and 0031: 36 matches, 0.01sec, #0
0005 and 0032: 19 matches, 0.01sec, #2
0029 and 0031: [33/36], H[18], 0.00sec
0022 and 0031: 23 matches, 0.01sec, #1
0006 and 0032: 23 matches, 0.02sec, #2
0023 and 0031: 25 matches, 0.01sec, #1
0030 and 0031: 34 matches, 0.01sec, #0
0023 and 0031: [18/25], H[12], 0.00sec
0030 and 0031: [27/34], H[12], 0.00sec
0007 and 0032: 25 matches, 0.01sec, #2
0007 and 0032: [15/25], H[5], 0.01sec
0024 and 0031: 21 matches, 0.01sec, #1
0000 and 0032: 20 matches, 0.01sec, #0
0014 and 0032: 23 matches, 0.02sec, #1
0001 and 0032: 20 matches, 0.02sec, #0
0008 and 0032: 18 matches, 0.02sec, #2
0015 and 0032: 19 matches, 0.01sec, #1
0002 and 0032: 24 matches, 0.01sec, #0
0009 and 0032: 20 matches, 0.01sec, #2
0016 and 0032: 25 matches, 0.01sec, #1
0003 and 0032: 24 matches, 0.01sec, #0
0016 and 0032: [15/25], H[5], 0.00sec
0010 and 0032: 25 matches, 0.01sec, #2
0024 and 0032: 26 matches, 0.01sec, #0
0010 and 0032: [17/25], H[8], 0.00sec
0024 and 0032: [24/26], H[18], 0.00sec
0017 and 0032: 23 matches, 0.01sec, #1
0018 and 0032: 23 matches, 0.02sec, #1
0025 and 0032: 26 matches, 0.02sec, #0
0011 and 0032: 25 matches, 0.02sec, #2
0025 and 0032: [18/26], H[7], 0.00sec
0011 and 0032: [21/25], H[15], 0.00sec
0019 and 0032: 23 matches, 0.01sec, #1
0020 and 0032: 32 matches, 0.01sec, #1
0020 and 0032: [22/32], H[15], 0.00sec
0026 and 0032: 29 matches, 0.02sec, #0
0026 and 0032: [24/29], H[14], 0.00sec
0012 and 0032: 21 matches, 0.02sec, #2
0021 and 0032: 30 matches, 0.01sec, #1
0021 and 0032: [23/30], H[11], 0.00sec
0013 and 0032: 19 matches, 0.03sec, #2
0027 and 0032: 33 matches, 0.02sec, #0
0027 and 0032: [30/33], H[14], 0.00sec
0022 and 0032: 21 matches, 0.01sec, #1
0002 and 0033: 22 matches, 0.02sec, #2
0023 and 0032: 22 matches, 0.01sec, #1
0028 and 0032: 27 matches, 0.02sec, #0
0028 and 0032: [23/27], H[13], 0.00sec
0003 and 0033: 7 matches, 0.01sec, #2
0012 and 0033: 16 matches, 0.01sec, #1
0004 and 0033: 20 matches, 0.02sec, #2
0029 and 0032: 29 matches, 0.01sec, #0
0029 and 0032: [27/29], H[9], 0.00sec
0013 and 0033: 14 matches, 0.02sec, #1
0005 and 0033: 16 matches, 0.02sec, #2
0014 and 0033: 20 matches, 0.02sec, #1
0030 and 0032: 28 matches, 0.01sec, #0
0030 and 0032: [24/28], H[8], 0.00sec
0006 and 0033: 25 matches, 0.02sec, #2
0015 and 0033: 19 matches, 0.01sec, #1
0006 and 0033: [18/25], H[6], 0.00sec
0031 and 0032: 29 matches, 0.01sec, #0
0031 and 0032: [27/29], H[14], 0.00sec
0016 and 0033: 17 matches, 0.01sec, #1
0007 and 0033: 24 matches, 0.01sec, #2
0000 and 0033: 19 matches, 0.02sec, #0
0008 and 0033: 16 matches, 0.01sec, #2
0017 and 0033: 19 matches, 0.04sec, #1
0001 and 0033: 17 matches, 0.02sec, #0
0009 and 0033: 17 matches, 0.01sec, #2
0018 and 0033: 20 matches, 0.02sec, #1
0022 and 0033: 24 matches, 0.02sec, #0
0010 and 0033: 16 matches, 0.02sec, #2
0023 and 0033: 19 matches, 0.02sec, #0
0011 and 0033: 19 matches, 0.02sec, #2
0024 and 0033: 23 matches, 0.01sec, #0
0019 and 0033: 21 matches, 0.05sec, #1
0032 and 0033: 43 matches, 0.03sec, #2
0032 and 0033: [35/43], H[8], 0.00sec
0025 and 0033: 21 matches, 0.02sec, #0
0020 and 0033: 26 matches, 0.02sec, #1
0020 and 0033: [20/26], H[9], 0.00sec
0026 and 0033: 25 matches, 0.01sec, #0
0026 and 0033: [23/25], H[17], 0.00sec
0000 and 0034: 18 matches, 0.01sec, #2
0021 and 0033: 21 matches, 0.01sec, #1
0001 and 0034: 15 matches, 0.01sec, #2
0027 and 0033: 21 matches, 0.01sec, #0
0009 and 0034: 12 matches, 0.01sec, #1
0002 and 0034: 19 matches, 0.01sec, #2
0028 and 0033: 23 matches, 0.01sec, #0
0010 and 0034: 17 matches, 0.01sec, #1
0003 and 0034: 10 matches, 0.01sec, #2
0029 and 0033: 23 matches, 0.01sec, #0
0011 and 0034: 18 matches, 0.01sec, #1
0004 and 0034: 21 matches, 0.01sec, #2
0030 and 0033: 22 matches, 0.01sec, #0
0012 and 0034: 19 matches, 0.01sec, #1
0005 and 0034: 18 matches, 0.01sec, #2
0031 and 0033: 26 matches, 0.01sec, #0
0031 and 0033: [23/26], H[11], 0.00sec
0006 and 0034: 19 matches, 0.01sec, #2
0013 and 0034: 15 matches, 0.02sec, #1
0007 and 0034: 24 matches, 0.01sec, #2
0014 and 0034: 13 matches, 0.02sec, #1
0019 and 0034: 25 matches, 0.02sec, #0
0008 and 0034: 13 matches, 0.02sec, #2
0019 and 0034: [19/25], H[10], 0.00sec
0015 and 0034: 17 matches, 0.01sec, #1
0027 and 0034: 29 matches, 0.01sec, #2
0027 and 0034: [26/29], H[16], 0.00sec
0016 and 0034: 16 matches, 0.01sec, #1
0020 and 0034: 25 matches, 0.01sec, #0
0020 and 0034: [20/25], H[9], 0.00sec
0028 and 0034: 23 matches, 0.01sec, #2
0029 and 0034: 24 matches, 0.01sec, #2
0021 and 0034: 23 matches, 0.01sec, #0
0017 and 0034: 17 matches, 0.04sec, #1
0030 and 0034: 27 matches, 0.01sec, #2
0022 and 0034: 19 matches, 0.01sec, #0
0030 and 0034: [20/27], H[14], 0.00sec
0018 and 0034: 18 matches, 0.01sec, #1
0023 and 0034: 21 matches, 0.01sec, #0
0031 and 0034: 23 matches, 0.01sec, #1
0024 and 0034: 20 matches, 0.01sec, #0
0033 and 0034: 36 matches, 0.02sec, #2
0033 and 0034: [31/36], H[8], 0.00sec
0032 and 0034: 38 matches, 0.02sec, #1
0025 and 0034: 22 matches, 0.01sec, #0
0032 and 0034: [31/38], H[20], 0.00sec
0026 and 0034: 23 matches, 0.01sec, #0

###########-------timing------#########
595 Image Match finished, 7 sec used
#############################

----------------------------------------------------------------
Compute Missing Pairwise Matching, finished
Totally 10.000 seconds used


Run full 3D reconstruction, begin...
231 pairs have two-view models
354 pairs have fundamental matrices
Initialize with masked25 and masked26
44 3D points initialized from two images
PBA library version = 105
PBA: 44 3D pts, 2 cams and 88 projs...
PBA: 0.109 -> 0.095 (1 LMs in 0.10sec)
Focal Length : [720.000]->[718.711]
Focal Length : [720.000]->[721.654]

#############################
#3: [masked27] sees 45 (+21) 3D points
Estimated Focal Length [819][1.36N]
# 73 projs (22 pts and 0 merges)
PBA: 66 3D pts, 3 cams and 161 projs...
PBA: 5.466 -> 1.672 (45 LMs in 0.12sec)

**************************************
#3/3:  73 projs and 22 pts added.
PBA: 65 3D pts, 3 cams and 159 projs...
PBA: 2.761 -> 1.057 (50 LMs in 0.16sec)
PBA: 65 3D pts, 3 cams and 159 projs...
PBA: 1.057 -> 1.047 (50 LMs in 0.17sec)
Focal Length : [818.678]->[839.693]
Radial Distortion : [0.054 -> 2]

#############################
#4: [masked28] sees 88 (+16) 3D points
Estimated Focal Length [4644][7.74N]
# 58 projs (5 pts and 0 merges)
PBA: 68 3D pts, 4 cams and 213 projs...
PBA: 1.536 -> 1.536 (0 LMs in 0.00sec)
#points w/ large errors:	2
Focal Length : [4644.204]->[4644.204]
Radial Distortion : [0.000 -> 0]

#############################
#5: [masked30] sees 102 (+20) 3D points
Estimated Focal Length [678][1.13N]
# 34 projs (0 pts and 0 merges)
PBA: 64 3D pts, 5 cams and 237 projs...
PBA: 2.578 -> 0.600 (24 LMs in 0.24sec)
#points w/ large errors:	2

**************************************
#5/5:  34 projs and 0 pts added.
PBA: 64 3D pts, 5 cams and 237 projs...
PBA: 0.600 -> 0.600 (11 LMs in 0.04sec)
PBA: 64 3D pts, 5 cams and 237 projs...
PBA: 0.600 -> 0.600 (11 LMs in 0.04sec)
Focal Length : [678.449]->[946.064]
Radial Distortion : [-0.012 -> -1]

#############################
#6: [masked29] sees 135 (+22) 3D points
Estimated Focal Length [945][1.58N]
# 48 projs (2 pts and 0 merges)
PBA: 66 3D pts, 6 cams and 285 projs...
PBA: 1.312 -> 1.312 (0 LMs in 0.00sec)
Focal Length : [945.225]->[945.225]
Radial Distortion : [0.000 -> 0]

#############################
#7: [masked24] sees 131 (+14) 3D points
Estimated Focal Length [1510][2.52N]
# 35 projs (0 pts and 0 merges)
PBA: 66 3D pts, 7 cams and 320 projs...
PBA: 3.244 -> 3.244 (0 LMs in 0.00sec)
#points w/ large errors:	2

**************************************
#7/7:  35 projs and 0 pts added.
PBA: 64 3D pts, 7 cams and 310 projs...
PBA: 1.821 -> 1.821 (0 LMs in 0.00sec)
PBA: 64 3D pts, 7 cams and 310 projs...
PBA: 1.821 -> 1.821 (0 LMs in 0.00sec)
Focal Length : [1509.881]->[1509.881]
Radial Distortion : [0.000 -> 0]

#############################
#8: [masked23] sees 100 (+18) 3D points
Estimated Focal Length [249][0.41W]
# 27 projs (0 pts and 0 merges)
PBA: 64 3D pts, 8 cams and 337 projs...
PBA: 3.480 -> 3.480 (0 LMs in 0.00sec)
#points w/ large errors:	3
Focal Length : [248.645]->[248.645]
Radial Distortion : [0.000 -> 0]

#############################
#9: [masked19] sees 82 (+20) 3D points
Estimated Focal Length [418][0.70N]
# 30 projs (0 pts and 0 merges)
PBA: 61 3D pts, 9 cams and 350 projs...
PBA: 3.798 -> 3.798 (0 LMs in 0.00sec)
#points w/ large errors:	6

**************************************
#9/9:  30 projs and 0 pts added.
PBA: 55 3D pts, 9 cams and 315 projs...
PBA: 2.004 -> 2.004 (0 LMs in 0.00sec)
PBA: 55 3D pts, 9 cams and 315 projs...
PBA: 2.004 -> 2.004 (0 LMs in 0.00sec)
Focal Length : [417.842]->[417.842]
Radial Distortion : [0.000 -> 0]

#############################
#10: [masked20] sees 101 (+23) 3D points
Estimated Focal Length [3968][6.61N]
# 24 projs (0 pts and 0 merges)
PBA: 55 3D pts, 10 cams and 339 projs...
PBA: 2.575 -> 2.575 (0 LMs in 0.00sec)
#points w/ large errors:	3
Focal Length : [3968.294]->[3968.294]
Radial Distortion : [0.000 -> 0]

#############################
#11: [masked21] sees 167 (+19) 3D points
Estimated Focal Length [634][1.06N]
# 147 projs (36 pts and 0 merges)
PBA: 82 3D pts, 11 cams and 450 projs...
PBA: 5.803 -> 5.803 (0 LMs in 0.00sec)
#points w/ large errors:	2
Focal Length : [633.764]->[633.764]
Radial Distortion : [0.000 -> 0]

#############################
#12: [masked17] sees 124 (+13) 3D points
Estimated Focal Length [348][0.58W]
# 36 projs (0 pts and 0 merges)
PBA: 80 3D pts, 12 cams and 477 projs...
PBA: 7.673 -> 7.673 (0 LMs in 0.00sec)
#points w/ large errors:	21

**************************************
#12/12:  36 projs and 0 pts added.
PBA: 59 3D pts, 12 cams and 399 projs...
PBA: 2.651 -> 2.651 (0 LMs in 0.00sec)
PBA: 59 3D pts, 12 cams and 399 projs...
PBA: 2.651 -> 2.651 (0 LMs in 0.00sec)
Focal Length : [347.929]->[347.929]
Radial Distortion : [0.000 -> 0]

#############################
#13: [masked15] sees 113 (+21) 3D points
Estimated Focal Length [3932][6.55N]
# 28 projs (0 pts and 0 merges)
PBA: 59 3D pts, 13 cams and 427 projs...
PBA: 3.140 -> 3.140 (0 LMs in 0.00sec)
#points w/ large errors:	4
Focal Length : [3932.361]->[3932.361]
Radial Distortion : [0.000 -> 0]

#############################
#14: [masked11] sees 80 (+25) 3D points
Estimated Focal Length [224][0.37W]
# 28 projs (0 pts and 0 merges)
PBA: 55 3D pts, 14 cams and 423 projs...
PBA: 4.047 -> 4.047 (0 LMs in 0.00sec)
#points w/ large errors:	1
Focal Length : [223.612]->[223.612]
Radial Distortion : [0.000 -> 0]

#############################
#15: [masked10] sees 100 (+33) 3D points
Estimated Focal Length [882][1.47N]
# 24 projs (0 pts and 0 merges)
PBA: 54 3D pts, 15 cams and 437 projs...
PBA: 3.335 -> 3.335 (0 LMs in 0.00sec)
#points w/ large errors:	4
Focal Length : [881.837]->[881.837]
Radial Distortion : [0.000 -> 0]

#############################
#16: [masked14] sees 71 (+35) 3D points
Estimated Focal Length [146][0.24W]
# 159 projs (44 pts and 0 merges)
PBA: 92 3D pts, 16 cams and 557 projs...
PBA: 5.554 -> 5.554 (0 LMs in 0.00sec)
#points w/ large errors:	4

**************************************
#16/16:  159 projs and 44 pts added.
PBA: 86 3D pts, 16 cams and 512 projs...
PBA: 4.946 -> 4.946 (0 LMs in 0.00sec)
PBA: 86 3D pts, 16 cams and 512 projs...
PBA: 4.946 -> 4.946 (0 LMs in 0.00sec)
Focal Length : [146.434]->[146.434]
Radial Distortion : [0.000 -> 0]

#############################
#17: [masked9] sees 89 (+23) 3D points
Estimated Focal Length [119][0.20W]
# 19 projs (0 pts and 0 merges)
ERROR: too few projections are initiated

#############################
#17: [masked6] sees 221 (+12) 3D points
Estimated Focal Length [481][0.80N]
# 59 projs (0 pts and 0 merges)
PBA: 82 3D pts, 17 cams and 563 projs...
PBA: 7.928 -> 7.928 (0 LMs in 0.00sec)
#points w/ large errors:	9
Focal Length : [480.971]->[480.971]
Radial Distortion : [0.000 -> 0]

#############################
#18: [masked4] sees 122 (+18) 3D points
Estimated Focal Length [531][0.89N]
# 37 projs (0 pts and 0 merges)
PBA: 74 3D pts, 18 cams and 576 projs...
PBA: 8.252 -> 8.252 (0 LMs in 0.00sec)
#points w/ large errors:	9
Focal Length : [531.298]->[531.298]
Radial Distortion : [0.000 -> 0]

#############################
#19: [masked8] sees 130 (+21) 3D points
Estimated Focal Length [332][0.55W]
# 32 projs (0 pts and 0 merges)
PBA: 65 3D pts, 19 cams and 539 projs...
PBA: 7.754 -> 7.754 (0 LMs in 0.00sec)
#points w/ large errors:	4
Focal Length : [332.138]->[332.138]
Radial Distortion : [0.000 -> 0]

#############################
#20: [masked1] sees 70 (+23) 3D points
Estimated Focal Length [331][0.55W]
# 22 projs (0 pts and 0 merges)
PBA: 61 3D pts, 20 cams and 523 projs...
PBA: 7.248 -> 7.248 (0 LMs in 0.00sec)
#points w/ large errors:	6
Focal Length : [330.668]->[330.668]
Radial Distortion : [0.000 -> 0]

#############################
#21: [masked2] sees 117 (+29) 3D points
Estimated Focal Length [465][0.77N]
# 24 projs (0 pts and 0 merges)
SKIP: 0 cams, 35 points, 42 projs
PBA: 55 3D pts, 20 cams and 505 projs...
PBA: 7.356 -> 7.356 (0 LMs in 0.00sec)
#points w/ large errors:	2

**************************************
#21/21:  24 projs and 0 pts added.
PBA: 53 3D pts, 21 cams and 484 projs...
PBA: 5.524 -> 5.524 (0 LMs in 0.00sec)
PBA: 53 3D pts, 21 cams and 484 projs...
PBA: 5.524 -> 5.524 (0 LMs in 0.00sec)
Focal Length : [464.872]->[464.872]
Radial Distortion : [0.000 -> 0]

#############################
#22: [masked0] sees 107 (+25) 3D points
Estimated Focal Length [439][0.73N]
# 21 projs (0 pts and 0 merges)
ERROR: too few projections are initiated

#############################
#22: [masked3] sees 100 (+26) 3D points
Estimated Focal Length [563][0.94N]
# 30 projs (0 pts and 0 merges)
SKIP: 0 cams, 40 points, 19 projs
PBA: 53 3D pts, 21 cams and 516 projs...
PBA: 6.230 -> 6.230 (0 LMs in 0.00sec)
#points w/ large errors:	5
Focal Length : [563.178]->[563.178]
Radial Distortion : [0.000 -> 0]

#############################
#23: [masked12] sees 167 (+17) 3D points
Estimated Focal Length [160][0.27W]
# 28 projs (0 pts and 0 merges)
SKIP: 0 cams, 48 points, 64 projs
PBA: 44 3D pts, 20 cams and 478 projs...
PBA: 6.956 -> 6.956 (0 LMs in 0.00sec)
#points w/ large errors:	1
Focal Length : [159.958]->[159.958]
Radial Distortion : [0.000 -> 0]

#############################
#24: [masked7] sees 194 (+19) 3D points
Estimated Focal Length [944][1.57N]
# 16 projs (0 pts and 0 merges)
ERROR: too few projections are initiated

#############################
#24: [masked5] sees 164 (+19) 3D points
Estimated Focal Length [742][1.24N]
# 21 projs (0 pts and 0 merges)
ERROR: too few projections are initiated

#############################
#24: [masked13] sees 148 (+21) 3D points
Estimated Focal Length [186][0.31W]
# 229 projs (38 pts and 1 merges)
SKIP: 0 cams, 11 points, 42 projs
PBA: 81 3D pts, 22 cams and 710 projs...
PBA: 11.734 -> 11.734 (0 LMs in 0.00sec)
#points w/ large errors:	5
Focal Length : [186.101]->[186.101]
Radial Distortion : [0.000 -> 0]

#############################
#25: [masked18] sees 228 (+16) 3D points
Estimated Focal Length [404][0.67W]
# 212 projs (44 pts and 5 merges)
SKIP: 0 cams, 4 points, 81 projs
PBA: 106 3D pts, 20 cams and 843 projs...
PBA: 10.494 -> 10.494 (0 LMs in 0.00sec)
#points w/ large errors:	21
Focal Length : [404.373]->[404.373]
Radial Distortion : [0.000 -> 0]

#############################
#26: [masked16] sees 256 (+11) 3D points
Estimated Focal Length [513][0.85N]
# 77 projs (0 pts and 0 merges)
PBA: 87 3D pts, 26 cams and 792 projs...
PBA: 10.625 -> 10.625 (0 LMs in 0.00sec)
#points w/ large errors:	11
Focal Length : [512.893]->[512.893]
Radial Distortion : [0.000 -> 0]

#############################
#27: [masked32] sees 101 (+13) 3D points
Estimated Focal Length [257][0.43W]
# 159 projs (33 pts and 1 merges)
SKIP: 0 cams, 3 points, 57 projs
PBA: 107 3D pts, 20 cams and 894 projs...
PBA: 11.841 -> 11.841 (0 LMs in 0.00sec)
#points w/ large errors:	20

**************************************
#27/27:  159 projs and 33 pts added.
PBA: 87 3D pts, 27 cams and 671 projs...
PBA: 7.182 -> 7.182 (0 LMs in 0.00sec)
PBA: 87 3D pts, 27 cams and 671 projs...
PBA: 7.182 -> 7.182 (0 LMs in 0.00sec)
Focal Length : [256.511]->[256.511]
Radial Distortion : [0.000 -> 0]

#############################
#28: [masked31] sees 118 (+10) 3D points
Estimated Focal Length [611][1.02N]
# 102 projs (22 pts and 1 merges)
SKIP: 0 cams, 7 points, 8 projs
PBA: 104 3D pts, 20 cams and 765 projs...
PBA: 7.722 -> 7.722 (0 LMs in 0.00sec)
#points w/ large errors:	13
Focal Length : [610.638]->[610.638]
Radial Distortion : [0.000 -> 0]

#############################
#29: [masked33] sees 60 (+14) 3D points
Estimated Focal Length [382][0.64W]
# 76 projs (21 pts and 0 merges)
SKIP: 0 cams, 1 points, 75 projs
PBA: 111 3D pts, 20 cams and 764 projs...
PBA: 7.585 -> 7.585 (0 LMs in 0.00sec)
#points w/ large errors:	19
Focal Length : [381.952]->[381.952]
Radial Distortion : [0.000 -> 0]

#############################
#30: [masked34] sees 87 (+13) 3D points
Estimated Focal Length [354][0.59W]
# 99 projs (24 pts and 2 merges)
SKIP: 0 cams, 1 points, 89 projs
PBA: 113 3D pts, 20 cams and 774 projs...
PBA: 4.840 -> 4.840 (0 LMs in 0.00sec)
#points w/ large errors:	7
Focal Length : [353.638]->[353.638]
Radial Distortion : [0.000 -> 0]

#############################
#31: [masked22] sees 182 (+4) 3D points
Estimated Focal Length [341][0.57W]
# 247 projs (35 pts and 8 merges)
SKIP: 0 cams, 5 points, 34 projs
PBA: 128 3D pts, 20 cams and 987 projs...
PBA: 7.524 -> 7.524 (0 LMs in 0.00sec)
#points w/ large errors:	15
Focal Length : [341.388]->[341.388]
Radial Distortion : [0.000 -> 0]

#############################
#32: [masked0] sees 104 (+42) 3D points
Estimated Focal Length [390][0.65W]
# 105 projs (0 pts and 0 merges)
PBA: 114 3D pts, 32 cams and 1036 projs...
PBA: 9.907 -> 9.907 (0 LMs in 0.00sec)
#points w/ large errors:	22
Focal Length : [389.819]->[389.819]
Radial Distortion : [0.000 -> 0]

#############################
#33: [masked7] sees 284 (+24) 3D points
Estimated Focal Length [1188][1.98N]
# 65 projs (0 pts and 0 merges)
SKIP: 0 cams, 57 points, 188 projs
PBA: 77 3D pts, 20 cams and 915 projs...
PBA: 9.836 -> 9.836 (0 LMs in 0.00sec)
#points w/ large errors:	6
Focal Length : [1188.136]->[1188.136]
Radial Distortion : [0.000 -> 0]

#############################
#34: [masked5] sees 239 (+23) 3D points
Estimated Focal Length [313][0.52W]
# 45 projs (0 pts and 0 merges)
SKIP: 0 cams, 67 points, 122 projs
PBA: 67 3D pts, 20 cams and 883 projs...
PBA: 9.166 -> 9.166 (0 LMs in 0.00sec)
#points w/ large errors:	6

**************************************
#34/34:  45 projs and 0 pts added.
PBA: 79 3D pts, 34 cams and 836 projs...
PBA: 7.395 -> 7.395 (0 LMs in 0.00sec)
PBA: 79 3D pts, 34 cams and 836 projs...
PBA: 7.395 -> 7.395 (0 LMs in 0.00sec)
Focal Length : [312.552]->[312.552]
Radial Distortion : [0.000 -> 0]

#############################
#35: [masked9] sees 240 (+18) 3D points
Estimated Focal Length [1186][1.98N]
# 36 projs (0 pts and 0 merges)
SKIP: 0 cams, 71 points, 32 projs
PBA: 64 3D pts, 20 cams and 840 projs...
PBA: 8.127 -> 8.127 (0 LMs in 0.00sec)
#points w/ large errors:	6
Focal Length : [1185.668]->[1185.667]
Radial Distortion : [0.000 -> 0]
END: No more images to add [0 projs]

#############################
Failed to find two images for initialization
Resuming SfM finished, 2 sec used

---------------------------------------------------
35 cams, 135 pts (3+: 52)
872 projections (3+: 738)
---------------------------------------------------
1 model(s) reconstructed from 35 images;
35 modeled; 0 reused; 0 EXIF; 
0MB(0) used to store feature location.
---------------------------------------------------

########-------timing------#########
Structure-From-Motion finished, 3 sec used
1.4(1.2) seconds on Bundle Adjustment (+)
1.0(0.9) seconds on Bundle Adjustment (*)
#############################
----------------------------------------------------------------
Run full 3D reconstruction, finished
Totally 3.000 seconds used


Run dense reconstruction, begin...
Save to temp.nvm ... done

#############################
Undistorting 35 images in model #0
param_undistortion_thread_num = 0
NOTE: using 8 threads...
#06: masked20 -> 00000009.jpg, 0.003 sec
#05: masked19 -> 00000008.jpg, 0.003 sec
#03: masked24 -> 00000006.jpg, 0.003 sec
#07: masked21 -> 00000010.jpg, 0.003 sec
#04: masked23 -> 00000007.jpg, 0.003 sec
#06: masked17 -> 00000011.jpg, 0.001 sec
#05: masked11 -> 00000013.jpg, 0.001 sec
#03: masked14 -> 00000015.jpg, 0.001 sec
#07: masked4 -> 00000017.jpg, 0.001 sec
#04: masked1 -> 00000019.jpg, 0.002 sec
#06: masked15 -> 00000012.jpg, 0.001 sec
#05: masked10 -> 00000014.jpg, 0.001 sec
#03: masked6 -> 00000016.jpg, 0.002 sec
#07: masked8 -> 00000018.jpg, 0.001 sec
#04: masked2 -> 00000020.jpg, 0.001 sec
#06: masked3 -> 00000021.jpg, 0.002 sec
#05: masked13 -> 00000023.jpg, 0.001 sec
#01: masked27 -> 00000002.jpg, 0.053 sec
#00: masked25 -> 00000000.jpg, 0.057 sec
#03: masked16 -> 00000025.jpg, 0.002 sec
#02: masked30 -> 00000004.jpg, 0.059 sec
#07: masked31 -> 00000027.jpg, 0.001 sec
#04: masked34 -> 00000029.jpg, 0.001 sec
#06: masked12 -> 00000022.jpg, 0.001 sec
#05: masked18 -> 00000024.jpg, 0.001 sec
#03: masked32 -> 00000026.jpg, 0.002 sec
#02: masked29 -> 00000005.jpg, 0.001 sec
#07: masked33 -> 00000028.jpg, 0.002 sec
#04: masked22 -> 00000030.jpg, 0.002 sec
#06: masked0 -> 00000031.jpg, 0.001 sec
#05: masked5 -> 00000033.jpg, 0.001 sec
#06: masked7 -> 00000032.jpg, 0.001 sec
#01: masked28 -> 00000003.jpg, 0.047 sec
#05: masked9 -> 00000034.jpg, 0.001 sec
#00: masked26 -> 00000001.jpg, 0.047 sec
----------------------------------------------------------------
Running Yasutaka Furukawa's CMVS tool...
cmvs C:\Users\chin1\Desktop\final\img\resized\masked\temp.nvm.cmvs\00\ 50 8
genOption C:\Users\chin1\Desktop\final\img\resized\masked\temp.nvm.cmvs\00\ 1 2 0.700000 7 3 8
1 cluster is generated for pmvs reconstruction.
pmvs2 C:\Users\chin1\Desktop\final\img\resized\masked\temp.nvm.cmvs\00\ option-0000
This may take a little more time, waiting...
2 seconds were used by PMVS
Loading option-0000.ply, 2182 vertices ...
Loading patches and estimating point sizes..

#############################
You can manually remove bad MVS points:
1. Switch to dense MVS points mode;
2. Hit F1 key to enter the selection mode;
3. Select points by dragging a rectangle;
4. Hit DELETE to delete the selected points.

#############################
Save to temp.nvm ... done
Save C:\Users\chin1\Desktop\final\img\resized\masked\temp.0.ply ...done
----------------------------------------------------------------
Run dense reconstruction, finished
Totally 2.000 seconds used

