
VisualSFM 3D reconstruction, begin...
Searching images in the specified folder
0: masked0
image_size:	600x400
1: masked1
image_size:	600x400
2: masked10
image_size:	600x400
3: masked11
image_size:	600x400
4: masked12
image_size:	600x400
5: masked13
image_size:	600x400
6: masked14
image_size:	600x400
7: masked15
image_size:	600x400
8: masked16
image_size:	600x400
9: masked17
image_size:	600x400
10: masked18
image_size:	600x400
11: masked19
image_size:	600x400
12: masked2
image_size:	600x400
13: masked20
image_size:	600x400
14: masked21
image_size:	600x400
15: masked22
image_size:	600x400
16: masked23
image_size:	600x400
17: masked24
image_size:	600x400
18: masked25
image_size:	600x400
19: masked26
image_size:	600x400
20: masked27
image_size:	600x400
21: masked28
image_size:	600x400
22: masked29
image_size:	600x400
23: masked3
image_size:	600x400
24: masked30
image_size:	600x400
25: masked31
image_size:	600x400
26: masked32
image_size:	600x400
27: masked33
image_size:	600x400
28: masked34
image_size:	600x400
29: masked35
image_size:	600x400
30: masked36
image_size:	600x400
31: masked37
image_size:	600x400
32: masked38
image_size:	600x400
33: masked39
image_size:	600x400
34: masked4
image_size:	600x400
35: masked40
image_size:	600x400
36: masked5
image_size:	600x400
37: masked6
image_size:	600x400
38: masked7
image_size:	600x400
39: masked8
image_size:	600x400
40: masked9
image_size:	600x400
Loading image pixel data ...done in 0s
Compute all missing matches
********* WARNING ***********
More than 87MB of graphic memory may be allocated
under the default settings. If the program halts here,
adjust parameters to save memory and rerun the task: 
    [Tools->Enable GPU->Set Maximum DIM]
Note some octaves may be automatically skipped
SIFT: 0000, 600x400, 	71, 2.03sec
SIFT: 0001, 600x400, 	72, 0.03sec
SIFT: 0002, 600x400, 	78, 0.03sec
SIFT: 0003, 600x400, 	80, 0.02sec
SIFT: 0004, 600x400, 	80, 0.03sec
SIFT: 0005, 600x400, 	65, 0.03sec
SIFT: 0006, 600x400, 	77, 0.03sec
SIFT: 0007, 600x400, 	81, 0.03sec
SIFT: 0008, 600x400, 	72, 0.03sec
SIFT: 0009, 600x400, 	82, 0.03sec
SIFT: 0010, 600x400, 	77, 0.03sec
SIFT: 0011, 600x400, 	65, 0.03sec
SIFT: 0012, 600x400, 	83, 0.03sec
SIFT: 0013, 600x400, 	81, 0.04sec
SIFT: 0014, 600x400, 	64, 0.03sec
SIFT: 0015, 600x400, 	60, 0.03sec
SIFT: 0016, 600x400, 	72, 0.03sec
SIFT: 0017, 600x400, 	76, 0.03sec
SIFT: 0018, 600x400, 	71, 0.03sec
SIFT: 0019, 600x400, 	80, 0.02sec
SIFT: 0020, 600x400, 	74, 0.03sec
SIFT: 0021, 600x400, 	77, 0.03sec
SIFT: 0022, 600x400, 	84, 0.03sec
SIFT: 0023, 600x400, 	73, 0.03sec
SIFT: 0024, 600x400, 	74, 0.02sec
SIFT: 0025, 600x400, 	71, 0.03sec
SIFT: 0026, 600x400, 	80, 0.03sec
SIFT: 0027, 600x400, 	76, 0.03sec
SIFT: 0028, 600x400, 	68, 0.03sec
SIFT: 0029, 600x400, 	54, 0.03sec
SIFT: 0030, 600x400, 	57, 0.03sec
SIFT: 0031, 600x400, 	42, 0.03sec
SIFT: 0032, 600x400, 	49, 0.03sec
SIFT: 0033, 600x400, 	43, 0.03sec
SIFT: 0034, 600x400, 	74, 0.03sec
SIFT: 0035, 600x400, 	30, 0.03sec
SIFT: 0036, 600x400, 	74, 0.03sec
SIFT: 0037, 600x400, 	83, 0.03sec
SIFT: 0038, 600x400, 	75, 0.04sec
SIFT: 0039, 600x400, 	76, 0.04sec
SIFT: 0040, 600x400, 	70, 0.03sec

###########-------timing------#########
41 Feature Detection finished, 3 sec used
#############################

820 pairs to compute match
NOTE: using 3 matching workers
0001 and 0002: 32 matches, 0.01sec, #2
0001 and 0002: [23/32], H[10], 0.00sec
0000 and 0002: 33 matches, 0.02sec, #1
0000 and 0002: [31/33], H[11], 0.00sec
0003 and 0005: 48 matches, 0.01sec, #1
0000 and 0003: 29 matches, 0.02sec, #2
0003 and 0005: [44/48], H[14], 0.00sec
0000 and 0003: [25/29], H[11], 0.00sec
0001 and 0003: 34 matches, 0.01sec, #2
0004 and 0005: 32 matches, 0.01sec, #1
0001 and 0003: [30/34], H[10], 0.00sec
0004 and 0005: [31/32], H[22], 0.00sec
0002 and 0003: 48 matches, 0.01sec, #2
0002 and 0003: [46/48], H[26], 0.00sec
0000 and 0006: 28 matches, 0.01sec, #1
0000 and 0006: [22/28], H[15], 0.00sec
0000 and 0004: 26 matches, 0.01sec, #2
0000 and 0004: [19/26], H[4], 0.00sec
0001 and 0006: 23 matches, 0.01sec, #1
0000 and 0001: 42 matches, 0.12sec, #0
0000 and 0001: [42/42], H[30], 0.00sec
0002 and 0006: 47 matches, 0.01sec, #1
0002 and 0006: [38/47], H[17], 0.00sec
0001 and 0004: 31 matches, 0.01sec, #2
0001 and 0004: [21/31], H[11], 0.00sec
0002 and 0007: 35 matches, 0.01sec, #0
0002 and 0007: [28/35], H[10], 0.00sec
0003 and 0006: 47 matches, 0.01sec, #1
0003 and 0006: [43/47], H[21], 0.00sec
0002 and 0004: 48 matches, 0.01sec, #2
0002 and 0004: [44/48], H[28], 0.00sec
0004 and 0006: 49 matches, 0.01sec, #1
0003 and 0007: 44 matches, 0.01sec, #0
0004 and 0006: [44/49], H[34], 0.00sec
0003 and 0007: [37/44], H[14], 0.00sec
0003 and 0004: 51 matches, 0.01sec, #2
0003 and 0004: [46/51], H[38], 0.00sec
0005 and 0006: 38 matches, 0.01sec, #1
0005 and 0006: [35/38], H[14], 0.00sec
0004 and 0007: 40 matches, 0.01sec, #0
0004 and 0007: [33/40], H[18], 0.00sec
0000 and 0005: 22 matches, 0.01sec, #2
0000 and 0007: 26 matches, 0.01sec, #1
0000 and 0007: [20/26], H[5], 0.00sec
0005 and 0007: 36 matches, 0.01sec, #0
0005 and 0007: [32/36], H[23], 0.00sec
0001 and 0005: 29 matches, 0.02sec, #2
0001 and 0005: [24/29], H[19], 0.00sec
0001 and 0007: 21 matches, 0.01sec, #1
0006 and 0007: 48 matches, 0.01sec, #0
0006 and 0007: [41/48], H[23], 0.00sec
0005 and 0008: 27 matches, 0.01sec, #1
0002 and 0005: 34 matches, 0.01sec, #2
0005 and 0008: [25/27], H[15], 0.00sec
0002 and 0005: [29/34], H[16], 0.00sec
0000 and 0008: 26 matches, 0.01sec, #0
0000 and 0008: [19/26], H[9], 0.00sec
0006 and 0008: 36 matches, 0.01sec, #1
0007 and 0009: 37 matches, 0.01sec, #2
0007 and 0009: [33/37], H[16], 0.00sec
0006 and 0008: [29/36], H[13], 0.00sec
0008 and 0009: 41 matches, 0.01sec, #2
0001 and 0008: 15 matches, 0.01sec, #0
0008 and 0009: [36/41], H[20], 0.00sec
0007 and 0008: 41 matches, 0.01sec, #1
0007 and 0008: [36/41], H[28], 0.00sec
0002 and 0008: 36 matches, 0.01sec, #0
0002 and 0008: [30/36], H[9], 0.00sec
0000 and 0010: 23 matches, 0.01sec, #2
0000 and 0009: 23 matches, 0.01sec, #1
0001 and 0010: 16 matches, 0.01sec, #2
0003 and 0008: 27 matches, 0.01sec, #0
0003 and 0008: [24/27], H[16], 0.00sec
0001 and 0009: 21 matches, 0.01sec, #1
0002 and 0010: 30 matches, 0.01sec, #2
0002 and 0010: [27/30], H[15], 0.00sec
0002 and 0009: 36 matches, 0.01sec, #1
0002 and 0009: [27/36], H[17], 0.00sec
0004 and 0008: 33 matches, 0.01sec, #0
0004 and 0008: [26/33], H[7], 0.00sec
0003 and 0010: 31 matches, 0.01sec, #2
0003 and 0010: [26/31], H[9], 0.00sec
0003 and 0009: 36 matches, 0.01sec, #1
0003 and 0009: [28/36], H[10], 0.00sec
0008 and 0010: 37 matches, 0.01sec, #0
0008 and 0010: [31/37], H[15], 0.00sec
0004 and 0010: 36 matches, 0.01sec, #2
0004 and 0010: [32/36], H[20], 0.00sec
0004 and 0009: 27 matches, 0.01sec, #1
0004 and 0009: [23/27], H[7], 0.00sec
0009 and 0010: 38 matches, 0.02sec, #0
0009 and 0010: [31/38], H[7], 0.00sec
0005 and 0010: 25 matches, 0.01sec, #2
0005 and 0010: [23/25], H[14], 0.00sec
0005 and 0009: 28 matches, 0.01sec, #1
0005 and 0009: [22/28], H[12], 0.00sec
0000 and 0011: 22 matches, 0.01sec, #0
0006 and 0010: 36 matches, 0.01sec, #2
0006 and 0010: [30/36], H[15], 0.00sec
0001 and 0011: 27 matches, 0.01sec, #0
0006 and 0009: 34 matches, 0.01sec, #1
0001 and 0011: [23/27], H[10], 0.00sec
0006 and 0009: [28/34], H[17], 0.00sec
0007 and 0010: 44 matches, 0.01sec, #2
0007 and 0010: [38/44], H[14], 0.00sec
0002 and 0011: 28 matches, 0.01sec, #0
0002 and 0011: [21/28], H[11], 0.00sec
0008 and 0011: 28 matches, 0.02sec, #1
0008 and 0011: [24/28], H[8], 0.00sec
0007 and 0012: 30 matches, 0.01sec, #2
0007 and 0012: [25/30], H[8], 0.00sec
0008 and 0012: 23 matches, 0.01sec, #2
0009 and 0012: 27 matches, 0.01sec, #2
0009 and 0012: [17/27], H[7], 0.00sec
0003 and 0011: 25 matches, 0.04sec, #0
0003 and 0011: [20/25], H[11], 0.00sec
0010 and 0012: 25 matches, 0.01sec, #2
0010 and 0012: [17/25], H[7], 0.00sec
0009 and 0011: 41 matches, 0.06sec, #1
0009 and 0011: [30/41], H[17], 0.00sec
0011 and 0012: 27 matches, 0.06sec, #2
0011 and 0012: [17/27], H[9], 0.00sec
0004 and 0011: 21 matches, 0.04sec, #0
0010 and 0011: 30 matches, 0.04sec, #1
0000 and 0013: 26 matches, 0.01sec, #2
0010 and 0011: [22/30], H[5], 0.00sec
0000 and 0013: [19/26], H[8], 0.00sec
0005 and 0011: 25 matches, 0.04sec, #0
0005 and 0011: [21/25], H[9], 0.00sec
0001 and 0013: 20 matches, 0.02sec, #2
0000 and 0012: 46 matches, 0.01sec, #1
0000 and 0012: [40/46], H[10], 0.00sec
0002 and 0013: 35 matches, 0.02sec, #2
0002 and 0013: [26/35], H[11], 0.00sec
0001 and 0012: 44 matches, 0.01sec, #1
0001 and 0012: [39/44], H[27], 0.00sec
0006 and 0011: 32 matches, 0.03sec, #0
0006 and 0011: [23/32], H[10], 0.00sec
0002 and 0012: 34 matches, 0.01sec, #1
0002 and 0012: [27/34], H[14], 0.00sec
0003 and 0013: 19 matches, 0.02sec, #2
0003 and 0012: 31 matches, 0.01sec, #1
0003 and 0012: [25/31], H[10], 0.00sec
0004 and 0013: 22 matches, 0.02sec, #2
0005 and 0013: 18 matches, 0.01sec, #2
0007 and 0011: 24 matches, 0.02sec, #0
0004 and 0012: 35 matches, 0.01sec, #1
0004 and 0012: [28/35], H[11], 0.00sec
0006 and 0013: 21 matches, 0.02sec, #2
0002 and 0014: 28 matches, 0.01sec, #0
0002 and 0014: [23/28], H[11], 0.00sec
0005 and 0012: 28 matches, 0.01sec, #1
0007 and 0013: 33 matches, 0.02sec, #2
0005 and 0012: [24/28], H[11], 0.00sec
0007 and 0013: [28/33], H[8], 0.00sec
0003 and 0014: 26 matches, 0.01sec, #0
0003 and 0014: [19/26], H[12], 0.00sec
0006 and 0012: 28 matches, 0.01sec, #1
0006 and 0012: [22/28], H[9], 0.00sec
0004 and 0014: 24 matches, 0.01sec, #0
0008 and 0013: 29 matches, 0.02sec, #2
0008 and 0013: [27/29], H[13], 0.00sec
0012 and 0014: 28 matches, 0.01sec, #1
0012 and 0014: [19/28], H[6], 0.00sec
0005 and 0014: 16 matches, 0.02sec, #0
0006 and 0014: 23 matches, 0.01sec, #0
0009 and 0013: 41 matches, 0.02sec, #2
0009 and 0013: [32/41], H[11], 0.00sec
0007 and 0014: 29 matches, 0.01sec, #0
0007 and 0014: [23/29], H[10], 0.00sec
0013 and 0014: 38 matches, 0.02sec, #1
0013 and 0014: [33/38], H[13], 0.00sec
0008 and 0014: 30 matches, 0.01sec, #0
0010 and 0013: 36 matches, 0.02sec, #2
0008 and 0014: [27/30], H[11], 0.00sec
0010 and 0013: [28/36], H[9], 0.00sec
0000 and 0015: 22 matches, 0.01sec, #1
0001 and 0015: 18 matches, 0.01sec, #1
0002 and 0015: 26 matches, 0.01sec, #1
0002 and 0015: [19/26], H[12], 0.00sec
0009 and 0014: 32 matches, 0.02sec, #0
0009 and 0014: [27/32], H[12], 0.00sec
0011 and 0013: 40 matches, 0.02sec, #2
0011 and 0013: [40/40], H[25], 0.00sec
0003 and 0015: 23 matches, 0.01sec, #1
0010 and 0014: 31 matches, 0.01sec, #0
0010 and 0014: [26/31], H[9], 0.00sec
0004 and 0015: 24 matches, 0.01sec, #1
0012 and 0013: 26 matches, 0.01sec, #2
0012 and 0013: [20/26], H[9], 0.00sec
0005 and 0015: 15 matches, 0.01sec, #1
0011 and 0014: 33 matches, 0.02sec, #0
0006 and 0015: 28 matches, 0.01sec, #1
0011 and 0014: [30/33], H[12], 0.00sec
0006 and 0015: [24/28], H[9], 0.00sec
0000 and 0014: 26 matches, 0.01sec, #2
0000 and 0014: [19/26], H[11], 0.00sec
0001 and 0014: 18 matches, 0.01sec, #2
0007 and 0015: 30 matches, 0.01sec, #1
0007 and 0015: [25/30], H[11], 0.00sec
0008 and 0015: 25 matches, 0.01sec, #0
0008 and 0015: [21/25], H[6], 0.00sec
0003 and 0016: 23 matches, 0.01sec, #2
0013 and 0016: 33 matches, 0.01sec, #1
0013 and 0016: [27/33], H[15], 0.00sec
0009 and 0015: 33 matches, 0.01sec, #0
0004 and 0016: 26 matches, 0.01sec, #2
0009 and 0015: [23/33], H[14], 0.00sec
0004 and 0016: [20/26], H[8], 0.00sec
0014 and 0016: 37 matches, 0.01sec, #1
0014 and 0016: [36/37], H[23], 0.00sec
0005 and 0016: 19 matches, 0.01sec, #2
0010 and 0015: 29 matches, 0.01sec, #0
0010 and 0015: [23/29], H[8], 0.00sec
0006 and 0016: 23 matches, 0.01sec, #2
0015 and 0016: 32 matches, 0.01sec, #1
0015 and 0016: [30/32], H[15], 0.00sec
0007 and 0016: 30 matches, 0.01sec, #2
0007 and 0016: [22/30], H[9], 0.00sec
0011 and 0015: 37 matches, 0.01sec, #0
0011 and 0015: [29/37], H[11], 0.00sec
0000 and 0017: 20 matches, 0.01sec, #1
0008 and 0016: 23 matches, 0.01sec, #2
0001 and 0017: 23 matches, 0.01sec, #1
0012 and 0015: 23 matches, 0.02sec, #0
0009 and 0016: 28 matches, 0.01sec, #2
0009 and 0016: [23/28], H[11], 0.00sec
0002 and 0017: 24 matches, 0.01sec, #1
0013 and 0015: 37 matches, 0.02sec, #0
0013 and 0015: [32/37], H[11], 0.00sec
0003 and 0017: 33 matches, 0.01sec, #1
0010 and 0016: 33 matches, 0.01sec, #2
0003 and 0017: [25/33], H[9], 0.00sec
0010 and 0016: [25/33], H[6], 0.00sec
0011 and 0016: 33 matches, 0.01sec, #2
0011 and 0016: [26/33], H[15], 0.00sec
0004 and 0017: 27 matches, 0.01sec, #1
0004 and 0017: [23/27], H[6], 0.00sec
0014 and 0015: 46 matches, 0.02sec, #0
0014 and 0015: [44/46], H[33], 0.00sec
0012 and 0016: 21 matches, 0.01sec, #2
0005 and 0017: 20 matches, 0.01sec, #1
0000 and 0016: 15 matches, 0.02sec, #0
0007 and 0017: 30 matches, 0.01sec, #2
0007 and 0017: [24/30], H[14], 0.00sec
0001 and 0016: 18 matches, 0.01sec, #0
0006 and 0017: 26 matches, 0.02sec, #1
0006 and 0017: [19/26], H[7], 0.00sec
0002 and 0016: 24 matches, 0.01sec, #0
0008 and 0017: 24 matches, 0.01sec, #2
0010 and 0018: 31 matches, 0.01sec, #1
0010 and 0018: [23/31], H[15], 0.00sec
0000 and 0018: 22 matches, 0.02sec, #0
0009 and 0017: 30 matches, 0.01sec, #2
0009 and 0017: [24/30], H[15], 0.00sec
0001 and 0018: 17 matches, 0.01sec, #0
0011 and 0018: 27 matches, 0.01sec, #1
0011 and 0018: [20/27], H[8], 0.00sec
0002 and 0018: 27 matches, 0.01sec, #0
0010 and 0017: 27 matches, 0.01sec, #2
0002 and 0018: [19/27], H[11], 0.00sec
0010 and 0017: [21/27], H[9], 0.00sec
0012 and 0018: 24 matches, 0.01sec, #1
0011 and 0017: 35 matches, 0.01sec, #2
0003 and 0018: 28 matches, 0.01sec, #0
0011 and 0017: [26/35], H[11], 0.00sec
0003 and 0018: [22/28], H[11], 0.00sec
0013 and 0018: 36 matches, 0.02sec, #1
0013 and 0018: [27/36], H[13], 0.00sec
0012 and 0017: 30 matches, 0.01sec, #2
0012 and 0017: [22/30], H[10], 0.00sec
0004 and 0018: 28 matches, 0.01sec, #0
0004 and 0018: [23/28], H[7], 0.00sec
0014 and 0018: 40 matches, 0.01sec, #1
0014 and 0018: [32/40], H[20], 0.00sec
0005 and 0018: 19 matches, 0.01sec, #0
0013 and 0017: 32 matches, 0.01sec, #2
0013 and 0017: [25/32], H[8], 0.00sec
0006 and 0018: 23 matches, 0.01sec, #0
0015 and 0018: 43 matches, 0.01sec, #1
0015 and 0018: [36/43], H[12], 0.00sec
0007 and 0018: 23 matches, 0.01sec, #0
0014 and 0017: 32 matches, 0.01sec, #2
0014 and 0017: [27/32], H[8], 0.00sec
0016 and 0018: 35 matches, 0.01sec, #1
0016 and 0018: [29/35], H[9], 0.00sec
0008 and 0018: 27 matches, 0.02sec, #0
0008 and 0018: [20/27], H[12], 0.00sec
0015 and 0017: 34 matches, 0.01sec, #2
0015 and 0017: [28/34], H[7], 0.00sec
0009 and 0018: 34 matches, 0.01sec, #0
0009 and 0018: [25/34], H[15], 0.00sec
0017 and 0018: 39 matches, 0.02sec, #1
0017 and 0018: [32/39], H[14], 0.00sec
0016 and 0017: 40 matches, 0.01sec, #2
0016 and 0017: [36/40], H[14], 0.00sec
0002 and 0019: 25 matches, 0.01sec, #0
0002 and 0019: [23/25], H[7], 0.00sec
0000 and 0019: 26 matches, 0.01sec, #1
0000 and 0019: [18/26], H[9], 0.00sec
0012 and 0019: 26 matches, 0.01sec, #2
0012 and 0019: [18/26], H[6], 0.00sec
0003 and 0019: 30 matches, 0.01sec, #0
0003 and 0019: [24/30], H[6], 0.00sec
0001 and 0019: 21 matches, 0.01sec, #1
0013 and 0019: 26 matches, 0.02sec, #2
0013 and 0019: [22/26], H[9], 0.00sec
0003 and 0020: 24 matches, 0.01sec, #1
0004 and 0020: 30 matches, 0.01sec, #1
0004 and 0020: [24/30], H[13], 0.00sec
0004 and 0019: 25 matches, 0.02sec, #0
0004 and 0019: [22/25], H[5], 0.00sec
0014 and 0019: 34 matches, 0.01sec, #2
0014 and 0019: [27/34], H[15], 0.00sec
0005 and 0020: 18 matches, 0.01sec, #1
0006 and 0020: 21 matches, 0.01sec, #1
0005 and 0019: 20 matches, 0.01sec, #0
0015 and 0019: 34 matches, 0.01sec, #2
0007 and 0020: 28 matches, 0.01sec, #1
0015 and 0019: [26/34], H[13], 0.00sec
0007 and 0020: [21/28], H[10], 0.00sec
0006 and 0019: 28 matches, 0.01sec, #0
0006 and 0019: [22/28], H[7], 0.00sec
0016 and 0019: 35 matches, 0.01sec, #2
0016 and 0019: [26/35], H[9], 0.00sec
0008 and 0020: 25 matches, 0.01sec, #1
0008 and 0020: [20/25], H[9], 0.00sec
0007 and 0019: 28 matches, 0.01sec, #0
0007 and 0019: [24/28], H[8], 0.00sec
0017 and 0019: 45 matches, 0.01sec, #2
0017 and 0019: [35/45], H[17], 0.00sec
0008 and 0019: 29 matches, 0.01sec, #0
0009 and 0020: 25 matches, 0.01sec, #1
0008 and 0019: [21/29], H[12], 0.00sec
0009 and 0020: [18/25], H[9], 0.00sec
0018 and 0019: 48 matches, 0.01sec, #2
0018 and 0019: [42/48], H[15], 0.00sec
0009 and 0019: 37 matches, 0.01sec, #0
0010 and 0020: 24 matches, 0.01sec, #1
0009 and 0019: [29/37], H[17], 0.00sec
0011 and 0020: 32 matches, 0.01sec, #1
0011 and 0020: [24/32], H[6], 0.00sec
0000 and 0020: 26 matches, 0.01sec, #2
0000 and 0020: [19/26], H[11], 0.00sec
0010 and 0019: 27 matches, 0.02sec, #0
0012 and 0020: 27 matches, 0.01sec, #1
0010 and 0019: [20/27], H[12], 0.00sec
0012 and 0020: [20/27], H[8], 0.00sec
0001 and 0020: 23 matches, 0.01sec, #2
0002 and 0020: 23 matches, 0.01sec, #2
0011 and 0019: 33 matches, 0.01sec, #0
0011 and 0019: [25/33], H[13], 0.00sec
0013 and 0020: 30 matches, 0.02sec, #1
0003 and 0021: 27 matches, 0.01sec, #2
0013 and 0020: [24/30], H[14], 0.00sec
0003 and 0021: [23/27], H[9], 0.00sec
0014 and 0020: 35 matches, 0.01sec, #1
0014 and 0020: [27/35], H[9], 0.00sec
0015 and 0020: 26 matches, 0.01sec, #1
0015 and 0020: [22/26], H[11], 0.00sec
0016 and 0020: 33 matches, 0.01sec, #1
0016 and 0020: [23/33], H[13], 0.00sec
0013 and 0021: 29 matches, 0.08sec, #0
0013 and 0021: [24/29], H[10], 0.00sec
0017 and 0020: 35 matches, 0.01sec, #1
0017 and 0020: [26/35], H[9], 0.00sec
0004 and 0021: 26 matches, 0.05sec, #2
0004 and 0021: [19/26], H[6], 0.00sec
0018 and 0020: 39 matches, 0.01sec, #1
0018 and 0020: [31/39], H[16], 0.00sec
0014 and 0021: 33 matches, 0.03sec, #0
0019 and 0020: 48 matches, 0.01sec, #1
0014 and 0021: [26/33], H[9], 0.00sec
0019 and 0020: [40/48], H[27], 0.00sec
0005 and 0021: 19 matches, 0.03sec, #2
0006 and 0021: 23 matches, 0.03sec, #2
0000 and 0021: 23 matches, 0.04sec, #1
0015 and 0021: 33 matches, 0.04sec, #0
0015 and 0021: [27/33], H[18], 0.00sec
0007 and 0021: 19 matches, 0.04sec, #2
0001 and 0021: 19 matches, 0.07sec, #1
0008 and 0021: 23 matches, 0.09sec, #2
0002 and 0021: 24 matches, 0.07sec, #1
0002 and 0022: 18 matches, 0.01sec, #1
0016 and 0021: 23 matches, 0.04sec, #0
0003 and 0022: 23 matches, 0.02sec, #1
0009 and 0021: 27 matches, 0.04sec, #2
0009 and 0021: [17/27], H[9], 0.00sec
0017 and 0021: 36 matches, 0.02sec, #0
0017 and 0021: [28/36], H[11], 0.00sec
0004 and 0022: 21 matches, 0.01sec, #1
0005 and 0022: 17 matches, 0.01sec, #1
0010 and 0021: 22 matches, 0.02sec, #2
0006 and 0022: 17 matches, 0.01sec, #1
0018 and 0021: 39 matches, 0.03sec, #0
0018 and 0021: [31/39], H[14], 0.00sec
0007 and 0022: 22 matches, 0.01sec, #1
0011 and 0021: 29 matches, 0.03sec, #2
0011 and 0021: [21/29], H[10], 0.00sec
0008 and 0022: 18 matches, 0.02sec, #1
0009 and 0022: 18 matches, 0.01sec, #1
0010 and 0022: 23 matches, 0.01sec, #1
0011 and 0022: 22 matches, 0.01sec, #1
0019 and 0021: 45 matches, 0.03sec, #0
0019 and 0021: [37/45], H[22], 0.00sec
0012 and 0022: 19 matches, 0.01sec, #1
0012 and 0021: 21 matches, 0.03sec, #2
0013 and 0022: 22 matches, 0.01sec, #1
0000 and 0023: 33 matches, 0.01sec, #2
0000 and 0023: [30/33], H[12], 0.00sec
0014 and 0022: 27 matches, 0.01sec, #1
0014 and 0022: [24/27], H[6], 0.00sec
0001 and 0023: 32 matches, 0.01sec, #2
0001 and 0023: [27/32], H[15], 0.00sec
0020 and 0021: 45 matches, 0.02sec, #0
0020 and 0021: [41/45], H[18], 0.00sec
0015 and 0022: 28 matches, 0.01sec, #1
0015 and 0022: [23/28], H[12], 0.00sec
0002 and 0023: 32 matches, 0.01sec, #2
0002 and 0023: [29/32], H[10], 0.00sec
0016 and 0022: 29 matches, 0.01sec, #1
0016 and 0022: [23/29], H[9], 0.00sec
0003 and 0023: 33 matches, 0.01sec, #2
0000 and 0022: 13 matches, 0.02sec, #0
0003 and 0023: [29/33], H[19], 0.00sec
0001 and 0022: 16 matches, 0.01sec, #0
0017 and 0022: 35 matches, 0.01sec, #1
0017 and 0022: [26/35], H[12], 0.00sec
0004 and 0023: 28 matches, 0.01sec, #2
0004 and 0023: [23/28], H[13], 0.00sec
0010 and 0023: 23 matches, 0.02sec, #0
0018 and 0022: 34 matches, 0.01sec, #1
0018 and 0022: [26/34], H[11], 0.00sec
0005 and 0023: 30 matches, 0.01sec, #2
0005 and 0023: [27/30], H[17], 0.00sec
0011 and 0023: 23 matches, 0.03sec, #0
0019 and 0022: 34 matches, 0.01sec, #1
0019 and 0022: [26/34], H[10], 0.00sec
0012 and 0023: 43 matches, 0.01sec, #0
0012 and 0023: [39/43], H[16], 0.00sec
0006 and 0023: 29 matches, 0.01sec, #2
0006 and 0023: [26/29], H[15], 0.00sec
0020 and 0022: 43 matches, 0.01sec, #1
0020 and 0022: [39/43], H[24], 0.00sec
0013 and 0023: 21 matches, 0.02sec, #0
0007 and 0023: 27 matches, 0.02sec, #2
0007 and 0023: [22/27], H[10], 0.00sec
0014 and 0023: 23 matches, 0.01sec, #0
0015 and 0023: 19 matches, 0.01sec, #0
0021 and 0022: 50 matches, 0.02sec, #1
0021 and 0022: [46/50], H[14], 0.00sec
0008 and 0023: 28 matches, 0.01sec, #2
0008 and 0023: [23/28], H[6], 0.00sec
0016 and 0023: 14 matches, 0.01sec, #0
0017 and 0023: 22 matches, 0.01sec, #0
0009 and 0023: 27 matches, 0.01sec, #2
0009 and 0023: [18/27], H[11], 0.00sec
0020 and 0023: 18 matches, 0.01sec, #1
0018 and 0023: 20 matches, 0.02sec, #0
0019 and 0023: 25 matches, 0.01sec, #0
0007 and 0024: 17 matches, 0.01sec, #2
0019 and 0023: [13/25], H[8], 0.01sec
0008 and 0024: 24 matches, 0.01sec, #2
0009 and 0024: 25 matches, 0.01sec, #2
0009 and 0024: [18/25], H[7], 0.00sec
0021 and 0023: 15 matches, 0.05sec, #1
0017 and 0024: 27 matches, 0.01sec, #0
0017 and 0024: [19/27], H[6], 0.00sec
0022 and 0023: 13 matches, 0.01sec, #1
0010 and 0024: 23 matches, 0.01sec, #2
0000 and 0024: 18 matches, 0.02sec, #1
0011 and 0024: 28 matches, 0.01sec, #2
0011 and 0024: [19/28], H[6], 0.00sec
0018 and 0024: 34 matches, 0.01sec, #0
0018 and 0024: [29/34], H[18], 0.00sec
0001 and 0024: 18 matches, 0.01sec, #1
0002 and 0024: 23 matches, 0.01sec, #1
0012 and 0024: 20 matches, 0.01sec, #2
0019 and 0024: 34 matches, 0.01sec, #0
0019 and 0024: [29/34], H[21], 0.00sec
0003 and 0024: 22 matches, 0.01sec, #1
0013 and 0024: 26 matches, 0.01sec, #2
0013 and 0024: [17/26], H[8], 0.00sec
0004 and 0024: 18 matches, 0.01sec, #1
0020 and 0024: 39 matches, 0.01sec, #0
0020 and 0024: [32/39], H[9], 0.00sec
0005 and 0024: 19 matches, 0.01sec, #1
0014 and 0024: 28 matches, 0.02sec, #2
0014 and 0024: [21/28], H[8], 0.00sec
0006 and 0024: 18 matches, 0.02sec, #1
0003 and 0025: 22 matches, 0.02sec, #1
0015 and 0024: 27 matches, 0.02sec, #2
0015 and 0024: [19/27], H[7], 0.00sec
0004 and 0025: 15 matches, 0.02sec, #1
0021 and 0024: 40 matches, 0.05sec, #0
0021 and 0024: [36/40], H[8], 0.00sec
0016 and 0024: 28 matches, 0.01sec, #2
0016 and 0024: [21/28], H[8], 0.00sec
0005 and 0025: 13 matches, 0.02sec, #1
0006 and 0025: 12 matches, 0.01sec, #1
0013 and 0025: 25 matches, 0.01sec, #2
0013 and 0025: [19/25], H[10], 0.00sec
0007 and 0025: 17 matches, 0.01sec, #1
0008 and 0025: 21 matches, 0.02sec, #1
0014 and 0025: 24 matches, 0.02sec, #2
0022 and 0024: 44 matches, 0.01sec, #0
0022 and 0024: [40/44], H[8], 0.00sec
0009 and 0025: 20 matches, 0.01sec, #1
0015 and 0025: 23 matches, 0.01sec, #2
0010 and 0025: 21 matches, 0.01sec, #1
0023 and 0024: 11 matches, 0.01sec, #0
0016 and 0025: 24 matches, 0.01sec, #2
0011 and 0025: 22 matches, 0.02sec, #1
0000 and 0025: 18 matches, 0.02sec, #0
0017 and 0025: 21 matches, 0.02sec, #2
0012 and 0025: 20 matches, 0.02sec, #1
0001 and 0025: 13 matches, 0.02sec, #0
0018 and 0025: 26 matches, 0.02sec, #2
0018 and 0025: [21/26], H[8], 0.00sec
0023 and 0025: 11 matches, 0.02sec, #1
0002 and 0025: 15 matches, 0.02sec, #0
0024 and 0025: 34 matches, 0.03sec, #1
0024 and 0025: [28/34], H[7], 0.00sec
0008 and 0026: 25 matches, 0.03sec, #0
0019 and 0025: 32 matches, 0.03sec, #2
0019 and 0025: [25/32], H[20], 0.00sec
0008 and 0026: [17/25], H[8], 0.01sec
0000 and 0026: 21 matches, 0.02sec, #1
0020 and 0025: 32 matches, 0.02sec, #2
0020 and 0025: [27/32], H[9], 0.00sec
0001 and 0026: 20 matches, 0.01sec, #1
0009 and 0026: 23 matches, 0.02sec, #0
0002 and 0026: 25 matches, 0.02sec, #1
0002 and 0026: [17/25], H[7], 0.01sec
0010 and 0026: 23 matches, 0.02sec, #0
0021 and 0025: 36 matches, 0.03sec, #2
0011 and 0026: 23 matches, 0.02sec, #0
0021 and 0025: [31/36], H[14], 0.00sec
0003 and 0026: 25 matches, 0.01sec, #1
0003 and 0026: [19/25], H[16], 0.00sec
0012 and 0026: 24 matches, 0.01sec, #0
0013 and 0026: 32 matches, 0.01sec, #0
0013 and 0026: [20/32], H[12], 0.01sec
0004 and 0026: 21 matches, 0.01sec, #1
0022 and 0025: 36 matches, 0.01sec, #2
0022 and 0025: [32/36], H[17], 0.00sec
0005 and 0026: 20 matches, 0.01sec, #1
0006 and 0026: 23 matches, 0.01sec, #1
0018 and 0026: 25 matches, 0.01sec, #2
0018 and 0026: [18/25], H[10], 0.00sec
0014 and 0026: 30 matches, 0.02sec, #0
0014 and 0026: [24/30], H[7], 0.00sec
0007 and 0026: 18 matches, 0.01sec, #1
0002 and 0027: 16 matches, 0.01sec, #1
0019 and 0026: 29 matches, 0.01sec, #2
0019 and 0026: [24/29], H[13], 0.00sec
0003 and 0027: 18 matches, 0.01sec, #1
0015 and 0026: 21 matches, 0.01sec, #0
0004 and 0027: 16 matches, 0.01sec, #1
0020 and 0026: 33 matches, 0.01sec, #2
0020 and 0026: [29/33], H[17], 0.00sec
0005 and 0027: 14 matches, 0.01sec, #1
0016 and 0026: 22 matches, 0.02sec, #0
0006 and 0027: 20 matches, 0.01sec, #1
0017 and 0026: 26 matches, 0.01sec, #0
0017 and 0026: [24/26], H[20], 0.00sec
0007 and 0027: 19 matches, 0.01sec, #1
0021 and 0026: 27 matches, 0.02sec, #2
0021 and 0026: [23/27], H[16], 0.00sec
0008 and 0027: 17 matches, 0.01sec, #1
0012 and 0027: 22 matches, 0.01sec, #0
0009 and 0027: 19 matches, 0.01sec, #1
0013 and 0027: 26 matches, 0.01sec, #0
0013 and 0027: [18/26], H[8], 0.00sec
0010 and 0027: 20 matches, 0.01sec, #1
0022 and 0026: 29 matches, 0.01sec, #2
0022 and 0026: [27/29], H[17], 0.00sec
0011 and 0027: 21 matches, 0.01sec, #1
0014 and 0027: 21 matches, 0.01sec, #0
0022 and 0027: 23 matches, 0.01sec, #1
0023 and 0026: 24 matches, 0.01sec, #2
0015 and 0027: 24 matches, 0.01sec, #0
0023 and 0027: 7 matches, 0.01sec, #1
0024 and 0026: 28 matches, 0.01sec, #2
0024 and 0026: [24/28], H[12], 0.00sec
0016 and 0027: 19 matches, 0.01sec, #0
0024 and 0027: 22 matches, 0.01sec, #1
0017 and 0027: 23 matches, 0.01sec, #0
0025 and 0027: 26 matches, 0.01sec, #1
0025 and 0027: [22/26], H[10], 0.00sec
0025 and 0026: 29 matches, 0.01sec, #2
0025 and 0026: [26/29], H[10], 0.00sec
0018 and 0027: 22 matches, 0.01sec, #0
0019 and 0027: 25 matches, 0.01sec, #0
0019 and 0027: [24/25], H[13], 0.00sec
0026 and 0027: 43 matches, 0.01sec, #1
0026 and 0027: [36/43], H[22], 0.00sec
0000 and 0027: 19 matches, 0.01sec, #2
0001 and 0027: 17 matches, 0.01sec, #2
0000 and 0028: 17 matches, 0.01sec, #1
0020 and 0027: 21 matches, 0.02sec, #0
0005 and 0028: 15 matches, 0.01sec, #2
0001 and 0028: 15 matches, 0.01sec, #1
0006 and 0028: 13 matches, 0.01sec, #2
0002 and 0028: 17 matches, 0.01sec, #1
0021 and 0027: 23 matches, 0.02sec, #0
0007 and 0028: 17 matches, 0.01sec, #2
0003 and 0028: 17 matches, 0.01sec, #1
0015 and 0028: 19 matches, 0.02sec, #0
0008 and 0028: 16 matches, 0.02sec, #2
0004 and 0028: 18 matches, 0.01sec, #1
0016 and 0028: 21 matches, 0.01sec, #0
0009 and 0028: 17 matches, 0.01sec, #2
0025 and 0028: 23 matches, 0.01sec, #1
0017 and 0028: 20 matches, 0.01sec, #0
0010 and 0028: 18 matches, 0.01sec, #2
0026 and 0028: 38 matches, 0.01sec, #1
0026 and 0028: [34/38], H[9], 0.00sec
0018 and 0028: 22 matches, 0.02sec, #0
0011 and 0028: 24 matches, 0.03sec, #2
0019 and 0028: 23 matches, 0.03sec, #0
0012 and 0028: 19 matches, 0.03sec, #2
0027 and 0028: 36 matches, 0.03sec, #1
0027 and 0028: [30/36], H[16], 0.00sec
0020 and 0028: 29 matches, 0.03sec, #0
0020 and 0028: [26/29], H[9], 0.00sec
0013 and 0028: 25 matches, 0.02sec, #2
0013 and 0028: [21/25], H[8], 0.00sec
0000 and 0029: 16 matches, 0.01sec, #1
0001 and 0029: 13 matches, 0.01sec, #1
0021 and 0028: 23 matches, 0.03sec, #0
0014 and 0028: 23 matches, 0.02sec, #2
0002 and 0029: 10 matches, 0.01sec, #1
0022 and 0028: 24 matches, 0.01sec, #0
0007 and 0029: 13 matches, 0.01sec, #2
0003 and 0029: 17 matches, 0.01sec, #1
0023 and 0028: 9 matches, 0.01sec, #0
0008 and 0029: 14 matches, 0.01sec, #2
0004 and 0029: 14 matches, 0.01sec, #1
0024 and 0028: 27 matches, 0.02sec, #0
0009 and 0029: 16 matches, 0.01sec, #2
0024 and 0028: [21/27], H[9], 0.00sec
0005 and 0029: 13 matches, 0.01sec, #1
0010 and 0029: 15 matches, 0.01sec, #2
0006 and 0029: 13 matches, 0.01sec, #1
0011 and 0029: 13 matches, 0.01sec, #2
0027 and 0029: 31 matches, 0.01sec, #1
0027 and 0029: [22/31], H[6], 0.00sec
0017 and 0029: 16 matches, 0.02sec, #0
0012 and 0029: 16 matches, 0.02sec, #2
0013 and 0029: 13 matches, 0.01sec, #2
0018 and 0029: 18 matches, 0.02sec, #0
0028 and 0029: 29 matches, 0.02sec, #1
0028 and 0029: [23/29], H[6], 0.00sec
0014 and 0029: 20 matches, 0.01sec, #2
0019 and 0029: 17 matches, 0.01sec, #0
0015 and 0029: 15 matches, 0.01sec, #2
0020 and 0029: 17 matches, 0.01sec, #0
0000 and 0030: 15 matches, 0.01sec, #1
0016 and 0029: 17 matches, 0.01sec, #2
0001 and 0030: 20 matches, 0.01sec, #1
0008 and 0030: 17 matches, 0.01sec, #2
0002 and 0030: 17 matches, 0.01sec, #1
0021 and 0029: 18 matches, 0.02sec, #0
0009 and 0030: 19 matches, 0.01sec, #2
0003 and 0030: 17 matches, 0.02sec, #1
0022 and 0029: 16 matches, 0.02sec, #0
0010 and 0030: 15 matches, 0.03sec, #2
0023 and 0029: 10 matches, 0.02sec, #0
0004 and 0030: 14 matches, 0.03sec, #1
0024 and 0029: 8 matches, 0.02sec, #0
0011 and 0030: 17 matches, 0.03sec, #2
0005 and 0030: 13 matches, 0.03sec, #1
0025 and 0029: 15 matches, 0.02sec, #0
0012 and 0030: 21 matches, 0.01sec, #2
0006 and 0030: 14 matches, 0.02sec, #1
0026 and 0029: 30 matches, 0.02sec, #0
0013 and 0030: 18 matches, 0.02sec, #2
0026 and 0029: [22/30], H[11], 0.01sec
0007 and 0030: 17 matches, 0.02sec, #1
0014 and 0030: 18 matches, 0.02sec, #2
0018 and 0030: 17 matches, 0.02sec, #1
0015 and 0030: 19 matches, 0.01sec, #2
0028 and 0030: 23 matches, 0.02sec, #0
0019 and 0030: 20 matches, 0.02sec, #1
0016 and 0030: 20 matches, 0.02sec, #2
0029 and 0030: 37 matches, 0.02sec, #0
0029 and 0030: [37/37], H[29], 0.00sec
0020 and 0030: 17 matches, 0.02sec, #1
0017 and 0030: 22 matches, 0.02sec, #2
0008 and 0031: 14 matches, 0.01sec, #2
0021 and 0030: 20 matches, 0.02sec, #1
0000 and 0031: 15 matches, 0.01sec, #0
0009 and 0031: 14 matches, 0.01sec, #2
0001 and 0031: 9 matches, 0.01sec, #0
0022 and 0030: 16 matches, 0.01sec, #1
0010 and 0031: 17 matches, 0.01sec, #2
0002 and 0031: 14 matches, 0.01sec, #0
0023 and 0030: 12 matches, 0.01sec, #1
0003 and 0031: 11 matches, 0.01sec, #0
0024 and 0030: 9 matches, 0.01sec, #1
0011 and 0031: 16 matches, 0.02sec, #2
0004 and 0031: 15 matches, 0.01sec, #0
0025 and 0030: 17 matches, 0.01sec, #1
0012 and 0031: 9 matches, 0.01sec, #2
0005 and 0031: 10 matches, 0.01sec, #0
0026 and 0030: 26 matches, 0.01sec, #1
0026 and 0030: [19/26], H[11], 0.00sec
0013 and 0031: 17 matches, 0.01sec, #2
0006 and 0031: 13 matches, 0.01sec, #0
0014 and 0031: 18 matches, 0.01sec, #2
0027 and 0030: 32 matches, 0.01sec, #1
0027 and 0030: [26/32], H[15], 0.00sec
0007 and 0031: 17 matches, 0.01sec, #0
0015 and 0031: 11 matches, 0.01sec, #2
0018 and 0031: 13 matches, 0.01sec, #0
0016 and 0031: 18 matches, 0.01sec, #2
0028 and 0031: 23 matches, 0.01sec, #1
0019 and 0031: 19 matches, 0.01sec, #0
0017 and 0031: 15 matches, 0.01sec, #2
0029 and 0031: 25 matches, 0.01sec, #1
0029 and 0031: [23/25], H[6], 0.00sec
0007 and 0032: 17 matches, 0.01sec, #2
0020 and 0031: 19 matches, 0.01sec, #0
0008 and 0032: 15 matches, 0.01sec, #2
0030 and 0031: 21 matches, 0.01sec, #1
0021 and 0031: 16 matches, 0.02sec, #0
0009 and 0032: 20 matches, 0.01sec, #2
0000 and 0032: 13 matches, 0.01sec, #1
0022 and 0031: 15 matches, 0.01sec, #0
0010 and 0032: 12 matches, 0.01sec, #2
0001 and 0032: 13 matches, 0.01sec, #1
0023 and 0031: 9 matches, 0.01sec, #0
0011 and 0032: 19 matches, 0.01sec, #2
0002 and 0032: 21 matches, 0.01sec, #1
0024 and 0031: 11 matches, 0.01sec, #0
0012 and 0032: 12 matches, 0.01sec, #2
0003 and 0032: 17 matches, 0.01sec, #1
0013 and 0032: 15 matches, 0.01sec, #2
0025 and 0031: 12 matches, 0.01sec, #0
0004 and 0032: 14 matches, 0.01sec, #1
0026 and 0031: 24 matches, 0.01sec, #0
0014 and 0032: 18 matches, 0.01sec, #2
0005 and 0032: 12 matches, 0.01sec, #1
0027 and 0031: 20 matches, 0.01sec, #0
0015 and 0032: 15 matches, 0.01sec, #2
0006 and 0032: 16 matches, 0.01sec, #1
0016 and 0032: 18 matches, 0.01sec, #2
0017 and 0032: 13 matches, 0.02sec, #0
0005 and 0033: 10 matches, 0.01sec, #2
0027 and 0032: 16 matches, 0.01sec, #1
0006 and 0033: 7 matches, 0.01sec, #2
0018 and 0032: 17 matches, 0.01sec, #0
0028 and 0032: 14 matches, 0.01sec, #1
0007 and 0033: 14 matches, 0.01sec, #2
0019 and 0032: 17 matches, 0.01sec, #0
0029 and 0032: 21 matches, 0.01sec, #1
0008 and 0033: 10 matches, 0.01sec, #2
0020 and 0032: 15 matches, 0.01sec, #0
0030 and 0032: 19 matches, 0.01sec, #1
0009 and 0033: 11 matches, 0.01sec, #2
0021 and 0032: 18 matches, 0.01sec, #0
0010 and 0033: 8 matches, 0.01sec, #2
0031 and 0032: 21 matches, 0.01sec, #1
0011 and 0033: 13 matches, 0.01sec, #2
0022 and 0032: 14 matches, 0.01sec, #0
0000 and 0033: 7 matches, 0.01sec, #1
0012 and 0033: 9 matches, 0.01sec, #2
0023 and 0032: 15 matches, 0.01sec, #0
0001 and 0033: 7 matches, 0.01sec, #1
0013 and 0033: 12 matches, 0.01sec, #2
0002 and 0033: 14 matches, 0.01sec, #1
0024 and 0032: 17 matches, 0.01sec, #0
0014 and 0033: 15 matches, 0.01sec, #2
0003 and 0033: 13 matches, 0.01sec, #1
0025 and 0032: 13 matches, 0.01sec, #0
0015 and 0033: 11 matches, 0.01sec, #2
0004 and 0033: 10 matches, 0.01sec, #1
0026 and 0032: 16 matches, 0.01sec, #0
0016 and 0033: 12 matches, 0.01sec, #2
0025 and 0033: 13 matches, 0.01sec, #1
0002 and 0034: 40 matches, 0.01sec, #0
0002 and 0034: [36/40], H[20], 0.00sec
0017 and 0033: 11 matches, 0.01sec, #2
0026 and 0033: 20 matches, 0.01sec, #1
0018 and 0033: 10 matches, 0.01sec, #2
0027 and 0033: 10 matches, 0.01sec, #1
0003 and 0034: 33 matches, 0.01sec, #0
0019 and 0033: 15 matches, 0.01sec, #2
0003 and 0034: [32/33], H[15], 0.00sec
0028 and 0033: 18 matches, 0.01sec, #1
0020 and 0033: 16 matches, 0.01sec, #2
0029 and 0033: 12 matches, 0.01sec, #1
0021 and 0033: 13 matches, 0.01sec, #2
0004 and 0034: 37 matches, 0.01sec, #0
0004 and 0034: [34/37], H[16], 0.00sec
0030 and 0033: 19 matches, 0.01sec, #1
0022 and 0033: 11 matches, 0.01sec, #2
0031 and 0033: 17 matches, 0.01sec, #1
0023 and 0033: 12 matches, 0.01sec, #2
0005 and 0034: 31 matches, 0.01sec, #0
0005 and 0034: [29/31], H[14], 0.00sec
0032 and 0033: 21 matches, 0.01sec, #1
0024 and 0033: 15 matches, 0.01sec, #2
0000 and 0034: 38 matches, 0.01sec, #1
0000 and 0034: [33/38], H[13], 0.00sec
0012 and 0034: 46 matches, 0.01sec, #2
0012 and 0034: [36/46], H[19], 0.00sec
0006 and 0034: 34 matches, 0.01sec, #0
0006 and 0034: [29/34], H[19], 0.00sec
0001 and 0034: 40 matches, 0.01sec, #1
0001 and 0034: [35/40], H[16], 0.00sec
0013 and 0034: 31 matches, 0.01sec, #2
0013 and 0034: [21/31], H[12], 0.00sec
0007 and 0034: 34 matches, 0.01sec, #0
0007 and 0034: [27/34], H[10], 0.00sec
0022 and 0034: 20 matches, 0.01sec, #1
0014 and 0034: 27 matches, 0.01sec, #2
0014 and 0034: [21/27], H[11], 0.00sec
0008 and 0034: 27 matches, 0.01sec, #0
0008 and 0034: [25/27], H[13], 0.00sec
0023 and 0034: 30 matches, 0.01sec, #1
0023 and 0034: [26/30], H[18], 0.00sec
0015 and 0034: 21 matches, 0.01sec, #2
0009 and 0034: 28 matches, 0.01sec, #0
0009 and 0034: [18/28], H[12], 0.00sec
0024 and 0034: 17 matches, 0.01sec, #1
0016 and 0034: 20 matches, 0.02sec, #2
0025 and 0034: 9 matches, 0.02sec, #1
0017 and 0034: 26 matches, 0.02sec, #2
0017 and 0034: [22/26], H[8], 0.00sec
0010 and 0034: 28 matches, 0.02sec, #0
0010 and 0034: [23/28], H[13], 0.00sec
0026 and 0034: 22 matches, 0.02sec, #1
0027 and 0034: 20 matches, 0.01sec, #1
0018 and 0034: 25 matches, 0.01sec, #2
0018 and 0034: [15/25], H[4], 0.00sec
0011 and 0034: 32 matches, 0.01sec, #0
0011 and 0034: [24/32], H[10], 0.00sec
0028 and 0034: 21 matches, 0.02sec, #1
0029 and 0034: 16 matches, 0.02sec, #1
0019 and 0034: 22 matches, 0.02sec, #2
0032 and 0034: 13 matches, 0.02sec, #0
0030 and 0034: 14 matches, 0.01sec, #1
0020 and 0034: 29 matches, 0.03sec, #2
0033 and 0034: 7 matches, 0.03sec, #0
0020 and 0034: [18/29], H[7], 0.01sec
0031 and 0034: 14 matches, 0.03sec, #1
0000 and 0035: 8 matches, 0.01sec, #0
0008 and 0035: 9 matches, 0.01sec, #1
0001 and 0035: 10 matches, 0.01sec, #0
0009 and 0035: 10 matches, 0.01sec, #1
0021 and 0034: 20 matches, 0.03sec, #2
0002 and 0035: 10 matches, 0.01sec, #0
0010 and 0035: 7 matches, 0.01sec, #1
0018 and 0035: 7 matches, 0.01sec, #2
0003 and 0035: 8 matches, 0.02sec, #0
0019 and 0035: 9 matches, 0.01sec, #2
0004 and 0035: 7 matches, 0.01sec, #0
0020 and 0035: 10 matches, 0.01sec, #2
0005 and 0035: 6 matches, 0.02sec, #0
0021 and 0035: 8 matches, 0.02sec, #2
0006 and 0035: 7 matches, 0.02sec, #0
0022 and 0035: 7 matches, 0.01sec, #2
0011 and 0035: 8 matches, 0.07sec, #1
0007 and 0035: 11 matches, 0.01sec, #0
0023 and 0035: 7 matches, 0.02sec, #2
0012 and 0035: 6 matches, 0.01sec, #1
0028 and 0035: 10 matches, 0.02sec, #0
0024 and 0035: 9 matches, 0.01sec, #2
0013 and 0035: 10 matches, 0.02sec, #1
0029 and 0035: 12 matches, 0.02sec, #0
0025 and 0035: 3 matches, 0.02sec, #2
0014 and 0035: 10 matches, 0.02sec, #1
0030 and 0035: 11 matches, 0.02sec, #0
0026 and 0035: 9 matches, 0.02sec, #2
0031 and 0035: 10 matches, 0.01sec, #0
0015 and 0035: 10 matches, 0.02sec, #1
0027 and 0035: 8 matches, 0.01sec, #2
0032 and 0035: 17 matches, 0.01sec, #0
0016 and 0035: 9 matches, 0.01sec, #1
0003 and 0036: 34 matches, 0.01sec, #2
0003 and 0036: [31/34], H[9], 0.00sec
0033 and 0035: 18 matches, 0.01sec, #0
0017 and 0035: 6 matches, 0.01sec, #1
0034 and 0035: 9 matches, 0.01sec, #0
0013 and 0036: 31 matches, 0.01sec, #1
0013 and 0036: [21/31], H[7], 0.00sec
0004 and 0036: 32 matches, 0.02sec, #2
0004 and 0036: [25/32], H[11], 0.00sec
0000 and 0036: 36 matches, 0.01sec, #0
0000 and 0036: [32/36], H[17], 0.00sec
0014 and 0036: 31 matches, 0.01sec, #1
0014 and 0036: [24/31], H[11], 0.00sec
0005 and 0036: 21 matches, 0.01sec, #2
0001 and 0036: 34 matches, 0.01sec, #0
0001 and 0036: [29/34], H[16], 0.00sec
0006 and 0036: 28 matches, 0.01sec, #2
0006 and 0036: [25/28], H[14], 0.00sec
0015 and 0036: 21 matches, 0.01sec, #1
0002 and 0036: 38 matches, 0.01sec, #0
0002 and 0036: [34/38], H[14], 0.00sec
0016 and 0036: 26 matches, 0.01sec, #1
0016 and 0036: [17/26], H[11], 0.00sec
0007 and 0036: 33 matches, 0.01sec, #2
0007 and 0036: [27/33], H[14], 0.00sec
0023 and 0036: 45 matches, 0.02sec, #0
0023 and 0036: [37/45], H[12], 0.00sec
0017 and 0036: 30 matches, 0.01sec, #1
0017 and 0036: [22/30], H[10], 0.00sec
0008 and 0036: 23 matches, 0.01sec, #2
0009 and 0036: 24 matches, 0.01sec, #2
0024 and 0036: 15 matches, 0.01sec, #0
0018 and 0036: 22 matches, 0.02sec, #1
0010 and 0036: 31 matches, 0.01sec, #2
0010 and 0036: [24/31], H[9], 0.00sec
0025 and 0036: 19 matches, 0.01sec, #0
0019 and 0036: 25 matches, 0.01sec, #1
0019 and 0036: [17/25], H[6], 0.00sec
0026 and 0036: 19 matches, 0.01sec, #0
0027 and 0036: 16 matches, 0.01sec, #0
0011 and 0036: 32 matches, 0.02sec, #2
0011 and 0036: [26/32], H[11], 0.00sec
0020 and 0036: 27 matches, 0.02sec, #1
0020 and 0036: [16/27], H[10], 0.00sec
0028 and 0036: 18 matches, 0.02sec, #0
0029 and 0036: 14 matches, 0.02sec, #0
0012 and 0036: 38 matches, 0.01sec, #2
0012 and 0036: [31/38], H[18], 0.00sec
0021 and 0036: 21 matches, 0.02sec, #1
0030 and 0036: 15 matches, 0.02sec, #0
0022 and 0036: 15 matches, 0.01sec, #1
0031 and 0036: 11 matches, 0.01sec, #0
0033 and 0036: 13 matches, 0.01sec, #2
0007 and 0037: 37 matches, 0.01sec, #1
0007 and 0037: [33/37], H[9], 0.00sec
0032 and 0036: 15 matches, 0.01sec, #0
0034 and 0036: 37 matches, 0.01sec, #2
0034 and 0036: [35/37], H[26], 0.00sec
0017 and 0037: 32 matches, 0.02sec, #0
0017 and 0037: [24/32], H[10], 0.00sec
0008 and 0037: 30 matches, 0.02sec, #1
0008 and 0037: [28/30], H[12], 0.00sec
0035 and 0036: 11 matches, 0.01sec, #2
0000 and 0037: 35 matches, 0.01sec, #2
0000 and 0037: [30/35], H[14], 0.00sec
0018 and 0037: 34 matches, 0.01sec, #0
0018 and 0037: [27/34], H[6], 0.00sec
0009 and 0037: 32 matches, 0.02sec, #1
0009 and 0037: [26/32], H[9], 0.00sec
0001 and 0037: 45 matches, 0.02sec, #2
0001 and 0037: [37/45], H[9], 0.00sec
0019 and 0037: 32 matches, 0.02sec, #0
0019 and 0037: [26/32], H[7], 0.00sec
0010 and 0037: 32 matches, 0.01sec, #1
0010 and 0037: [29/32], H[8], 0.00sec
0002 and 0037: 49 matches, 0.01sec, #2
0002 and 0037: [41/49], H[20], 0.00sec
0020 and 0037: 25 matches, 0.01sec, #0
0020 and 0037: [19/25], H[9], 0.00sec
0011 and 0037: 28 matches, 0.01sec, #1
0011 and 0037: [24/28], H[12], 0.00sec
0003 and 0037: 44 matches, 0.01sec, #2
0003 and 0037: [40/44], H[17], 0.00sec
0012 and 0037: 47 matches, 0.01sec, #1
0012 and 0037: [39/47], H[19], 0.00sec
0021 and 0037: 24 matches, 0.03sec, #0
0004 and 0037: 47 matches, 0.02sec, #2
0004 and 0037: [41/47], H[18], 0.00sec
0022 and 0037: 24 matches, 0.02sec, #0
0013 and 0037: 31 matches, 0.02sec, #1
0013 and 0037: [23/31], H[12], 0.00sec
0023 and 0037: 32 matches, 0.02sec, #0
0023 and 0037: [29/32], H[14], 0.00sec
0005 and 0037: 31 matches, 0.02sec, #2
0005 and 0037: [28/31], H[19], 0.00sec
0014 and 0037: 27 matches, 0.02sec, #1
0014 and 0037: [23/27], H[11], 0.00sec
0024 and 0037: 23 matches, 0.02sec, #0
0006 and 0037: 40 matches, 0.02sec, #2
0006 and 0037: [34/40], H[21], 0.00sec
0025 and 0037: 20 matches, 0.01sec, #0
0026 and 0037: 24 matches, 0.01sec, #0
0027 and 0037: 25 matches, 0.01sec, #2
0015 and 0037: 29 matches, 0.02sec, #1
0027 and 0037: [19/25], H[5], 0.01sec
0015 and 0037: [23/29], H[10], 0.00sec
0000 and 0038: 34 matches, 0.01sec, #0
0000 and 0038: [28/34], H[9], 0.00sec
0028 and 0037: 18 matches, 0.01sec, #2
0001 and 0038: 37 matches, 0.02sec, #0
0001 and 0038: [28/37], H[16], 0.00sec
0029 and 0037: 15 matches, 0.01sec, #2
0016 and 0037: 22 matches, 0.01sec, #1
0030 and 0037: 20 matches, 0.01sec, #2
0010 and 0038: 29 matches, 0.01sec, #1
0010 and 0038: [21/29], H[7], 0.00sec
0002 and 0038: 41 matches, 0.01sec, #0
0031 and 0037: 16 matches, 0.01sec, #2
0002 and 0038: [34/41], H[20], 0.00sec
0032 and 0037: 18 matches, 0.01sec, #2
0011 and 0038: 32 matches, 0.01sec, #1
0011 and 0038: [24/32], H[8], 0.00sec
0033 and 0037: 9 matches, 0.01sec, #2
0003 and 0038: 42 matches, 0.01sec, #0
0003 and 0038: [34/42], H[12], 0.00sec
0034 and 0037: 46 matches, 0.01sec, #2
0034 and 0037: [42/46], H[23], 0.00sec
0012 and 0038: 41 matches, 0.01sec, #1
0012 and 0038: [32/41], H[11], 0.00sec
0004 and 0038: 35 matches, 0.01sec, #0
0004 and 0038: [27/35], H[12], 0.00sec
0035 and 0037: 9 matches, 0.01sec, #2
0036 and 0037: 39 matches, 0.01sec, #2
0013 and 0038: 30 matches, 0.01sec, #1
0036 and 0037: [34/39], H[22], 0.00sec
0013 and 0038: [19/30], H[8], 0.00sec
0005 and 0038: 32 matches, 0.01sec, #0
0005 and 0038: [27/32], H[12], 0.00sec
0020 and 0038: 24 matches, 0.02sec, #2
0006 and 0038: 33 matches, 0.02sec, #0
0006 and 0038: [27/33], H[16], 0.00sec
0014 and 0038: 29 matches, 0.03sec, #1
0014 and 0038: [26/29], H[7], 0.00sec
0021 and 0038: 18 matches, 0.02sec, #2
0007 and 0038: 30 matches, 0.01sec, #0
0007 and 0038: [25/30], H[10], 0.00sec
0022 and 0038: 14 matches, 0.01sec, #2
0015 and 0038: 28 matches, 0.02sec, #1
0015 and 0038: [21/28], H[7], 0.00sec
0023 and 0038: 32 matches, 0.02sec, #2
0023 and 0038: [30/32], H[15], 0.00sec
0008 and 0038: 35 matches, 0.02sec, #0
0008 and 0038: [26/35], H[18], 0.00sec
0024 and 0038: 23 matches, 0.01sec, #2
0016 and 0038: 27 matches, 0.01sec, #1
0016 and 0038: [22/27], H[9], 0.00sec
0025 and 0038: 19 matches, 0.01sec, #2
0009 and 0038: 30 matches, 0.01sec, #0
0009 and 0038: [24/30], H[7], 0.00sec
0026 and 0038: 26 matches, 0.01sec, #2
0026 and 0038: [15/26], H[8], 0.01sec
0017 and 0038: 28 matches, 0.01sec, #1
0017 and 0038: [22/28], H[9], 0.00sec
0030 and 0038: 21 matches, 0.01sec, #0
0031 and 0038: 11 matches, 0.02sec, #0
0027 and 0038: 24 matches, 0.01sec, #2
0018 and 0038: 28 matches, 0.01sec, #1
0018 and 0038: [23/28], H[7], 0.00sec
0032 and 0038: 19 matches, 0.02sec, #0
0028 and 0038: 24 matches, 0.02sec, #2
0033 and 0038: 8 matches, 0.02sec, #0
0029 and 0038: 16 matches, 0.02sec, #2
0019 and 0038: 30 matches, 0.02sec, #1
0019 and 0038: [22/30], H[7], 0.00sec
0034 and 0038: 41 matches, 0.02sec, #0
0034 and 0038: [35/41], H[27], 0.00sec
0002 and 0039: 33 matches, 0.01sec, #2
0002 and 0039: [29/33], H[18], 0.00sec
0012 and 0039: 31 matches, 0.01sec, #1
0012 and 0039: [30/31], H[10], 0.00sec
0035 and 0038: 7 matches, 0.01sec, #0
0003 and 0039: 41 matches, 0.01sec, #2
0003 and 0039: [36/41], H[7], 0.00sec
0036 and 0038: 40 matches, 0.01sec, #0
0036 and 0038: [32/40], H[13], 0.00sec
0013 and 0039: 28 matches, 0.01sec, #1
0013 and 0039: [20/28], H[11], 0.00sec
0004 and 0039: 33 matches, 0.01sec, #2
0004 and 0039: [26/33], H[9], 0.00sec
0037 and 0038: 42 matches, 0.01sec, #0
0037 and 0038: [39/42], H[17], 0.00sec
0014 and 0039: 20 matches, 0.02sec, #1
0005 and 0039: 35 matches, 0.02sec, #2
0005 and 0039: [30/35], H[13], 0.00sec
0015 and 0039: 22 matches, 0.02sec, #1
0000 and 0039: 27 matches, 0.02sec, #0
0000 and 0039: [25/27], H[9], 0.00sec
0016 and 0039: 21 matches, 0.01sec, #1
0006 and 0039: 27 matches, 0.02sec, #2
0006 and 0039: [25/27], H[11], 0.00sec
0017 and 0039: 21 matches, 0.02sec, #1
0001 and 0039: 28 matches, 0.02sec, #0
0001 and 0039: [23/28], H[13], 0.00sec
0018 and 0039: 24 matches, 0.01sec, #1
0007 and 0039: 32 matches, 0.01sec, #2
0007 and 0039: [26/32], H[15], 0.00sec
0019 and 0039: 20 matches, 0.01sec, #1
0022 and 0039: 16 matches, 0.02sec, #0
0020 and 0039: 22 matches, 0.01sec, #1
0023 and 0039: 23 matches, 0.01sec, #0
0008 and 0039: 26 matches, 0.02sec, #2
0008 and 0039: [21/26], H[9], 0.00sec
0024 and 0039: 20 matches, 0.02sec, #0
0021 and 0039: 21 matches, 0.03sec, #1
0025 and 0039: 21 matches, 0.02sec, #0
0032 and 0039: 11 matches, 0.02sec, #1
0009 and 0039: 23 matches, 0.02sec, #2
0033 and 0039: 9 matches, 0.01sec, #1
0026 and 0039: 19 matches, 0.02sec, #0
0010 and 0039: 29 matches, 0.01sec, #2
0010 and 0039: [26/29], H[11], 0.00sec
0034 and 0039: 33 matches, 0.01sec, #1
0034 and 0039: [31/33], H[14], 0.00sec
0027 and 0039: 16 matches, 0.01sec, #0
0028 and 0039: 13 matches, 0.02sec, #0
0011 and 0039: 25 matches, 0.02sec, #2
0011 and 0039: [22/25], H[9], 0.00sec
0035 and 0039: 6 matches, 0.01sec, #1
0029 and 0039: 13 matches, 0.01sec, #0
0036 and 0039: 31 matches, 0.01sec, #1
0036 and 0039: [27/31], H[17], 0.00sec
0003 and 0040: 39 matches, 0.01sec, #2
0003 and 0040: [35/39], H[18], 0.00sec
0030 and 0039: 15 matches, 0.02sec, #0
0031 and 0039: 10 matches, 0.01sec, #0
0004 and 0040: 39 matches, 0.01sec, #2
0037 and 0039: 40 matches, 0.01sec, #1
0004 and 0040: [33/39], H[15], 0.00sec
0037 and 0039: [35/40], H[10], 0.00sec
0013 and 0040: 28 matches, 0.01sec, #0
0013 and 0040: [23/28], H[14], 0.00sec
0038 and 0039: 36 matches, 0.01sec, #1
0005 and 0040: 37 matches, 0.01sec, #2
0038 and 0039: [33/36], H[14], 0.00sec
0005 and 0040: [30/37], H[18], 0.00sec
0014 and 0040: 20 matches, 0.02sec, #0
0000 and 0040: 31 matches, 0.01sec, #1
0000 and 0040: [24/31], H[10], 0.00sec
0015 and 0040: 20 matches, 0.01sec, #0
0006 and 0040: 40 matches, 0.02sec, #2
0006 and 0040: [34/40], H[9], 0.00sec
0016 and 0040: 22 matches, 0.01sec, #0
0001 and 0040: 29 matches, 0.01sec, #1
0001 and 0040: [23/29], H[9], 0.00sec
0017 and 0040: 22 matches, 0.01sec, #0
0007 and 0040: 34 matches, 0.01sec, #2
0007 and 0040: [29/34], H[11], 0.00sec
0018 and 0040: 22 matches, 0.02sec, #0
0002 and 0040: 37 matches, 0.01sec, #1
0002 and 0040: [35/37], H[16], 0.00sec
0019 and 0040: 19 matches, 0.01sec, #0
0008 and 0040: 32 matches, 0.01sec, #2
0008 and 0040: [27/32], H[9], 0.00sec
0020 and 0040: 20 matches, 0.01sec, #0
0023 and 0040: 34 matches, 0.02sec, #1
0023 and 0040: [30/34], H[18], 0.00sec
0009 and 0040: 25 matches, 0.01sec, #2
0009 and 0040: [19/25], H[9], 0.00sec
0021 and 0040: 21 matches, 0.02sec, #0
0022 and 0040: 16 matches, 0.01sec, #0
0024 and 0040: 14 matches, 0.01sec, #1
0010 and 0040: 29 matches, 0.01sec, #2
0010 and 0040: [24/29], H[10], 0.00sec
0032 and 0040: 14 matches, 0.01sec, #0
0025 and 0040: 15 matches, 0.02sec, #1
0033 and 0040: 10 matches, 0.01sec, #0
0026 and 0040: 20 matches, 0.01sec, #1
0034 and 0040: 35 matches, 0.01sec, #0
0034 and 0040: [31/35], H[13], 0.00sec
0027 and 0040: 17 matches, 0.01sec, #1
0028 and 0040: 12 matches, 0.01sec, #1
0011 and 0040: 19 matches, 0.04sec, #2
0035 and 0040: 4 matches, 0.02sec, #0
0029 and 0040: 14 matches, 0.02sec, #1
0012 and 0040: 35 matches, 0.03sec, #2
0012 and 0040: [28/35], H[16], 0.00sec
0036 and 0040: 33 matches, 0.03sec, #0
0036 and 0040: [31/33], H[11], 0.00sec
0030 and 0040: 15 matches, 0.02sec, #1
0031 and 0040: 12 matches, 0.02sec, #1
0038 and 0040: 29 matches, 0.02sec, #2
0038 and 0040: [25/29], H[10], 0.00sec
0037 and 0040: 41 matches, 0.01sec, #0
0037 and 0040: [36/41], H[13], 0.00sec
0039 and 0040: 32 matches, 0.01sec, #1
0039 and 0040: [30/32], H[14], 0.00sec

###########-------timing------#########
820 Image Match finished, 6 sec used
#############################

Save to C:\Users\chin1\Desktop\final\VisualSFM_windows_cuda_64bit\myresult.nvm ... done
225 pairs have two-view models
357 pairs have fundamental matrices
Initialize with masked29 and masked30
40 3D points initialized from two images
PBA library version = 105
PBA: 40 3D pts, 2 cams and 80 projs...
PBA: 0.105 -> 0.063 (1 LMs in 0.11sec)
Focal Length : [720.000]->[721.821]
Focal Length : [720.000]->[718.141]

#############################
#3: [masked28] sees 49 (+27) 3D points
Estimated Focal Length [3288][5.48N]
# 87 projs (27 pts and 0 merges)
PBA: 67 3D pts, 3 cams and 167 projs...
PBA: 8.042 -> 1.166 (21 LMs in 0.07sec)

**************************************
#3/3:  87 projs and 27 pts added.
PBA: 67 3D pts, 3 cams and 167 projs...
PBA: 1.166 -> 1.145 (15 LMs in 0.05sec)
PBA: 67 3D pts, 3 cams and 167 projs...
PBA: 1.145 -> 1.133 (14 LMs in 0.05sec)
Focal Length : [3288.300]->[3390.948]
Radial Distortion : [-7.132 -> -17]

#############################
#4: [masked27] sees 93 (+20) 3D points
Estimated Focal Length [387][0.65W]
# 40 projs (0 pts and 0 merges)
PBA: 63 3D pts, 4 cams and 199 projs...
PBA: 1.547 -> 1.547 (0 LMs in 0.00sec)
#points w/ large errors:	4
Focal Length : [387.340]->[387.340]
Radial Distortion : [0.000 -> 0]

#############################
#5: [masked25] sees 84 (+20) 3D points
Estimated Focal Length [632][1.05N]
# 33 projs (0 pts and 0 merges)
PBA: 60 3D pts, 5 cams and 222 projs...
PBA: 2.609 -> 2.609 (0 LMs in 0.00sec)
#points w/ large errors:	2

**************************************
#5/5:  33 projs and 0 pts added.
PBA: 58 3D pts, 5 cams and 214 projs...
PBA: 2.299 -> 2.299 (0 LMs in 0.00sec)
PBA: 58 3D pts, 5 cams and 214 projs...
PBA: 2.299 -> 2.299 (0 LMs in 0.00sec)
Focal Length : [632.056]->[632.056]
Radial Distortion : [0.000 -> 0]

#############################
#6: [masked26] sees 114 (+25) 3D points
Estimated Focal Length [4772][7.95N]
# 110 projs (29 pts and 0 merges)
PBA: 86 3D pts, 6 cams and 322 projs...
PBA: 4.136 -> 4.136 (0 LMs in 0.00sec)
#points w/ large errors:	1
Focal Length : [4771.677]->[4771.677]
Radial Distortion : [0.000 -> 0]

#############################
#7: [masked24] sees 127 (+13) 3D points
Estimated Focal Length [540][0.90N]
# 43 projs (0 pts and 0 merges)
PBA: 83 3D pts, 7 cams and 357 projs...
PBA: 5.935 -> 5.935 (0 LMs in 0.00sec)
#points w/ large errors:	4

**************************************
#7/7:  43 projs and 0 pts added.
PBA: 79 3D pts, 7 cams and 338 projs...
PBA: 2.458 -> 2.458 (0 LMs in 0.00sec)
PBA: 79 3D pts, 7 cams and 338 projs...
PBA: 2.458 -> 2.458 (0 LMs in 0.00sec)
Focal Length : [540.196]->[540.196]
Radial Distortion : [0.000 -> 0]

#############################
#8: [masked23] sees 95 (+13) 3D points
Estimated Focal Length [317][0.53W]
# 34 projs (0 pts and 0 merges)
PBA: 78 3D pts, 8 cams and 370 projs...
PBA: 5.437 -> 5.437 (0 LMs in 0.00sec)
#points w/ large errors:	5
Focal Length : [317.215]->[317.215]
Radial Distortion : [0.000 -> 0]

#############################
#9: [masked21] sees 158 (+12) 3D points
Estimated Focal Length [2048][3.41N]
# 86 projs (17 pts and 0 merges)
PBA: 85 3D pts, 9 cams and 416 projs...
PBA: 10.150 -> 10.150 (0 LMs in 0.00sec)
#points w/ large errors:	8

**************************************
#9/9:  86 projs and 17 pts added.
PBA: 77 3D pts, 9 cams and 373 projs...
PBA: 5.484 -> 5.484 (0 LMs in 0.00sec)
PBA: 77 3D pts, 9 cams and 373 projs...
PBA: 5.484 -> 5.484 (0 LMs in 0.00sec)
Focal Length : [2047.544]->[2047.544]
Radial Distortion : [0.000 -> 0]

#############################
#10: [masked20] sees 139 (+17) 3D points
Estimated Focal Length [1803][3.00N]
# 76 projs (14 pts and 0 merges)
PBA: 90 3D pts, 10 cams and 447 projs...
PBA: 9.556 -> 9.556 (0 LMs in 0.00sec)
#points w/ large errors:	5
Focal Length : [1802.564]->[1802.564]
Radial Distortion : [0.000 -> 0]

#############################
#11: [masked17] sees 124 (+17) 3D points
Estimated Focal Length [5696][9.49N]
# 51 projs (7 pts and 1 merges)
PBA: 88 3D pts, 11 cams and 472 projs...
PBA: 9.057 -> 9.057 (0 LMs in 0.00sec)
#points w/ large errors:	14
Focal Length : [5696.074]->[5696.074]
Radial Distortion : [0.000 -> 0]

#############################
#12: [masked18] sees 111 (+21) 3D points
Estimated Focal Length [307][0.51W]
# 79 projs (20 pts and 0 merges)
PBA: 92 3D pts, 12 cams and 480 projs...
PBA: 4.259 -> 4.259 (0 LMs in 0.00sec)
#points w/ large errors:	5

**************************************
#12/12:  79 projs and 20 pts added.
PBA: 80 3D pts, 12 cams and 444 projs...
PBA: 2.534 -> 2.534 (0 LMs in 0.00sec)
PBA: 80 3D pts, 12 cams and 444 projs...
PBA: 2.534 -> 2.534 (0 LMs in 0.00sec)
Focal Length : [307.276]->[307.276]
Radial Distortion : [0.000 -> 0]

#############################
#13: [masked15] sees 148 (+14) 3D points
Estimated Focal Length [2607][4.35N]
# 92 projs (18 pts and 1 merges)
PBA: 93 3D pts, 13 cams and 528 projs...
PBA: 3.731 -> 3.731 (0 LMs in 0.00sec)
#points w/ large errors:	3
Focal Length : [2607.258]->[2607.258]
Radial Distortion : [0.000 -> 0]

#############################
#14: [masked11] sees 150 (+14) 3D points
Estimated Focal Length [3903][6.51N]
# 42 projs (0 pts and 0 merges)
PBA: 89 3D pts, 14 cams and 562 projs...
PBA: 3.889 -> 3.889 (0 LMs in 0.00sec)
#points w/ large errors:	9
Focal Length : [3903.196]->[3903.196]
Radial Distortion : [0.000 -> 0]

#############################
#15: [masked10] sees 118 (+21) 3D points
Estimated Focal Length [3328][5.55N]
# 35 projs (0 pts and 1 merges)
PBA: 77 3D pts, 15 cams and 552 projs...
PBA: 3.375 -> 3.375 (0 LMs in 0.00sec)
#points w/ large errors:	3
Focal Length : [3327.631]->[3327.631]
Radial Distortion : [0.000 -> 0]

#############################
#16: [masked6] sees 153 (+14) 3D points
Estimated Focal Length [196][0.33W]
# 40 projs (0 pts and 0 merges)
PBA: 74 3D pts, 16 cams and 572 projs...
PBA: 4.311 -> 4.311 (0 LMs in 0.00sec)
#points w/ large errors:	3

**************************************
#16/16:  40 projs and 0 pts added.
PBA: 71 3D pts, 16 cams and 553 projs...
PBA: 3.608 -> 3.608 (0 LMs in 0.00sec)
PBA: 71 3D pts, 16 cams and 553 projs...
PBA: 3.608 -> 3.608 (0 LMs in 0.00sec)
Focal Length : [196.055]->[196.055]
Radial Distortion : [0.000 -> 0]

#############################
#17: [masked4] sees 91 (+22) 3D points
Estimated Focal Length [212][0.35W]
# 29 projs (0 pts and 0 merges)
PBA: 71 3D pts, 17 cams and 582 projs...
PBA: 4.741 -> 4.741 (0 LMs in 0.00sec)
#points w/ large errors:	7
Focal Length : [212.164]->[212.164]
Radial Distortion : [0.000 -> 0]

#############################
#18: [masked12] sees 181 (+18) 3D points
Estimated Focal Length [144][0.24W]
# 30 projs (0 pts and 0 merges)
PBA: 63 3D pts, 18 cams and 547 projs...
PBA: 3.867 -> 3.867 (0 LMs in 0.00sec)
#points w/ large errors:	4
Focal Length : [143.843]->[143.843]
Radial Distortion : [0.000 -> 0]

#############################
#19: [masked9] sees 96 (+22) 3D points
Estimated Focal Length [3700][6.17N]
# 21 projs (0 pts and 0 merges)
PBA: 59 3D pts, 19 cams and 529 projs...
PBA: 3.869 -> 3.869 (0 LMs in 0.00sec)
#points w/ large errors:	5
Focal Length : [3700.129]->[3700.129]
Radial Distortion : [0.000 -> 0]

#############################
#20: [masked14] sees 149 (+23) 3D points
Estimated Focal Length [635][1.06N]
# 22 projs (0 pts and 0 merges)
PBA: 54 3D pts, 20 cams and 489 projs...
PBA: 2.813 -> 2.813 (0 LMs in 0.00sec)
#points w/ large errors:	3
Focal Length : [634.840]->[634.840]
Radial Distortion : [0.000 -> 0]

#############################
#21: [masked5] sees 92 (+25) 3D points
Estimated Focal Length [266][0.44W]
# 228 projs (43 pts and 0 merges)
SKIP: 0 cams, 9 points, 57 projs
PBA: 89 3D pts, 20 cams and 660 projs...
PBA: 8.426 -> 8.426 (0 LMs in 0.00sec)
#points w/ large errors:	1

**************************************
#21/21:  228 projs and 43 pts added.
PBA: 88 3D pts, 21 cams and 649 projs...
PBA: 9.102 -> 9.102 (0 LMs in 0.00sec)
PBA: 88 3D pts, 21 cams and 649 projs...
PBA: 9.102 -> 9.102 (0 LMs in 0.00sec)
Focal Length : [265.791]->[265.791]
Radial Distortion : [0.000 -> 0]

#############################
#22: [masked7] sees 224 (+17) 3D points
Estimated Focal Length [321][0.54W]
# 60 projs (0 pts and 0 merges)
SKIP: 0 cams, 16 points, 10 projs
PBA: 82 3D pts, 20 cams and 697 projs...
PBA: 11.032 -> 11.032 (0 LMs in 0.00sec)
#points w/ large errors:	13
Focal Length : [321.393]->[321.393]
Radial Distortion : [0.000 -> 0]

#############################
#23: [masked2] sees 176 (+21) 3D points
Estimated Focal Length [2384][3.97N]
# 41 projs (0 pts and 0 merges)
SKIP: 0 cams, 31 points, 100 projs
PBA: 67 3D pts, 20 cams and 648 projs...
PBA: 8.214 -> 8.214 (0 LMs in 0.00sec)
#points w/ large errors:	4
Focal Length : [2384.298]->[2384.298]
Radial Distortion : [0.000 -> 0]

#############################
#24: [masked3] sees 163 (+26) 3D points
Estimated Focal Length [1789][2.98N]
# 30 projs (0 pts and 0 merges)
SKIP: 0 cams, 38 points, 60 projs
PBA: 60 3D pts, 20 cams and 633 projs...
PBA: 8.858 -> 8.858 (0 LMs in 0.00sec)
#points w/ large errors:	7
Focal Length : [1788.653]->[1788.653]
Radial Distortion : [0.000 -> 0]

#############################
#25: [masked0] sees 153 (+23) 3D points
Estimated Focal Length [389][0.65W]
# 43 projs (0 pts and 0 merges)
SKIP: 0 cams, 45 points, 112 projs
PBA: 53 3D pts, 20 cams and 590 projs...
PBA: 9.257 -> 9.257 (0 LMs in 0.00sec)
#points w/ large errors:	2
Focal Length : [388.912]->[388.912]
Radial Distortion : [0.000 -> 0]

#############################
#26: [masked1] sees 187 (+22) 3D points
Estimated Focal Length [280][0.47W]
# 26 projs (0 pts and 0 merges)
PBA: 61 3D pts, 26 cams and 619 projs...
PBA: 9.323 -> 9.323 (0 LMs in 0.00sec)
#points w/ large errors:	5
Focal Length : [279.762]->[279.762]
Radial Distortion : [0.000 -> 0]

#############################
#27: [masked8] sees 147 (+19) 3D points
Estimated Focal Length [177][0.30W]
# 24 projs (0 pts and 0 merges)
SKIP: 0 cams, 56 points, 75 projs
PBA: 42 3D pts, 20 cams and 568 projs...
PBA: 8.052 -> 8.052 (0 LMs in 0.00sec)
#points w/ large errors:	3

**************************************
#27/27:  24 projs and 0 pts added.
PBA: 53 3D pts, 27 cams and 568 projs...
PBA: 9.183 -> 9.183 (0 LMs in 0.00sec)
PBA: 53 3D pts, 27 cams and 568 projs...
PBA: 9.183 -> 9.183 (0 LMs in 0.00sec)
Focal Length : [177.088]->[177.088]
Radial Distortion : [0.000 -> 0]

#############################
#28: [masked13] sees 152 (+23) 3D points
Estimated Focal Length [1410][2.35N]
# 21 projs (0 pts and 0 merges)
ERROR: too few projections are initiated

#############################
#28: [masked16] sees 137 (+17) 3D points
Estimated Focal Length [281][0.47W]
# 298 projs (62 pts and 1 merges)
SKIP: 0 cams, 8 points, 48 projs
PBA: 99 3D pts, 21 cams and 837 projs...
PBA: 14.347 -> 14.347 (0 LMs in 0.00sec)
#points w/ large errors:	5
Focal Length : [280.981]->[280.981]
Radial Distortion : [0.000 -> 0]

#############################
#29: [masked19] sees 169 (+8) 3D points
Estimated Focal Length [682][1.14N]
# 55 projs (0 pts and 0 merges)
SKIP: 0 cams, 13 points, 77 projs
PBA: 77 3D pts, 20 cams and 796 projs...
PBA: 13.781 -> 13.781 (0 LMs in 0.00sec)
#points w/ large errors:	35
Focal Length : [682.167]->[682.167]
Radial Distortion : [0.000 -> 0]

#############################
#30: [masked22] sees 165 (+5) 3D points
Estimated Focal Length [839][1.40N]
# 20 projs (0 pts and 0 merges)
ERROR: too few projections are initiated

#############################
#30: [masked32] sees 87 (+7) 3D points
Estimated Focal Length [463][0.77N]
# 172 projs (43 pts and 3 merges)
SKIP: 0 cams, 2 points, 185 projs
PBA: 98 3D pts, 21 cams and 838 projs...
PBA: 11.228 -> 11.228 (0 LMs in 0.00sec)
#points w/ large errors:	14
Focal Length : [462.850]->[462.850]
Radial Distortion : [0.000 -> 0]

#############################
#31: [masked31] sees 121 (+8) 3D points
Estimated Focal Length [580][0.97N]
# 105 projs (20 pts and 2 merges)
SKIP: 0 cams, 9 points, 168 projs
PBA: 89 3D pts, 20 cams and 771 projs...
PBA: 7.465 -> 7.465 (0 LMs in 0.00sec)
#points w/ large errors:	9
Focal Length : [580.197]->[580.197]
Radial Distortion : [0.000 -> 0]

#############################
#32: [masked33] sees 65 (+10) 3D points
Estimated Focal Length [711][1.18N]
# 77 projs (22 pts and 1 merges)
PBA: 99 3D pts, 32 cams and 761 projs...
PBA: 6.202 -> 6.202 (0 LMs in 0.00sec)
#points w/ large errors:	19
Focal Length : [710.973]->[710.973]
Radial Distortion : [0.000 -> 0]

#############################
#33: [masked34] sees 71 (+13) 3D points
Estimated Focal Length [2638][4.40N]
# 34 projs (0 pts and 1 merges)
SKIP: 0 cams, 24 points, 87 projs
PBA: 77 3D pts, 20 cams and 708 projs...
PBA: 5.319 -> 5.319 (0 LMs in 0.00sec)
#points w/ large errors:	9
Focal Length : [2637.645]->[2637.645]
Radial Distortion : [0.000 -> 0]

#############################
#34: [masked35] sees 29 (+6) 3D points
Estimated Focal Length [523][0.87N]
# 19 projs (0 pts and 0 merges)
ERROR: too few projections are initiated

#############################
#34: [masked22] sees 163 (+30) 3D points
Estimated Focal Length [4443][7.41N]
# 303 projs (48 pts and 3 merges)
SKIP: 0 cams, 13 points, 79 projs
PBA: 102 3D pts, 21 cams and 959 projs...
PBA: 8.534 -> 8.534 (0 LMs in 0.00sec)
#points w/ large errors:	4

**************************************
#34/34:  303 projs and 48 pts added.
PBA: 96 3D pts, 34 cams and 931 projs...
PBA: 7.313 -> 7.313 (0 LMs in 0.00sec)
PBA: 96 3D pts, 34 cams and 931 projs...
PBA: 7.313 -> 7.313 (0 LMs in 0.00sec)
Focal Length : [4443.177]->[4443.177]
Radial Distortion : [0.000 -> 0]

#############################
#35: [masked13] sees 165 (+22) 3D points
Estimated Focal Length [972][1.62N]
# 47 projs (0 pts and 0 merges)
SKIP: 0 cams, 26 points, 0 projs
PBA: 96 3D pts, 20 cams and 978 projs...
PBA: 7.904 -> 7.904 (0 LMs in 0.00sec)
#points w/ large errors:	25
Focal Length : [972.080]->[972.080]
Radial Distortion : [0.000 -> 0]

#############################
#36: [masked35] sees 25 (+9) 3D points
Estimated Focal Length [545][0.91N]
# 50 projs (15 pts and 0 merges)
SKIP: 0 cams, 50 points, 206 projs
PBA: 72 3D pts, 20 cams and 822 projs...
PBA: 7.528 -> 7.528 (0 LMs in 0.00sec)
#points w/ large errors:	9
Focal Length : [544.938]->[544.938]
Radial Distortion : [0.000 -> 0]

#############################
#37: [masked36] sees 47 (+9) 3D points
Estimated Focal Length [367][0.61W]
# 57 projs (14 pts and 0 merges)
SKIP: 0 cams, 49 points, 215 projs
PBA: 72 3D pts, 20 cams and 695 projs...
PBA: 3.223 -> 3.223 (0 LMs in 0.00sec)
#points w/ large errors:	1
Focal Length : [367.402]->[367.402]
Radial Distortion : [0.000 -> 0]

^^^^^^^^^^^^^^^^^^^^^^^^^^^^^^^^
#37/37:  0 projs and 0 pts added.
PBA: 84 3D pts, 37 cams and 726 projs...
PBA: 3.140 -> 3.140 (0 LMs in 0.00sec)
#points w/ large errors:	13
PBA: 71 3D pts, 37 cams and 628 projs...
PBA: 1.561 -> 1.561 (0 LMs in 0.00sec)
END: No more images to add [0 projs]

#############################
Failed to find two images for initialization
Resuming SfM finished, 1 sec used

---------------------------------------------------
37 cams, 122 pts (3+: 43)
628 projections (3+: 572)
---------------------------------------------------
1 model(s) reconstructed from 41 images;
37 modeled; 0 reused; 0 EXIF; 
0MB(0) used to store feature location.
---------------------------------------------------

########-------timing------#########
Structure-From-Motion finished, 1 sec used
0.4(0.4) seconds on Bundle Adjustment (+)
0.4(0.3) seconds on Bundle Adjustment (*)
#############################
Save to C:\Users\chin1\Desktop\final\VisualSFM_windows_cuda_64bit\myresult.nvm ... done

#############################
Undistorting 37 images in model #0
param_undistortion_thread_num = 0
NOTE: using 8 threads...
#05: masked18 -> 00000011.jpg, 0.003 sec
#07: masked21 -> 00000008.jpg, 0.004 sec
#06: masked20 -> 00000009.jpg, 0.004 sec
#04: masked24 -> 00000006.jpg, 0.004 sec
#03: masked25 -> 00000004.jpg, 0.004 sec
#01: masked17 -> 00000010.jpg, 0.003 sec
#05: masked15 -> 00000012.jpg, 0.001 sec
#07: masked10 -> 00000014.jpg, 0.002 sec
#04: masked23 -> 00000007.jpg, 0.001 sec
#05: masked11 -> 00000013.jpg, 0.002 sec
#01: masked9 -> 00000018.jpg, 0.002 sec
#03: masked26 -> 00000005.jpg, 0.003 sec
#06: masked4 -> 00000016.jpg, 0.004 sec
#07: masked6 -> 00000015.jpg, 0.002 sec
#04: masked5 -> 00000020.jpg, 0.002 sec
#05: masked2 -> 00000022.jpg, 0.002 sec
#01: masked14 -> 00000019.jpg, 0.003 sec
#03: masked0 -> 00000024.jpg, 0.002 sec
#04: masked7 -> 00000021.jpg, 0.001 sec
#07: masked8 -> 00000026.jpg, 0.002 sec
#06: masked12 -> 00000017.jpg, 0.002 sec
#05: masked3 -> 00000023.jpg, 0.002 sec
#01: masked19 -> 00000028.jpg, 0.003 sec
#03: masked1 -> 00000025.jpg, 0.002 sec
#04: masked31 -> 00000030.jpg, 0.002 sec
#07: masked16 -> 00000027.jpg, 0.001 sec
#06: masked34 -> 00000032.jpg, 0.001 sec
#05: masked13 -> 00000034.jpg, 0.001 sec
#03: masked36 -> 00000036.jpg, 0.002 sec
#01: masked32 -> 00000029.jpg, 0.002 sec
#04: masked33 -> 00000031.jpg, 0.003 sec
#06: masked22 -> 00000033.jpg, 0.002 sec
#05: masked35 -> 00000035.jpg, 0.002 sec
#02: masked28 -> 00000002.jpg, 0.050 sec
#02: masked27 -> 00000003.jpg, 0.002 sec
#00: masked29 -> 00000000.jpg, 0.062 sec
#00: masked30 -> 00000001.jpg, 0.043 sec
----------------------------------------------------------------
Running Yasutaka Furukawa's CMVS tool...
cmvs C:\Users\chin1\Desktop\final\VisualSFM_windows_cuda_64bit\myresult.nvm.cmvs\00\ 50 8
genOption C:\Users\chin1\Desktop\final\VisualSFM_windows_cuda_64bit\myresult.nvm.cmvs\00\ 1 2 0.700000 7 3 8
1 cluster is generated for pmvs reconstruction.
pmvs2 C:\Users\chin1\Desktop\final\VisualSFM_windows_cuda_64bit\myresult.nvm.cmvs\00\ option-0000
This may take a little more time, waiting...
2 seconds were used by PMVS
Loading option-0000.ply, 2073 vertices ...
Loading patches and estimating point sizes..
Save to C:\Users\chin1\Desktop\final\VisualSFM_windows_cuda_64bit\myresult.nvm ... done
Save C:\Users\chin1\Desktop\final\VisualSFM_windows_cuda_64bit\myresult.0.ply ...done
----------------------------------------------------------------
VisualSFM 3D reconstruction, finished
Totally 12.000 seconds used

__LogFile: C:\Users\chin1\Desktop\final\VisualSFM_windows_cuda_64bit\log\[20_02_11][10_25_18][14].log
