
VisualSFM 3D reconstruction, begin...
Searching images in the specified folder
0: masked0
image_size:	600x400
1: masked1
image_size:	600x400
2: masked10
image_size:	600x400
3: masked11
image_size:	600x400
4: masked12
image_size:	600x400
5: masked13
image_size:	600x400
6: masked14
image_size:	600x400
7: masked15
image_size:	600x400
8: masked16
image_size:	600x400
9: masked17
image_size:	600x400
10: masked18
image_size:	600x400
11: masked19
image_size:	600x400
12: masked2
image_size:	600x400
13: masked20
image_size:	600x400
14: masked21
image_size:	600x400
15: masked22
image_size:	600x400
16: masked23
image_size:	600x400
17: masked24
image_size:	600x400
18: masked25
image_size:	600x400
19: masked26
image_size:	600x400
20: masked27
image_size:	600x400
21: masked28
image_size:	600x400
22: masked29
image_size:	600x400
23: masked3
image_size:	600x400
24: masked30
image_size:	600x400
25: masked31
image_size:	600x400
26: masked4
image_size:	600x400
27: masked5
image_size:	600x400
28: masked6
image_size:	600x400
29: masked7
image_size:	600x400
30: masked8
image_size:	600x400
31: masked9
image_size:	600x400
Loading image pixel data ...done in 0s
Compute all missing matches
********* WARNING ***********
More than 87MB of graphic memory may be allocated
under the default settings. If the program halts here,
adjust parameters to save memory and rerun the task: 
    [Tools->Enable GPU->Set Maximum DIM]
Note some octaves may be automatically skipped
SIFT: 0000, 600x400, 	71, 2.06sec
SIFT: 0001, 600x400, 	72, 0.03sec
SIFT: 0002, 600x400, 	78, 0.03sec
SIFT: 0003, 600x400, 	80, 0.03sec
SIFT: 0004, 600x400, 	80, 0.03sec
SIFT: 0005, 600x400, 	65, 0.03sec
SIFT: 0006, 600x400, 	77, 0.03sec
SIFT: 0007, 600x400, 	81, 0.03sec
SIFT: 0008, 600x400, 	72, 0.03sec
SIFT: 0009, 600x400, 	82, 0.03sec
SIFT: 0010, 600x400, 	77, 0.03sec
SIFT: 0011, 600x400, 	65, 0.03sec
SIFT: 0012, 600x400, 	83, 0.03sec
SIFT: 0013, 600x400, 	81, 0.03sec
SIFT: 0014, 600x400, 	64, 0.03sec
SIFT: 0015, 600x400, 	60, 0.03sec
SIFT: 0016, 600x400, 	72, 0.03sec
SIFT: 0017, 600x400, 	76, 0.03sec
SIFT: 0018, 600x400, 	71, 0.03sec
SIFT: 0019, 600x400, 	80, 0.03sec
SIFT: 0020, 600x400, 	74, 0.03sec
SIFT: 0021, 600x400, 	77, 0.03sec
SIFT: 0022, 600x400, 	84, 0.04sec
SIFT: 0023, 600x400, 	73, 0.05sec
SIFT: 0024, 600x400, 	74, 0.03sec
SIFT: 0025, 600x400, 	71, 0.03sec
SIFT: 0026, 600x400, 	74, 0.03sec
SIFT: 0027, 600x400, 	74, 0.03sec
SIFT: 0028, 600x400, 	83, 0.02sec
SIFT: 0029, 600x400, 	75, 0.03sec
SIFT: 0030, 600x400, 	76, 0.03sec
SIFT: 0031, 600x400, 	70, 0.03sec

###########-------timing------#########
32 Feature Detection finished, 3 sec used
#############################

496 pairs to compute match
NOTE: using 3 matching workers
0001 and 0002: 32 matches, 0.01sec, #2
0001 and 0002: [23/32], H[10], 0.00sec
0000 and 0002: 33 matches, 0.02sec, #1
0000 and 0002: [31/33], H[11], 0.00sec
0000 and 0003: 29 matches, 0.01sec, #2
0000 and 0003: [25/29], H[11], 0.00sec
0003 and 0005: 48 matches, 0.02sec, #1
0003 and 0005: [44/48], H[14], 0.00sec
0004 and 0005: 32 matches, 0.01sec, #1
0004 and 0005: [31/32], H[22], 0.00sec
0001 and 0003: 34 matches, 0.03sec, #2
0001 and 0003: [30/34], H[10], 0.00sec
0000 and 0006: 28 matches, 0.01sec, #1
0000 and 0006: [22/28], H[15], 0.00sec
0000 and 0001: 42 matches, 0.12sec, #0
0000 and 0001: [42/42], H[30], 0.00sec
0002 and 0003: 48 matches, 0.02sec, #2
0001 and 0006: 23 matches, 0.01sec, #1
0002 and 0003: [46/48], H[26], 0.00sec
0002 and 0006: 47 matches, 0.02sec, #1
0002 and 0006: [38/47], H[17], 0.00sec
0002 and 0007: 35 matches, 0.02sec, #0
0002 and 0007: [28/35], H[10], 0.00sec
0000 and 0004: 26 matches, 0.01sec, #2
0000 and 0004: [19/26], H[4], 0.00sec
0003 and 0006: 47 matches, 0.01sec, #1
0003 and 0006: [43/47], H[21], 0.00sec
0003 and 0007: 44 matches, 0.02sec, #0
0003 and 0007: [37/44], H[14], 0.00sec
0001 and 0004: 31 matches, 0.01sec, #2
0001 and 0004: [21/31], H[11], 0.00sec
0004 and 0006: 49 matches, 0.01sec, #1
0004 and 0006: [44/49], H[34], 0.00sec
0004 and 0007: 40 matches, 0.02sec, #0
0004 and 0007: [33/40], H[18], 0.00sec
0002 and 0004: 48 matches, 0.02sec, #2
0002 and 0004: [44/48], H[28], 0.00sec
0005 and 0006: 38 matches, 0.01sec, #1
0005 and 0006: [35/38], H[14], 0.00sec
0005 and 0007: 36 matches, 0.01sec, #0
0005 and 0007: [32/36], H[23], 0.00sec
0003 and 0004: 51 matches, 0.02sec, #2
0003 and 0004: [46/51], H[38], 0.00sec
0000 and 0007: 26 matches, 0.01sec, #1
0000 and 0007: [20/26], H[5], 0.00sec
0006 and 0007: 48 matches, 0.01sec, #0
0006 and 0007: [41/48], H[23], 0.00sec
0001 and 0007: 21 matches, 0.01sec, #1
0000 and 0005: 22 matches, 0.01sec, #2
0000 and 0008: 26 matches, 0.01sec, #0
0000 and 0008: [19/26], H[9], 0.00sec
0001 and 0005: 29 matches, 0.01sec, #2
0005 and 0008: 27 matches, 0.01sec, #1
0001 and 0005: [24/29], H[19], 0.00sec
0005 and 0008: [25/27], H[15], 0.00sec
0001 and 0008: 15 matches, 0.01sec, #0
0006 and 0008: 36 matches, 0.01sec, #1
0002 and 0005: 34 matches, 0.01sec, #2
0006 and 0008: [29/36], H[13], 0.00sec
0002 and 0005: [29/34], H[16], 0.00sec
0002 and 0008: 36 matches, 0.01sec, #0
0002 and 0008: [30/36], H[9], 0.00sec
0007 and 0008: 41 matches, 0.01sec, #1
0007 and 0008: [36/41], H[28], 0.00sec
0007 and 0009: 37 matches, 0.02sec, #2
0007 and 0009: [33/37], H[16], 0.00sec
0003 and 0008: 27 matches, 0.02sec, #0
0003 and 0008: [24/27], H[16], 0.00sec
0000 and 0009: 23 matches, 0.01sec, #1
0008 and 0009: 41 matches, 0.01sec, #2
0008 and 0009: [36/41], H[20], 0.00sec
0001 and 0009: 21 matches, 0.01sec, #1
0004 and 0008: 33 matches, 0.01sec, #0
0004 and 0008: [26/33], H[7], 0.00sec
0002 and 0009: 36 matches, 0.01sec, #1
0002 and 0009: [27/36], H[17], 0.00sec
0000 and 0010: 23 matches, 0.01sec, #2
0001 and 0010: 16 matches, 0.01sec, #2
0008 and 0010: 37 matches, 0.01sec, #0
0008 and 0010: [31/37], H[15], 0.00sec
0002 and 0010: 30 matches, 0.01sec, #2
0002 and 0010: [27/30], H[15], 0.00sec
0003 and 0009: 36 matches, 0.02sec, #1
0003 and 0009: [28/36], H[10], 0.00sec
0009 and 0010: 38 matches, 0.01sec, #0
0009 and 0010: [31/38], H[7], 0.00sec
0003 and 0010: 31 matches, 0.03sec, #2
0003 and 0010: [26/31], H[9], 0.00sec
0004 and 0009: 27 matches, 0.01sec, #1
0000 and 0011: 22 matches, 0.01sec, #0
0004 and 0009: [23/27], H[7], 0.00sec
0001 and 0011: 27 matches, 0.01sec, #0
0001 and 0011: [23/27], H[10], 0.00sec
0005 and 0009: 28 matches, 0.01sec, #1
0004 and 0010: 36 matches, 0.01sec, #2
0005 and 0009: [22/28], H[12], 0.00sec
0004 and 0010: [32/36], H[20], 0.00sec
0002 and 0011: 28 matches, 0.01sec, #0
0002 and 0011: [21/28], H[11], 0.00sec
0006 and 0009: 34 matches, 0.01sec, #1
0005 and 0010: 25 matches, 0.01sec, #2
0006 and 0009: [28/34], H[17], 0.00sec
0005 and 0010: [23/25], H[14], 0.00sec
0003 and 0011: 25 matches, 0.02sec, #0
0003 and 0011: [20/25], H[11], 0.00sec
0006 and 0010: 36 matches, 0.01sec, #2
0006 and 0010: [30/36], H[15], 0.00sec
0008 and 0011: 28 matches, 0.03sec, #1
0008 and 0011: [24/28], H[8], 0.00sec
0007 and 0010: 44 matches, 0.01sec, #2
0007 and 0010: [38/44], H[14], 0.00sec
0007 and 0012: 30 matches, 0.01sec, #2
0007 and 0012: [25/30], H[8], 0.00sec
0004 and 0011: 21 matches, 0.03sec, #0
0008 and 0012: 23 matches, 0.01sec, #2
0009 and 0011: 41 matches, 0.03sec, #1
0009 and 0012: 27 matches, 0.01sec, #2
0009 and 0011: [30/41], H[17], 0.00sec
0009 and 0012: [17/27], H[7], 0.00sec
0005 and 0011: 25 matches, 0.03sec, #0
0005 and 0011: [21/25], H[9], 0.00sec
0010 and 0012: 25 matches, 0.01sec, #2
0010 and 0012: [17/25], H[7], 0.00sec
0010 and 0011: 30 matches, 0.02sec, #1
0010 and 0011: [22/30], H[5], 0.00sec
0011 and 0012: 27 matches, 0.02sec, #2
0011 and 0012: [17/27], H[9], 0.00sec
0006 and 0011: 32 matches, 0.02sec, #0
0006 and 0011: [23/32], H[10], 0.00sec
0000 and 0012: 46 matches, 0.03sec, #1
0000 and 0012: [40/46], H[10], 0.00sec
0007 and 0011: 24 matches, 0.01sec, #0
0000 and 0013: 26 matches, 0.02sec, #2
0000 and 0013: [19/26], H[8], 0.00sec
0005 and 0013: 18 matches, 0.01sec, #0
0001 and 0012: 44 matches, 0.01sec, #1
0001 and 0012: [39/44], H[27], 0.00sec
0006 and 0013: 21 matches, 0.02sec, #0
0002 and 0012: 34 matches, 0.01sec, #1
0002 and 0012: [27/34], H[14], 0.00sec
0001 and 0013: 20 matches, 0.02sec, #2
0007 and 0013: 33 matches, 0.02sec, #0
0007 and 0013: [29/33], H[12], 0.00sec
0002 and 0013: 35 matches, 0.01sec, #2
0002 and 0013: [26/35], H[11], 0.00sec
0003 and 0012: 31 matches, 0.02sec, #1
0003 and 0012: [25/31], H[10], 0.00sec
0008 and 0013: 29 matches, 0.02sec, #0
0008 and 0013: [25/29], H[11], 0.00sec
0004 and 0012: 35 matches, 0.01sec, #1
0004 and 0012: [28/35], H[11], 0.00sec
0003 and 0013: 19 matches, 0.03sec, #2
0005 and 0012: 28 matches, 0.01sec, #1
0004 and 0013: 22 matches, 0.02sec, #2
0005 and 0012: [24/28], H[11], 0.00sec
0009 and 0013: 41 matches, 0.02sec, #0
0009 and 0013: [33/41], H[12], 0.00sec
0002 and 0014: 28 matches, 0.01sec, #2
0002 and 0014: [22/28], H[10], 0.00sec
0006 and 0012: 28 matches, 0.01sec, #1
0006 and 0012: [22/28], H[9], 0.00sec
0003 and 0014: 26 matches, 0.02sec, #2
0003 and 0014: [21/26], H[7], 0.00sec
0010 and 0013: 36 matches, 0.02sec, #0
0010 and 0013: [28/36], H[16], 0.00sec
0012 and 0014: 28 matches, 0.01sec, #1
0012 and 0014: [19/28], H[6], 0.00sec
0004 and 0014: 24 matches, 0.01sec, #2
0013 and 0014: 38 matches, 0.02sec, #1
0013 and 0014: [33/38], H[13], 0.00sec
0005 and 0014: 16 matches, 0.02sec, #2
0011 and 0013: 40 matches, 0.02sec, #0
0011 and 0013: [40/40], H[31], 0.00sec
0006 and 0014: 23 matches, 0.01sec, #2
0007 and 0014: 29 matches, 0.01sec, #2
0007 and 0014: [23/29], H[12], 0.00sec
0000 and 0015: 22 matches, 0.01sec, #1
0012 and 0013: 26 matches, 0.01sec, #0
0012 and 0013: [20/26], H[7], 0.00sec
0001 and 0015: 18 matches, 0.01sec, #1
0008 and 0014: 30 matches, 0.01sec, #2
0002 and 0015: 26 matches, 0.01sec, #1
0008 and 0014: [26/30], H[10], 0.00sec
0002 and 0015: [19/26], H[12], 0.00sec
0000 and 0014: 26 matches, 0.01sec, #0
0000 and 0014: [20/26], H[10], 0.00sec
0003 and 0015: 23 matches, 0.01sec, #1
0009 and 0014: 32 matches, 0.02sec, #2
0009 and 0014: [29/32], H[16], 0.00sec
0001 and 0014: 18 matches, 0.01sec, #0
0004 and 0015: 24 matches, 0.02sec, #1
0008 and 0015: 25 matches, 0.02sec, #0
0008 and 0015: [21/25], H[10], 0.00sec
0005 and 0015: 15 matches, 0.02sec, #1
0010 and 0014: 31 matches, 0.01sec, #2
0010 and 0014: [26/31], H[8], 0.00sec
0006 and 0015: 28 matches, 0.02sec, #1
0006 and 0015: [24/28], H[9], 0.00sec
0009 and 0015: 33 matches, 0.01sec, #0
0009 and 0015: [25/33], H[15], 0.00sec
0011 and 0014: 33 matches, 0.01sec, #2
0011 and 0014: [28/33], H[12], 0.00sec
0007 and 0015: 30 matches, 0.01sec, #1
0007 and 0015: [25/30], H[11], 0.00sec
0010 and 0015: 29 matches, 0.01sec, #0
0010 and 0015: [23/29], H[8], 0.00sec
0013 and 0016: 33 matches, 0.01sec, #1
0013 and 0016: [27/33], H[15], 0.00sec
0011 and 0015: 37 matches, 0.01sec, #0
0011 and 0015: [30/37], H[9], 0.00sec
0014 and 0016: 37 matches, 0.01sec, #1
0014 and 0016: [36/37], H[23], 0.00sec
0012 and 0015: 23 matches, 0.01sec, #0
0003 and 0016: 23 matches, 0.07sec, #2
0013 and 0015: 37 matches, 0.02sec, #0
0015 and 0016: 32 matches, 0.02sec, #1
0013 and 0015: [30/37], H[17], 0.00sec
0015 and 0016: [30/32], H[15], 0.00sec
0004 and 0016: 26 matches, 0.01sec, #2
0004 and 0016: [20/26], H[11], 0.00sec
0000 and 0017: 20 matches, 0.01sec, #1
0005 and 0016: 19 matches, 0.01sec, #2
0014 and 0015: 46 matches, 0.01sec, #0
0014 and 0015: [44/46], H[25], 0.00sec
0001 and 0017: 23 matches, 0.01sec, #1
0006 and 0016: 23 matches, 0.01sec, #2
0002 and 0017: 24 matches, 0.01sec, #1
0007 and 0016: 30 matches, 0.01sec, #2
0007 and 0016: [22/30], H[9], 0.00sec
0000 and 0016: 15 matches, 0.02sec, #0
0003 and 0017: 33 matches, 0.02sec, #1
0003 and 0017: [25/33], H[9], 0.00sec
0001 and 0016: 18 matches, 0.01sec, #0
0008 and 0016: 23 matches, 0.01sec, #2
0002 and 0016: 24 matches, 0.01sec, #0
0009 and 0016: 28 matches, 0.01sec, #2
0009 and 0016: [23/28], H[11], 0.00sec
0004 and 0017: 27 matches, 0.01sec, #1
0004 and 0017: [23/27], H[6], 0.00sec
0007 and 0017: 30 matches, 0.01sec, #0
0007 and 0017: [25/30], H[9], 0.00sec
0005 and 0017: 20 matches, 0.01sec, #1
0010 and 0016: 33 matches, 0.02sec, #2
0010 and 0016: [24/33], H[7], 0.00sec
0008 and 0017: 24 matches, 0.01sec, #0
0006 and 0017: 26 matches, 0.01sec, #1
0006 and 0017: [19/26], H[7], 0.00sec
0009 and 0017: 30 matches, 0.01sec, #0
0009 and 0017: [24/30], H[7], 0.00sec
0011 and 0016: 33 matches, 0.01sec, #2
0011 and 0016: [26/33], H[8], 0.00sec
0000 and 0018: 22 matches, 0.01sec, #1
0010 and 0017: 27 matches, 0.01sec, #0
0010 and 0017: [21/27], H[10], 0.00sec
0001 and 0018: 17 matches, 0.01sec, #1
0012 and 0016: 21 matches, 0.01sec, #2
0002 and 0018: 27 matches, 0.01sec, #1
0002 and 0018: [19/27], H[7], 0.00sec
0011 and 0017: 35 matches, 0.01sec, #0
0011 and 0017: [25/35], H[14], 0.00sec
0010 and 0018: 31 matches, 0.02sec, #2
0010 and 0018: [22/31], H[11], 0.00sec
0003 and 0018: 28 matches, 0.02sec, #1
0012 and 0017: 30 matches, 0.01sec, #0
0003 and 0018: [22/28], H[8], 0.00sec
0012 and 0017: [22/30], H[5], 0.00sec
0011 and 0018: 27 matches, 0.01sec, #2
0011 and 0018: [21/27], H[7], 0.00sec
0013 and 0017: 32 matches, 0.02sec, #0
0013 and 0017: [25/32], H[12], 0.00sec
0004 and 0018: 28 matches, 0.02sec, #1
0004 and 0018: [23/28], H[10], 0.00sec
0012 and 0018: 24 matches, 0.02sec, #2
0014 and 0017: 32 matches, 0.02sec, #0
0014 and 0017: [29/32], H[14], 0.00sec
0013 and 0018: 36 matches, 0.02sec, #2
0013 and 0018: [31/36], H[14], 0.00sec
0005 and 0018: 19 matches, 0.02sec, #1
0015 and 0017: 34 matches, 0.01sec, #0
0015 and 0017: [27/34], H[11], 0.00sec
0006 and 0018: 23 matches, 0.01sec, #1
0007 and 0018: 23 matches, 0.01sec, #1
0016 and 0017: 40 matches, 0.01sec, #0
0014 and 0018: 40 matches, 0.01sec, #2
0016 and 0017: [30/40], H[6], 0.00sec
0014 and 0018: [31/40], H[22], 0.00sec
0008 and 0018: 27 matches, 0.02sec, #1
0008 and 0018: [20/27], H[9], 0.00sec
0002 and 0019: 25 matches, 0.01sec, #0
0002 and 0019: [23/25], H[11], 0.00sec
0015 and 0018: 43 matches, 0.01sec, #2
0015 and 0018: [36/43], H[11], 0.00sec
0009 and 0018: 34 matches, 0.01sec, #1
0009 and 0018: [25/34], H[13], 0.00sec
0016 and 0018: 35 matches, 0.01sec, #2
0016 and 0018: [27/35], H[14], 0.00sec
0003 and 0019: 30 matches, 0.02sec, #0
0003 and 0019: [25/30], H[5], 0.00sec
0017 and 0018: 39 matches, 0.01sec, #2
0017 and 0018: [33/39], H[21], 0.00sec
0012 and 0019: 26 matches, 0.02sec, #1
0012 and 0019: [18/26], H[9], 0.00sec
0000 and 0019: 26 matches, 0.03sec, #2
0000 and 0019: [18/26], H[10], 0.00sec
0004 and 0019: 25 matches, 0.03sec, #0
0004 and 0019: [21/25], H[12], 0.00sec
0013 and 0019: 26 matches, 0.02sec, #1
0013 and 0019: [23/26], H[13], 0.00sec
0001 and 0019: 21 matches, 0.04sec, #2
0005 and 0019: 20 matches, 0.04sec, #0
0003 and 0020: 24 matches, 0.02sec, #2
0004 and 0020: 30 matches, 0.01sec, #2
0004 and 0020: [22/30], H[9], 0.00sec
0014 and 0019: 34 matches, 0.08sec, #1
0014 and 0019: [27/34], H[16], 0.00sec
0006 and 0019: 28 matches, 0.05sec, #0
0006 and 0019: [23/28], H[13], 0.00sec
0005 and 0020: 18 matches, 0.01sec, #2
0006 and 0020: 21 matches, 0.02sec, #2
0007 and 0020: 28 matches, 0.01sec, #2
0007 and 0020: [24/28], H[10], 0.00sec
0015 and 0019: 34 matches, 0.05sec, #1
0008 and 0020: 25 matches, 0.01sec, #2
0015 and 0019: [26/34], H[11], 0.00sec
0008 and 0020: [18/25], H[7], 0.00sec
0007 and 0019: 28 matches, 0.05sec, #0
0007 and 0019: [23/28], H[10], 0.00sec
0009 and 0020: 25 matches, 0.01sec, #2
0009 and 0020: [20/25], H[8], 0.00sec
0010 and 0020: 24 matches, 0.01sec, #2
0011 and 0020: 32 matches, 0.01sec, #2
0011 and 0020: [24/32], H[9], 0.00sec
0016 and 0019: 35 matches, 0.05sec, #1
0016 and 0019: [24/35], H[17], 0.00sec
0012 and 0020: 27 matches, 0.01sec, #2
0012 and 0020: [19/27], H[6], 0.00sec
0008 and 0019: 29 matches, 0.09sec, #0
0008 and 0019: [21/29], H[13], 0.00sec
0013 and 0020: 30 matches, 0.02sec, #2
0013 and 0020: [27/30], H[9], 0.00sec
0014 and 0020: 35 matches, 0.01sec, #2
0014 and 0020: [29/35], H[17], 0.00sec
0015 and 0020: 26 matches, 0.01sec, #2
0015 and 0020: [21/26], H[13], 0.00sec
0017 and 0019: 45 matches, 0.05sec, #1
0017 and 0019: [36/45], H[12], 0.00sec
0016 and 0020: 33 matches, 0.02sec, #2
0016 and 0020: [24/33], H[11], 0.00sec
0009 and 0019: 37 matches, 0.05sec, #0
0017 and 0020: 35 matches, 0.01sec, #2
0009 and 0019: [28/37], H[17], 0.00sec
0017 and 0020: [25/35], H[13], 0.00sec
0018 and 0020: 39 matches, 0.01sec, #2
0018 and 0020: [32/39], H[14], 0.00sec
0019 and 0020: 48 matches, 0.09sec, #2
0019 and 0020: [41/48], H[9], 0.00sec
0018 and 0019: 48 matches, 0.12sec, #1
0018 and 0019: [42/48], H[19], 0.00sec
0010 and 0019: 27 matches, 0.13sec, #0
0010 and 0019: [20/27], H[11], 0.00sec
0000 and 0021: 23 matches, 0.02sec, #2
0001 and 0021: 19 matches, 0.01sec, #2
0002 and 0021: 24 matches, 0.01sec, #2
0000 and 0020: 26 matches, 0.01sec, #1
0000 and 0020: [20/26], H[9], 0.00sec
0003 and 0021: 27 matches, 0.01sec, #2
0003 and 0021: [23/27], H[9], 0.00sec
0001 and 0020: 23 matches, 0.01sec, #1
0004 and 0021: 26 matches, 0.01sec, #2
0004 and 0021: [21/26], H[8], 0.00sec
0002 and 0020: 23 matches, 0.02sec, #1
0005 and 0021: 19 matches, 0.01sec, #2
0013 and 0021: 29 matches, 0.02sec, #1
0013 and 0021: [23/29], H[6], 0.00sec
0006 and 0021: 23 matches, 0.01sec, #2
0007 and 0021: 19 matches, 0.01sec, #2
0008 and 0021: 23 matches, 0.01sec, #2
0014 and 0021: 33 matches, 0.01sec, #1
0014 and 0021: [25/33], H[14], 0.00sec
0011 and 0019: 33 matches, 0.06sec, #0
0009 and 0021: 27 matches, 0.01sec, #2
0011 and 0019: [24/33], H[6], 0.00sec
0009 and 0021: [17/27], H[7], 0.00sec
0015 and 0021: 33 matches, 0.01sec, #1
0015 and 0021: [29/33], H[20], 0.00sec
0010 and 0021: 22 matches, 0.01sec, #2
0016 and 0021: 23 matches, 0.01sec, #1
0011 and 0021: 29 matches, 0.02sec, #2
0011 and 0021: [21/29], H[6], 0.00sec
0017 and 0021: 36 matches, 0.01sec, #1
0017 and 0021: [28/36], H[12], 0.00sec
0002 and 0022: 18 matches, 0.02sec, #0
0003 and 0022: 23 matches, 0.02sec, #0
0018 and 0021: 39 matches, 0.03sec, #1
0018 and 0021: [33/39], H[8], 0.00sec
0012 and 0021: 21 matches, 0.03sec, #2
0004 and 0022: 21 matches, 0.02sec, #0
0012 and 0022: 19 matches, 0.02sec, #2
0005 and 0022: 17 matches, 0.02sec, #0
0013 and 0022: 22 matches, 0.02sec, #2
0006 and 0022: 17 matches, 0.02sec, #0
0014 and 0022: 27 matches, 0.02sec, #2
0014 and 0022: [22/27], H[8], 0.00sec
0007 and 0022: 22 matches, 0.01sec, #0
0015 and 0022: 28 matches, 0.01sec, #2
0015 and 0022: [23/28], H[10], 0.00sec
0019 and 0021: 45 matches, 0.07sec, #1
0008 and 0022: 18 matches, 0.03sec, #0
0019 and 0021: [37/45], H[12], 0.00sec
0009 and 0022: 18 matches, 0.01sec, #0
0016 and 0022: 29 matches, 0.02sec, #2
0016 and 0022: [23/29], H[16], 0.00sec
0010 and 0022: 23 matches, 0.01sec, #0
0020 and 0021: 45 matches, 0.01sec, #1
0020 and 0021: [41/45], H[23], 0.00sec
0011 and 0022: 22 matches, 0.02sec, #0
0017 and 0022: 35 matches, 0.02sec, #2
0017 and 0022: [28/35], H[7], 0.00sec
0000 and 0023: 33 matches, 0.01sec, #0
0000 and 0022: 13 matches, 0.02sec, #1
0000 and 0023: [32/33], H[12], 0.00sec
0001 and 0022: 16 matches, 0.01sec, #1
0018 and 0022: 34 matches, 0.01sec, #2
0018 and 0022: [28/34], H[10], 0.00sec
0001 and 0023: 32 matches, 0.01sec, #0
0001 and 0023: [27/32], H[15], 0.00sec
0010 and 0023: 23 matches, 0.01sec, #1
0011 and 0023: 23 matches, 0.02sec, #1
0019 and 0022: 34 matches, 0.01sec, #2
0002 and 0023: 32 matches, 0.01sec, #0
0002 and 0023: [28/32], H[16], 0.00sec
0019 and 0022: [28/34], H[15], 0.00sec
0012 and 0023: 43 matches, 0.01sec, #1
0012 and 0023: [38/43], H[14], 0.00sec
0013 and 0023: 21 matches, 0.01sec, #1
0020 and 0022: 43 matches, 0.01sec, #2
0020 and 0022: [39/43], H[23], 0.00sec
0003 and 0023: 33 matches, 0.02sec, #0
0003 and 0023: [31/33], H[24], 0.00sec
0014 and 0023: 23 matches, 0.02sec, #1
0021 and 0022: 50 matches, 0.01sec, #2
0021 and 0022: [45/50], H[16], 0.00sec
0015 and 0023: 19 matches, 0.01sec, #1
0016 and 0023: 14 matches, 0.01sec, #1
0020 and 0023: 18 matches, 0.01sec, #2
0004 and 0023: 28 matches, 0.02sec, #0
0004 and 0023: [23/28], H[13], 0.00sec
0017 and 0023: 22 matches, 0.01sec, #1
0021 and 0023: 15 matches, 0.01sec, #2
0018 and 0023: 20 matches, 0.02sec, #1
0022 and 0023: 13 matches, 0.02sec, #2
0005 and 0023: 30 matches, 0.02sec, #0
0005 and 0023: [25/30], H[14], 0.00sec
0000 and 0024: 18 matches, 0.01sec, #2
0001 and 0024: 18 matches, 0.01sec, #2
0006 and 0023: 29 matches, 0.01sec, #0
0006 and 0023: [25/29], H[9], 0.00sec
0019 and 0023: 25 matches, 0.04sec, #1
0002 and 0024: 23 matches, 0.01sec, #2
0019 and 0023: [14/25], H[7], 0.01sec
0007 and 0023: 27 matches, 0.01sec, #0
0007 and 0023: [21/27], H[8], 0.00sec
0003 and 0024: 22 matches, 0.03sec, #2
0008 and 0023: 28 matches, 0.01sec, #0
0008 and 0023: [24/28], H[9], 0.00sec
0004 and 0024: 18 matches, 0.02sec, #2
0007 and 0024: 17 matches, 0.01sec, #1
0009 and 0023: 27 matches, 0.01sec, #0
0005 and 0024: 19 matches, 0.01sec, #2
0009 and 0023: [20/27], H[8], 0.00sec
0008 and 0024: 24 matches, 0.01sec, #1
0006 and 0024: 18 matches, 0.01sec, #2
0009 and 0024: 25 matches, 0.01sec, #1
0009 and 0024: [18/25], H[6], 0.00sec
0017 and 0024: 27 matches, 0.01sec, #0
0017 and 0024: [19/27], H[6], 0.00sec
0003 and 0025: 22 matches, 0.02sec, #2
0010 and 0024: 23 matches, 0.01sec, #1
0018 and 0024: 34 matches, 0.01sec, #0
0004 and 0025: 15 matches, 0.02sec, #2
0018 and 0024: [29/34], H[18], 0.00sec
0011 and 0024: 28 matches, 0.02sec, #1
0011 and 0024: [21/28], H[9], 0.00sec
0005 and 0025: 13 matches, 0.02sec, #2
0019 and 0024: 34 matches, 0.01sec, #0
0019 and 0024: [26/34], H[19], 0.00sec
0012 and 0024: 20 matches, 0.01sec, #1
0006 and 0025: 12 matches, 0.02sec, #2
0020 and 0024: 39 matches, 0.01sec, #0
0020 and 0024: [31/39], H[23], 0.00sec
0013 and 0024: 26 matches, 0.01sec, #1
0007 and 0025: 17 matches, 0.01sec, #2
0013 and 0024: [16/26], H[8], 0.01sec
0008 and 0025: 21 matches, 0.01sec, #2
0021 and 0024: 40 matches, 0.01sec, #0
0021 and 0024: [38/40], H[8], 0.00sec
0014 and 0024: 28 matches, 0.01sec, #1
0009 and 0025: 20 matches, 0.01sec, #2
0014 and 0024: [22/28], H[14], 0.00sec
0010 and 0025: 21 matches, 0.02sec, #2
0022 and 0024: 44 matches, 0.01sec, #0
0022 and 0024: [43/44], H[17], 0.00sec
0015 and 0024: 27 matches, 0.01sec, #1
0015 and 0024: [20/27], H[8], 0.00sec
0011 and 0025: 22 matches, 0.01sec, #2
0012 and 0025: 20 matches, 0.01sec, #2
0023 and 0024: 11 matches, 0.02sec, #0
0016 and 0024: 28 matches, 0.02sec, #1
0016 and 0024: [21/28], H[10], 0.00sec
0013 and 0025: 25 matches, 0.02sec, #2
0013 and 0025: [19/25], H[9], 0.00sec
0000 and 0025: 18 matches, 0.04sec, #0
0023 and 0025: 11 matches, 0.02sec, #1
0001 and 0025: 13 matches, 0.03sec, #0
0014 and 0025: 24 matches, 0.03sec, #2
0024 and 0025: 34 matches, 0.03sec, #1
0024 and 0025: [25/34], H[8], 0.00sec
0002 and 0025: 15 matches, 0.03sec, #0
0015 and 0025: 23 matches, 0.03sec, #2
0008 and 0026: 27 matches, 0.02sec, #0
0016 and 0025: 24 matches, 0.01sec, #2
0008 and 0026: [25/27], H[6], 0.00sec
0000 and 0026: 38 matches, 0.01sec, #1
0000 and 0026: [33/38], H[21], 0.00sec
0017 and 0025: 21 matches, 0.02sec, #2
0018 and 0025: 26 matches, 0.01sec, #2
0018 and 0025: [21/26], H[11], 0.00sec
0009 and 0026: 28 matches, 0.01sec, #0
0009 and 0026: [19/28], H[11], 0.00sec
0001 and 0026: 40 matches, 0.01sec, #1
0001 and 0026: [36/40], H[12], 0.00sec
0019 and 0025: 32 matches, 0.01sec, #2
0019 and 0025: [25/32], H[18], 0.00sec
0010 and 0026: 28 matches, 0.01sec, #0
0010 and 0026: [25/28], H[13], 0.00sec
0002 and 0026: 40 matches, 0.01sec, #1
0002 and 0026: [36/40], H[9], 0.00sec
0020 and 0025: 32 matches, 0.01sec, #2
0020 and 0025: [28/32], H[17], 0.00sec
0011 and 0026: 32 matches, 0.01sec, #0
0011 and 0026: [24/32], H[10], 0.00sec
0003 and 0026: 33 matches, 0.01sec, #1
0003 and 0026: [32/33], H[13], 0.00sec
0021 and 0025: 36 matches, 0.01sec, #2
0012 and 0026: 46 matches, 0.01sec, #0
0021 and 0025: [33/36], H[13], 0.00sec
0012 and 0026: [39/46], H[15], 0.00sec
0004 and 0026: 37 matches, 0.01sec, #1
0004 and 0026: [34/37], H[11], 0.00sec
0013 and 0026: 31 matches, 0.01sec, #0
0022 and 0025: 36 matches, 0.01sec, #2
0022 and 0025: [32/36], H[10], 0.00sec
0013 and 0026: [21/31], H[9], 0.00sec
0005 and 0026: 31 matches, 0.01sec, #1
0005 and 0026: [30/31], H[16], 0.00sec
0018 and 0026: 25 matches, 0.01sec, #2
0014 and 0026: 27 matches, 0.02sec, #0
0018 and 0026: [15/25], H[8], 0.00sec
0014 and 0026: [21/27], H[7], 0.00sec
0006 and 0026: 34 matches, 0.01sec, #1
0006 and 0026: [30/34], H[21], 0.00sec
0019 and 0026: 22 matches, 0.01sec, #2
0015 and 0026: 21 matches, 0.01sec, #0
0007 and 0026: 34 matches, 0.01sec, #1
0007 and 0026: [30/34], H[11], 0.00sec
0020 and 0026: 29 matches, 0.01sec, #2
0016 and 0026: 20 matches, 0.01sec, #0
0020 and 0026: [18/29], H[8], 0.01sec
0017 and 0026: 26 matches, 0.01sec, #0
0017 and 0026: [23/26], H[10], 0.00sec
0002 and 0027: 38 matches, 0.01sec, #1
0002 and 0027: [33/38], H[9], 0.00sec
0021 and 0026: 20 matches, 0.01sec, #2
0012 and 0027: 38 matches, 0.01sec, #0
0012 and 0027: [31/38], H[14], 0.00sec
0022 and 0026: 20 matches, 0.01sec, #2
0003 and 0027: 34 matches, 0.03sec, #1
0003 and 0027: [32/34], H[6], 0.00sec
0023 and 0026: 30 matches, 0.01sec, #2
0023 and 0026: [27/30], H[12], 0.00sec
0013 and 0027: 31 matches, 0.01sec, #0
0013 and 0027: [22/31], H[11], 0.00sec
0014 and 0027: 31 matches, 0.01sec, #0
0014 and 0027: [21/31], H[7], 0.00sec
0004 and 0027: 32 matches, 0.01sec, #1
0024 and 0026: 17 matches, 0.02sec, #2
0004 and 0027: [27/32], H[11], 0.00sec
0025 and 0026: 9 matches, 0.01sec, #2
0015 and 0027: 21 matches, 0.01sec, #0
0000 and 0027: 36 matches, 0.02sec, #2
0000 and 0027: [31/36], H[19], 0.00sec
0016 and 0027: 26 matches, 0.02sec, #0
0016 and 0027: [19/26], H[8], 0.00sec
0005 and 0027: 21 matches, 0.03sec, #1
0006 and 0027: 28 matches, 0.03sec, #1
0006 and 0027: [25/28], H[7], 0.00sec
0001 and 0027: 34 matches, 0.02sec, #2
0001 and 0027: [31/34], H[12], 0.00sec
0017 and 0027: 30 matches, 0.02sec, #0
0017 and 0027: [20/30], H[7], 0.00sec
0007 and 0027: 33 matches, 0.03sec, #1
0007 and 0027: [30/33], H[9], 0.00sec
0022 and 0027: 15 matches, 0.02sec, #2
0018 and 0027: 22 matches, 0.02sec, #0
0023 and 0027: 45 matches, 0.02sec, #2
0023 and 0027: [37/45], H[14], 0.00sec
0019 and 0027: 25 matches, 0.02sec, #0
0019 and 0027: [17/25], H[12], 0.00sec
0008 and 0027: 23 matches, 0.02sec, #1
0009 and 0027: 24 matches, 0.02sec, #1
0024 and 0027: 15 matches, 0.03sec, #2
0020 and 0027: 27 matches, 0.03sec, #0
0020 and 0027: [16/27], H[9], 0.00sec
0010 and 0027: 31 matches, 0.03sec, #1
0010 and 0027: [24/31], H[9], 0.00sec
0025 and 0027: 19 matches, 0.02sec, #2
0026 and 0027: 37 matches, 0.02sec, #2
0026 and 0027: [35/37], H[31], 0.00sec
0021 and 0027: 21 matches, 0.01sec, #0
0011 and 0027: 32 matches, 0.03sec, #1
0011 and 0027: [25/32], H[16], 0.00sec
0005 and 0028: 31 matches, 0.01sec, #0
0005 and 0028: [26/31], H[15], 0.00sec
0000 and 0028: 35 matches, 0.01sec, #2
0000 and 0028: [28/35], H[13], 0.00sec
0015 and 0028: 29 matches, 0.01sec, #1
0015 and 0028: [23/29], H[8], 0.00sec
0006 and 0028: 40 matches, 0.02sec, #0
0006 and 0028: [32/40], H[19], 0.00sec
0001 and 0028: 45 matches, 0.02sec, #2
0001 and 0028: [39/45], H[15], 0.00sec
0016 and 0028: 22 matches, 0.01sec, #1
0007 and 0028: 37 matches, 0.01sec, #0
0007 and 0028: [31/37], H[15], 0.00sec
0002 and 0028: 49 matches, 0.01sec, #2
0002 and 0028: [40/49], H[17], 0.00sec
0017 and 0028: 32 matches, 0.01sec, #1
0017 and 0028: [22/32], H[6], 0.00sec
0008 and 0028: 30 matches, 0.02sec, #0
0008 and 0028: [28/30], H[18], 0.00sec
0018 and 0028: 34 matches, 0.01sec, #1
0018 and 0028: [28/34], H[10], 0.00sec
0003 and 0028: 44 matches, 0.03sec, #2
0003 and 0028: [42/44], H[9], 0.00sec
0009 and 0028: 32 matches, 0.01sec, #0
0009 and 0028: [25/32], H[8], 0.00sec
0019 and 0028: 32 matches, 0.01sec, #1
0019 and 0028: [27/32], H[9], 0.00sec
0010 and 0028: 32 matches, 0.01sec, #0
0010 and 0028: [29/32], H[18], 0.00sec
0004 and 0028: 47 matches, 0.01sec, #2
0004 and 0028: [39/47], H[19], 0.00sec
0020 and 0028: 25 matches, 0.02sec, #1
0020 and 0028: [19/25], H[5], 0.00sec
0025 and 0028: 20 matches, 0.01sec, #2
0011 and 0028: 28 matches, 0.02sec, #0
0011 and 0028: [23/28], H[9], 0.00sec
0021 and 0028: 24 matches, 0.02sec, #1
0026 and 0028: 46 matches, 0.01sec, #2
0026 and 0028: [42/46], H[24], 0.00sec
0022 and 0028: 24 matches, 0.01sec, #1
0023 and 0028: 32 matches, 0.01sec, #1
0023 and 0028: [28/32], H[14], 0.00sec
0012 and 0028: 47 matches, 0.01sec, #0
0012 and 0028: [41/47], H[15], 0.00sec
0027 and 0028: 39 matches, 0.02sec, #2
0027 and 0028: [34/39], H[17], 0.00sec
0024 and 0028: 23 matches, 0.02sec, #1
0013 and 0028: 31 matches, 0.02sec, #0
0000 and 0029: 34 matches, 0.01sec, #2
0000 and 0029: [28/34], H[9], 0.00sec
0013 and 0028: [22/31], H[9], 0.00sec
0007 and 0029: 30 matches, 0.01sec, #1
0007 and 0029: [25/30], H[8], 0.00sec
0001 and 0029: 37 matches, 0.01sec, #2
0014 and 0028: 27 matches, 0.01sec, #0
0001 and 0029: [29/37], H[17], 0.00sec
0014 and 0028: [21/27], H[8], 0.00sec
0008 and 0029: 35 matches, 0.01sec, #1
0008 and 0029: [27/35], H[15], 0.00sec
0002 and 0029: 41 matches, 0.01sec, #2
0002 and 0029: [35/41], H[21], 0.00sec
0017 and 0029: 28 matches, 0.02sec, #0
0017 and 0029: [22/28], H[8], 0.00sec
0009 and 0029: 30 matches, 0.02sec, #1
0009 and 0029: [25/30], H[12], 0.00sec
0003 and 0029: 42 matches, 0.01sec, #2
0003 and 0029: [35/42], H[16], 0.00sec
0018 and 0029: 28 matches, 0.02sec, #0
0018 and 0029: [23/28], H[8], 0.00sec
0010 and 0029: 29 matches, 0.02sec, #1
0010 and 0029: [21/29], H[11], 0.00sec
0004 and 0029: 35 matches, 0.01sec, #2
0004 and 0029: [29/35], H[9], 0.00sec
0019 and 0029: 30 matches, 0.02sec, #0
0019 and 0029: [21/30], H[6], 0.00sec
0011 and 0029: 32 matches, 0.01sec, #1
0011 and 0029: [24/32], H[6], 0.00sec
0020 and 0029: 24 matches, 0.03sec, #0
0012 and 0029: 41 matches, 0.02sec, #1
0012 and 0029: [32/41], H[10], 0.00sec
0005 and 0029: 32 matches, 0.02sec, #2
0005 and 0029: [28/32], H[16], 0.00sec
0021 and 0029: 18 matches, 0.02sec, #0
0022 and 0029: 14 matches, 0.01sec, #0
0013 and 0029: 30 matches, 0.01sec, #1
0013 and 0029: [18/30], H[11], 0.00sec
0006 and 0029: 33 matches, 0.01sec, #2
0006 and 0029: [26/33], H[12], 0.00sec
0023 and 0029: 32 matches, 0.02sec, #0
0023 and 0029: [29/32], H[7], 0.00sec
0014 and 0029: 29 matches, 0.02sec, #1
0014 and 0029: [25/29], H[7], 0.00sec
0027 and 0029: 40 matches, 0.02sec, #2
0027 and 0029: [32/40], H[10], 0.00sec
0024 and 0029: 23 matches, 0.01sec, #0
0025 and 0029: 19 matches, 0.01sec, #0
0015 and 0029: 28 matches, 0.02sec, #1
0015 and 0029: [23/28], H[7], 0.00sec
0028 and 0029: 42 matches, 0.01sec, #2
0028 and 0029: [36/42], H[19], 0.00sec
0026 and 0029: 41 matches, 0.01sec, #0
0026 and 0029: [34/41], H[13], 0.00sec
0016 and 0029: 27 matches, 0.02sec, #1
0016 and 0029: [22/27], H[9], 0.00sec
0000 and 0030: 27 matches, 0.01sec, #2
0000 and 0030: [25/27], H[11], 0.00sec
0008 and 0030: 26 matches, 0.01sec, #0
0008 and 0030: [21/26], H[10], 0.00sec
0018 and 0030: 24 matches, 0.07sec, #1
0001 and 0030: 28 matches, 0.10sec, #2
0001 and 0030: [24/28], H[13], 0.00sec
0019 and 0030: 20 matches, 0.11sec, #1
0009 and 0030: 23 matches, 0.11sec, #0
0020 and 0030: 22 matches, 0.11sec, #1
0010 and 0030: 29 matches, 0.10sec, #0
0010 and 0030: [25/29], H[7], 0.00sec
0002 and 0030: 33 matches, 0.10sec, #2
0002 and 0030: [27/33], H[12], 0.00sec
0021 and 0030: 21 matches, 0.11sec, #1
0022 and 0030: 16 matches, 0.10sec, #1
0011 and 0030: 25 matches, 0.10sec, #0
0011 and 0030: [22/25], H[8], 0.00sec
0003 and 0030: 41 matches, 0.11sec, #2
0003 and 0030: [37/41], H[16], 0.00sec
0023 and 0030: 23 matches, 0.11sec, #1
0024 and 0030: 20 matches, 0.07sec, #1
0012 and 0030: 31 matches, 0.08sec, #0
0012 and 0030: [28/31], H[16], 0.00sec
0004 and 0030: 33 matches, 0.08sec, #2
0004 and 0030: [25/33], H[16], 0.00sec
0025 and 0030: 21 matches, 0.11sec, #1
0026 and 0030: 33 matches, 0.10sec, #1
0026 and 0030: [31/33], H[9], 0.00sec
0013 and 0030: 28 matches, 0.10sec, #0
0013 and 0030: [22/28], H[8], 0.00sec
0005 and 0030: 35 matches, 0.11sec, #2
0005 and 0030: [31/35], H[11], 0.00sec
0027 and 0030: 31 matches, 0.10sec, #1
0027 and 0030: [27/31], H[8], 0.00sec
0014 and 0030: 20 matches, 0.11sec, #0
0006 and 0030: 27 matches, 0.11sec, #2
0006 and 0030: [23/27], H[8], 0.00sec
0015 and 0030: 22 matches, 0.11sec, #0
0028 and 0030: 40 matches, 0.11sec, #1
0028 and 0030: [33/40], H[18], 0.00sec
0016 and 0030: 21 matches, 0.11sec, #0
0007 and 0030: 32 matches, 0.11sec, #2
0007 and 0030: [28/32], H[9], 0.00sec
0017 and 0030: 21 matches, 0.11sec, #0
0008 and 0031: 32 matches, 0.02sec, #0
0008 and 0031: [26/32], H[12], 0.00sec
0009 and 0031: 25 matches, 0.02sec, #0
0009 and 0031: [19/25], H[7], 0.00sec
0018 and 0031: 22 matches, 0.01sec, #2
0019 and 0031: 19 matches, 0.01sec, #2
0010 and 0031: 29 matches, 0.01sec, #0
0010 and 0031: [23/29], H[6], 0.00sec
0020 and 0031: 20 matches, 0.01sec, #2
0029 and 0030: 36 matches, 0.12sec, #1
0029 and 0030: [34/36], H[14], 0.00sec
0021 and 0031: 21 matches, 0.01sec, #2
0022 and 0031: 16 matches, 0.01sec, #2
0011 and 0031: 19 matches, 0.03sec, #0
0023 and 0031: 34 matches, 0.01sec, #2
0023 and 0031: [30/34], H[19], 0.00sec
0012 and 0031: 35 matches, 0.01sec, #0
0012 and 0031: [28/35], H[14], 0.00sec
0000 and 0031: 31 matches, 0.02sec, #1
0000 and 0031: [23/31], H[8], 0.00sec
0024 and 0031: 14 matches, 0.03sec, #2
0025 and 0031: 15 matches, 0.02sec, #2
0013 and 0031: 28 matches, 0.04sec, #0
0013 and 0031: [21/28], H[13], 0.00sec
0001 and 0031: 29 matches, 0.03sec, #1
0001 and 0031: [23/29], H[12], 0.00sec
0026 and 0031: 35 matches, 0.02sec, #2
0026 and 0031: [32/35], H[10], 0.00sec
0014 and 0031: 20 matches, 0.02sec, #0
0002 and 0031: 37 matches, 0.02sec, #1
0002 and 0031: [35/37], H[23], 0.00sec
0027 and 0031: 33 matches, 0.02sec, #2
0027 and 0031: [32/33], H[18], 0.00sec
0015 and 0031: 20 matches, 0.02sec, #0
0016 and 0031: 22 matches, 0.02sec, #0
0003 and 0031: 39 matches, 0.03sec, #1
0003 and 0031: [34/39], H[10], 0.00sec
0028 and 0031: 41 matches, 0.02sec, #2
0028 and 0031: [35/41], H[20], 0.00sec
0017 and 0031: 22 matches, 0.02sec, #0
0029 and 0031: 29 matches, 0.01sec, #2
0029 and 0031: [25/29], H[10], 0.00sec
0004 and 0031: 39 matches, 0.01sec, #1
0004 and 0031: [33/39], H[14], 0.00sec
0030 and 0031: 32 matches, 0.03sec, #0
0030 and 0031: [31/32], H[24], 0.00sec
0005 and 0031: 37 matches, 0.01sec, #1
0005 and 0031: [31/37], H[16], 0.00sec
0006 and 0031: 40 matches, 0.02sec, #1
0006 and 0031: [32/40], H[11], 0.00sec
0007 and 0031: 34 matches, 0.01sec, #1
0007 and 0031: [29/34], H[14], 0.00sec

###########-------timing------#########
496 Image Match finished, 6 sec used
#############################

Save to C:\Users\chin1\Desktop\final\VisualSFM_windows_cuda_64bit\myresult.nvm ... done
209 pairs have two-view models
326 pairs have fundamental matrices
Initialize with masked26 and masked27
32 3D points initialized from two images
PBA library version = 105
PBA: 32 3D pts, 2 cams and 64 projs...
PBA: 0.063 -> 0.039 (1 LMs in 0.12sec)
Focal Length : [720.000]->[717.254]
Focal Length : [720.000]->[722.470]

#############################
#3: [masked28] sees 36 (+30) 3D points
Estimated Focal Length [786][1.31N]
# 68 projs (18 pts and 0 merges)
PBA: 50 3D pts, 3 cams and 132 projs...
PBA: 0.723 -> 0.240 (7 LMs in 0.08sec)

**************************************
#3/3:  68 projs and 18 pts added.
PBA: 50 3D pts, 3 cams and 132 projs...
PBA: 0.240 -> 0.232 (1 LMs in 0.01sec)
PBA: 50 3D pts, 3 cams and 132 projs...
PBA: 0.232 -> 0.221 (2 LMs in 0.01sec)
Focal Length : [786.026]->[756.267]
Radial Distortion : [-0.499 -> -24]

#############################
#4: [masked29] sees 81 (+24) 3D points
Estimated Focal Length [650][1.08N]
# 86 projs (23 pts and 0 merges)
PBA: 72 3D pts, 4 cams and 216 projs...
PBA: 2.694 -> 0.355 (28 LMs in 0.26sec)
#unstable points removed:	4
Focal Length : [650.336]->[674.939]
Radial Distortion : [-0.425 -> -26]

#############################
#5: [masked30] sees 120 (+18) 3D points
Estimated Focal Length [516][0.86N]
# 46 projs (0 pts and 0 merges)
PBA: 68 3D pts, 5 cams and 254 projs...
PBA: 1.380 -> 0.407 (38 LMs in 0.44sec)
#unstable points removed:	9

**************************************
#5/5:  46 projs and 0 pts added.
PBA: 59 3D pts, 5 cams and 234 projs...
PBA: 0.333 -> 0.290 (17 LMs in 0.12sec)
#unstable points removed:	12
PBA: 47 3D pts, 5 cams and 188 projs...
PBA: 0.294 -> 0.254 (17 LMs in 0.09sec)
Focal Length : [515.701]->[476.309]
Radial Distortion : [-0.599 -> -72]

#############################
#6: [masked25] sees 109 (+17) 3D points
Estimated Focal Length [971][1.62N]
# 25 projs (0 pts and 0 merges)
PBA: 47 3D pts, 6 cams and 213 projs...
PBA: 2.986 -> 2.986 (0 LMs in 0.00sec)
Focal Length : [970.673]->[970.673]
Radial Distortion : [0.000 -> 0]

#############################
#7: [masked24] sees 93 (+15) 3D points
Estimated Focal Length [877][1.46N]
# 25 projs (0 pts and 0 merges)
PBA: 47 3D pts, 7 cams and 238 projs...
PBA: 4.431 -> 4.431 (0 LMs in 0.00sec)
#points w/ large errors:	5

**************************************
#7/7:  25 projs and 0 pts added.
PBA: 42 3D pts, 7 cams and 211 projs...
PBA: 3.726 -> 3.726 (0 LMs in 0.00sec)
PBA: 42 3D pts, 7 cams and 211 projs...
PBA: 3.726 -> 3.726 (0 LMs in 0.00sec)
Focal Length : [877.496]->[877.496]
Radial Distortion : [0.000 -> 0]

#############################
#8: [masked23] sees 66 (+23) 3D points
Estimated Focal Length [1192][1.99N]
# 61 projs (17 pts and 0 merges)
PBA: 59 3D pts, 8 cams and 272 projs...
PBA: 7.665 -> 7.665 (0 LMs in 0.00sec)
#points w/ large errors:	5
Focal Length : [1192.233]->[1192.233]
Radial Distortion : [0.000 -> 0]

#############################
#9: [masked21] sees 142 (+16) 3D points
Estimated Focal Length [213][0.36W]
# 22 projs (0 pts and 0 merges)
PBA: 50 3D pts, 9 cams and 257 projs...
PBA: 6.006 -> 1.193 (37 LMs in 0.21sec)
#points w/ large errors:	3
#unstable points removed:	5

**************************************
#9/9:  22 projs and 0 pts added.
PBA: 44 3D pts, 9 cams and 236 projs...
PBA: 1.496 -> 1.027 (50 LMs in 0.22sec)
PBA: 44 3D pts, 9 cams and 236 projs...
PBA: 1.027 -> 0.953 (50 LMs in 0.14sec)
Focal Length : [213.145]->[352.992]
Radial Distortion : [-0.185 -> -41]

#############################
#10: [masked20] sees 108 (+21) 3D points
Estimated Focal Length [809][1.35N]
# 29 projs (0 pts and 0 merges)
PBA: 43 3D pts, 10 cams and 263 projs...
PBA: 3.763 -> 3.763 (0 LMs in 0.00sec)
Focal Length : [809.399]->[809.399]
Radial Distortion : [0.000 -> 0]

#############################
#11: [masked19] sees 90 (+31) 3D points
Estimated Focal Length [752][1.25N]
# 24 projs (0 pts and 0 merges)
PBA: 43 3D pts, 11 cams and 287 projs...
PBA: 5.173 -> 0.657 (100 LMs in 0.56sec)
#points behind cam :	1
Focal Length : [751.510]->[592.605]
Radial Distortion : [-0.449 -> -35]

#############################
#12: [masked17] sees 115 (+20) 3D points
Estimated Focal Length [521][0.87N]
# 98 projs (25 pts and 1 merges)
PBA: 67 3D pts, 12 cams and 385 projs...
PBA: 1.469 -> 1.469 (0 LMs in 0.00sec)

**************************************
#12/12:  98 projs and 25 pts added.
PBA: 67 3D pts, 12 cams and 385 projs...
PBA: 1.469 -> 1.469 (0 LMs in 0.00sec)
PBA: 67 3D pts, 12 cams and 385 projs...
PBA: 1.469 -> 1.469 (0 LMs in 0.00sec)
Focal Length : [520.859]->[520.859]
Radial Distortion : [0.000 -> 0]

#############################
#13: [masked18] sees 89 (+25) 3D points
Estimated Focal Length [366][0.61W]
# 30 projs (0 pts and 0 merges)
PBA: 67 3D pts, 13 cams and 415 projs...
PBA: 2.083 -> 2.083 (0 LMs in 0.00sec)
#points w/ large errors:	3
Focal Length : [365.521]->[365.521]
Radial Distortion : [0.000 -> 0]

#############################
#14: [masked15] sees 164 (+22) 3D points
Estimated Focal Length [639][1.06N]
# 96 projs (23 pts and 3 merges)
PBA: 83 3D pts, 14 cams and 497 projs...
PBA: 3.665 -> 3.665 (0 LMs in 0.00sec)
Focal Length : [638.945]->[638.945]
Radial Distortion : [0.000 -> 0]

#############################
#15: [masked6] sees 152 (+17) 3D points
Estimated Focal Length [238][0.40W]
# 48 projs (0 pts and 0 merges)
PBA: 79 3D pts, 15 cams and 537 projs...
PBA: 8.082 -> 8.082 (0 LMs in 0.00sec)
#points w/ large errors:	6
Focal Length : [237.759]->[237.759]
Radial Distortion : [0.000 -> 0]

#############################
#16: [masked11] sees 129 (+22) 3D points
Estimated Focal Length [741][1.23N]
# 42 projs (0 pts and 0 merges)
PBA: 75 3D pts, 16 cams and 566 projs...
PBA: 5.942 -> 5.942 (0 LMs in 0.00sec)
#points w/ large errors:	3

**************************************
#16/16:  42 projs and 0 pts added.
PBA: 72 3D pts, 16 cams and 550 projs...
PBA: 5.873 -> 5.873 (0 LMs in 0.00sec)
PBA: 72 3D pts, 16 cams and 550 projs...
PBA: 5.873 -> 5.873 (0 LMs in 0.00sec)
Focal Length : [740.730]->[740.730]
Radial Distortion : [0.000 -> 0]

#############################
#17: [masked10] sees 149 (+26) 3D points
Estimated Focal Length [698][1.16N]
# 41 projs (0 pts and 0 merges)
PBA: 72 3D pts, 17 cams and 591 projs...
PBA: 6.060 -> 6.060 (0 LMs in 0.00sec)
#points w/ large errors:	9
Focal Length : [697.907]->[697.907]
Radial Distortion : [0.000 -> 0]

#############################
#18: [masked9] sees 102 (+27) 3D points
Estimated Focal Length [5767][9.61N]
# 26 projs (0 pts and 0 merges)
PBA: 63 3D pts, 18 cams and 557 projs...
PBA: 5.995 -> 5.995 (0 LMs in 0.00sec)
#points w/ large errors:	7
Focal Length : [5766.757]->[5766.757]
Radial Distortion : [0.000 -> 0]

#############################
#19: [masked4] sees 89 (+28) 3D points
Estimated Focal Length [2536][4.23N]
# 23 projs (0 pts and 0 merges)
ERROR: too few projections are initiated

#############################
#19: [masked5] sees 122 (+26) 3D points
Estimated Focal Length [2165][3.61N]
# 38 projs (0 pts and 0 merges)
PBA: 56 3D pts, 19 cams and 548 projs...
PBA: 7.059 -> 7.059 (0 LMs in 0.00sec)
#points w/ large errors:	4
Focal Length : [2164.901]->[2164.901]
Radial Distortion : [0.000 -> 0]

#############################
#20: [masked7] sees 134 (+27) 3D points
Estimated Focal Length [255][0.42W]
# 22 projs (0 pts and 0 merges)
PBA: 52 3D pts, 20 cams and 545 projs...
PBA: 6.070 -> 6.070 (0 LMs in 0.00sec)
#points w/ large errors:	6
Focal Length : [254.703]->[254.703]
Radial Distortion : [0.000 -> 0]

#############################
#21: [masked3] sees 68 (+32) 3D points
Estimated Focal Length [2405][4.01N]
# 17 projs (0 pts and 0 merges)
ERROR: too few projections are initiated

#############################
#21: [masked8] sees 106 (+26) 3D points
Estimated Focal Length [626][1.04N]
# 21 projs (0 pts and 0 merges)
PBA: 45 3D pts, 21 cams and 490 projs...
PBA: 6.489 -> 6.489 (0 LMs in 0.00sec)
#points w/ large errors:	2

**************************************
#21/21:  21 projs and 0 pts added.
PBA: 43 3D pts, 21 cams and 462 projs...
PBA: 4.765 -> 4.765 (0 LMs in 0.00sec)
PBA: 43 3D pts, 21 cams and 462 projs...
PBA: 4.765 -> 4.765 (0 LMs in 0.00sec)
Focal Length : [626.057]->[626.057]
Radial Distortion : [0.000 -> 0]

#############################
#22: [masked14] sees 138 (+23) 3D points
Estimated Focal Length [1087][1.81N]
# 220 projs (45 pts and 0 merges)
SKIP: 0 cams, 1 points, 6 projs
PBA: 85 3D pts, 20 cams and 676 projs...
PBA: 8.204 -> 8.204 (0 LMs in 0.00sec)
#points w/ large errors:	3
Focal Length : [1086.866]->[1086.866]
Radial Distortion : [0.000 -> 0]

#############################
#23: [masked1] sees 98 (+29) 3D points
Estimated Focal Length [577][0.96N]
# 30 projs (0 pts and 0 merges)
SKIP: 0 cams, 6 points, 42 projs
PBA: 74 3D pts, 20 cams and 652 projs...
PBA: 6.833 -> 6.833 (0 LMs in 0.00sec)
#points w/ large errors:	29
Focal Length : [577.170]->[577.170]
Radial Distortion : [0.000 -> 0]

#############################
#24: [masked2] sees 121 (+23) 3D points
Estimated Focal Length [687][1.15N]
# 25 projs (0 pts and 0 merges)
SKIP: 0 cams, 35 points, 168 projs
PBA: 48 3D pts, 20 cams and 521 projs...
PBA: 4.188 -> 4.188 (0 LMs in 0.00sec)
#points w/ large errors:	3
Focal Length : [687.023]->[687.023]
Radial Distortion : [0.000 -> 0]

#############################
#25: [masked0] sees 104 (+25) 3D points
Estimated Focal Length [725][1.21N]
# 24 projs (0 pts and 0 merges)
SKIP: 0 cams, 44 points, 83 projs
PBA: 39 3D pts, 20 cams and 468 projs...
PBA: 4.276 -> 4.276 (0 LMs in 0.00sec)
#points w/ large errors:	5
Focal Length : [724.600]->[724.600]
Radial Distortion : [0.000 -> 0]

#############################
#26: [masked12] sees 139 (+16) 3D points
Estimated Focal Length [679][1.13N]
# 422 projs (64 pts and 6 merges)
PBA: 98 3D pts, 26 cams and 846 projs...
PBA: 9.597 -> 9.597 (0 LMs in 0.00sec)
#points w/ large errors:	1
Focal Length : [678.892]->[678.892]
Radial Distortion : [0.000 -> 0]

#############################
#27: [masked13] sees 268 (+12) 3D points
Estimated Focal Length [689][1.15N]
# 162 projs (32 pts and 10 merges)
SKIP: 0 cams, 15 points, 60 projs
PBA: 99 3D pts, 20 cams and 942 projs...
PBA: 10.330 -> 10.330 (0 LMs in 0.00sec)
#points w/ large errors:	20

**************************************
#27/27:  162 projs and 32 pts added.
PBA: 87 3D pts, 27 cams and 843 projs...
PBA: 8.822 -> 8.822 (0 LMs in 0.00sec)
PBA: 87 3D pts, 27 cams and 843 projs...
PBA: 8.822 -> 8.822 (0 LMs in 0.00sec)
Focal Length : [688.820]->[688.819]
Radial Distortion : [0.000 -> 0]

#############################
#28: [masked16] sees 254 (+11) 3D points
Estimated Focal Length [565][0.94N]
# 58 projs (0 pts and 0 merges)
SKIP: 0 cams, 40 points, 30 projs
PBA: 79 3D pts, 20 cams and 869 projs...
PBA: 10.023 -> 10.023 (0 LMs in 0.00sec)
#points w/ large errors:	16
Focal Length : [565.105]->[565.105]
Radial Distortion : [0.000 -> 0]

#############################
#29: [masked22] sees 195 (+10) 3D points
Estimated Focal Length [397][0.66W]
# 222 projs (36 pts and 0 merges)
SKIP: 0 cams, 15 points, 133 projs
PBA: 104 3D pts, 20 cams and 988 projs...
PBA: 9.230 -> 9.230 (0 LMs in 0.00sec)
#points w/ large errors:	22
Focal Length : [397.232]->[397.232]
Radial Distortion : [0.000 -> 0]

#############################
#30: [masked31] sees 77 (+10) 3D points
Estimated Focal Length [802][1.34N]
# 47 projs (6 pts and 0 merges)
SKIP: 0 cams, 32 points, 221 projs
PBA: 85 3D pts, 20 cams and 810 projs...
PBA: 6.635 -> 6.635 (0 LMs in 0.00sec)
#points w/ large errors:	21
Focal Length : [801.941]->[801.941]
Radial Distortion : [0.000 -> 0]

#############################
#31: [masked4] sees 141 (+22) 3D points
Estimated Focal Length [718][1.20N]
# 28 projs (0 pts and 0 merges)
ERROR: too few projections are initiated

#############################
#31: [masked3] sees 125 (+24) 3D points
Estimated Focal Length [708][1.18N]
# 321 projs (59 pts and 1 merges)
SKIP: 0 cams, 6 points, 188 projs
PBA: 115 3D pts, 21 cams and 975 projs...
PBA: 9.748 -> 9.748 (0 LMs in 0.00sec)
#points w/ large errors:	4
Focal Length : [707.979]->[707.979]
Radial Distortion : [0.000 -> 0]

#############################
#32: [masked4] sees 296 (+38) 3D points
Estimated Focal Length [394][0.66W]
# 69 projs (0 pts and 0 merges)
PBA: 113 3D pts, 32 cams and 1034 projs...
PBA: 8.172 -> 8.172 (0 LMs in 0.00sec)
#points w/ large errors:	19
Focal Length : [394.241]->[394.241]
Radial Distortion : [0.000 -> 0]

^^^^^^^^^^^^^^^^^^^^^^^^^^^^^^^^
#32/32:  0 projs and 0 pts added.
PBA: 94 3D pts, 32 cams and 938 projs...
PBA: 7.932 -> 7.932 (0 LMs in 0.00sec)
#points w/ large errors:	28
ERROR: image #31 has only 9 projs
PBA: 66 3D pts, 31 cams and 581 projs...
PBA: 2.556 -> 2.556 (0 LMs in 0.00sec)
END: No more images to add [0 projs]

#############################
Failed to find two images for initialization
Resuming SfM finished, 2 sec used

---------------------------------------------------
31 cams, 122 pts (3+: 48)
581 projections (3+: 545)
---------------------------------------------------
1 model(s) reconstructed from 32 images;
31 modeled; 0 reused; 0 EXIF; 
0MB(0) used to store feature location.
---------------------------------------------------

########-------timing------#########
Structure-From-Motion finished, 3 sec used
2.4(2.3) seconds on Bundle Adjustment (+)
2.3(2.3) seconds on Bundle Adjustment (*)
#############################
Save to C:\Users\chin1\Desktop\final\VisualSFM_windows_cuda_64bit\myresult.nvm ... done

#############################
Undistorting 31 images in model #0
param_undistortion_thread_num = 0
NOTE: using 8 threads...
#02: masked21 -> 00000008.jpg, 0.061 sec
#07: masked20 -> 00000009.jpg, 0.062 sec
#01: masked28 -> 00000002.jpg, 0.063 sec
#03: masked30 -> 00000004.jpg, 0.066 sec
#07: masked15 -> 00000013.jpg, 0.002 sec
#02: masked17 -> 00000011.jpg, 0.003 sec
#06: masked24 -> 00000006.jpg, 0.069 sec
#07: masked6 -> 00000014.jpg, 0.002 sec
#02: masked18 -> 00000012.jpg, 0.001 sec
#03: masked11 -> 00000015.jpg, 0.002 sec
#07: masked5 -> 00000017.jpg, 0.001 sec
#02: masked8 -> 00000019.jpg, 0.001 sec
#03: masked10 -> 00000016.jpg, 0.002 sec
#07: masked7 -> 00000018.jpg, 0.001 sec
#04: masked19 -> 00000010.jpg, 0.074 sec
#03: masked1 -> 00000021.jpg, 0.002 sec
#04: masked13 -> 00000025.jpg, 0.002 sec
#07: masked0 -> 00000023.jpg, 0.002 sec
#02: masked14 -> 00000020.jpg, 0.005 sec
#05: masked25 -> 00000005.jpg, 0.078 sec
#03: masked2 -> 00000022.jpg, 0.002 sec
#07: masked12 -> 00000024.jpg, 0.001 sec
#04: masked16 -> 00000026.jpg, 0.001 sec
#02: masked22 -> 00000027.jpg, 0.002 sec
#05: masked3 -> 00000029.jpg, 0.002 sec
#05: masked4 -> 00000030.jpg, 0.001 sec
#02: masked31 -> 00000028.jpg, 0.001 sec
#00: masked26 -> 00000000.jpg, 0.086 sec
#01: masked29 -> 00000003.jpg, 0.053 sec
#06: masked23 -> 00000007.jpg, 0.054 sec
#00: masked27 -> 00000001.jpg, 0.050 sec
----------------------------------------------------------------
Running Yasutaka Furukawa's CMVS tool...
cmvs C:\Users\chin1\Desktop\final\VisualSFM_windows_cuda_64bit\myresult.nvm.cmvs\00\ 50 8
genOption C:\Users\chin1\Desktop\final\VisualSFM_windows_cuda_64bit\myresult.nvm.cmvs\00\ 1 2 0.700000 7 3 8
1 cluster is generated for pmvs reconstruction.
pmvs2 C:\Users\chin1\Desktop\final\VisualSFM_windows_cuda_64bit\myresult.nvm.cmvs\00\ option-0000
This may take a little more time, waiting...
2 seconds were used by PMVS
Loading option-0000.ply, 1935 vertices ...
Loading patches and estimating point sizes..
Save to C:\Users\chin1\Desktop\final\VisualSFM_windows_cuda_64bit\myresult.nvm ... done
Save C:\Users\chin1\Desktop\final\VisualSFM_windows_cuda_64bit\myresult.0.ply ...done
----------------------------------------------------------------
VisualSFM 3D reconstruction, finished
Totally 14.000 seconds used

__LogFile: C:\Users\chin1\Desktop\final\VisualSFM_windows_cuda_64bit\log\[20_02_14][17_28_17][131].log
